[23:40:04.685] [INFO   ] thread main starting.
[23:40:04.725] [SEVERE ] cannot read configuration file config.properties trying from resources.
[23:40:04.734] [SEVERE ] configuration file was loaded from resources directory.
[23:40:06.711] [INFO   ] thread dealer starting.
[23:40:06.718] [INFO   ] thread dealer starting.
[23:40:06.721] [INFO   ] thread Player: 0 created.
[23:40:06.722] [INFO   ] thread Player: 1 created.
[23:40:06.754] [INFO   ] thread Player: 0 starting.
[23:40:06.754] [INFO   ] thread Player: 1 starting.
[23:40:06.888] [SEVERE ] placing card 48 in slot 2
[23:40:06.997] [SEVERE ] placing card 79 in slot 11
[23:40:07.106] [SEVERE ] placing card 21 in slot 0
[23:40:07.218] [SEVERE ] placing card 49 in slot 10
[23:40:07.329] [SEVERE ] placing card 69 in slot 5
[23:40:07.440] [SEVERE ] placing card 52 in slot 7
[23:40:07.550] [SEVERE ] placing card 60 in slot 4
[23:40:07.658] [SEVERE ] placing card 35 in slot 1
[23:40:07.767] [SEVERE ] placing card 22 in slot 8
[23:40:07.878] [SEVERE ] placing card 66 in slot 6
[23:40:07.989] [SEVERE ] placing card 34 in slot 9
[23:40:08.098] [SEVERE ] placing card 28 in slot 3
[23:40:08.099] [SEVERE ] updating countdown to 60000
[23:40:08.207] [SEVERE ] updating countdown to 59892
[23:40:08.316] [SEVERE ] updating countdown to 59783
[23:40:08.425] [SEVERE ] updating countdown to 59674
[23:40:08.535] [SEVERE ] updating countdown to 59564
[23:40:08.646] [SEVERE ] updating countdown to 59453
[23:40:08.756] [SEVERE ] updating countdown to 59343
[23:40:08.870] [SEVERE ] updating countdown to 59229
[23:40:08.981] [SEVERE ] updating countdown to 59118
[23:40:09.092] [SEVERE ] updating countdown to 59007
[23:40:09.202] [SEVERE ] updating countdown to 58897
[23:40:09.311] [SEVERE ] updating countdown to 58788
[23:40:09.418] [SEVERE ] updating countdown to 58681
[23:40:09.526] [SEVERE ] updating countdown to 58573
[23:40:09.635] [SEVERE ] updating countdown to 58464
[23:40:09.745] [SEVERE ] updating countdown to 58354
[23:40:09.854] [SEVERE ] updating countdown to 58245
[23:40:09.962] [SEVERE ] updating countdown to 58137
[23:40:10.070] [SEVERE ] updating countdown to 58029
[23:40:10.177] [SEVERE ] updating countdown to 57922
[23:40:10.288] [SEVERE ] updating countdown to 57811
[23:40:10.397] [SEVERE ] updating countdown to 57702
[23:40:10.505] [SEVERE ] updating countdown to 57594
[23:40:10.614] [SEVERE ] updating countdown to 57485
[23:40:10.723] [SEVERE ] updating countdown to 57376
[23:40:10.832] [SEVERE ] updating countdown to 57267
[23:40:10.943] [SEVERE ] updating countdown to 57156
[23:40:11.051] [SEVERE ] updating countdown to 57048
[23:40:11.162] [SEVERE ] updating countdown to 56937
[23:40:11.270] [SEVERE ] updating countdown to 56829
[23:40:11.378] [SEVERE ] updating countdown to 56721
[23:40:11.486] [SEVERE ] updating countdown to 56613
[23:40:11.596] [SEVERE ] updating countdown to 56503
[23:40:11.706] [SEVERE ] updating countdown to 56393
[23:40:11.816] [SEVERE ] updating countdown to 56283
[23:40:11.926] [SEVERE ] updating countdown to 56173
[23:40:12.036] [SEVERE ] updating countdown to 56063
[23:40:12.143] [SEVERE ] updating countdown to 55956
[23:40:12.253] [SEVERE ] updating countdown to 55846
[23:40:12.360] [SEVERE ] updating countdown to 55739
[23:40:12.470] [SEVERE ] updating countdown to 55629
[23:40:12.584] [SEVERE ] updating countdown to 55515
[23:40:12.695] [SEVERE ] updating countdown to 55404
[23:40:12.805] [SEVERE ] updating countdown to 55294
[23:40:12.915] [SEVERE ] updating countdown to 55184
[23:40:13.024] [SEVERE ] updating countdown to 55075
[23:40:13.134] [SEVERE ] updating countdown to 54965
[23:40:13.242] [SEVERE ] updating countdown to 54857
[23:40:13.350] [SEVERE ] updating countdown to 54749
[23:40:13.460] [SEVERE ] updating countdown to 54639
[23:40:13.569] [SEVERE ] updating countdown to 54530
[23:40:13.677] [SEVERE ] updating countdown to 54422
[23:40:13.785] [SEVERE ] updating countdown to 54314
[23:40:13.892] [SEVERE ] updating countdown to 54207
[23:40:14.001] [SEVERE ] updating countdown to 54098
[23:40:14.110] [SEVERE ] updating countdown to 53989
[23:40:14.221] [SEVERE ] updating countdown to 53878
[23:40:14.329] [SEVERE ] updating countdown to 53770
[23:40:14.437] [SEVERE ] updating countdown to 53662
[23:40:14.546] [SEVERE ] updating countdown to 53553
[23:40:14.655] [SEVERE ] updating countdown to 53444
[23:40:14.763] [SEVERE ] updating countdown to 53336
[23:40:14.873] [SEVERE ] updating countdown to 53226
[23:40:14.981] [SEVERE ] updating countdown to 53118
[23:40:15.091] [SEVERE ] updating countdown to 53008
[23:40:15.201] [SEVERE ] updating countdown to 52898
[23:40:15.310] [SEVERE ] updating countdown to 52789
[23:40:15.419] [SEVERE ] updating countdown to 52680
[23:40:15.530] [SEVERE ] updating countdown to 52569
[23:40:15.638] [SEVERE ] updating countdown to 52461
[23:40:15.748] [SEVERE ] updating countdown to 52351
[23:40:15.858] [SEVERE ] updating countdown to 52241
[23:40:15.968] [SEVERE ] updating countdown to 52131
[23:40:16.077] [SEVERE ] updating countdown to 52022
[23:40:16.185] [SEVERE ] updating countdown to 51914
[23:40:16.292] [SEVERE ] updating countdown to 51807
[23:40:16.400] [SEVERE ] updating countdown to 51699
[23:40:16.509] [SEVERE ] updating countdown to 51590
[23:40:16.620] [SEVERE ] updating countdown to 51479
[23:40:16.728] [SEVERE ] updating countdown to 51371
[23:40:16.835] [SEVERE ] updating countdown to 51264
[23:40:16.944] [SEVERE ] updating countdown to 51155
[23:40:17.053] [SEVERE ] updating countdown to 51046
[23:40:17.162] [SEVERE ] updating countdown to 50937
[23:40:17.271] [SEVERE ] updating countdown to 50828
[23:40:17.379] [SEVERE ] updating countdown to 50720
[23:40:17.488] [SEVERE ] updating countdown to 50611
[23:40:17.598] [SEVERE ] updating countdown to 50501
[23:40:17.708] [SEVERE ] updating countdown to 50391
[23:40:17.817] [SEVERE ] updating countdown to 50282
[23:40:17.926] [SEVERE ] updating countdown to 50173
[23:40:18.033] [SEVERE ] updating countdown to 50066
[23:40:18.142] [SEVERE ] updating countdown to 49957
[23:40:18.251] [SEVERE ] updating countdown to 49848
[23:40:18.359] [SEVERE ] updating countdown to 49740
[23:40:18.468] [SEVERE ] updating countdown to 49631
[23:40:18.577] [SEVERE ] updating countdown to 49522
[23:40:18.685] [SEVERE ] updating countdown to 49414
[23:40:18.795] [SEVERE ] updating countdown to 49304
[23:40:18.903] [SEVERE ] updating countdown to 49196
[23:40:19.012] [SEVERE ] updating countdown to 49087
[23:40:19.121] [SEVERE ] updating countdown to 48978
[23:40:19.231] [SEVERE ] updating countdown to 48868
[23:40:19.340] [SEVERE ] updating countdown to 48759
[23:40:19.449] [SEVERE ] updating countdown to 48650
[23:40:19.557] [SEVERE ] updating countdown to 48542
[23:40:19.667] [SEVERE ] updating countdown to 48432
[23:40:19.778] [SEVERE ] updating countdown to 48321
[23:40:19.888] [SEVERE ] updating countdown to 48211
[23:40:19.996] [SEVERE ] updating countdown to 48103
[23:40:20.106] [SEVERE ] updating countdown to 47993
[23:40:20.217] [SEVERE ] updating countdown to 47883
[23:40:20.324] [SEVERE ] updating countdown to 47775
[23:40:20.432] [SEVERE ] updating countdown to 47667
[23:40:20.542] [SEVERE ] updating countdown to 47557
[23:40:20.653] [SEVERE ] updating countdown to 47446
[23:40:20.764] [SEVERE ] updating countdown to 47335
[23:40:20.875] [SEVERE ] updating countdown to 47224
[23:40:20.985] [SEVERE ] updating countdown to 47114
[23:40:21.095] [SEVERE ] updating countdown to 47004
[23:40:21.204] [SEVERE ] updating countdown to 46895
[23:40:21.312] [SEVERE ] updating countdown to 46787
[23:40:21.422] [SEVERE ] updating countdown to 46677
[23:40:21.532] [SEVERE ] updating countdown to 46567
[23:40:21.641] [SEVERE ] updating countdown to 46458
[23:40:21.750] [SEVERE ] updating countdown to 46349
[23:40:21.860] [SEVERE ] updating countdown to 46239
[23:40:21.971] [SEVERE ] updating countdown to 46128
[23:40:22.079] [SEVERE ] updating countdown to 46020
[23:40:22.189] [SEVERE ] updating countdown to 45910
[23:40:22.300] [SEVERE ] updating countdown to 45799
[23:40:22.409] [SEVERE ] updating countdown to 45690
[23:40:22.517] [SEVERE ] updating countdown to 45582
[23:40:22.626] [SEVERE ] updating countdown to 45473
[23:40:22.734] [SEVERE ] updating countdown to 45365
[23:40:22.843] [SEVERE ] updating countdown to 45256
[23:40:22.953] [SEVERE ] updating countdown to 45146
[23:40:23.062] [SEVERE ] updating countdown to 45037
[23:40:23.172] [SEVERE ] updating countdown to 44927
[23:40:23.282] [SEVERE ] updating countdown to 44817
[23:40:23.392] [SEVERE ] updating countdown to 44707
[23:40:23.500] [SEVERE ] updating countdown to 44599
[23:40:23.609] [SEVERE ] updating countdown to 44490
[23:40:23.611] [SEVERE ] key 81 was pressed by player 1
[23:40:23.717] [SEVERE ] updating countdown to 44382
[23:40:23.826] [SEVERE ] updating countdown to 44273
[23:40:23.936] [SEVERE ] updating countdown to 44163
[23:40:24.045] [SEVERE ] updating countdown to 44054
[23:40:24.154] [SEVERE ] updating countdown to 43945
[23:40:24.262] [SEVERE ] updating countdown to 43837
[23:40:24.370] [SEVERE ] updating countdown to 43729
[23:40:24.479] [SEVERE ] updating countdown to 43620
[23:40:24.588] [SEVERE ] updating countdown to 43511
[23:40:24.695] [SEVERE ] updating countdown to 43404
[23:40:24.807] [SEVERE ] updating countdown to 43292
[23:40:24.918] [SEVERE ] updating countdown to 43181
[23:40:25.024] [SEVERE ] updating countdown to 43075
[23:40:25.132] [SEVERE ] updating countdown to 42967
[23:40:25.240] [SEVERE ] updating countdown to 42859
[23:40:25.348] [SEVERE ] updating countdown to 42751
[23:40:25.455] [SEVERE ] updating countdown to 42644
[23:40:25.563] [SEVERE ] updating countdown to 42536
[23:40:25.670] [SEVERE ] updating countdown to 42429
[23:40:25.779] [SEVERE ] updating countdown to 42320
[23:40:25.887] [SEVERE ] updating countdown to 42212
[23:40:25.996] [SEVERE ] updating countdown to 42103
[23:40:26.106] [SEVERE ] updating countdown to 41993
[23:40:26.215] [SEVERE ] updating countdown to 41884
[23:40:26.324] [SEVERE ] updating countdown to 41775
[23:40:26.431] [SEVERE ] updating countdown to 41668
[23:40:26.540] [SEVERE ] updating countdown to 41559
[23:40:26.648] [SEVERE ] updating countdown to 41451
[23:40:26.758] [SEVERE ] updating countdown to 41341
[23:40:26.867] [SEVERE ] updating countdown to 41232
[23:40:26.974] [SEVERE ] updating countdown to 41125
[23:40:27.083] [SEVERE ] updating countdown to 41016
[23:40:27.194] [SEVERE ] updating countdown to 40905
[23:40:27.303] [SEVERE ] updating countdown to 40796
[23:40:27.410] [SEVERE ] updating countdown to 40689
[23:40:27.520] [SEVERE ] updating countdown to 40579
[23:40:27.629] [SEVERE ] updating countdown to 40470
[23:40:27.737] [SEVERE ] updating countdown to 40362
[23:40:27.848] [SEVERE ] updating countdown to 40251
[23:40:27.958] [SEVERE ] updating countdown to 40141
[23:40:28.069] [SEVERE ] updating countdown to 40030
[23:40:28.179] [SEVERE ] updating countdown to 39921
[23:40:28.286] [SEVERE ] updating countdown to 39813
[23:40:28.395] [SEVERE ] updating countdown to 39704
[23:40:28.503] [SEVERE ] updating countdown to 39596
[23:40:28.615] [SEVERE ] updating countdown to 39484
[23:40:28.725] [SEVERE ] updating countdown to 39374
[23:40:28.834] [SEVERE ] updating countdown to 39265
[23:40:28.944] [SEVERE ] updating countdown to 39155
[23:40:29.054] [SEVERE ] updating countdown to 39045
[23:40:29.161] [SEVERE ] updating countdown to 38938
[23:40:29.270] [SEVERE ] updating countdown to 38829
[23:40:29.379] [SEVERE ] updating countdown to 38720
[23:40:29.487] [SEVERE ] updating countdown to 38612
[23:40:29.596] [SEVERE ] updating countdown to 38503
[23:40:29.706] [SEVERE ] updating countdown to 38393
[23:40:29.814] [SEVERE ] updating countdown to 38285
[23:40:29.925] [SEVERE ] updating countdown to 38174
[23:40:30.034] [SEVERE ] updating countdown to 38065
[23:40:30.144] [SEVERE ] updating countdown to 37955
[23:40:30.254] [SEVERE ] updating countdown to 37845
[23:40:30.362] [SEVERE ] updating countdown to 37737
[23:40:30.471] [SEVERE ] updating countdown to 37628
[23:40:30.579] [SEVERE ] updating countdown to 37520
[23:40:30.688] [SEVERE ] updating countdown to 37411
[23:40:30.797] [SEVERE ] updating countdown to 37302
[23:40:30.906] [SEVERE ] updating countdown to 37193
[23:40:31.013] [SEVERE ] updating countdown to 37086
[23:40:31.122] [SEVERE ] updating countdown to 36977
[23:40:31.233] [SEVERE ] updating countdown to 36866
[23:40:31.343] [SEVERE ] updating countdown to 36756
[23:40:31.453] [SEVERE ] updating countdown to 36646
[23:40:31.560] [SEVERE ] updating countdown to 36539
[23:40:31.668] [SEVERE ] updating countdown to 36431
[23:40:31.776] [SEVERE ] updating countdown to 36323
[23:40:31.886] [SEVERE ] updating countdown to 36213
[23:40:31.995] [SEVERE ] updating countdown to 36104
[23:40:32.105] [SEVERE ] updating countdown to 35994
[23:40:32.215] [SEVERE ] updating countdown to 35884
[23:40:32.325] [SEVERE ] updating countdown to 35774
[23:40:32.435] [SEVERE ] updating countdown to 35664
[23:40:32.544] [SEVERE ] updating countdown to 35555
[23:40:32.653] [SEVERE ] updating countdown to 35446
[23:40:32.760] [SEVERE ] updating countdown to 35339
[23:40:32.870] [SEVERE ] updating countdown to 35229
[23:40:32.979] [SEVERE ] updating countdown to 35120
[23:40:33.088] [SEVERE ] updating countdown to 35011
[23:40:33.196] [SEVERE ] updating countdown to 34903
[23:40:33.305] [SEVERE ] updating countdown to 34794
[23:40:33.416] [SEVERE ] updating countdown to 34683
[23:40:33.525] [SEVERE ] updating countdown to 34574
[23:40:33.632] [SEVERE ] updating countdown to 34467
[23:40:33.740] [SEVERE ] updating countdown to 34359
[23:40:33.849] [SEVERE ] updating countdown to 34250
[23:40:33.957] [SEVERE ] updating countdown to 34142
[23:40:34.066] [SEVERE ] updating countdown to 34033
[23:40:34.176] [SEVERE ] updating countdown to 33923
[23:40:34.286] [SEVERE ] updating countdown to 33813
[23:40:34.395] [SEVERE ] updating countdown to 33704
[23:40:34.504] [SEVERE ] updating countdown to 33595
[23:40:34.613] [SEVERE ] updating countdown to 33486
[23:40:34.722] [SEVERE ] updating countdown to 33377
[23:40:34.830] [SEVERE ] updating countdown to 33269
[23:40:34.938] [SEVERE ] updating countdown to 33161
[23:40:35.047] [SEVERE ] updating countdown to 33052
[23:40:35.157] [SEVERE ] updating countdown to 32942
[23:40:35.265] [SEVERE ] updating countdown to 32834
[23:40:35.374] [SEVERE ] updating countdown to 32725
[23:40:35.483] [SEVERE ] updating countdown to 32616
[23:40:35.592] [SEVERE ] updating countdown to 32507
[23:40:35.701] [SEVERE ] updating countdown to 32398
[23:40:35.810] [SEVERE ] updating countdown to 32289
[23:40:35.921] [SEVERE ] updating countdown to 32178
[23:40:36.030] [SEVERE ] updating countdown to 32069
[23:40:36.138] [SEVERE ] updating countdown to 31961
[23:40:36.246] [SEVERE ] updating countdown to 31853
[23:40:36.356] [SEVERE ] updating countdown to 31743
[23:40:36.466] [SEVERE ] updating countdown to 31633
[23:40:36.573] [SEVERE ] updating countdown to 31526
[23:40:36.681] [SEVERE ] updating countdown to 31418
[23:40:36.791] [SEVERE ] updating countdown to 31308
[23:40:36.900] [SEVERE ] updating countdown to 31199
[23:40:37.009] [SEVERE ] updating countdown to 31090
[23:40:37.118] [SEVERE ] updating countdown to 30981
[23:40:37.224] [SEVERE ] updating countdown to 30875
[23:40:37.334] [SEVERE ] updating countdown to 30765
[23:40:37.442] [SEVERE ] updating countdown to 30657
[23:40:37.551] [SEVERE ] updating countdown to 30548
[23:40:37.659] [SEVERE ] updating countdown to 30440
[23:40:37.769] [SEVERE ] updating countdown to 30330
[23:40:37.879] [SEVERE ] updating countdown to 30220
[23:40:37.989] [SEVERE ] updating countdown to 30110
[23:40:38.099] [SEVERE ] updating countdown to 30000
[23:40:38.208] [SEVERE ] updating countdown to 29891
[23:40:38.318] [SEVERE ] updating countdown to 29781
[23:40:38.427] [SEVERE ] updating countdown to 29672
[23:40:38.536] [SEVERE ] updating countdown to 29563
[23:40:38.644] [SEVERE ] updating countdown to 29455
[23:40:38.754] [SEVERE ] updating countdown to 29345
[23:40:38.861] [SEVERE ] updating countdown to 29238
[23:40:38.971] [SEVERE ] updating countdown to 29128
[23:40:39.081] [SEVERE ] updating countdown to 29018
[23:40:39.190] [SEVERE ] updating countdown to 28909
[23:40:39.298] [SEVERE ] updating countdown to 28801
[23:40:39.407] [SEVERE ] updating countdown to 28692
[23:40:39.516] [SEVERE ] updating countdown to 28583
[23:40:39.626] [SEVERE ] updating countdown to 28473
[23:40:39.749] [SEVERE ] updating countdown to 28350
[23:40:39.967] [SEVERE ] updating countdown to 28132
[23:40:40.076] [SEVERE ] updating countdown to 28023
[23:40:40.185] [SEVERE ] updating countdown to 27914
[23:40:40.293] [SEVERE ] updating countdown to 27806
[23:40:40.403] [SEVERE ] updating countdown to 27696
[23:40:40.511] [SEVERE ] updating countdown to 27588
[23:40:40.619] [SEVERE ] updating countdown to 27480
[23:40:40.727] [SEVERE ] updating countdown to 27372
[23:40:40.837] [SEVERE ] updating countdown to 27262
[23:40:40.948] [SEVERE ] updating countdown to 27151
[23:40:41.061] [SEVERE ] updating countdown to 27038
[23:40:41.172] [SEVERE ] updating countdown to 26927
[23:40:41.283] [SEVERE ] updating countdown to 26816
[23:40:41.393] [SEVERE ] updating countdown to 26706
[23:40:41.502] [SEVERE ] updating countdown to 26597
[23:40:41.611] [SEVERE ] updating countdown to 26488
[23:40:41.723] [SEVERE ] updating countdown to 26376
[23:40:41.832] [SEVERE ] updating countdown to 26267
[23:40:41.944] [SEVERE ] updating countdown to 26155
[23:40:42.054] [SEVERE ] updating countdown to 26045
[23:40:42.166] [SEVERE ] updating countdown to 25933
[23:40:42.274] [SEVERE ] updating countdown to 25825
[23:40:42.383] [SEVERE ] updating countdown to 25716
[23:40:42.492] [SEVERE ] updating countdown to 25607
[23:40:42.599] [SEVERE ] updating countdown to 25500
[23:40:42.707] [SEVERE ] updating countdown to 25392
[23:40:42.816] [SEVERE ] updating countdown to 25283
[23:40:42.925] [SEVERE ] updating countdown to 25174
[23:40:43.035] [SEVERE ] updating countdown to 25064
[23:40:43.144] [SEVERE ] updating countdown to 24955
[23:40:43.253] [SEVERE ] updating countdown to 24846
[23:40:43.363] [SEVERE ] updating countdown to 24736
[23:40:43.471] [SEVERE ] updating countdown to 24628
[23:40:43.580] [SEVERE ] updating countdown to 24519
[23:40:43.689] [SEVERE ] updating countdown to 24410
[23:40:43.797] [SEVERE ] updating countdown to 24302
[23:40:43.905] [SEVERE ] updating countdown to 24194
[23:40:44.012] [SEVERE ] updating countdown to 24087
[23:40:44.123] [SEVERE ] updating countdown to 23976
[23:40:44.232] [SEVERE ] updating countdown to 23867
[23:40:44.342] [SEVERE ] updating countdown to 23757
[23:40:44.450] [SEVERE ] updating countdown to 23649
[23:40:44.559] [SEVERE ] updating countdown to 23540
[23:40:44.668] [SEVERE ] updating countdown to 23431
[23:40:44.778] [SEVERE ] updating countdown to 23321
[23:40:44.886] [SEVERE ] updating countdown to 23213
[23:40:44.995] [SEVERE ] updating countdown to 23104
[23:40:45.104] [SEVERE ] updating countdown to 22995
[23:40:45.213] [SEVERE ] updating countdown to 22886
[23:40:45.322] [SEVERE ] updating countdown to 22777
[23:40:45.430] [SEVERE ] updating countdown to 22669
[23:40:45.539] [SEVERE ] updating countdown to 22560
[23:40:45.647] [SEVERE ] updating countdown to 22452
[23:40:45.756] [SEVERE ] updating countdown to 22343
[23:40:45.866] [SEVERE ] updating countdown to 22233
[23:40:45.975] [SEVERE ] updating countdown to 22124
[23:40:46.084] [SEVERE ] updating countdown to 22015
[23:40:46.191] [SEVERE ] updating countdown to 21908
[23:40:46.301] [SEVERE ] updating countdown to 21798
[23:40:46.411] [SEVERE ] updating countdown to 21688
[23:40:46.519] [SEVERE ] updating countdown to 21580
[23:40:46.630] [SEVERE ] updating countdown to 21469
[23:40:46.738] [SEVERE ] updating countdown to 21361
[23:40:46.849] [SEVERE ] updating countdown to 21250
[23:40:46.956] [SEVERE ] updating countdown to 21143
[23:40:47.066] [SEVERE ] updating countdown to 21033
[23:40:47.177] [SEVERE ] updating countdown to 20922
[23:40:47.286] [SEVERE ] updating countdown to 20813
[23:40:47.396] [SEVERE ] updating countdown to 20703
[23:40:47.504] [SEVERE ] updating countdown to 20595
[23:40:47.613] [SEVERE ] updating countdown to 20486
[23:40:47.724] [SEVERE ] updating countdown to 20375
[23:40:47.833] [SEVERE ] updating countdown to 20266
[23:40:47.940] [SEVERE ] updating countdown to 20159
[23:40:48.049] [SEVERE ] updating countdown to 20050
[23:40:48.157] [SEVERE ] updating countdown to 19942
[23:40:48.264] [SEVERE ] updating countdown to 19835
[23:40:48.373] [SEVERE ] updating countdown to 19726
[23:40:48.482] [SEVERE ] updating countdown to 19617
[23:40:48.593] [SEVERE ] updating countdown to 19506
[23:40:48.702] [SEVERE ] updating countdown to 19397
[23:40:48.813] [SEVERE ] updating countdown to 19286
[23:40:48.922] [SEVERE ] updating countdown to 19177
[23:40:49.029] [SEVERE ] updating countdown to 19070
[23:40:49.138] [SEVERE ] updating countdown to 18961
[23:40:49.246] [SEVERE ] updating countdown to 18853
[23:40:49.356] [SEVERE ] updating countdown to 18743
[23:40:49.464] [SEVERE ] updating countdown to 18635
[23:40:49.574] [SEVERE ] updating countdown to 18525
[23:40:49.684] [SEVERE ] updating countdown to 18415
[23:40:49.794] [SEVERE ] updating countdown to 18305
[23:40:49.903] [SEVERE ] updating countdown to 18196
[23:40:50.012] [SEVERE ] updating countdown to 18087
[23:40:50.122] [SEVERE ] updating countdown to 17977
[23:40:50.231] [SEVERE ] updating countdown to 17868
[23:40:50.342] [SEVERE ] updating countdown to 17757
[23:40:50.450] [SEVERE ] updating countdown to 17649
[23:40:50.558] [SEVERE ] updating countdown to 17541
[23:40:50.667] [SEVERE ] updating countdown to 17432
[23:40:50.777] [SEVERE ] updating countdown to 17322
[23:40:50.888] [SEVERE ] updating countdown to 17211
[23:40:50.995] [SEVERE ] updating countdown to 17104
[23:40:51.105] [SEVERE ] updating countdown to 16994
[23:40:51.213] [SEVERE ] updating countdown to 16886
[23:40:51.322] [SEVERE ] updating countdown to 16777
[23:40:51.432] [SEVERE ] updating countdown to 16667
[23:40:51.542] [SEVERE ] updating countdown to 16557
[23:40:51.649] [SEVERE ] updating countdown to 16450
[23:40:51.758] [SEVERE ] updating countdown to 16341
[23:40:51.866] [SEVERE ] updating countdown to 16233
[23:40:51.975] [SEVERE ] updating countdown to 16124
[23:40:52.084] [SEVERE ] updating countdown to 16015
[23:40:52.194] [SEVERE ] updating countdown to 15905
[23:40:52.302] [SEVERE ] updating countdown to 15797
[23:40:52.411] [SEVERE ] updating countdown to 15688
[23:40:52.520] [SEVERE ] updating countdown to 15579
[23:40:52.628] [SEVERE ] updating countdown to 15471
[23:40:52.738] [SEVERE ] updating countdown to 15361
[23:40:52.847] [SEVERE ] updating countdown to 15252
[23:40:52.957] [SEVERE ] updating countdown to 15142
[23:40:53.066] [SEVERE ] updating countdown to 15033
[23:40:53.175] [SEVERE ] updating countdown to 14924
[23:40:53.283] [SEVERE ] updating countdown to 14816
[23:40:53.391] [SEVERE ] updating countdown to 14708
[23:40:53.500] [SEVERE ] updating countdown to 14599
[23:40:53.610] [SEVERE ] updating countdown to 14489
[23:40:53.718] [SEVERE ] updating countdown to 14381
[23:40:53.828] [SEVERE ] updating countdown to 14271
[23:40:53.938] [SEVERE ] updating countdown to 14161
[23:40:54.047] [SEVERE ] updating countdown to 14052
[23:40:54.157] [SEVERE ] updating countdown to 13942
[23:40:54.266] [SEVERE ] updating countdown to 13833
[23:40:54.376] [SEVERE ] updating countdown to 13723
[23:40:54.483] [SEVERE ] updating countdown to 13616
[23:40:54.593] [SEVERE ] updating countdown to 13506
[23:40:54.703] [SEVERE ] updating countdown to 13396
[23:40:54.812] [SEVERE ] updating countdown to 13287
[23:40:54.922] [SEVERE ] updating countdown to 13177
[23:40:55.029] [SEVERE ] updating countdown to 13070
[23:40:55.139] [SEVERE ] updating countdown to 12960
[23:40:55.247] [SEVERE ] updating countdown to 12852
[23:40:55.357] [SEVERE ] updating countdown to 12742
[23:40:55.466] [SEVERE ] updating countdown to 12633
[23:40:55.575] [SEVERE ] updating countdown to 12524
[23:40:55.685] [SEVERE ] updating countdown to 12414
[23:40:55.793] [SEVERE ] updating countdown to 12306
[23:40:55.901] [SEVERE ] updating countdown to 12198
[23:40:56.010] [SEVERE ] updating countdown to 12089
[23:40:56.120] [SEVERE ] updating countdown to 11979
[23:40:56.231] [SEVERE ] updating countdown to 11868
[23:40:56.342] [SEVERE ] updating countdown to 11757
[23:40:56.451] [SEVERE ] updating countdown to 11648
[23:40:56.559] [SEVERE ] updating countdown to 11540
[23:40:56.668] [SEVERE ] updating countdown to 11431
[23:40:56.777] [SEVERE ] updating countdown to 11322
[23:40:56.885] [SEVERE ] updating countdown to 11214
[23:40:56.993] [SEVERE ] updating countdown to 11106
[23:40:57.102] [SEVERE ] updating countdown to 10997
[23:40:57.212] [SEVERE ] updating countdown to 10887
[23:40:57.319] [SEVERE ] updating countdown to 10780
[23:40:57.429] [SEVERE ] updating countdown to 10670
[23:40:57.539] [SEVERE ] updating countdown to 10560
[23:40:57.647] [SEVERE ] updating countdown to 10452
[23:40:57.755] [SEVERE ] updating countdown to 10344
[23:40:57.862] [SEVERE ] updating countdown to 10237
[23:40:57.970] [SEVERE ] updating countdown to 10129
[23:40:58.079] [SEVERE ] updating countdown to 10020
[23:40:58.189] [SEVERE ] updating countdown to 9910
[23:40:58.298] [SEVERE ] updating countdown to 9801
[23:40:58.408] [SEVERE ] updating countdown to 9691
[23:40:58.518] [SEVERE ] updating countdown to 9581
[23:40:58.627] [SEVERE ] updating countdown to 9472
[23:40:58.736] [SEVERE ] updating countdown to 9363
[23:40:58.845] [SEVERE ] updating countdown to 9254
[23:40:58.954] [SEVERE ] updating countdown to 9145
[23:40:59.064] [SEVERE ] updating countdown to 9035
[23:40:59.173] [SEVERE ] updating countdown to 8926
[23:40:59.281] [SEVERE ] updating countdown to 8818
[23:40:59.392] [SEVERE ] updating countdown to 8707
[23:40:59.500] [SEVERE ] updating countdown to 8599
[23:40:59.610] [SEVERE ] updating countdown to 8489
[23:40:59.720] [SEVERE ] updating countdown to 8379
[23:40:59.829] [SEVERE ] updating countdown to 8270
[23:40:59.937] [SEVERE ] updating countdown to 8162
[23:41:00.046] [SEVERE ] updating countdown to 8053
[23:41:00.154] [SEVERE ] updating countdown to 7945
[23:41:00.263] [SEVERE ] updating countdown to 7836
[23:41:00.373] [SEVERE ] updating countdown to 7726
[23:41:00.482] [SEVERE ] updating countdown to 7617
[23:41:00.591] [SEVERE ] updating countdown to 7508
[23:41:00.700] [SEVERE ] updating countdown to 7399
[23:41:00.809] [SEVERE ] updating countdown to 7290
[23:41:00.918] [SEVERE ] updating countdown to 7181
[23:41:01.027] [SEVERE ] updating countdown to 7072
[23:41:01.136] [SEVERE ] updating countdown to 6963
[23:41:01.243] [SEVERE ] updating countdown to 6856
[23:41:01.352] [SEVERE ] updating countdown to 6747
[23:41:01.463] [SEVERE ] updating countdown to 6636
[23:41:01.571] [SEVERE ] updating countdown to 6528
[23:41:01.679] [SEVERE ] updating countdown to 6420
[23:41:01.788] [SEVERE ] updating countdown to 6311
[23:41:01.896] [SEVERE ] updating countdown to 6203
[23:41:02.006] [SEVERE ] updating countdown to 6093
[23:41:02.114] [SEVERE ] updating countdown to 5985
[23:41:02.224] [SEVERE ] updating countdown to 5875
[23:41:02.332] [SEVERE ] updating countdown to 5767
[23:41:02.441] [SEVERE ] updating countdown to 5658
[23:41:02.549] [SEVERE ] updating countdown to 5550
[23:41:02.658] [SEVERE ] updating countdown to 5441
[23:41:02.767] [SEVERE ] updating countdown to 5332
[23:41:02.876] [SEVERE ] updating countdown to 5223
[23:41:02.986] [SEVERE ] updating countdown to 5113
[23:41:03.093] [SEVERE ] updating countdown to 5006
[23:41:08.100] [SEVERE ] updating countdown to 0
[23:41:08.100] [SEVERE ] updating countdown to 0
