[23:46:08.984] [INFO   ] thread main starting.
[23:46:09.042] [SEVERE ] cannot read configuration file config.properties trying from resources.
[23:46:09.051] [SEVERE ] configuration file was loaded from resources directory.
[23:46:12.298] [INFO   ] thread dealer starting.
[23:46:12.301] [INFO   ] thread dealer starting.
[23:46:12.304] [INFO   ] thread Player: 0 created.
[23:46:12.306] [INFO   ] thread Player: 1 created.
[23:46:12.308] [INFO   ] thread Player: 0 starting.
[23:46:12.312] [INFO   ] thread Player: 1 starting.
[23:46:12.456] [SEVERE ] placing card 49 in slot 1
[23:46:12.564] [SEVERE ] placing card 64 in slot 2
[23:46:12.672] [SEVERE ] placing card 52 in slot 7
[23:46:12.781] [SEVERE ] placing card 76 in slot 4
[23:46:12.893] [SEVERE ] placing card 37 in slot 5
[23:46:13.005] [SEVERE ] placing card 25 in slot 10
[23:46:13.117] [SEVERE ] placing card 14 in slot 11
[23:46:13.224] [SEVERE ] placing card 15 in slot 9
[23:46:13.333] [SEVERE ] placing card 56 in slot 0
[23:46:13.443] [SEVERE ] placing card 18 in slot 6
[23:46:13.556] [SEVERE ] placing card 24 in slot 8
[23:46:13.667] [SEVERE ] placing card 51 in slot 3
[23:46:13.668] [SEVERE ] updating countdown to 60000
[23:46:13.778] [SEVERE ] updating countdown to 59890
[23:46:13.888] [SEVERE ] updating countdown to 59780
[23:46:14.000] [SEVERE ] updating countdown to 59668
[23:46:14.113] [SEVERE ] updating countdown to 59555
[23:46:14.223] [SEVERE ] updating countdown to 59445
[23:46:14.333] [SEVERE ] updating countdown to 59335
[23:46:14.441] [SEVERE ] updating countdown to 59227
[23:46:14.551] [SEVERE ] updating countdown to 59117
[23:46:14.660] [SEVERE ] updating countdown to 59008
[23:46:14.765] [SEVERE ] key 81 was pressed by player 1
[23:46:14.766] [SEVERE ] player 1 placing token on slot 0
[23:46:14.769] [SEVERE ] updating countdown to 58899
[23:46:14.879] [SEVERE ] updating countdown to 58789
[23:46:14.988] [SEVERE ] updating countdown to 58680
[23:46:15.097] [SEVERE ] updating countdown to 58571
[23:46:15.206] [SEVERE ] updating countdown to 58462
[23:46:15.314] [SEVERE ] updating countdown to 58354
[23:46:15.424] [SEVERE ] updating countdown to 58244
[23:46:15.533] [SEVERE ] updating countdown to 58135
[23:46:15.641] [SEVERE ] updating countdown to 58027
[23:46:15.748] [SEVERE ] updating countdown to 57920
[23:46:15.857] [SEVERE ] updating countdown to 57811
[23:46:15.966] [SEVERE ] updating countdown to 57702
[23:46:16.074] [SEVERE ] updating countdown to 57594
[23:46:16.182] [SEVERE ] updating countdown to 57486
[23:46:16.291] [SEVERE ] updating countdown to 57377
[23:46:16.401] [SEVERE ] updating countdown to 57267
[23:46:16.511] [SEVERE ] updating countdown to 57157
[23:46:16.621] [SEVERE ] updating countdown to 57047
[23:46:16.731] [SEVERE ] updating countdown to 56937
[23:46:16.840] [SEVERE ] updating countdown to 56828
[23:46:16.950] [SEVERE ] updating countdown to 56718
[23:46:17.059] [SEVERE ] updating countdown to 56609
[23:46:17.166] [SEVERE ] updating countdown to 56502
[23:46:17.275] [SEVERE ] updating countdown to 56393
[23:46:17.384] [SEVERE ] updating countdown to 56284
[23:46:17.493] [SEVERE ] updating countdown to 56175
[23:46:17.602] [SEVERE ] updating countdown to 56066
[23:46:17.707] [SEVERE ] updating countdown to 55961
[23:46:17.816] [SEVERE ] updating countdown to 55852
[23:46:17.833] [SEVERE ] key 83 was pressed by player 1
[23:46:17.834] [SEVERE ] player 1 placing token on slot 5
[23:46:17.923] [SEVERE ] updating countdown to 55745
[23:46:18.032] [SEVERE ] updating countdown to 55636
[23:46:18.142] [SEVERE ] updating countdown to 55526
[23:46:18.252] [SEVERE ] updating countdown to 55416
[23:46:18.360] [SEVERE ] updating countdown to 55308
[23:46:18.465] [SEVERE ] key 65 was pressed by player 1
[23:46:18.465] [SEVERE ] player 1 placing token on slot 4
[23:46:18.470] [SEVERE ] updating countdown to 55198
[23:46:18.472] [SEVERE ] setting player 1 freeze to -3000
[23:46:18.580] [SEVERE ] updating countdown to 55088
[23:46:18.689] [SEVERE ] updating countdown to 54979
[23:46:18.799] [SEVERE ] updating countdown to 54869
[23:46:18.909] [SEVERE ] updating countdown to 54759
[23:46:19.017] [SEVERE ] updating countdown to 54651
[23:46:19.126] [SEVERE ] updating countdown to 54542
[23:46:19.235] [SEVERE ] updating countdown to 54433
[23:46:19.345] [SEVERE ] updating countdown to 54323
[23:46:19.454] [SEVERE ] updating countdown to 54214
[23:46:19.562] [SEVERE ] updating countdown to 54106
[23:46:19.671] [SEVERE ] updating countdown to 53997
[23:46:19.780] [SEVERE ] updating countdown to 53888
[23:46:19.891] [SEVERE ] updating countdown to 53777
[23:46:20.002] [SEVERE ] updating countdown to 53666
[23:46:20.110] [SEVERE ] updating countdown to 53558
[23:46:20.219] [SEVERE ] updating countdown to 53449
[23:46:20.328] [SEVERE ] updating countdown to 53340
[23:46:20.437] [SEVERE ] updating countdown to 53231
[23:46:20.547] [SEVERE ] updating countdown to 53121
[23:46:20.653] [SEVERE ] updating countdown to 53015
[23:46:20.761] [SEVERE ] updating countdown to 52907
[23:46:20.868] [SEVERE ] updating countdown to 52800
[23:46:20.977] [SEVERE ] updating countdown to 52691
[23:46:21.084] [SEVERE ] updating countdown to 52584
[23:46:21.191] [SEVERE ] updating countdown to 52477
[23:46:21.299] [SEVERE ] updating countdown to 52369
[23:46:21.407] [SEVERE ] updating countdown to 52261
[23:46:21.516] [SEVERE ] updating countdown to 52152
[23:46:21.626] [SEVERE ] updating countdown to 52042
[23:46:21.733] [SEVERE ] updating countdown to 51935
[23:46:21.843] [SEVERE ] updating countdown to 51825
[23:46:21.951] [SEVERE ] updating countdown to 51717
[23:46:22.060] [SEVERE ] updating countdown to 51608
[23:46:22.170] [SEVERE ] updating countdown to 51498
[23:46:22.280] [SEVERE ] updating countdown to 51388
[23:46:22.389] [SEVERE ] updating countdown to 51279
[23:46:22.498] [SEVERE ] updating countdown to 51170
[23:46:22.608] [SEVERE ] updating countdown to 51060
[23:46:22.717] [SEVERE ] updating countdown to 50951
[23:46:22.826] [SEVERE ] updating countdown to 50842
[23:46:22.937] [SEVERE ] updating countdown to 50731
[23:46:23.043] [SEVERE ] updating countdown to 50625
[23:46:23.152] [SEVERE ] updating countdown to 50516
[23:46:23.263] [SEVERE ] updating countdown to 50405
[23:46:23.372] [SEVERE ] updating countdown to 50296
[23:46:23.482] [SEVERE ] updating countdown to 50186
[23:46:23.589] [SEVERE ] updating countdown to 50079
[23:46:23.699] [SEVERE ] updating countdown to 49969
[23:46:23.806] [SEVERE ] updating countdown to 49862
[23:46:23.916] [SEVERE ] updating countdown to 49752
[23:46:24.025] [SEVERE ] updating countdown to 49643
[23:46:24.134] [SEVERE ] updating countdown to 49534
[23:46:24.245] [SEVERE ] updating countdown to 49423
[23:46:24.355] [SEVERE ] updating countdown to 49313
[23:46:24.464] [SEVERE ] updating countdown to 49204
[23:46:24.573] [SEVERE ] updating countdown to 49095
[23:46:24.682] [SEVERE ] updating countdown to 48986
[23:46:24.791] [SEVERE ] updating countdown to 48877
[23:46:24.901] [SEVERE ] updating countdown to 48767
[23:46:25.009] [SEVERE ] updating countdown to 48659
[23:46:25.118] [SEVERE ] updating countdown to 48550
[23:46:25.228] [SEVERE ] updating countdown to 48440
[23:46:25.339] [SEVERE ] updating countdown to 48329
[23:46:25.447] [SEVERE ] updating countdown to 48221
[23:46:25.557] [SEVERE ] updating countdown to 48111
[23:46:25.665] [SEVERE ] updating countdown to 48003
[23:46:25.775] [SEVERE ] updating countdown to 47893
[23:46:25.884] [SEVERE ] updating countdown to 47784
[23:46:25.993] [SEVERE ] updating countdown to 47675
[23:46:26.101] [SEVERE ] updating countdown to 47567
[23:46:26.209] [SEVERE ] updating countdown to 47459
[23:46:26.318] [SEVERE ] updating countdown to 47350
[23:46:26.427] [SEVERE ] updating countdown to 47241
[23:46:26.538] [SEVERE ] updating countdown to 47130
[23:46:26.647] [SEVERE ] updating countdown to 47021
[23:46:26.755] [SEVERE ] updating countdown to 46913
[23:46:26.866] [SEVERE ] updating countdown to 46802
[23:46:26.974] [SEVERE ] updating countdown to 46694
[23:46:27.082] [SEVERE ] updating countdown to 46586
[23:46:27.189] [SEVERE ] updating countdown to 46479
[23:46:27.299] [SEVERE ] updating countdown to 46369
[23:46:27.408] [SEVERE ] updating countdown to 46260
[23:46:27.517] [SEVERE ] updating countdown to 46151
[23:46:27.627] [SEVERE ] updating countdown to 46041
[23:46:27.736] [SEVERE ] updating countdown to 45932
[23:46:27.846] [SEVERE ] updating countdown to 45822
[23:46:27.954] [SEVERE ] updating countdown to 45714
[23:46:28.063] [SEVERE ] updating countdown to 45605
[23:46:28.171] [SEVERE ] updating countdown to 45497
[23:46:28.282] [SEVERE ] updating countdown to 45386
[23:46:28.390] [SEVERE ] updating countdown to 45278
[23:46:28.498] [SEVERE ] updating countdown to 45170
[23:46:28.606] [SEVERE ] updating countdown to 45062
[23:46:28.715] [SEVERE ] updating countdown to 44953
[23:46:28.825] [SEVERE ] updating countdown to 44843
[23:46:28.935] [SEVERE ] updating countdown to 44733
[23:46:29.043] [SEVERE ] updating countdown to 44625
[23:46:29.153] [SEVERE ] updating countdown to 44515
[23:46:29.264] [SEVERE ] updating countdown to 44404
[23:46:29.372] [SEVERE ] updating countdown to 44296
[23:46:29.480] [SEVERE ] updating countdown to 44188
[23:46:29.590] [SEVERE ] updating countdown to 44078
[23:46:29.699] [SEVERE ] updating countdown to 43969
[23:46:29.808] [SEVERE ] updating countdown to 43860
[23:46:29.916] [SEVERE ] updating countdown to 43752
[23:46:30.024] [SEVERE ] updating countdown to 43644
[23:46:30.134] [SEVERE ] updating countdown to 43534
[23:46:30.244] [SEVERE ] updating countdown to 43424
[23:46:30.354] [SEVERE ] updating countdown to 43314
[23:46:30.462] [SEVERE ] updating countdown to 43206
[23:46:30.570] [SEVERE ] updating countdown to 43098
[23:46:30.681] [SEVERE ] updating countdown to 42987
[23:46:30.790] [SEVERE ] updating countdown to 42878
[23:46:30.898] [SEVERE ] updating countdown to 42770
[23:46:31.005] [SEVERE ] updating countdown to 42663
[23:46:31.114] [SEVERE ] updating countdown to 42554
[23:46:31.224] [SEVERE ] updating countdown to 42444
[23:46:31.334] [SEVERE ] updating countdown to 42334
[23:46:31.444] [SEVERE ] updating countdown to 42224
[23:46:31.552] [SEVERE ] updating countdown to 42116
[23:46:31.662] [SEVERE ] updating countdown to 42006
[23:46:31.770] [SEVERE ] updating countdown to 41898
[23:46:31.881] [SEVERE ] updating countdown to 41787
[23:46:31.989] [SEVERE ] updating countdown to 41679
[23:46:32.098] [SEVERE ] updating countdown to 41570
[23:46:32.207] [SEVERE ] updating countdown to 41461
[23:46:32.315] [SEVERE ] updating countdown to 41353
[23:46:32.425] [SEVERE ] updating countdown to 41243
[23:46:32.532] [SEVERE ] updating countdown to 41136
[23:46:32.641] [SEVERE ] updating countdown to 41027
[23:46:32.749] [SEVERE ] updating countdown to 40919
[23:46:32.858] [SEVERE ] updating countdown to 40810
[23:46:32.967] [SEVERE ] updating countdown to 40701
[23:46:33.077] [SEVERE ] updating countdown to 40591
[23:46:33.187] [SEVERE ] updating countdown to 40481
[23:46:33.295] [SEVERE ] updating countdown to 40373
[23:46:33.405] [SEVERE ] updating countdown to 40263
[23:46:33.513] [SEVERE ] updating countdown to 40155
[23:46:33.622] [SEVERE ] updating countdown to 40046
[23:46:33.676] [SEVERE ] key 69 was pressed by player 1
[23:46:33.732] [SEVERE ] updating countdown to 39936
[23:46:33.841] [SEVERE ] updating countdown to 39827
[23:46:33.951] [SEVERE ] updating countdown to 39717
[23:46:34.059] [SEVERE ] updating countdown to 39609
[23:46:34.168] [SEVERE ] updating countdown to 39500
[23:46:34.277] [SEVERE ] updating countdown to 39391
[23:46:34.389] [SEVERE ] updating countdown to 39279
[23:46:34.496] [SEVERE ] updating countdown to 39172
[23:46:34.604] [SEVERE ] updating countdown to 39064
[23:46:34.713] [SEVERE ] updating countdown to 38955
[23:46:34.822] [SEVERE ] updating countdown to 38846
[23:46:34.931] [SEVERE ] updating countdown to 38737
[23:46:35.038] [SEVERE ] updating countdown to 38630
[23:46:35.056] [SEVERE ] key 69 was pressed by player 1
[23:46:35.145] [SEVERE ] updating countdown to 38523
[23:46:35.254] [SEVERE ] updating countdown to 38414
[23:46:35.363] [SEVERE ] updating countdown to 38305
[23:46:35.473] [SEVERE ] updating countdown to 38195
[23:46:35.580] [SEVERE ] updating countdown to 38088
[23:46:35.691] [SEVERE ] updating countdown to 37977
[23:46:35.775] [SEVERE ] key 90 was pressed by player 1
[23:46:35.801] [SEVERE ] updating countdown to 37867
[23:46:35.909] [SEVERE ] updating countdown to 37759
[23:46:36.018] [SEVERE ] updating countdown to 37650
[23:46:36.124] [SEVERE ] updating countdown to 37544
[23:46:36.233] [SEVERE ] updating countdown to 37435
[23:46:36.344] [SEVERE ] updating countdown to 37324
[23:46:36.451] [SEVERE ] updating countdown to 37217
[23:46:36.560] [SEVERE ] updating countdown to 37108
[23:46:36.668] [SEVERE ] key 90 was pressed by player 1
[23:46:36.669] [SEVERE ] updating countdown to 36999
[23:46:36.776] [SEVERE ] updating countdown to 36892
[23:46:36.885] [SEVERE ] updating countdown to 36783
[23:46:36.895] [SEVERE ] key 88 was pressed by player 1
[23:46:36.993] [SEVERE ] updating countdown to 36675
[23:46:37.103] [SEVERE ] updating countdown to 36565
[23:46:37.212] [SEVERE ] updating countdown to 36456
[23:46:37.321] [SEVERE ] updating countdown to 36347
[23:46:37.355] [SEVERE ] key 67 was pressed by player 1
[23:46:37.429] [SEVERE ] updating countdown to 36239
[23:46:37.540] [SEVERE ] updating countdown to 36128
[23:46:37.649] [SEVERE ] updating countdown to 36019
[23:46:37.757] [SEVERE ] updating countdown to 35911
[23:46:37.866] [SEVERE ] updating countdown to 35802
[23:46:37.975] [SEVERE ] updating countdown to 35693
[23:46:38.085] [SEVERE ] updating countdown to 35583
[23:46:38.140] [SEVERE ] key 68 was pressed by player 1
[23:46:38.193] [SEVERE ] updating countdown to 35475
[23:46:38.305] [SEVERE ] updating countdown to 35363
[23:46:38.412] [SEVERE ] updating countdown to 35256
[23:46:38.521] [SEVERE ] updating countdown to 35147
[23:46:38.629] [SEVERE ] updating countdown to 35039
[23:46:38.737] [SEVERE ] updating countdown to 34931
[23:46:38.845] [SEVERE ] updating countdown to 34823
[23:46:38.955] [SEVERE ] updating countdown to 34713
[23:46:39.063] [SEVERE ] updating countdown to 34605
[23:46:39.171] [SEVERE ] updating countdown to 34497
[23:46:39.189] [SEVERE ] key 75 was pressed by player 2
[23:46:39.189] [SEVERE ] player 2 placing token on slot 5
[23:46:39.281] [SEVERE ] updating countdown to 34387
[23:46:39.391] [SEVERE ] updating countdown to 34277
[23:46:39.501] [SEVERE ] updating countdown to 34167
[23:46:39.610] [SEVERE ] updating countdown to 34058
[23:46:39.717] [SEVERE ] updating countdown to 33951
[23:46:39.824] [SEVERE ] updating countdown to 33844
[23:46:39.934] [SEVERE ] updating countdown to 33734
[23:46:40.044] [SEVERE ] updating countdown to 33624
[23:46:40.153] [SEVERE ] updating countdown to 33515
[23:46:40.263] [SEVERE ] updating countdown to 33405
[23:46:40.373] [SEVERE ] updating countdown to 33295
[23:46:40.482] [SEVERE ] updating countdown to 33186
[23:46:40.591] [SEVERE ] updating countdown to 33077
[23:46:40.702] [SEVERE ] updating countdown to 32966
[23:46:40.812] [SEVERE ] updating countdown to 32856
[23:46:40.921] [SEVERE ] updating countdown to 32747
[23:46:41.032] [SEVERE ] updating countdown to 32636
[23:46:41.140] [SEVERE ] updating countdown to 32528
[23:46:41.151] [SEVERE ] key 76 was pressed by player 2
[23:46:41.151] [SEVERE ] player 2 placing token on slot 6
[23:46:41.248] [SEVERE ] updating countdown to 32420
[23:46:41.355] [SEVERE ] updating countdown to 32313
[23:46:41.463] [SEVERE ] updating countdown to 32205
[23:46:41.572] [SEVERE ] updating countdown to 32096
[23:46:41.679] [SEVERE ] updating countdown to 31989
[23:46:41.777] [SEVERE ] key 79 was pressed by player 2
[23:46:41.777] [SEVERE ] player 2 placing token on slot 2
[23:46:41.777] [SEVERE ] updating countdown to 31891
[23:46:41.777] [SEVERE ] setting player 2 freeze to -3000
[23:46:41.880] [SEVERE ] updating countdown to 31788
[23:46:41.992] [SEVERE ] updating countdown to 31676
[23:46:42.100] [SEVERE ] updating countdown to 31568
[23:46:42.209] [SEVERE ] updating countdown to 31459
[23:46:42.317] [SEVERE ] updating countdown to 31351
[23:46:42.360] [SEVERE ] key 73 was pressed by player 2
[23:46:42.426] [SEVERE ] updating countdown to 31242
[23:46:42.537] [SEVERE ] updating countdown to 31131
[23:46:42.646] [SEVERE ] updating countdown to 31022
[23:46:42.756] [SEVERE ] updating countdown to 30912
[23:46:42.864] [SEVERE ] updating countdown to 30804
[23:46:42.972] [SEVERE ] updating countdown to 30696
[23:46:43.082] [SEVERE ] updating countdown to 30586
[23:46:43.190] [SEVERE ] updating countdown to 30478
[23:46:43.299] [SEVERE ] updating countdown to 30369
[23:46:43.409] [SEVERE ] updating countdown to 30259
[23:46:43.519] [SEVERE ] updating countdown to 30149
[23:46:43.628] [SEVERE ] updating countdown to 30040
[23:46:43.737] [SEVERE ] updating countdown to 29931
[23:46:43.846] [SEVERE ] updating countdown to 29822
[23:46:43.912] [SEVERE ] key 77 was pressed by player 2
[23:46:43.956] [SEVERE ] updating countdown to 29712
[23:46:44.065] [SEVERE ] updating countdown to 29603
[23:46:44.172] [SEVERE ] updating countdown to 29496
[23:46:44.280] [SEVERE ] updating countdown to 29388
[23:46:44.387] [SEVERE ] updating countdown to 29281
[23:46:44.497] [SEVERE ] updating countdown to 29171
[23:46:44.606] [SEVERE ] updating countdown to 29062
[23:46:44.714] [SEVERE ] updating countdown to 28954
[23:46:44.823] [SEVERE ] updating countdown to 28845
[23:46:44.928] [SEVERE ] key 44 was pressed by player 2
[23:46:44.930] [SEVERE ] updating countdown to 28738
[23:46:45.040] [SEVERE ] updating countdown to 28628
[23:46:45.076] [SEVERE ] key 46 was pressed by player 2
[23:46:45.150] [SEVERE ] updating countdown to 28518
[23:46:45.257] [SEVERE ] updating countdown to 28411
[23:46:45.367] [SEVERE ] updating countdown to 28301
[23:46:45.474] [SEVERE ] updating countdown to 28194
[23:46:45.583] [SEVERE ] updating countdown to 28085
[23:46:45.692] [SEVERE ] updating countdown to 27976
[23:46:45.801] [SEVERE ] updating countdown to 27867
[23:46:45.910] [SEVERE ] updating countdown to 27758
[23:46:46.019] [SEVERE ] updating countdown to 27649
[23:46:46.128] [SEVERE ] updating countdown to 27540
[23:46:46.231] [SEVERE ] key 79 was pressed by player 2
[23:46:46.232] [SEVERE ] removing player 2 token from slot 2
[23:46:46.238] [SEVERE ] updating countdown to 27430
[23:46:46.327] [SEVERE ] key 73 was pressed by player 2
[23:46:46.328] [SEVERE ] player 2 placing token on slot 1
[23:46:46.328] [SEVERE ] updating countdown to 27340
[23:46:46.328] [SEVERE ] setting player 2 freeze to -3000
[23:46:46.439] [SEVERE ] updating countdown to 27229
[23:46:46.548] [SEVERE ] updating countdown to 27120
[23:46:46.656] [SEVERE ] updating countdown to 27012
[23:46:46.766] [SEVERE ] updating countdown to 26902
[23:46:46.876] [SEVERE ] updating countdown to 26792
[23:46:46.985] [SEVERE ] updating countdown to 26683
[23:46:47.093] [SEVERE ] updating countdown to 26575
[23:46:47.201] [SEVERE ] updating countdown to 26467
[23:46:47.309] [SEVERE ] updating countdown to 26359
[23:46:47.416] [SEVERE ] updating countdown to 26252
[23:46:47.526] [SEVERE ] updating countdown to 26142
[23:46:47.636] [SEVERE ] updating countdown to 26032
[23:46:47.748] [SEVERE ] updating countdown to 25920
[23:46:47.856] [SEVERE ] updating countdown to 25812
[23:46:47.967] [SEVERE ] updating countdown to 25701
[23:46:48.076] [SEVERE ] updating countdown to 25592
[23:46:48.184] [SEVERE ] updating countdown to 25484
[23:46:48.293] [SEVERE ] updating countdown to 25375
[23:46:48.403] [SEVERE ] updating countdown to 25265
[23:46:48.511] [SEVERE ] updating countdown to 25157
[23:46:48.552] [SEVERE ] key 85 was pressed by player 2
[23:46:48.622] [SEVERE ] updating countdown to 25046
[23:46:48.733] [SEVERE ] updating countdown to 24935
[23:46:48.840] [SEVERE ] updating countdown to 24828
[23:46:48.949] [SEVERE ] updating countdown to 24719
[23:46:48.985] [SEVERE ] key 85 was pressed by player 2
[23:46:49.057] [SEVERE ] updating countdown to 24611
[23:46:49.167] [SEVERE ] updating countdown to 24501
[23:46:49.276] [SEVERE ] updating countdown to 24392
[23:46:49.386] [SEVERE ] updating countdown to 24282
[23:46:49.495] [SEVERE ] updating countdown to 24173
[23:46:49.605] [SEVERE ] updating countdown to 24063
[23:46:49.713] [SEVERE ] updating countdown to 23955
[23:46:49.821] [SEVERE ] updating countdown to 23847
[23:46:49.929] [SEVERE ] updating countdown to 23739
[23:46:50.036] [SEVERE ] updating countdown to 23632
[23:46:50.142] [SEVERE ] updating countdown to 23526
[23:46:50.252] [SEVERE ] updating countdown to 23416
[23:46:50.297] [SEVERE ] key 73 was pressed by player 2
[23:46:50.298] [SEVERE ] removing player 2 token from slot 1
[23:46:50.360] [SEVERE ] updating countdown to 23308
[23:46:50.469] [SEVERE ] updating countdown to 23199
[23:46:50.578] [SEVERE ] updating countdown to 23090
[23:46:50.687] [SEVERE ] updating countdown to 22981
[23:46:50.795] [SEVERE ] updating countdown to 22873
[23:46:50.903] [SEVERE ] updating countdown to 22765
[23:46:51.012] [SEVERE ] updating countdown to 22656
[23:46:51.122] [SEVERE ] updating countdown to 22546
[23:46:51.231] [SEVERE ] updating countdown to 22437
[23:46:51.340] [SEVERE ] updating countdown to 22328
[23:46:51.385] [SEVERE ] key 73 was pressed by player 2
[23:46:51.385] [SEVERE ] player 2 placing token on slot 1
[23:46:51.387] [SEVERE ] updating countdown to 22281
[23:46:51.387] [SEVERE ] setting player 2 freeze to -3000
[23:46:51.495] [SEVERE ] updating countdown to 22173
[23:46:51.604] [SEVERE ] updating countdown to 22064
[23:46:51.713] [SEVERE ] updating countdown to 21955
[23:46:51.817] [SEVERE ] key 73 was pressed by player 2
[23:46:51.817] [SEVERE ] removing player 2 token from slot 1
[23:46:51.820] [SEVERE ] updating countdown to 21848
[23:46:51.930] [SEVERE ] updating countdown to 21738
[23:46:52.039] [SEVERE ] updating countdown to 21629
[23:46:52.149] [SEVERE ] updating countdown to 21519
[23:46:52.193] [SEVERE ] key 73 was pressed by player 2
[23:46:52.194] [SEVERE ] player 2 placing token on slot 1
[23:46:52.194] [SEVERE ] updating countdown to 21474
[23:46:52.194] [SEVERE ] setting player 2 freeze to -3000
[23:46:52.304] [SEVERE ] updating countdown to 21364
[23:46:52.413] [SEVERE ] updating countdown to 21255
[23:46:52.523] [SEVERE ] updating countdown to 21145
[23:46:52.537] [SEVERE ] key 73 was pressed by player 2
[23:46:52.537] [SEVERE ] removing player 2 token from slot 1
[23:46:52.632] [SEVERE ] updating countdown to 21036
[23:46:52.741] [SEVERE ] updating countdown to 20927
[23:46:52.841] [SEVERE ] key 73 was pressed by player 2
[23:46:52.842] [SEVERE ] player 2 placing token on slot 1
[23:46:52.842] [SEVERE ] updating countdown to 20826
[23:46:52.843] [SEVERE ] setting player 2 freeze to -3000
[23:46:52.944] [SEVERE ] updating countdown to 20724
[23:46:53.052] [SEVERE ] updating countdown to 20616
[23:46:53.154] [SEVERE ] key 73 was pressed by player 2
[23:46:53.154] [SEVERE ] removing player 2 token from slot 1
[23:46:53.162] [SEVERE ] updating countdown to 20506
[23:46:53.271] [SEVERE ] updating countdown to 20397
[23:46:53.380] [SEVERE ] updating countdown to 20288
[23:46:53.418] [SEVERE ] key 73 was pressed by player 2
[23:46:53.418] [SEVERE ] player 2 placing token on slot 1
[23:46:53.418] [SEVERE ] updating countdown to 20250
[23:46:53.419] [SEVERE ] setting player 2 freeze to -3000
[23:46:53.535] [SEVERE ] updating countdown to 20133
[23:46:53.644] [SEVERE ] updating countdown to 20024
[23:46:53.665] [SEVERE ] key 73 was pressed by player 2
[23:46:53.666] [SEVERE ] removing player 2 token from slot 1
[23:46:53.752] [SEVERE ] updating countdown to 19916
[23:46:53.861] [SEVERE ] updating countdown to 19807
[23:46:53.914] [SEVERE ] key 73 was pressed by player 2
[23:46:53.914] [SEVERE ] player 2 placing token on slot 1
[23:46:53.914] [SEVERE ] updating countdown to 19754
[23:46:53.915] [SEVERE ] setting player 2 freeze to -3000
[23:46:54.019] [SEVERE ] updating countdown to 19649
[23:46:54.127] [SEVERE ] updating countdown to 19541
[23:46:54.224] [SEVERE ] key 73 was pressed by player 2
[23:46:54.224] [SEVERE ] removing player 2 token from slot 1
[23:46:54.237] [SEVERE ] updating countdown to 19431
[23:46:54.348] [SEVERE ] updating countdown to 19320
[23:46:54.458] [SEVERE ] updating countdown to 19210
[23:46:54.566] [SEVERE ] updating countdown to 19102
[23:46:54.676] [SEVERE ] updating countdown to 18992
[23:46:54.785] [SEVERE ] updating countdown to 18883
[23:46:54.896] [SEVERE ] updating countdown to 18772
[23:46:55.003] [SEVERE ] updating countdown to 18665
[23:46:55.112] [SEVERE ] updating countdown to 18556
[23:46:55.210] [SEVERE ] key 81 was pressed by player 1
[23:46:55.211] [SEVERE ] removing player 1 token from slot 0
[23:46:55.221] [SEVERE ] updating countdown to 18447
[23:46:55.331] [SEVERE ] updating countdown to 18337
[23:46:55.440] [SEVERE ] updating countdown to 18228
[23:46:55.507] [SEVERE ] key 81 was pressed by player 1
[23:46:55.508] [SEVERE ] player 1 placing token on slot 0
[23:46:55.508] [SEVERE ] updating countdown to 18160
[23:46:55.508] [SEVERE ] setting player 1 freeze to -3000
[23:46:55.612] [SEVERE ] updating countdown to 18056
[23:46:55.720] [SEVERE ] updating countdown to 17948
[23:46:55.793] [SEVERE ] key 81 was pressed by player 1
[23:46:55.793] [SEVERE ] removing player 1 token from slot 0
[23:46:55.829] [SEVERE ] updating countdown to 17839
[23:46:55.940] [SEVERE ] updating countdown to 17728
[23:46:56.050] [SEVERE ] updating countdown to 17618
[23:46:56.076] [SEVERE ] key 81 was pressed by player 1
[23:46:56.076] [SEVERE ] player 1 placing token on slot 0
[23:46:56.078] [SEVERE ] updating countdown to 17590
[23:46:56.078] [SEVERE ] setting player 1 freeze to -3000
[23:46:56.188] [SEVERE ] updating countdown to 17480
[23:46:56.298] [SEVERE ] updating countdown to 17370
[23:46:56.331] [SEVERE ] key 81 was pressed by player 1
[23:46:56.331] [SEVERE ] removing player 1 token from slot 0
[23:46:56.408] [SEVERE ] updating countdown to 17260
[23:46:56.516] [SEVERE ] updating countdown to 17152
[23:46:56.571] [SEVERE ] key 81 was pressed by player 1
[23:46:56.571] [SEVERE ] player 1 placing token on slot 0
[23:46:56.572] [SEVERE ] updating countdown to 17096
[23:46:56.572] [SEVERE ] setting player 1 freeze to -3000
[23:46:56.686] [SEVERE ] updating countdown to 16982
[23:46:56.794] [SEVERE ] updating countdown to 16874
[23:46:56.883] [SEVERE ] key 81 was pressed by player 1
[23:46:56.883] [SEVERE ] removing player 1 token from slot 0
[23:46:56.902] [SEVERE ] updating countdown to 16766
[23:46:57.013] [SEVERE ] updating countdown to 16655
[23:46:57.121] [SEVERE ] updating countdown to 16547
[23:46:57.142] [SEVERE ] key 81 was pressed by player 1
[23:46:57.142] [SEVERE ] player 1 placing token on slot 0
[23:46:57.143] [SEVERE ] updating countdown to 16525
[23:46:57.143] [SEVERE ] setting player 1 freeze to -3000
[23:46:57.246] [SEVERE ] updating countdown to 16422
[23:46:57.354] [SEVERE ] updating countdown to 16314
[23:46:57.463] [SEVERE ] updating countdown to 16205
[23:46:57.538] [SEVERE ] key 65 was pressed by player 1
[23:46:57.539] [SEVERE ] removing player 1 token from slot 4
[23:46:57.571] [SEVERE ] updating countdown to 16097
[23:46:57.680] [SEVERE ] updating countdown to 15988
[23:46:57.789] [SEVERE ] updating countdown to 15879
[23:46:57.901] [SEVERE ] updating countdown to 15767
[23:46:57.965] [SEVERE ] key 65 was pressed by player 1
[23:46:57.965] [SEVERE ] player 1 placing token on slot 4
[23:46:57.965] [SEVERE ] updating countdown to 15703
[23:46:57.966] [SEVERE ] setting player 1 freeze to -3000
[23:46:58.072] [SEVERE ] updating countdown to 15596
[23:46:58.181] [SEVERE ] updating countdown to 15487
[23:46:58.243] [SEVERE ] key 65 was pressed by player 1
[23:46:58.244] [SEVERE ] removing player 1 token from slot 4
[23:46:58.291] [SEVERE ] updating countdown to 15377
[23:46:58.400] [SEVERE ] updating countdown to 15268
[23:46:58.491] [SEVERE ] key 65 was pressed by player 1
[23:46:58.492] [SEVERE ] player 1 placing token on slot 4
[23:46:58.492] [SEVERE ] updating countdown to 15176
[23:46:58.492] [SEVERE ] setting player 1 freeze to -3000
[23:46:58.602] [SEVERE ] updating countdown to 15066
[23:46:58.711] [SEVERE ] updating countdown to 14957
[23:46:58.811] [SEVERE ] key 65 was pressed by player 1
[23:46:58.812] [SEVERE ] removing player 1 token from slot 4
[23:46:58.820] [SEVERE ] updating countdown to 14848
[23:46:58.929] [SEVERE ] updating countdown to 14739
[23:46:59.039] [SEVERE ] updating countdown to 14629
[23:46:59.148] [SEVERE ] updating countdown to 14520
[23:46:59.163] [SEVERE ] key 83 was pressed by player 1
[23:46:59.163] [SEVERE ] removing player 1 token from slot 5
[23:46:59.259] [SEVERE ] updating countdown to 14409
[23:46:59.367] [SEVERE ] updating countdown to 14301
[23:46:59.476] [SEVERE ] updating countdown to 14192
[23:46:59.484] [SEVERE ] key 83 was pressed by player 1
[23:46:59.484] [SEVERE ] player 1 placing token on slot 5
[23:46:59.585] [SEVERE ] updating countdown to 14083
[23:46:59.693] [SEVERE ] updating countdown to 13975
[23:46:59.802] [SEVERE ] updating countdown to 13866
[23:46:59.913] [SEVERE ] updating countdown to 13755
[23:47:00.019] [SEVERE ] key 83 was pressed by player 1
[23:47:00.020] [SEVERE ] removing player 1 token from slot 5
[23:47:00.022] [SEVERE ] updating countdown to 13646
[23:47:00.130] [SEVERE ] updating countdown to 13538
[23:47:00.238] [SEVERE ] updating countdown to 13430
[23:47:00.347] [SEVERE ] updating countdown to 13321
[23:47:00.456] [SEVERE ] updating countdown to 13212
[23:47:00.523] [SEVERE ] key 73 was pressed by player 2
[23:47:00.523] [SEVERE ] player 2 placing token on slot 1
[23:47:00.523] [SEVERE ] updating countdown to 13145
[23:47:00.524] [SEVERE ] setting player 2 freeze to -3000
[23:47:00.627] [SEVERE ] updating countdown to 13041
[23:47:00.737] [SEVERE ] updating countdown to 12931
[23:47:00.846] [SEVERE ] updating countdown to 12822
[23:47:00.954] [SEVERE ] updating countdown to 12714
[23:47:00.962] [SEVERE ] key 73 was pressed by player 2
[23:47:00.962] [SEVERE ] removing player 2 token from slot 1
[23:47:01.063] [SEVERE ] updating countdown to 12605
[23:47:01.173] [SEVERE ] updating countdown to 12495
[23:47:01.282] [SEVERE ] updating countdown to 12386
[23:47:01.392] [SEVERE ] updating countdown to 12276
[23:47:01.403] [SEVERE ] key 75 was pressed by player 2
[23:47:01.403] [SEVERE ] removing player 2 token from slot 5
[23:47:01.499] [SEVERE ] updating countdown to 12169
[23:47:01.607] [SEVERE ] updating countdown to 12061
[23:47:01.619] [SEVERE ] key 83 was pressed by player 1
[23:47:01.620] [SEVERE ] player 1 placing token on slot 5
[23:47:01.717] [SEVERE ] updating countdown to 11951
[23:47:01.764] [SEVERE ] key 75 was pressed by player 2
[23:47:01.764] [SEVERE ] player 2 placing token on slot 5
[23:47:01.826] [SEVERE ] updating countdown to 11842
[23:47:01.930] [SEVERE ] key 83 was pressed by player 1
[23:47:01.930] [SEVERE ] removing player 1 token from slot 5
[23:47:01.934] [SEVERE ] updating countdown to 11734
[23:47:02.042] [SEVERE ] updating countdown to 11626
[23:47:02.151] [SEVERE ] updating countdown to 11517
[23:47:02.156] [SEVERE ] key 75 was pressed by player 2
[23:47:02.156] [SEVERE ] removing player 2 token from slot 5
[23:47:02.261] [SEVERE ] updating countdown to 11407
[23:47:02.339] [SEVERE ] key 83 was pressed by player 1
[23:47:02.340] [SEVERE ] player 1 placing token on slot 5
[23:47:02.371] [SEVERE ] updating countdown to 11297
[23:47:02.480] [SEVERE ] updating countdown to 11188
[23:47:02.588] [SEVERE ] updating countdown to 11080
[23:47:02.698] [SEVERE ] updating countdown to 10970
[23:47:02.715] [SEVERE ] key 75 was pressed by player 2
[23:47:02.715] [SEVERE ] player 2 placing token on slot 5
[23:47:02.807] [SEVERE ] updating countdown to 10861
[23:47:02.815] [SEVERE ] key 65 was pressed by player 1
[23:47:02.815] [SEVERE ] player 1 placing token on slot 4
[23:47:02.816] [SEVERE ] updating countdown to 10852
[23:47:02.816] [SEVERE ] setting player 1 freeze to -3000
[23:47:02.917] [SEVERE ] updating countdown to 10751
[23:47:03.025] [SEVERE ] updating countdown to 10643
[23:47:03.133] [SEVERE ] updating countdown to 10535
[23:47:03.196] [SEVERE ] key 65 was pressed by player 1
[23:47:03.196] [SEVERE ] removing player 1 token from slot 4
[23:47:03.244] [SEVERE ] updating countdown to 10424
[23:47:03.354] [SEVERE ] updating countdown to 10314
[23:47:03.463] [SEVERE ] updating countdown to 10205
[23:47:03.500] [SEVERE ] key 65 was pressed by player 1
[23:47:03.500] [SEVERE ] player 1 placing token on slot 4
[23:47:03.500] [SEVERE ] updating countdown to 10168
[23:47:03.501] [SEVERE ] setting player 1 freeze to -3000
[23:47:03.604] [SEVERE ] updating countdown to 10064
[23:47:03.713] [SEVERE ] updating countdown to 9955
[23:47:03.765] [SEVERE ] key 65 was pressed by player 1
[23:47:03.765] [SEVERE ] removing player 1 token from slot 4
[23:47:03.823] [SEVERE ] updating countdown to 9845
[23:47:03.931] [SEVERE ] updating countdown to 9737
[23:47:03.965] [SEVERE ] key 65 was pressed by player 1
[23:47:03.965] [SEVERE ] player 1 placing token on slot 4
[23:47:03.965] [SEVERE ] updating countdown to 9703
[23:47:03.966] [SEVERE ] setting player 1 freeze to -3000
[23:47:04.071] [SEVERE ] updating countdown to 9597
[23:47:04.179] [SEVERE ] updating countdown to 9489
[23:47:04.287] [SEVERE ] updating countdown to 9381
[23:47:04.396] [SEVERE ] updating countdown to 9272
[23:47:04.505] [SEVERE ] updating countdown to 9163
[23:47:04.614] [SEVERE ] updating countdown to 9054
[23:47:04.723] [SEVERE ] updating countdown to 8945
[23:47:04.830] [SEVERE ] updating countdown to 8838
[23:47:04.939] [SEVERE ] updating countdown to 8729
[23:47:05.046] [SEVERE ] updating countdown to 8622
[23:47:05.156] [SEVERE ] updating countdown to 8512
[23:47:05.264] [SEVERE ] updating countdown to 8404
[23:47:05.373] [SEVERE ] updating countdown to 8295
[23:47:05.482] [SEVERE ] updating countdown to 8186
[23:47:05.591] [SEVERE ] updating countdown to 8077
[23:47:05.701] [SEVERE ] updating countdown to 7967
[23:47:05.810] [SEVERE ] updating countdown to 7858
[23:47:05.920] [SEVERE ] updating countdown to 7748
[23:47:06.029] [SEVERE ] updating countdown to 7639
[23:47:06.137] [SEVERE ] updating countdown to 7531
[23:47:06.248] [SEVERE ] updating countdown to 7420
[23:47:06.355] [SEVERE ] updating countdown to 7313
[23:47:06.466] [SEVERE ] updating countdown to 7202
[23:47:06.573] [SEVERE ] updating countdown to 7095
[23:47:06.683] [SEVERE ] updating countdown to 6985
[23:47:06.791] [SEVERE ] updating countdown to 6877
[23:47:06.899] [SEVERE ] updating countdown to 6769
[23:47:07.006] [SEVERE ] updating countdown to 6662
[23:47:07.114] [SEVERE ] updating countdown to 6554
[23:47:07.224] [SEVERE ] updating countdown to 6444
[23:47:07.334] [SEVERE ] updating countdown to 6334
[23:47:07.443] [SEVERE ] updating countdown to 6225
[23:47:07.552] [SEVERE ] updating countdown to 6116
[23:47:07.660] [SEVERE ] updating countdown to 6008
[23:47:07.768] [SEVERE ] updating countdown to 5900
[23:47:07.879] [SEVERE ] updating countdown to 5789
[23:47:07.987] [SEVERE ] updating countdown to 5681
[23:47:08.095] [SEVERE ] updating countdown to 5573
[23:47:08.204] [SEVERE ] updating countdown to 5464
[23:47:08.314] [SEVERE ] updating countdown to 5354
[23:47:08.422] [SEVERE ] updating countdown to 5246
[23:47:08.531] [SEVERE ] updating countdown to 5137
[23:47:08.638] [SEVERE ] updating countdown to 5030
[23:47:13.762] [SEVERE ] updating countdown to 0
[23:47:13.762] [SEVERE ] updating countdown to 0
[23:47:13.871] [SEVERE ] removing tokens from slot 7
[23:47:13.871] [SEVERE ] removing card from slot 7
[23:47:13.980] [SEVERE ] removing tokens from slot 3
[23:47:13.980] [SEVERE ] removing card from slot 3
[23:47:14.088] [SEVERE ] removing tokens from slot 8
[23:47:14.088] [SEVERE ] removing card from slot 8
[23:47:14.198] [SEVERE ] removing tokens from slot 1
[23:47:14.198] [SEVERE ] removing card from slot 1
[23:47:14.308] [SEVERE ] removing tokens from slot 4
[23:47:14.308] [SEVERE ] removing card from slot 4
[23:47:14.416] [SEVERE ] removing tokens from slot 10
[23:47:14.416] [SEVERE ] removing card from slot 10
[23:47:14.525] [SEVERE ] removing tokens from slot 2
[23:47:14.525] [SEVERE ] removing card from slot 2
[23:47:14.635] [SEVERE ] removing tokens from slot 0
[23:47:14.636] [SEVERE ] removing card from slot 0
[23:47:14.743] [SEVERE ] removing tokens from slot 11
[23:47:14.743] [SEVERE ] removing card from slot 11
[23:47:14.853] [SEVERE ] removing tokens from slot 6
[23:47:14.853] [SEVERE ] removing card from slot 6
[23:47:14.962] [SEVERE ] removing tokens from slot 9
[23:47:14.962] [SEVERE ] removing card from slot 9
[23:47:15.072] [SEVERE ] removing tokens from slot 5
[23:47:15.072] [SEVERE ] removing card from slot 5
[23:47:15.181] [SEVERE ] placing card 78 in slot 5
[23:47:15.292] [SEVERE ] placing card 44 in slot 1
[23:47:15.401] [SEVERE ] placing card 76 in slot 2
[23:47:15.511] [SEVERE ] placing card 58 in slot 8
[23:47:15.621] [SEVERE ] placing card 10 in slot 7
[23:47:15.730] [SEVERE ] placing card 50 in slot 6
[23:47:15.839] [SEVERE ] placing card 45 in slot 10
[23:47:15.948] [SEVERE ] placing card 57 in slot 4
[23:47:16.057] [SEVERE ] placing card 34 in slot 3
[23:47:16.166] [SEVERE ] placing card 75 in slot 11
[23:47:16.274] [SEVERE ] placing card 42 in slot 0
[23:47:16.382] [SEVERE ] placing card 2 in slot 9
[23:47:16.382] [SEVERE ] updating countdown to 60000
[23:47:16.492] [SEVERE ] updating countdown to 59890
[23:47:16.600] [SEVERE ] updating countdown to 59782
[23:47:16.709] [SEVERE ] updating countdown to 59673
[23:47:16.819] [SEVERE ] updating countdown to 59563
[23:47:16.928] [SEVERE ] updating countdown to 59454
[23:47:17.038] [SEVERE ] updating countdown to 59344
[23:47:17.148] [SEVERE ] updating countdown to 59234
[23:47:17.256] [SEVERE ] updating countdown to 59126
[23:47:17.367] [SEVERE ] updating countdown to 59015
[23:47:17.477] [SEVERE ] updating countdown to 58905
[23:47:17.586] [SEVERE ] updating countdown to 58796
[23:47:17.695] [SEVERE ] updating countdown to 58687
[23:47:17.806] [SEVERE ] updating countdown to 58576
[23:47:17.915] [SEVERE ] updating countdown to 58467
[23:47:18.025] [SEVERE ] updating countdown to 58357
[23:47:18.134] [SEVERE ] updating countdown to 58248
[23:47:18.243] [SEVERE ] updating countdown to 58139
[23:47:18.353] [SEVERE ] updating countdown to 58029
[23:47:18.461] [SEVERE ] updating countdown to 57921
[23:47:18.570] [SEVERE ] updating countdown to 57812
[23:47:18.679] [SEVERE ] updating countdown to 57703
[23:47:18.789] [SEVERE ] updating countdown to 57593
[23:47:18.897] [SEVERE ] updating countdown to 57485
[23:47:19.006] [SEVERE ] updating countdown to 57376
[23:47:19.113] [SEVERE ] updating countdown to 57269
[23:47:19.222] [SEVERE ] updating countdown to 57160
[23:47:19.332] [SEVERE ] updating countdown to 57050
[23:47:19.442] [SEVERE ] updating countdown to 56940
[23:47:19.550] [SEVERE ] updating countdown to 56832
[23:47:19.659] [SEVERE ] updating countdown to 56723
[23:47:19.769] [SEVERE ] updating countdown to 56613
[23:47:19.879] [SEVERE ] updating countdown to 56503
[23:47:19.989] [SEVERE ] updating countdown to 56393
[23:47:20.097] [SEVERE ] updating countdown to 56285
[23:47:20.206] [SEVERE ] updating countdown to 56176
[23:47:20.316] [SEVERE ] updating countdown to 56066
[23:47:20.424] [SEVERE ] updating countdown to 55958
[23:47:20.532] [SEVERE ] updating countdown to 55850
[23:47:20.640] [SEVERE ] updating countdown to 55742
[23:47:20.750] [SEVERE ] updating countdown to 55632
[23:47:20.858] [SEVERE ] updating countdown to 55524
[23:47:20.967] [SEVERE ] updating countdown to 55415
[23:47:21.076] [SEVERE ] updating countdown to 55306
[23:47:21.185] [SEVERE ] updating countdown to 55197
[23:47:21.295] [SEVERE ] updating countdown to 55087
[23:47:21.402] [SEVERE ] updating countdown to 54980
[23:47:21.511] [SEVERE ] updating countdown to 54871
[23:47:21.621] [SEVERE ] updating countdown to 54761
[23:47:21.731] [SEVERE ] updating countdown to 54651
[23:47:21.840] [SEVERE ] updating countdown to 54542
[23:47:21.949] [SEVERE ] updating countdown to 54433
[23:47:22.057] [SEVERE ] updating countdown to 54325
[23:47:22.166] [SEVERE ] updating countdown to 54216
[23:47:22.276] [SEVERE ] updating countdown to 54106
[23:47:22.385] [SEVERE ] updating countdown to 53997
[23:47:22.493] [SEVERE ] updating countdown to 53889
[23:47:22.601] [SEVERE ] updating countdown to 53781
[23:47:22.709] [SEVERE ] updating countdown to 53673
[23:47:22.818] [SEVERE ] updating countdown to 53564
[23:47:22.927] [SEVERE ] updating countdown to 53455
[23:47:23.036] [SEVERE ] updating countdown to 53346
[23:47:23.145] [SEVERE ] updating countdown to 53237
[23:47:23.254] [SEVERE ] updating countdown to 53128
[23:47:23.362] [SEVERE ] updating countdown to 53020
[23:47:23.474] [SEVERE ] updating countdown to 52908
[23:47:23.585] [SEVERE ] updating countdown to 52797
[23:47:23.692] [SEVERE ] updating countdown to 52690
[23:47:23.801] [SEVERE ] updating countdown to 52581
[23:47:23.882] [SEVERE ] key 81 was pressed by player 1
[23:47:23.883] [SEVERE ] player 1 placing token on slot 0
[23:47:23.909] [SEVERE ] updating countdown to 52473
[23:47:24.017] [SEVERE ] updating countdown to 52365
[23:47:24.126] [SEVERE ] updating countdown to 52256
[23:47:24.233] [SEVERE ] updating countdown to 52149
[23:47:24.343] [SEVERE ] updating countdown to 52039
[23:47:24.451] [SEVERE ] updating countdown to 51931
[23:47:24.545] [SEVERE ] key 87 was pressed by player 1
[23:47:24.546] [SEVERE ] player 1 placing token on slot 1
[23:47:24.560] [SEVERE ] updating countdown to 51822
[23:47:24.668] [SEVERE ] updating countdown to 51714
[23:47:24.778] [SEVERE ] updating countdown to 51604
[23:47:24.888] [SEVERE ] updating countdown to 51494
[23:47:24.997] [SEVERE ] updating countdown to 51385
[23:47:25.033] [SEVERE ] key 83 was pressed by player 1
[23:47:25.033] [SEVERE ] player 1 placing token on slot 5
[23:47:25.034] [SEVERE ] updating countdown to 51348
[23:47:25.034] [SEVERE ] setting player 1 freeze to -3000
[23:47:25.137] [SEVERE ] updating countdown to 51245
[23:47:25.246] [SEVERE ] updating countdown to 51136
[23:47:25.355] [SEVERE ] updating countdown to 51027
[23:47:25.463] [SEVERE ] updating countdown to 50919
[23:47:25.572] [SEVERE ] updating countdown to 50810
[23:47:25.682] [SEVERE ] updating countdown to 50700
[23:47:25.790] [SEVERE ] updating countdown to 50592
[23:47:25.897] [SEVERE ] updating countdown to 50485
[23:47:25.905] [SEVERE ] key 65 was pressed by player 1
[23:47:26.005] [SEVERE ] updating countdown to 50377
[23:47:26.114] [SEVERE ] updating countdown to 50268
[23:47:26.223] [SEVERE ] updating countdown to 50159
[23:47:26.333] [SEVERE ] updating countdown to 50049
[23:47:26.440] [SEVERE ] updating countdown to 49942
[23:47:26.548] [SEVERE ] updating countdown to 49834
[23:47:26.659] [SEVERE ] updating countdown to 49723
[23:47:26.769] [SEVERE ] updating countdown to 49613
[23:47:26.879] [SEVERE ] updating countdown to 49503
[23:47:26.990] [SEVERE ] updating countdown to 49392
[23:47:27.100] [SEVERE ] updating countdown to 49282
[23:47:27.209] [SEVERE ] updating countdown to 49173
[23:47:27.319] [SEVERE ] updating countdown to 49063
[23:47:27.429] [SEVERE ] updating countdown to 48953
[23:47:27.541] [SEVERE ] updating countdown to 48841
[23:47:27.592] [SEVERE ] key 65 was pressed by player 1
[23:47:27.650] [SEVERE ] updating countdown to 48732
[23:47:27.759] [SEVERE ] updating countdown to 48623
[23:47:27.868] [SEVERE ] updating countdown to 48514
[23:47:27.961] [SEVERE ] key 79 was pressed by player 2
[23:47:27.962] [SEVERE ] player 2 placing token on slot 2
[23:47:27.977] [SEVERE ] updating countdown to 48405
[23:47:27.985] [SEVERE ] key 73 was pressed by player 2
[23:47:27.985] [SEVERE ] player 2 placing token on slot 1
[23:47:28.088] [SEVERE ] updating countdown to 48294
[23:47:28.197] [SEVERE ] updating countdown to 48185
[23:47:28.305] [SEVERE ] updating countdown to 48077
[23:47:28.414] [SEVERE ] updating countdown to 47968
[23:47:28.523] [SEVERE ] updating countdown to 47859
[23:47:28.632] [SEVERE ] updating countdown to 47750
[23:47:28.739] [SEVERE ] updating countdown to 47643
[23:47:28.848] [SEVERE ] updating countdown to 47534
[23:47:28.955] [SEVERE ] updating countdown to 47427
[23:47:29.010] [SEVERE ] key 79 was pressed by player 2
[23:47:29.010] [SEVERE ] removing player 2 token from slot 2
[23:47:29.064] [SEVERE ] updating countdown to 47318
[23:47:29.174] [SEVERE ] updating countdown to 47208
[23:47:29.282] [SEVERE ] updating countdown to 47100
[23:47:29.391] [SEVERE ] updating countdown to 46991
[23:47:29.451] [SEVERE ] key 76 was pressed by player 2
[23:47:29.451] [SEVERE ] player 2 placing token on slot 6
[23:47:29.501] [SEVERE ] updating countdown to 46881
[23:47:29.611] [SEVERE ] updating countdown to 46771
[23:47:29.721] [SEVERE ] updating countdown to 46661
[23:47:29.831] [SEVERE ] updating countdown to 46551
[23:47:29.898] [SEVERE ] key 44 was pressed by player 2
[23:47:29.898] [SEVERE ] player 2 placing token on slot 9
[23:47:29.898] [SEVERE ] updating countdown to 46484
[23:47:29.899] [SEVERE ] setting player 2 freeze to -3000
[23:47:30.001] [SEVERE ] updating countdown to 46381
[23:47:30.111] [SEVERE ] updating countdown to 46271
[23:47:30.194] [SEVERE ] key 46 was pressed by player 2
[23:47:30.220] [SEVERE ] updating countdown to 46162
[23:47:30.328] [SEVERE ] updating countdown to 46054
[23:47:30.436] [SEVERE ] updating countdown to 45946
[23:47:30.544] [SEVERE ] updating countdown to 45838
[23:47:30.618] [SEVERE ] key 47 was pressed by player 2
[23:47:30.652] [SEVERE ] updating countdown to 45730
[23:47:30.761] [SEVERE ] updating countdown to 45621
[23:47:30.869] [SEVERE ] updating countdown to 45513
[23:47:30.979] [SEVERE ] updating countdown to 45403
[23:47:31.087] [SEVERE ] updating countdown to 45295
[23:47:31.196] [SEVERE ] updating countdown to 45186
[23:47:31.306] [SEVERE ] updating countdown to 45076
[23:47:31.393] [SEVERE ] key 44 was pressed by player 2
[23:47:31.393] [SEVERE ] removing player 2 token from slot 9
[23:47:31.415] [SEVERE ] updating countdown to 44967
[23:47:31.450] [SEVERE ] key 76 was pressed by player 2
[23:47:31.451] [SEVERE ] removing player 2 token from slot 6
[23:47:31.522] [SEVERE ] updating countdown to 44860
[23:47:31.633] [SEVERE ] updating countdown to 44749
[23:47:31.738] [SEVERE ] updating countdown to 44644
[23:47:31.847] [SEVERE ] updating countdown to 44535
[23:47:31.892] [SEVERE ] key 76 was pressed by player 2
[23:47:31.892] [SEVERE ] player 2 placing token on slot 6
[23:47:31.955] [SEVERE ] updating countdown to 44427
[23:47:32.066] [SEVERE ] updating countdown to 44316
[23:47:32.091] [SEVERE ] key 59 was pressed by player 2
[23:47:32.091] [SEVERE ] player 2 placing token on slot 7
[23:47:32.091] [SEVERE ] updating countdown to 44291
[23:47:32.091] [SEVERE ] setting player 2 freeze to -3000
[23:47:32.205] [SEVERE ] updating countdown to 44177
[23:47:32.314] [SEVERE ] updating countdown to 44068
[23:47:32.424] [SEVERE ] updating countdown to 43958
[23:47:32.443] [SEVERE ] key 76 was pressed by player 2
[23:47:32.443] [SEVERE ] removing player 2 token from slot 6
[23:47:32.532] [SEVERE ] updating countdown to 43850
[23:47:32.641] [SEVERE ] updating countdown to 43741
[23:47:32.646] [SEVERE ] key 80 was pressed by player 2
[23:47:32.646] [SEVERE ] player 2 placing token on slot 3
[23:47:32.647] [SEVERE ] updating countdown to 43735
[23:47:32.647] [SEVERE ] setting player 2 freeze to -3000
[23:47:32.750] [SEVERE ] updating countdown to 43632
[23:47:32.859] [SEVERE ] updating countdown to 43523
[23:47:32.967] [SEVERE ] updating countdown to 43415
[23:47:33.020] [SEVERE ] key 79 was pressed by player 2
[23:47:33.076] [SEVERE ] updating countdown to 43306
[23:47:33.186] [SEVERE ] updating countdown to 43196
[23:47:33.294] [SEVERE ] updating countdown to 43088
[23:47:33.404] [SEVERE ] updating countdown to 42978
[23:47:33.512] [SEVERE ] updating countdown to 42870
[23:47:33.623] [SEVERE ] updating countdown to 42759
[23:47:33.730] [SEVERE ] updating countdown to 42652
[23:47:33.840] [SEVERE ] updating countdown to 42542
[23:47:33.950] [SEVERE ] updating countdown to 42432
[23:47:34.059] [SEVERE ] updating countdown to 42323
[23:47:34.169] [SEVERE ] updating countdown to 42213
[23:47:34.274] [SEVERE ] updating countdown to 42108
[23:47:34.382] [SEVERE ] updating countdown to 42000
[23:47:34.492] [SEVERE ] updating countdown to 41890
[23:47:34.601] [SEVERE ] updating countdown to 41781
[23:47:34.710] [SEVERE ] updating countdown to 41672
[23:47:34.818] [SEVERE ] updating countdown to 41564
[23:47:34.929] [SEVERE ] updating countdown to 41453
[23:47:35.037] [SEVERE ] updating countdown to 41345
[23:47:35.146] [SEVERE ] updating countdown to 41236
[23:47:35.255] [SEVERE ] updating countdown to 41127
[23:47:35.364] [SEVERE ] updating countdown to 41018
[23:47:35.473] [SEVERE ] updating countdown to 40909
[23:47:35.584] [SEVERE ] updating countdown to 40798
[23:47:35.692] [SEVERE ] updating countdown to 40690
[23:47:35.800] [SEVERE ] updating countdown to 40582
[23:47:35.909] [SEVERE ] updating countdown to 40473
[23:47:36.018] [SEVERE ] updating countdown to 40364
[23:47:36.126] [SEVERE ] updating countdown to 40256
[23:47:36.236] [SEVERE ] updating countdown to 40146
[23:47:36.343] [SEVERE ] updating countdown to 40039
[23:47:36.453] [SEVERE ] updating countdown to 39929
[23:47:36.560] [SEVERE ] updating countdown to 39822
[23:47:36.669] [SEVERE ] updating countdown to 39713
[23:47:36.776] [SEVERE ] updating countdown to 39606
[23:47:36.885] [SEVERE ] updating countdown to 39497
[23:47:36.993] [SEVERE ] updating countdown to 39389
[23:47:37.101] [SEVERE ] updating countdown to 39281
[23:47:37.211] [SEVERE ] updating countdown to 39171
[23:47:37.321] [SEVERE ] updating countdown to 39061
[23:47:37.428] [SEVERE ] updating countdown to 38954
[23:47:37.539] [SEVERE ] updating countdown to 38843
[23:47:37.649] [SEVERE ] updating countdown to 38733
[23:47:37.757] [SEVERE ] updating countdown to 38625
[23:47:37.865] [SEVERE ] updating countdown to 38517
[23:47:37.975] [SEVERE ] updating countdown to 38407
[23:47:38.084] [SEVERE ] updating countdown to 38298
[23:47:38.192] [SEVERE ] updating countdown to 38190
[23:47:38.301] [SEVERE ] updating countdown to 38081
[23:47:38.409] [SEVERE ] updating countdown to 37973
[23:47:38.520] [SEVERE ] updating countdown to 37862
[23:47:38.630] [SEVERE ] updating countdown to 37752
[23:47:38.739] [SEVERE ] updating countdown to 37643
[23:47:38.848] [SEVERE ] updating countdown to 37534
[23:47:38.956] [SEVERE ] updating countdown to 37426
[23:47:39.065] [SEVERE ] updating countdown to 37317
[23:47:39.173] [SEVERE ] updating countdown to 37209
[23:47:39.281] [SEVERE ] updating countdown to 37101
[23:47:39.390] [SEVERE ] updating countdown to 36992
[23:47:39.497] [SEVERE ] updating countdown to 36885
[23:47:39.606] [SEVERE ] updating countdown to 36776
[23:47:39.715] [SEVERE ] updating countdown to 36667
[23:47:39.822] [SEVERE ] updating countdown to 36560
[23:47:39.931] [SEVERE ] updating countdown to 36451
[23:47:40.040] [SEVERE ] updating countdown to 36342
[23:47:40.150] [SEVERE ] updating countdown to 36232
[23:47:40.258] [SEVERE ] updating countdown to 36124
[23:47:40.365] [SEVERE ] updating countdown to 36017
[23:47:40.474] [SEVERE ] updating countdown to 35908
[23:47:40.582] [SEVERE ] updating countdown to 35800
[23:47:40.691] [SEVERE ] updating countdown to 35691
[23:47:40.800] [SEVERE ] updating countdown to 35582
[23:47:40.910] [SEVERE ] updating countdown to 35472
[23:47:41.020] [SEVERE ] updating countdown to 35362
[23:47:41.129] [SEVERE ] updating countdown to 35253
[23:47:41.238] [SEVERE ] updating countdown to 35144
[23:47:41.346] [SEVERE ] updating countdown to 35036
[23:47:41.456] [SEVERE ] updating countdown to 34926
[23:47:41.565] [SEVERE ] updating countdown to 34817
[23:47:41.674] [SEVERE ] updating countdown to 34708
[23:47:41.784] [SEVERE ] updating countdown to 34598
[23:47:41.892] [SEVERE ] updating countdown to 34490
[23:47:42.001] [SEVERE ] updating countdown to 34381
[23:47:42.111] [SEVERE ] updating countdown to 34271
[23:47:42.220] [SEVERE ] updating countdown to 34162
[23:47:42.328] [SEVERE ] updating countdown to 34054
[23:47:42.437] [SEVERE ] updating countdown to 33945
[23:47:42.545] [SEVERE ] updating countdown to 33837
[23:47:42.655] [SEVERE ] updating countdown to 33727
[23:47:42.763] [SEVERE ] updating countdown to 33619
[23:47:42.872] [SEVERE ] updating countdown to 33510
[23:47:42.982] [SEVERE ] updating countdown to 33400
[23:47:43.091] [SEVERE ] updating countdown to 33291
[23:47:43.201] [SEVERE ] updating countdown to 33181
[23:47:43.310] [SEVERE ] updating countdown to 33072
[23:47:43.419] [SEVERE ] updating countdown to 32963
[23:47:43.528] [SEVERE ] updating countdown to 32854
[23:47:43.636] [SEVERE ] updating countdown to 32746
[23:47:43.746] [SEVERE ] updating countdown to 32636
[23:47:43.856] [SEVERE ] updating countdown to 32526
[23:47:43.964] [SEVERE ] updating countdown to 32418
[23:47:44.071] [SEVERE ] updating countdown to 32311
[23:47:44.180] [SEVERE ] updating countdown to 32202
[23:47:44.290] [SEVERE ] updating countdown to 32092
[23:47:44.398] [SEVERE ] updating countdown to 31984
[23:47:44.506] [SEVERE ] updating countdown to 31876
[23:47:44.616] [SEVERE ] updating countdown to 31766
[23:47:44.726] [SEVERE ] updating countdown to 31656
[23:47:44.833] [SEVERE ] updating countdown to 31549
[23:47:44.942] [SEVERE ] updating countdown to 31440
[23:47:45.052] [SEVERE ] updating countdown to 31330
[23:47:45.162] [SEVERE ] updating countdown to 31220
[23:47:45.270] [SEVERE ] updating countdown to 31112
[23:47:45.378] [SEVERE ] updating countdown to 31004
[23:47:45.484] [SEVERE ] updating countdown to 30898
[23:47:45.593] [SEVERE ] updating countdown to 30789
[23:47:45.702] [SEVERE ] updating countdown to 30680
[23:47:45.812] [SEVERE ] updating countdown to 30570
[23:47:45.920] [SEVERE ] updating countdown to 30462
[23:47:46.029] [SEVERE ] updating countdown to 30353
[23:47:46.138] [SEVERE ] updating countdown to 30244
[23:47:46.247] [SEVERE ] updating countdown to 30135
[23:47:46.356] [SEVERE ] updating countdown to 30026
[23:47:46.466] [SEVERE ] updating countdown to 29916
[23:47:46.576] [SEVERE ] updating countdown to 29806
[23:47:46.686] [SEVERE ] updating countdown to 29696
[23:47:46.794] [SEVERE ] updating countdown to 29588
[23:47:46.904] [SEVERE ] updating countdown to 29478
[23:47:47.012] [SEVERE ] updating countdown to 29370
[23:47:47.122] [SEVERE ] updating countdown to 29260
[23:47:47.233] [SEVERE ] updating countdown to 29149
[23:47:47.341] [SEVERE ] updating countdown to 29041
[23:47:47.449] [SEVERE ] updating countdown to 28933
[23:47:47.559] [SEVERE ] updating countdown to 28823
[23:47:47.668] [SEVERE ] updating countdown to 28714
[23:47:47.778] [SEVERE ] updating countdown to 28604
[23:47:47.886] [SEVERE ] updating countdown to 28496
[23:47:47.995] [SEVERE ] updating countdown to 28387
[23:47:48.105] [SEVERE ] updating countdown to 28277
[23:47:48.212] [SEVERE ] updating countdown to 28170
[23:47:48.321] [SEVERE ] updating countdown to 28061
[23:47:48.430] [SEVERE ] updating countdown to 27952
[23:47:48.539] [SEVERE ] updating countdown to 27843
[23:47:48.649] [SEVERE ] updating countdown to 27733
[23:47:48.759] [SEVERE ] updating countdown to 27623
[23:47:48.867] [SEVERE ] updating countdown to 27515
[23:47:48.975] [SEVERE ] updating countdown to 27407
[23:47:49.084] [SEVERE ] updating countdown to 27298
[23:47:49.193] [SEVERE ] updating countdown to 27189
[23:47:49.303] [SEVERE ] updating countdown to 27079
[23:47:49.412] [SEVERE ] updating countdown to 26970
[23:47:49.522] [SEVERE ] updating countdown to 26860
[23:47:49.631] [SEVERE ] updating countdown to 26751
[23:47:49.739] [SEVERE ] updating countdown to 26643
[23:47:49.848] [SEVERE ] updating countdown to 26534
[23:47:49.959] [SEVERE ] updating countdown to 26423
[23:47:50.069] [SEVERE ] updating countdown to 26313
[23:47:50.177] [SEVERE ] updating countdown to 26205
[23:47:50.287] [SEVERE ] updating countdown to 26095
[23:47:50.396] [SEVERE ] updating countdown to 25986
[23:47:50.505] [SEVERE ] updating countdown to 25877
[23:47:50.614] [SEVERE ] updating countdown to 25768
[23:47:50.722] [SEVERE ] updating countdown to 25660
[23:47:50.831] [SEVERE ] updating countdown to 25551
[23:47:50.940] [SEVERE ] updating countdown to 25442
[23:47:51.050] [SEVERE ] updating countdown to 25332
[23:47:51.159] [SEVERE ] updating countdown to 25223
[23:47:51.268] [SEVERE ] updating countdown to 25114
[23:47:51.378] [SEVERE ] updating countdown to 25004
[23:47:51.486] [SEVERE ] updating countdown to 24896
[23:47:51.594] [SEVERE ] updating countdown to 24788
[23:47:51.703] [SEVERE ] updating countdown to 24679
[23:47:51.811] [SEVERE ] updating countdown to 24571
[23:47:51.919] [SEVERE ] updating countdown to 24463
[23:47:52.028] [SEVERE ] updating countdown to 24354
[23:47:52.138] [SEVERE ] updating countdown to 24244
[23:47:52.246] [SEVERE ] updating countdown to 24136
[23:47:52.355] [SEVERE ] updating countdown to 24027
[23:47:52.466] [SEVERE ] updating countdown to 23916
[23:47:52.574] [SEVERE ] updating countdown to 23808
[23:47:52.683] [SEVERE ] updating countdown to 23699
[23:47:52.792] [SEVERE ] updating countdown to 23590
[23:47:52.900] [SEVERE ] updating countdown to 23482
[23:47:53.010] [SEVERE ] updating countdown to 23372
[23:47:53.120] [SEVERE ] updating countdown to 23262
[23:47:53.230] [SEVERE ] updating countdown to 23152
[23:47:53.338] [SEVERE ] updating countdown to 23044
[23:47:53.447] [SEVERE ] updating countdown to 22935
[23:47:53.556] [SEVERE ] updating countdown to 22826
[23:47:53.665] [SEVERE ] updating countdown to 22717
[23:47:53.773] [SEVERE ] updating countdown to 22609
[23:47:53.883] [SEVERE ] updating countdown to 22499
[23:47:53.992] [SEVERE ] updating countdown to 22390
[23:47:54.098] [SEVERE ] updating countdown to 22284
[23:47:54.206] [SEVERE ] updating countdown to 22176
[23:47:54.313] [SEVERE ] updating countdown to 22069
[23:47:54.421] [SEVERE ] updating countdown to 21961
[23:47:54.531] [SEVERE ] updating countdown to 21851
[23:47:54.640] [SEVERE ] updating countdown to 21742
[23:47:54.748] [SEVERE ] updating countdown to 21634
[23:47:54.857] [SEVERE ] updating countdown to 21525
[23:47:54.967] [SEVERE ] updating countdown to 21415
[23:47:55.075] [SEVERE ] updating countdown to 21307
[23:47:55.183] [SEVERE ] updating countdown to 21199
[23:47:55.292] [SEVERE ] updating countdown to 21090
[23:47:55.400] [SEVERE ] updating countdown to 20982
[23:47:55.511] [SEVERE ] updating countdown to 20871
[23:47:55.619] [SEVERE ] updating countdown to 20763
[23:47:55.727] [SEVERE ] updating countdown to 20655
[23:47:55.834] [SEVERE ] updating countdown to 20548
[23:47:55.942] [SEVERE ] updating countdown to 20440
[23:47:56.050] [SEVERE ] updating countdown to 20332
[23:47:56.158] [SEVERE ] updating countdown to 20224
[23:47:56.266] [SEVERE ] updating countdown to 20116
[23:47:56.374] [SEVERE ] updating countdown to 20008
[23:47:56.484] [SEVERE ] updating countdown to 19898
[23:47:56.594] [SEVERE ] updating countdown to 19788
[23:47:56.703] [SEVERE ] updating countdown to 19679
[23:47:56.811] [SEVERE ] updating countdown to 19571
[23:47:56.920] [SEVERE ] updating countdown to 19462
[23:47:57.029] [SEVERE ] updating countdown to 19353
[23:47:57.137] [SEVERE ] updating countdown to 19245
[23:47:57.247] [SEVERE ] updating countdown to 19135
[23:47:57.356] [SEVERE ] updating countdown to 19026
[23:47:57.466] [SEVERE ] updating countdown to 18916
[23:47:57.576] [SEVERE ] updating countdown to 18806
[23:47:57.683] [SEVERE ] updating countdown to 18699
[23:47:57.792] [SEVERE ] updating countdown to 18590
[23:47:57.903] [SEVERE ] updating countdown to 18479
[23:47:58.012] [SEVERE ] updating countdown to 18370
[23:47:58.122] [SEVERE ] updating countdown to 18260
[23:47:58.231] [SEVERE ] updating countdown to 18151
[23:47:58.340] [SEVERE ] updating countdown to 18042
[23:47:58.454] [SEVERE ] updating countdown to 17928
[23:47:58.562] [SEVERE ] updating countdown to 17820
[23:47:58.671] [SEVERE ] updating countdown to 17711
[23:47:58.783] [SEVERE ] updating countdown to 17599
[23:47:58.895] [SEVERE ] updating countdown to 17487
[23:47:59.006] [SEVERE ] updating countdown to 17376
[23:47:59.116] [SEVERE ] updating countdown to 17266
[23:47:59.223] [SEVERE ] updating countdown to 17159
[23:47:59.331] [SEVERE ] updating countdown to 17051
[23:47:59.440] [SEVERE ] updating countdown to 16942
[23:47:59.547] [SEVERE ] updating countdown to 16835
[23:47:59.657] [SEVERE ] updating countdown to 16725
[23:47:59.764] [SEVERE ] updating countdown to 16618
[23:47:59.872] [SEVERE ] updating countdown to 16510
[23:47:59.980] [SEVERE ] updating countdown to 16402
[23:48:00.088] [SEVERE ] updating countdown to 16294
[23:48:00.197] [SEVERE ] updating countdown to 16185
[23:48:00.304] [SEVERE ] updating countdown to 16078
[23:48:00.413] [SEVERE ] updating countdown to 15969
[23:48:00.523] [SEVERE ] updating countdown to 15859
[23:48:00.630] [SEVERE ] updating countdown to 15752
[23:48:00.740] [SEVERE ] updating countdown to 15642
[23:48:00.849] [SEVERE ] updating countdown to 15533
[23:48:00.957] [SEVERE ] updating countdown to 15425
[23:48:01.067] [SEVERE ] updating countdown to 15315
[23:48:01.175] [SEVERE ] updating countdown to 15207
[23:48:01.284] [SEVERE ] updating countdown to 15098
[23:48:01.394] [SEVERE ] updating countdown to 14988
[23:48:01.504] [SEVERE ] updating countdown to 14878
[23:48:01.613] [SEVERE ] updating countdown to 14769
[23:48:01.722] [SEVERE ] updating countdown to 14660
[23:48:01.831] [SEVERE ] updating countdown to 14551
[23:48:01.942] [SEVERE ] updating countdown to 14440
[23:48:02.054] [SEVERE ] updating countdown to 14328
[23:48:02.162] [SEVERE ] updating countdown to 14220
[23:48:02.271] [SEVERE ] updating countdown to 14111
[23:48:02.378] [SEVERE ] updating countdown to 14004
[23:48:02.491] [SEVERE ] updating countdown to 13891
[23:48:02.601] [SEVERE ] updating countdown to 13781
[23:48:02.708] [SEVERE ] updating countdown to 13674
[23:48:02.817] [SEVERE ] updating countdown to 13565
[23:48:02.929] [SEVERE ] updating countdown to 13453
[23:48:03.041] [SEVERE ] updating countdown to 13341
[23:48:03.153] [SEVERE ] updating countdown to 13229
[23:48:03.262] [SEVERE ] updating countdown to 13120
[23:48:03.372] [SEVERE ] updating countdown to 13010
[23:48:03.483] [SEVERE ] updating countdown to 12899
[23:48:03.592] [SEVERE ] updating countdown to 12790
[23:48:03.701] [SEVERE ] updating countdown to 12681
[23:48:03.811] [SEVERE ] updating countdown to 12571
[23:48:03.921] [SEVERE ] updating countdown to 12461
[23:48:04.031] [SEVERE ] updating countdown to 12351
[23:48:04.139] [SEVERE ] updating countdown to 12243
[23:48:04.248] [SEVERE ] updating countdown to 12134
[23:48:04.357] [SEVERE ] updating countdown to 12025
[23:48:04.469] [SEVERE ] updating countdown to 11913
[23:48:04.580] [SEVERE ] updating countdown to 11802
[23:48:04.693] [SEVERE ] updating countdown to 11689
[23:48:04.803] [SEVERE ] updating countdown to 11579
[23:48:04.914] [SEVERE ] updating countdown to 11468
[23:48:05.026] [SEVERE ] updating countdown to 11356
[23:48:05.137] [SEVERE ] updating countdown to 11245
[23:48:05.249] [SEVERE ] updating countdown to 11133
[23:48:05.360] [SEVERE ] updating countdown to 11022
[23:48:05.475] [SEVERE ] updating countdown to 10907
[23:48:05.586] [SEVERE ] updating countdown to 10796
[23:48:05.721] [SEVERE ] updating countdown to 10661
[23:48:05.829] [SEVERE ] updating countdown to 10553
[23:48:05.942] [SEVERE ] updating countdown to 10440
[23:48:06.227] [SEVERE ] updating countdown to 10155
[23:48:06.338] [SEVERE ] updating countdown to 10044
[23:48:06.445] [SEVERE ] updating countdown to 9937
[23:48:06.556] [SEVERE ] updating countdown to 9826
[23:48:06.660] [SEVERE ] updating countdown to 9722
[23:48:06.769] [SEVERE ] updating countdown to 9613
[23:48:06.878] [SEVERE ] updating countdown to 9504
[23:48:06.988] [SEVERE ] updating countdown to 9394
[23:48:07.097] [SEVERE ] updating countdown to 9285
[23:48:07.205] [SEVERE ] updating countdown to 9177
[23:48:07.336] [SEVERE ] updating countdown to 9046
[23:48:07.442] [SEVERE ] updating countdown to 8940
[23:48:07.550] [SEVERE ] updating countdown to 8832
[23:48:07.659] [SEVERE ] updating countdown to 8723
[23:48:07.766] [SEVERE ] updating countdown to 8616
[23:48:07.878] [SEVERE ] updating countdown to 8504
[23:48:07.988] [SEVERE ] updating countdown to 8394
[23:48:08.098] [SEVERE ] updating countdown to 8284
[23:48:08.205] [SEVERE ] updating countdown to 8177
[23:48:08.314] [SEVERE ] updating countdown to 8068
[23:48:08.421] [SEVERE ] updating countdown to 7961
[23:48:08.528] [SEVERE ] updating countdown to 7854
[23:48:08.636] [SEVERE ] updating countdown to 7746
[23:48:08.743] [SEVERE ] updating countdown to 7639
[23:48:08.852] [SEVERE ] updating countdown to 7530
[23:48:08.960] [SEVERE ] updating countdown to 7422
[23:48:09.068] [SEVERE ] updating countdown to 7314
[23:48:09.179] [SEVERE ] updating countdown to 7203
[23:48:09.288] [SEVERE ] updating countdown to 7094
[23:48:09.395] [SEVERE ] updating countdown to 6987
[23:48:09.506] [SEVERE ] updating countdown to 6876
[23:48:09.618] [SEVERE ] updating countdown to 6764
[23:48:09.728] [SEVERE ] updating countdown to 6654
[23:48:09.840] [SEVERE ] updating countdown to 6542
[23:48:09.950] [SEVERE ] updating countdown to 6432
[23:48:10.057] [SEVERE ] updating countdown to 6325
[23:48:10.165] [SEVERE ] updating countdown to 6217
[23:48:10.274] [SEVERE ] updating countdown to 6108
[23:48:10.382] [SEVERE ] updating countdown to 6000
[23:48:10.490] [SEVERE ] updating countdown to 5892
[23:48:10.599] [SEVERE ] updating countdown to 5783
[23:48:10.710] [SEVERE ] updating countdown to 5672
[23:48:10.822] [SEVERE ] updating countdown to 5560
[23:48:10.933] [SEVERE ] updating countdown to 5449
[23:48:11.044] [SEVERE ] updating countdown to 5338
[23:48:11.154] [SEVERE ] updating countdown to 5228
[23:48:11.260] [SEVERE ] updating countdown to 5122
[23:48:11.367] [SEVERE ] updating countdown to 5015
[23:48:16.405] [SEVERE ] updating countdown to 0
[23:48:16.406] [SEVERE ] updating countdown to 0
[23:48:16.512] [SEVERE ] removing tokens from slot 1
[23:48:16.513] [SEVERE ] removing card from slot 1
[23:48:16.622] [SEVERE ] removing tokens from slot 10
[23:48:16.622] [SEVERE ] removing card from slot 10
[23:48:16.733] [SEVERE ] removing tokens from slot 9
[23:48:16.734] [SEVERE ] removing card from slot 9
[23:48:16.845] [SEVERE ] removing tokens from slot 2
[23:48:16.845] [SEVERE ] removing card from slot 2
[23:48:16.956] [SEVERE ] removing tokens from slot 5
[23:48:16.956] [SEVERE ] removing card from slot 5
[23:48:17.065] [SEVERE ] removing tokens from slot 0
[23:48:17.066] [SEVERE ] removing card from slot 0
[23:48:17.175] [SEVERE ] removing tokens from slot 8
[23:48:17.175] [SEVERE ] removing card from slot 8
[23:48:17.285] [SEVERE ] removing tokens from slot 4
[23:48:17.285] [SEVERE ] removing card from slot 4
[23:48:17.393] [SEVERE ] removing tokens from slot 6
[23:48:17.393] [SEVERE ] removing card from slot 6
[23:48:17.501] [SEVERE ] removing tokens from slot 11
[23:48:17.501] [SEVERE ] removing card from slot 11
[23:48:17.611] [SEVERE ] removing tokens from slot 3
[23:48:17.611] [SEVERE ] removing card from slot 3
[23:48:17.723] [SEVERE ] removing tokens from slot 7
[23:48:17.723] [SEVERE ] removing card from slot 7
[23:48:17.835] [SEVERE ] placing card 21 in slot 1
[23:48:17.948] [SEVERE ] placing card 1 in slot 11
[23:48:18.057] [SEVERE ] placing card 18 in slot 9
[23:48:18.165] [SEVERE ] placing card 45 in slot 4
[23:48:18.273] [SEVERE ] placing card 36 in slot 10
[23:48:18.383] [SEVERE ] placing card 23 in slot 3
[23:48:18.491] [SEVERE ] placing card 19 in slot 7
[23:48:18.599] [SEVERE ] placing card 4 in slot 2
[23:48:18.708] [SEVERE ] placing card 70 in slot 8
[23:48:18.953] [SEVERE ] placing card 55 in slot 6
[23:48:19.065] [SEVERE ] placing card 27 in slot 0
[23:48:19.186] [SEVERE ] placing card 48 in slot 5
[23:48:19.186] [SEVERE ] updating countdown to 60000
[23:48:19.295] [SEVERE ] updating countdown to 59891
[23:48:19.406] [SEVERE ] updating countdown to 59780
[23:48:19.509] [SEVERE ] updating countdown to 59677
[23:48:19.661] [SEVERE ] updating countdown to 59525
[23:48:19.773] [SEVERE ] updating countdown to 59413
[23:48:19.880] [SEVERE ] updating countdown to 59306
[23:48:19.989] [SEVERE ] updating countdown to 59197
[23:48:20.101] [SEVERE ] updating countdown to 59085
[23:48:20.209] [SEVERE ] updating countdown to 58977
[23:48:20.315] [SEVERE ] updating countdown to 58871
[23:48:20.426] [SEVERE ] updating countdown to 58760
[23:48:20.538] [SEVERE ] updating countdown to 58648
[23:48:20.650] [SEVERE ] updating countdown to 58536
[23:48:20.759] [SEVERE ] updating countdown to 58427
[23:48:20.867] [SEVERE ] updating countdown to 58319
[23:48:20.976] [SEVERE ] updating countdown to 58210
[23:48:21.106] [SEVERE ] updating countdown to 58080
[23:48:21.252] [SEVERE ] updating countdown to 57934
[23:48:21.366] [SEVERE ] updating countdown to 57820
[23:48:21.476] [SEVERE ] updating countdown to 57710
[23:48:21.582] [SEVERE ] updating countdown to 57604
[23:48:21.690] [SEVERE ] updating countdown to 57496
[23:48:21.807] [SEVERE ] updating countdown to 57379
[23:48:21.920] [SEVERE ] updating countdown to 57266
[23:48:22.044] [SEVERE ] updating countdown to 57142
[23:48:22.155] [SEVERE ] updating countdown to 57031
[23:48:22.273] [SEVERE ] updating countdown to 56913
[23:48:22.386] [SEVERE ] updating countdown to 56800
[23:48:22.500] [SEVERE ] updating countdown to 56686
[23:48:22.630] [SEVERE ] updating countdown to 56556
[23:48:22.738] [SEVERE ] updating countdown to 56448
[23:48:22.847] [SEVERE ] updating countdown to 56339
[23:48:22.949] [SEVERE ] updating countdown to 56237
[23:48:23.059] [SEVERE ] updating countdown to 56127
[23:48:23.170] [SEVERE ] updating countdown to 56016
[23:48:23.283] [SEVERE ] updating countdown to 55903
[23:48:23.399] [SEVERE ] updating countdown to 55787
[23:48:23.507] [SEVERE ] updating countdown to 55679
[23:48:23.616] [SEVERE ] updating countdown to 55570
[23:48:23.727] [SEVERE ] updating countdown to 55459
[23:48:23.836] [SEVERE ] updating countdown to 55350
[23:48:23.945] [SEVERE ] updating countdown to 55241
[23:48:24.053] [SEVERE ] updating countdown to 55133
[23:48:24.163] [SEVERE ] updating countdown to 55023
[23:48:24.275] [SEVERE ] updating countdown to 54911
[23:48:24.378] [SEVERE ] updating countdown to 54808
[23:48:24.485] [SEVERE ] updating countdown to 54701
[23:48:24.595] [SEVERE ] updating countdown to 54591
[23:48:24.706] [SEVERE ] updating countdown to 54480
[23:48:24.815] [SEVERE ] updating countdown to 54371
[23:48:24.923] [SEVERE ] updating countdown to 54263
[23:48:25.032] [SEVERE ] updating countdown to 54154
[23:48:25.141] [SEVERE ] updating countdown to 54045
[23:48:25.250] [SEVERE ] updating countdown to 53936
[23:48:25.551] [SEVERE ] updating countdown to 53635
[23:48:25.667] [SEVERE ] updating countdown to 53519
[23:48:25.776] [SEVERE ] updating countdown to 53410
[23:48:25.887] [SEVERE ] updating countdown to 53299
[23:48:25.994] [SEVERE ] updating countdown to 53192
[23:48:26.103] [SEVERE ] updating countdown to 53083
[23:48:26.212] [SEVERE ] updating countdown to 52974
[23:48:26.319] [SEVERE ] updating countdown to 52867
[23:48:26.427] [SEVERE ] updating countdown to 52759
[23:48:26.536] [SEVERE ] updating countdown to 52650
[23:48:26.645] [SEVERE ] updating countdown to 52541
[23:48:26.756] [SEVERE ] updating countdown to 52430
[23:48:26.867] [SEVERE ] updating countdown to 52319
[23:48:26.979] [SEVERE ] updating countdown to 52207
[23:48:27.089] [SEVERE ] updating countdown to 52097
[23:48:27.198] [SEVERE ] updating countdown to 51988
[23:48:27.307] [SEVERE ] updating countdown to 51879
[23:48:27.418] [SEVERE ] updating countdown to 51768
[23:48:27.527] [SEVERE ] updating countdown to 51659
[23:48:27.635] [SEVERE ] updating countdown to 51551
[23:48:27.742] [SEVERE ] updating countdown to 51444
[23:48:27.850] [SEVERE ] updating countdown to 51336
[23:48:27.960] [SEVERE ] updating countdown to 51226
[23:48:28.069] [SEVERE ] updating countdown to 51117
[23:48:28.177] [SEVERE ] updating countdown to 51009
[23:48:28.285] [SEVERE ] updating countdown to 50901
[23:48:28.395] [SEVERE ] updating countdown to 50791
[23:48:28.504] [SEVERE ] updating countdown to 50682
[23:48:28.612] [SEVERE ] updating countdown to 50574
[23:48:28.720] [SEVERE ] updating countdown to 50466
[23:48:28.829] [SEVERE ] updating countdown to 50357
[23:48:28.939] [SEVERE ] updating countdown to 50247
[23:48:29.048] [SEVERE ] updating countdown to 50138
[23:48:29.156] [SEVERE ] updating countdown to 50030
[23:48:29.265] [SEVERE ] updating countdown to 49921
[23:48:29.375] [SEVERE ] updating countdown to 49811
[23:48:29.483] [SEVERE ] updating countdown to 49703
[23:48:29.594] [SEVERE ] updating countdown to 49592
[23:48:29.702] [SEVERE ] updating countdown to 49484
[23:48:29.810] [SEVERE ] updating countdown to 49376
[23:48:29.919] [SEVERE ] updating countdown to 49267
[23:48:30.028] [SEVERE ] updating countdown to 49158
[23:48:30.141] [SEVERE ] updating countdown to 49045
[23:48:30.254] [SEVERE ] updating countdown to 48932
[23:48:30.364] [SEVERE ] updating countdown to 48822
[23:48:30.473] [SEVERE ] updating countdown to 48713
[23:48:30.583] [SEVERE ] updating countdown to 48603
[23:48:30.691] [SEVERE ] updating countdown to 48495
[23:48:30.800] [SEVERE ] updating countdown to 48386
[23:48:30.909] [SEVERE ] updating countdown to 48277
[23:48:31.018] [SEVERE ] updating countdown to 48168
[23:48:31.126] [SEVERE ] updating countdown to 48060
[23:48:31.236] [SEVERE ] updating countdown to 47950
[23:48:31.346] [SEVERE ] updating countdown to 47840
[23:48:31.457] [SEVERE ] updating countdown to 47729
[23:48:31.566] [SEVERE ] updating countdown to 47620
[23:48:31.676] [SEVERE ] updating countdown to 47510
[23:48:31.785] [SEVERE ] updating countdown to 47401
[23:48:31.898] [SEVERE ] updating countdown to 47288
[23:48:32.008] [SEVERE ] updating countdown to 47178
[23:48:32.117] [SEVERE ] updating countdown to 47069
[23:48:32.226] [SEVERE ] updating countdown to 46960
[23:49:24.277] [SEVERE ] key 81 was pressed by player 1
[23:49:24.278] [SEVERE ] player 1 placing token on slot 0
[23:49:24.671] [SEVERE ] key 87 was pressed by player 1
[23:49:24.671] [SEVERE ] player 1 placing token on slot 1
[23:49:25.573] [SEVERE ] key 65 was pressed by player 1
[23:49:25.573] [SEVERE ] player 1 placing token on slot 4
[23:50:46.290] [SEVERE ] updating countdown to 0
[23:51:10.500] [SEVERE ] removing tokens from slot 2
[23:51:22.661] [SEVERE ] removing card from slot 2
[23:51:22.776] [SEVERE ] removing tokens from slot 5
[23:51:22.776] [SEVERE ] removing card from slot 5
[23:51:22.885] [SEVERE ] removing tokens from slot 9
[23:51:22.885] [SEVERE ] removing card from slot 9
[23:51:22.995] [SEVERE ] removing tokens from slot 11
[23:51:22.995] [SEVERE ] removing card from slot 11
[23:51:23.104] [SEVERE ] removing tokens from slot 10
[23:51:23.104] [SEVERE ] removing card from slot 10
[23:51:23.212] [SEVERE ] removing tokens from slot 4
[23:51:23.212] [SEVERE ] removing card from slot 4
[23:51:23.320] [SEVERE ] removing tokens from slot 0
[23:51:23.320] [SEVERE ] removing card from slot 0
[23:51:23.428] [SEVERE ] removing tokens from slot 3
[23:51:23.428] [SEVERE ] removing card from slot 3
[23:51:23.538] [SEVERE ] removing tokens from slot 6
[23:51:23.538] [SEVERE ] removing card from slot 6
[23:51:23.647] [SEVERE ] removing tokens from slot 1
[23:51:23.648] [SEVERE ] removing card from slot 1
[23:51:23.757] [SEVERE ] removing tokens from slot 7
[23:51:23.757] [SEVERE ] removing card from slot 7
[23:51:23.868] [SEVERE ] removing tokens from slot 8
[23:51:23.868] [SEVERE ] removing card from slot 8
[23:51:23.978] [SEVERE ] placing card 45 in slot 6
[23:51:24.088] [SEVERE ] placing card 29 in slot 4
[23:51:24.199] [SEVERE ] placing card 46 in slot 9
[23:51:24.308] [SEVERE ] placing card 48 in slot 7
[23:51:24.417] [SEVERE ] placing card 44 in slot 10
[23:51:24.529] [SEVERE ] placing card 23 in slot 0
[23:51:24.634] [SEVERE ] placing card 22 in slot 1
[23:51:24.743] [SEVERE ] placing card 50 in slot 3
[23:51:24.855] [SEVERE ] placing card 3 in slot 8
[23:51:24.960] [SEVERE ] placing card 24 in slot 11
[23:51:25.069] [SEVERE ] placing card 79 in slot 2
[23:51:25.178] [SEVERE ] placing card 18 in slot 5
[23:51:25.178] [SEVERE ] updating countdown to 60000
[23:51:25.179] [SEVERE ] updating countdown to 59999
[23:51:35.551] [SEVERE ] key 81 was pressed by player 1
[23:51:35.812] [SEVERE ] key 87 was pressed by player 1
[23:51:36.071] [SEVERE ] key 69 was pressed by player 1
[23:51:37.931] [SEVERE ] key 81 was pressed by player 1
[23:52:15.958] [SEVERE ] player 1 placing token on slot 0
[23:52:15.960] [SEVERE ] key 87 was pressed by player 1
[23:52:15.960] [SEVERE ] player 1 placing token on slot 1
[23:52:15.960] [SEVERE ] key 69 was pressed by player 1
[23:52:15.960] [SEVERE ] player 1 placing token on slot 2
[23:52:15.960] [SEVERE ] updating countdown to 9218
[23:57:02.775] [SEVERE ] setting player 1 freeze to -3000
[23:57:58.237] [SEVERE ] updating countdown to 0
[23:58:53.183] [SEVERE ] removing tokens from slot 2
[23:58:53.238] [SEVERE ] removing card from slot 2
[23:58:57.675] [SEVERE ] removing tokens from slot 9
[23:58:57.724] [SEVERE ] removing card from slot 9
[23:59:00.197] [SEVERE ] removing tokens from slot 10
[23:59:00.241] [SEVERE ] removing card from slot 10
[23:59:02.716] [SEVERE ] removing tokens from slot 8
[23:59:02.758] [SEVERE ] removing card from slot 8
