[07:04:54.044] [INFO   ] thread main starting.
[07:04:54.131] [SEVERE ] cannot read configuration file config.properties trying from resources.
[07:04:54.149] [SEVERE ] configuration file was loaded from resources directory.
[07:04:56.623] [INFO   ] thread dealer starting.
[07:04:56.627] [INFO   ] thread dealer starting.
[07:04:56.772] [SEVERE ] placing card 79 in slot 8
[07:04:56.883] [SEVERE ] placing card 35 in slot 4
[07:04:56.991] [SEVERE ] placing card 36 in slot 2
[07:04:57.099] [SEVERE ] placing card 31 in slot 5
[07:04:57.209] [SEVERE ] placing card 23 in slot 3
[07:04:57.318] [SEVERE ] placing card 6 in slot 6
[07:04:57.426] [SEVERE ] placing card 29 in slot 11
[07:04:57.535] [SEVERE ] placing card 77 in slot 10
[07:04:57.643] [SEVERE ] placing card 20 in slot 1
[07:04:57.755] [SEVERE ] placing card 25 in slot 0
[07:04:57.865] [SEVERE ] placing card 68 in slot 9
[07:04:57.976] [SEVERE ] placing card 15 in slot 7
[07:04:57.978] [SEVERE ] updating countdown to 4999
[07:04:57.982] [INFO   ] thread Player: 01 created.
[07:04:57.984] [INFO   ] thread Player: 01 starting.
[07:04:57.985] [INFO   ] thread Player: 11 created.
[07:04:57.993] [INFO   ] thread Player: 11 starting.
[07:04:58.989] [SEVERE ] updating countdown to 3988
[07:05:03.071] [SEVERE ] updating countdown to 0
[07:05:03.072] [SEVERE ] updating countdown to 0
[07:05:03.179] [SEVERE ] removing tokens from slot 0
[07:05:03.179] [SEVERE ] removing card from slot 0
[07:05:03.287] [SEVERE ] removing tokens from slot 6
[07:05:03.287] [SEVERE ] removing card from slot 6
[07:05:03.394] [SEVERE ] removing tokens from slot 3
[07:05:03.394] [SEVERE ] removing card from slot 3
[07:05:03.503] [SEVERE ] removing tokens from slot 1
[07:05:03.503] [SEVERE ] removing card from slot 1
[07:05:03.615] [SEVERE ] removing tokens from slot 7
[07:05:03.615] [SEVERE ] removing card from slot 7
[07:05:03.726] [SEVERE ] removing tokens from slot 10
[07:05:03.726] [SEVERE ] removing card from slot 10
[07:05:03.837] [SEVERE ] removing tokens from slot 8
[07:05:03.837] [SEVERE ] removing card from slot 8
[07:05:03.948] [SEVERE ] removing tokens from slot 9
[07:05:03.948] [SEVERE ] removing card from slot 9
[07:05:04.054] [SEVERE ] removing tokens from slot 2
[07:05:04.054] [SEVERE ] removing card from slot 2
[07:05:04.164] [SEVERE ] removing tokens from slot 11
[07:05:04.164] [SEVERE ] removing card from slot 11
[07:05:04.273] [SEVERE ] removing tokens from slot 5
[07:05:04.273] [SEVERE ] removing card from slot 5
[07:05:04.382] [SEVERE ] removing tokens from slot 4
[07:05:04.382] [SEVERE ] removing card from slot 4
[07:05:04.491] [SEVERE ] placing card 41 in slot 6
[07:05:04.600] [SEVERE ] placing card 31 in slot 2
[07:05:04.709] [SEVERE ] placing card 77 in slot 10
[07:05:04.820] [SEVERE ] placing card 3 in slot 11
[07:05:04.930] [SEVERE ] placing card 59 in slot 7
[07:05:05.039] [SEVERE ] placing card 2 in slot 0
[07:05:05.148] [SEVERE ] placing card 20 in slot 5
[07:05:05.259] [SEVERE ] placing card 5 in slot 3
[07:05:05.367] [SEVERE ] placing card 79 in slot 4
[07:05:05.474] [SEVERE ] placing card 62 in slot 9
[07:05:05.584] [SEVERE ] placing card 80 in slot 1
[07:05:05.693] [SEVERE ] placing card 1 in slot 8
[07:05:05.693] [SEVERE ] updating countdown to 4999
[07:05:06.704] [SEVERE ] updating countdown to 3988
[07:05:10.753] [SEVERE ] updating countdown to 0
[07:05:10.754] [SEVERE ] updating countdown to 0
[07:05:10.862] [SEVERE ] removing tokens from slot 11
[07:05:10.862] [SEVERE ] removing card from slot 11
[07:05:10.970] [SEVERE ] removing tokens from slot 4
[07:05:10.970] [SEVERE ] removing card from slot 4
[07:05:11.079] [SEVERE ] removing tokens from slot 10
[07:05:11.079] [SEVERE ] removing card from slot 10
[07:05:11.187] [SEVERE ] removing tokens from slot 1
[07:05:11.187] [SEVERE ] removing card from slot 1
[07:05:11.297] [SEVERE ] removing tokens from slot 6
[07:05:11.297] [SEVERE ] removing card from slot 6
[07:05:11.405] [SEVERE ] removing tokens from slot 7
[07:05:11.407] [SEVERE ] removing card from slot 7
[07:05:11.514] [SEVERE ] removing tokens from slot 3
[07:05:11.514] [SEVERE ] removing card from slot 3
[07:05:11.623] [SEVERE ] removing tokens from slot 5
[07:05:11.623] [SEVERE ] removing card from slot 5
[07:05:11.732] [SEVERE ] removing tokens from slot 9
[07:05:11.732] [SEVERE ] removing card from slot 9
[07:05:11.840] [SEVERE ] removing tokens from slot 8
[07:05:11.840] [SEVERE ] removing card from slot 8
[07:05:11.949] [SEVERE ] removing tokens from slot 0
[07:05:11.949] [SEVERE ] removing card from slot 0
[07:05:12.059] [SEVERE ] removing tokens from slot 2
[07:05:12.059] [SEVERE ] removing card from slot 2
[07:05:12.169] [SEVERE ] placing card 65 in slot 0
[07:05:12.279] [SEVERE ] placing card 23 in slot 8
[07:05:12.386] [SEVERE ] placing card 15 in slot 6
[07:05:12.495] [SEVERE ] placing card 35 in slot 10
[07:05:12.605] [SEVERE ] placing card 1 in slot 1
[07:05:12.715] [SEVERE ] placing card 19 in slot 7
[07:05:12.824] [SEVERE ] placing card 67 in slot 3
[07:05:12.933] [SEVERE ] placing card 59 in slot 4
[07:05:13.042] [SEVERE ] placing card 12 in slot 11
[07:05:13.151] [SEVERE ] placing card 63 in slot 9
[07:05:13.259] [SEVERE ] placing card 74 in slot 2
[07:05:13.368] [SEVERE ] placing card 7 in slot 5
[07:05:13.368] [SEVERE ] updating countdown to 4999
[07:05:14.381] [SEVERE ] updating countdown to 3986
[07:05:18.431] [SEVERE ] updating countdown to 0
[07:05:18.432] [SEVERE ] updating countdown to 0
[07:05:18.541] [SEVERE ] removing tokens from slot 11
[07:05:18.541] [SEVERE ] removing card from slot 11
[07:05:18.650] [SEVERE ] removing tokens from slot 6
[07:05:18.650] [SEVERE ] removing card from slot 6
[07:05:18.760] [SEVERE ] removing tokens from slot 10
[07:05:18.760] [SEVERE ] removing card from slot 10
[07:05:18.868] [SEVERE ] removing tokens from slot 1
[07:05:18.868] [SEVERE ] removing card from slot 1
[07:05:18.977] [SEVERE ] removing tokens from slot 8
[07:05:18.977] [SEVERE ] removing card from slot 8
[07:05:19.086] [SEVERE ] removing tokens from slot 5
[07:05:19.086] [SEVERE ] removing card from slot 5
[07:05:19.196] [SEVERE ] removing tokens from slot 2
[07:05:19.196] [SEVERE ] removing card from slot 2
[07:05:19.307] [SEVERE ] removing tokens from slot 9
[07:05:19.307] [SEVERE ] removing card from slot 9
[07:05:19.415] [SEVERE ] removing tokens from slot 7
[07:05:19.415] [SEVERE ] removing card from slot 7
[07:05:19.525] [SEVERE ] removing tokens from slot 4
[07:05:19.525] [SEVERE ] removing card from slot 4
[07:05:19.634] [SEVERE ] removing tokens from slot 3
[07:05:19.634] [SEVERE ] removing card from slot 3
[07:05:19.743] [SEVERE ] removing tokens from slot 0
[07:05:19.743] [SEVERE ] removing card from slot 0
[07:05:19.852] [SEVERE ] placing card 9 in slot 3
[07:05:19.962] [SEVERE ] placing card 77 in slot 10
[07:05:20.070] [SEVERE ] placing card 25 in slot 1
[07:05:20.179] [SEVERE ] placing card 30 in slot 11
[07:05:20.288] [SEVERE ] placing card 49 in slot 8
[07:05:20.396] [SEVERE ] placing card 10 in slot 2
[07:05:20.505] [SEVERE ] placing card 16 in slot 4
[07:05:20.614] [SEVERE ] placing card 51 in slot 7
[07:05:20.723] [SEVERE ] placing card 15 in slot 0
[07:05:20.831] [SEVERE ] placing card 36 in slot 6
[07:05:20.942] [SEVERE ] placing card 76 in slot 9
[07:05:21.050] [SEVERE ] placing card 0 in slot 5
[07:05:21.050] [SEVERE ] updating countdown to 4999
[07:05:21.050] [SEVERE ] updating countdown to 4999
[07:05:22.065] [SEVERE ] updating countdown to 3984
[07:05:26.116] [SEVERE ] updating countdown to 0
[07:05:26.117] [SEVERE ] updating countdown to 0
[07:05:26.228] [SEVERE ] removing tokens from slot 10
[07:05:26.228] [SEVERE ] removing card from slot 10
[07:05:26.334] [SEVERE ] removing tokens from slot 11
[07:05:26.334] [SEVERE ] removing card from slot 11
[07:05:26.444] [SEVERE ] removing tokens from slot 4
[07:05:26.444] [SEVERE ] removing card from slot 4
[07:05:26.553] [SEVERE ] removing tokens from slot 6
[07:05:26.553] [SEVERE ] removing card from slot 6
[07:05:26.661] [SEVERE ] removing tokens from slot 7
[07:05:26.661] [SEVERE ] removing card from slot 7
[07:05:26.771] [SEVERE ] removing tokens from slot 1
[07:05:26.771] [SEVERE ] removing card from slot 1
[07:05:26.880] [SEVERE ] removing tokens from slot 3
[07:05:26.880] [SEVERE ] removing card from slot 3
[07:05:26.990] [SEVERE ] removing tokens from slot 2
[07:05:26.990] [SEVERE ] removing card from slot 2
[07:05:27.099] [SEVERE ] removing tokens from slot 0
[07:05:27.099] [SEVERE ] removing card from slot 0
[07:05:27.207] [SEVERE ] removing tokens from slot 5
[07:05:27.207] [SEVERE ] removing card from slot 5
[07:05:27.315] [SEVERE ] removing tokens from slot 9
[07:05:27.315] [SEVERE ] removing card from slot 9
[07:05:27.424] [SEVERE ] removing tokens from slot 8
[07:05:27.424] [SEVERE ] removing card from slot 8
[07:05:27.537] [SEVERE ] placing card 3 in slot 10
[07:05:27.645] [SEVERE ] placing card 76 in slot 9
[07:05:27.756] [SEVERE ] placing card 37 in slot 0
[07:05:27.867] [SEVERE ] placing card 14 in slot 5
[07:05:27.976] [SEVERE ] placing card 57 in slot 1
[07:05:28.084] [SEVERE ] placing card 7 in slot 4
[07:05:28.193] [SEVERE ] placing card 46 in slot 8
[07:05:28.302] [SEVERE ] placing card 18 in slot 11
[07:05:28.411] [SEVERE ] placing card 35 in slot 2
[07:05:28.518] [SEVERE ] placing card 20 in slot 3
[07:05:28.628] [SEVERE ] placing card 8 in slot 6
[07:05:28.737] [SEVERE ] placing card 77 in slot 7
[07:05:28.737] [SEVERE ] updating countdown to 4999
[07:05:28.737] [SEVERE ] updating countdown to 4999
[07:05:28.737] [SEVERE ] updating countdown to 4999
[07:05:28.737] [SEVERE ] updating countdown to 4999
[07:05:28.737] [SEVERE ] updating countdown to 4999
[07:05:28.737] [SEVERE ] updating countdown to 4999
[07:05:29.749] [SEVERE ] updating countdown to 3987
[07:05:33.791] [SEVERE ] updating countdown to 0
[07:05:33.792] [SEVERE ] updating countdown to 0
[07:05:33.899] [SEVERE ] removing tokens from slot 4
[07:05:33.899] [SEVERE ] removing card from slot 4
[07:05:34.010] [SEVERE ] removing tokens from slot 6
[07:05:34.010] [SEVERE ] removing card from slot 6
[07:05:34.119] [SEVERE ] removing tokens from slot 1
[07:05:34.119] [SEVERE ] removing card from slot 1
[07:05:34.228] [SEVERE ] removing tokens from slot 8
[07:05:34.228] [SEVERE ] removing card from slot 8
[07:05:34.336] [SEVERE ] removing tokens from slot 5
[07:05:34.336] [SEVERE ] removing card from slot 5
[07:05:34.445] [SEVERE ] removing tokens from slot 0
[07:05:34.445] [SEVERE ] removing card from slot 0
[07:05:34.554] [SEVERE ] removing tokens from slot 11
[07:05:34.554] [SEVERE ] removing card from slot 11
[07:05:34.663] [SEVERE ] removing tokens from slot 2
[07:05:34.663] [SEVERE ] removing card from slot 2
[07:05:34.771] [SEVERE ] removing tokens from slot 7
[07:05:34.771] [SEVERE ] removing card from slot 7
[07:05:34.881] [SEVERE ] removing tokens from slot 9
[07:05:34.881] [SEVERE ] removing card from slot 9
[07:05:34.990] [SEVERE ] removing tokens from slot 10
[07:05:34.990] [SEVERE ] removing card from slot 10
[07:05:35.100] [SEVERE ] removing tokens from slot 3
[07:05:35.101] [SEVERE ] removing card from slot 3
[07:05:35.209] [SEVERE ] placing card 9 in slot 3
[07:05:35.317] [SEVERE ] placing card 46 in slot 1
[07:05:35.426] [SEVERE ] placing card 78 in slot 9
[07:05:35.535] [SEVERE ] placing card 22 in slot 7
[07:05:35.645] [SEVERE ] placing card 49 in slot 10
[07:05:35.754] [SEVERE ] placing card 60 in slot 8
[07:05:35.863] [SEVERE ] placing card 48 in slot 6
[07:05:35.973] [SEVERE ] placing card 4 in slot 5
[07:05:36.083] [SEVERE ] placing card 80 in slot 4
[07:05:36.192] [SEVERE ] placing card 75 in slot 2
[07:05:36.302] [SEVERE ] placing card 36 in slot 11
[07:05:36.411] [SEVERE ] placing card 8 in slot 0
[07:05:36.411] [SEVERE ] updating countdown to 4999
[07:05:37.424] [SEVERE ] updating countdown to 3986
[07:05:41.470] [SEVERE ] updating countdown to 0
[07:05:41.470] [SEVERE ] updating countdown to 0
[07:05:41.579] [SEVERE ] removing tokens from slot 2
[07:05:41.579] [SEVERE ] removing card from slot 2
[07:05:41.688] [SEVERE ] removing tokens from slot 0
[07:05:41.688] [SEVERE ] removing card from slot 0
[07:05:41.797] [SEVERE ] removing tokens from slot 1
[07:05:41.797] [SEVERE ] removing card from slot 1
[07:05:41.907] [SEVERE ] removing tokens from slot 5
[07:05:41.907] [SEVERE ] removing card from slot 5
[07:05:42.015] [SEVERE ] removing tokens from slot 7
[07:05:42.015] [SEVERE ] removing card from slot 7
[07:05:42.124] [SEVERE ] removing tokens from slot 8
[07:05:42.124] [SEVERE ] removing card from slot 8
[07:05:42.232] [SEVERE ] removing tokens from slot 11
[07:05:42.232] [SEVERE ] removing card from slot 11
[07:05:42.341] [SEVERE ] removing tokens from slot 4
[07:05:42.341] [SEVERE ] removing card from slot 4
[07:05:42.450] [SEVERE ] removing tokens from slot 9
[07:05:42.450] [SEVERE ] removing card from slot 9
[07:05:42.561] [SEVERE ] removing tokens from slot 6
[07:05:42.561] [SEVERE ] removing card from slot 6
[07:05:42.671] [SEVERE ] removing tokens from slot 10
[07:05:42.671] [SEVERE ] removing card from slot 10
[07:05:42.780] [SEVERE ] removing tokens from slot 3
[07:05:42.780] [SEVERE ] removing card from slot 3
[07:05:42.889] [SEVERE ] placing card 14 in slot 4
[07:05:42.997] [SEVERE ] placing card 41 in slot 2
[07:05:43.107] [SEVERE ] placing card 77 in slot 8
[07:05:43.216] [SEVERE ] placing card 66 in slot 5
[07:05:43.325] [SEVERE ] placing card 5 in slot 3
[07:05:43.434] [SEVERE ] placing card 23 in slot 11
[07:05:43.542] [SEVERE ] placing card 7 in slot 1
[07:05:43.652] [SEVERE ] placing card 80 in slot 10
[07:05:43.761] [SEVERE ] placing card 43 in slot 9
[07:05:43.869] [SEVERE ] placing card 70 in slot 6
[07:05:43.977] [SEVERE ] placing card 9 in slot 0
[07:05:44.087] [SEVERE ] placing card 75 in slot 7
[07:05:44.087] [SEVERE ] updating countdown to 4999
[07:05:44.087] [SEVERE ] updating countdown to 4999
[07:05:45.097] [SEVERE ] updating countdown to 3989
[07:05:49.154] [SEVERE ] updating countdown to 0
[07:05:49.154] [SEVERE ] updating countdown to 0
[07:05:49.262] [SEVERE ] removing tokens from slot 2
[07:05:49.262] [SEVERE ] removing card from slot 2
[07:05:49.371] [SEVERE ] removing tokens from slot 9
[07:05:49.371] [SEVERE ] removing card from slot 9
[07:05:49.481] [SEVERE ] removing tokens from slot 4
[07:05:49.481] [SEVERE ] removing card from slot 4
[07:05:49.588] [SEVERE ] removing tokens from slot 3
[07:05:49.588] [SEVERE ] removing card from slot 3
[07:05:49.697] [SEVERE ] removing tokens from slot 6
[07:05:49.697] [SEVERE ] removing card from slot 6
[07:05:49.807] [SEVERE ] removing tokens from slot 5
[07:05:49.807] [SEVERE ] removing card from slot 5
[07:05:49.917] [SEVERE ] removing tokens from slot 10
[07:05:49.917] [SEVERE ] removing card from slot 10
[07:05:50.025] [SEVERE ] removing tokens from slot 1
[07:05:50.025] [SEVERE ] removing card from slot 1
[07:05:50.134] [SEVERE ] removing tokens from slot 0
[07:05:50.134] [SEVERE ] removing card from slot 0
[07:05:50.241] [SEVERE ] removing tokens from slot 8
[07:05:50.241] [SEVERE ] removing card from slot 8
[07:05:50.350] [SEVERE ] removing tokens from slot 7
[07:05:50.350] [SEVERE ] removing card from slot 7
[07:05:50.459] [SEVERE ] removing tokens from slot 11
[07:05:50.459] [SEVERE ] removing card from slot 11
[07:05:50.568] [SEVERE ] placing card 40 in slot 0
[07:05:50.676] [SEVERE ] placing card 35 in slot 8
[07:05:50.785] [SEVERE ] placing card 69 in slot 9
[07:05:50.894] [SEVERE ] placing card 39 in slot 4
[07:05:51.004] [SEVERE ] placing card 55 in slot 3
[07:05:51.112] [SEVERE ] placing card 5 in slot 2
[07:05:51.220] [SEVERE ] placing card 22 in slot 1
[07:05:51.329] [SEVERE ] placing card 36 in slot 10
[07:05:51.440] [SEVERE ] placing card 64 in slot 11
[07:05:51.549] [SEVERE ] placing card 67 in slot 5
[07:05:51.658] [SEVERE ] placing card 13 in slot 6
[07:05:51.766] [SEVERE ] placing card 45 in slot 7
[07:05:51.766] [SEVERE ] updating countdown to 4999
[07:05:51.766] [SEVERE ] updating countdown to 4999
[07:05:51.766] [SEVERE ] updating countdown to 4999
[07:05:52.778] [SEVERE ] updating countdown to 3987
[07:05:56.821] [SEVERE ] updating countdown to 0
[07:05:56.821] [SEVERE ] updating countdown to 0
[07:05:56.928] [SEVERE ] removing tokens from slot 10
[07:05:56.928] [SEVERE ] removing card from slot 10
[07:05:57.036] [SEVERE ] removing tokens from slot 4
[07:05:57.036] [SEVERE ] removing card from slot 4
[07:05:57.146] [SEVERE ] removing tokens from slot 5
[07:05:57.146] [SEVERE ] removing card from slot 5
[07:05:57.255] [SEVERE ] removing tokens from slot 0
[07:05:57.255] [SEVERE ] removing card from slot 0
[07:05:57.365] [SEVERE ] removing tokens from slot 8
[07:05:57.365] [SEVERE ] removing card from slot 8
[07:05:57.474] [SEVERE ] removing tokens from slot 3
[07:05:57.474] [SEVERE ] removing card from slot 3
[07:05:57.583] [SEVERE ] removing tokens from slot 7
[07:05:57.583] [SEVERE ] removing card from slot 7
[07:05:57.692] [SEVERE ] removing tokens from slot 1
[07:05:57.692] [SEVERE ] removing card from slot 1
[07:05:57.801] [SEVERE ] removing tokens from slot 2
[07:05:57.801] [SEVERE ] removing card from slot 2
[07:05:57.911] [SEVERE ] removing tokens from slot 6
[07:05:57.911] [SEVERE ] removing card from slot 6
[07:05:58.020] [SEVERE ] removing tokens from slot 11
[07:05:58.020] [SEVERE ] removing card from slot 11
[07:05:58.130] [SEVERE ] removing tokens from slot 9
[07:05:58.130] [SEVERE ] removing card from slot 9
[07:05:58.238] [SEVERE ] placing card 15 in slot 6
[07:05:58.346] [SEVERE ] placing card 23 in slot 10
[07:05:58.456] [SEVERE ] placing card 38 in slot 11
[07:05:58.564] [SEVERE ] placing card 3 in slot 5
[07:05:58.676] [SEVERE ] placing card 62 in slot 4
[07:05:58.786] [SEVERE ] placing card 7 in slot 9
[07:05:58.894] [SEVERE ] placing card 47 in slot 1
[07:05:59.003] [SEVERE ] placing card 79 in slot 2
[07:05:59.112] [SEVERE ] placing card 13 in slot 7
[07:05:59.220] [SEVERE ] placing card 68 in slot 3
[07:05:59.328] [SEVERE ] placing card 9 in slot 0
[07:05:59.438] [SEVERE ] placing card 44 in slot 8
[07:05:59.438] [SEVERE ] updating countdown to 4999
[07:05:59.438] [SEVERE ] updating countdown to 4999
[07:05:59.438] [SEVERE ] updating countdown to 4999
[07:05:59.438] [SEVERE ] updating countdown to 4999
[07:06:00.439] [SEVERE ] updating countdown to 3998
[07:06:04.507] [SEVERE ] updating countdown to 0
[07:06:04.507] [SEVERE ] updating countdown to 0
[07:06:04.617] [SEVERE ] removing tokens from slot 8
[07:06:04.617] [SEVERE ] removing card from slot 8
[07:06:04.727] [SEVERE ] removing tokens from slot 11
[07:06:04.727] [SEVERE ] removing card from slot 11
[07:06:04.836] [SEVERE ] removing tokens from slot 7
[07:06:04.836] [SEVERE ] removing card from slot 7
[07:06:04.944] [SEVERE ] removing tokens from slot 3
[07:06:04.944] [SEVERE ] removing card from slot 3
[07:06:05.053] [SEVERE ] removing tokens from slot 10
[07:06:05.053] [SEVERE ] removing card from slot 10
[07:06:05.163] [SEVERE ] removing tokens from slot 9
[07:06:05.163] [SEVERE ] removing card from slot 9
[07:06:05.271] [SEVERE ] removing tokens from slot 0
[07:06:05.271] [SEVERE ] removing card from slot 0
[07:06:05.381] [SEVERE ] removing tokens from slot 6
[07:06:05.381] [SEVERE ] removing card from slot 6
[07:06:05.488] [SEVERE ] removing tokens from slot 4
[07:06:05.488] [SEVERE ] removing card from slot 4
[07:06:05.597] [SEVERE ] removing tokens from slot 1
[07:06:05.597] [SEVERE ] removing card from slot 1
[07:06:05.705] [SEVERE ] removing tokens from slot 5
[07:06:05.705] [SEVERE ] removing card from slot 5
[07:06:05.814] [SEVERE ] removing tokens from slot 2
[07:06:05.814] [SEVERE ] removing card from slot 2
[07:06:05.924] [SEVERE ] placing card 76 in slot 2
[07:06:06.034] [SEVERE ] placing card 56 in slot 0
[07:06:06.144] [SEVERE ] placing card 16 in slot 6
[07:06:06.252] [SEVERE ] placing card 53 in slot 8
[07:06:06.362] [SEVERE ] placing card 68 in slot 11
[07:06:06.471] [SEVERE ] placing card 78 in slot 9
[07:06:06.580] [SEVERE ] placing card 51 in slot 4
[07:06:06.688] [SEVERE ] placing card 45 in slot 5
[07:06:06.798] [SEVERE ] placing card 41 in slot 10
[07:06:06.906] [SEVERE ] placing card 10 in slot 7
[07:06:07.016] [SEVERE ] placing card 73 in slot 1
[07:06:07.123] [SEVERE ] placing card 12 in slot 3
[07:06:07.123] [SEVERE ] updating countdown to 4999
[07:06:07.123] [SEVERE ] updating countdown to 4999
[07:06:07.123] [SEVERE ] updating countdown to 4999
[07:06:07.123] [SEVERE ] updating countdown to 4999
[07:06:08.137] [SEVERE ] updating countdown to 3985
[07:06:12.184] [SEVERE ] updating countdown to 0
[07:06:12.184] [SEVERE ] updating countdown to 0
[07:06:12.293] [SEVERE ] removing tokens from slot 6
[07:06:12.293] [SEVERE ] removing card from slot 6
[07:06:12.404] [SEVERE ] removing tokens from slot 10
[07:06:12.404] [SEVERE ] removing card from slot 10
[07:06:12.512] [SEVERE ] removing tokens from slot 2
[07:06:12.512] [SEVERE ] removing card from slot 2
[07:06:12.622] [SEVERE ] removing tokens from slot 4
[07:06:12.622] [SEVERE ] removing card from slot 4
[07:06:12.729] [SEVERE ] removing tokens from slot 5
[07:06:12.729] [SEVERE ] removing card from slot 5
[07:06:12.838] [SEVERE ] removing tokens from slot 9
[07:06:12.838] [SEVERE ] removing card from slot 9
[07:06:12.946] [SEVERE ] removing tokens from slot 1
[07:06:12.946] [SEVERE ] removing card from slot 1
[07:06:13.055] [SEVERE ] removing tokens from slot 7
[07:06:13.055] [SEVERE ] removing card from slot 7
[07:06:13.162] [SEVERE ] removing tokens from slot 8
[07:06:13.162] [SEVERE ] removing card from slot 8
[07:06:13.271] [SEVERE ] removing tokens from slot 11
[07:06:13.271] [SEVERE ] removing card from slot 11
[07:06:13.381] [SEVERE ] removing tokens from slot 3
[07:06:13.381] [SEVERE ] removing card from slot 3
[07:06:13.490] [SEVERE ] removing tokens from slot 0
[07:06:13.490] [SEVERE ] removing card from slot 0
[07:06:13.600] [SEVERE ] placing card 20 in slot 7
[07:06:13.710] [SEVERE ] placing card 53 in slot 5
[07:06:13.821] [SEVERE ] placing card 72 in slot 0
[07:06:13.929] [SEVERE ] placing card 30 in slot 10
[07:06:14.039] [SEVERE ] placing card 15 in slot 3
[07:06:14.147] [SEVERE ] placing card 66 in slot 8
[07:06:14.257] [SEVERE ] placing card 10 in slot 9
[07:06:14.365] [SEVERE ] placing card 39 in slot 11
[07:06:14.476] [SEVERE ] placing card 80 in slot 1
[07:06:14.586] [SEVERE ] placing card 79 in slot 6
[07:06:14.696] [SEVERE ] placing card 63 in slot 2
[07:06:14.805] [SEVERE ] placing card 25 in slot 4
[07:06:14.805] [SEVERE ] updating countdown to 4999
[07:06:14.805] [SEVERE ] updating countdown to 4999
[07:06:14.805] [SEVERE ] updating countdown to 4999
[07:06:15.816] [SEVERE ] updating countdown to 3988
[07:06:19.868] [SEVERE ] updating countdown to 0
[07:06:19.868] [SEVERE ] updating countdown to 0
[07:06:19.978] [SEVERE ] removing tokens from slot 6
[07:06:19.978] [SEVERE ] removing card from slot 6
[07:06:20.088] [SEVERE ] removing tokens from slot 9
[07:06:20.088] [SEVERE ] removing card from slot 9
[07:06:20.197] [SEVERE ] removing tokens from slot 11
[07:06:20.197] [SEVERE ] removing card from slot 11
[07:06:20.306] [SEVERE ] removing tokens from slot 10
[07:06:20.306] [SEVERE ] removing card from slot 10
[07:06:20.414] [SEVERE ] removing tokens from slot 4
[07:06:20.414] [SEVERE ] removing card from slot 4
[07:06:20.523] [SEVERE ] removing tokens from slot 1
[07:06:20.523] [SEVERE ] removing card from slot 1
[07:06:20.632] [SEVERE ] removing tokens from slot 2
[07:06:20.632] [SEVERE ] removing card from slot 2
[07:06:20.739] [SEVERE ] removing tokens from slot 8
[07:06:20.739] [SEVERE ] removing card from slot 8
[07:06:20.848] [SEVERE ] removing tokens from slot 0
[07:06:20.848] [SEVERE ] removing card from slot 0
[07:06:20.959] [SEVERE ] removing tokens from slot 5
[07:06:20.959] [SEVERE ] removing card from slot 5
[07:06:21.068] [SEVERE ] removing tokens from slot 3
[07:06:21.068] [SEVERE ] removing card from slot 3
[07:06:21.176] [SEVERE ] removing tokens from slot 7
[07:06:21.176] [SEVERE ] removing card from slot 7
[07:06:21.285] [SEVERE ] placing card 11 in slot 8
[07:06:21.395] [SEVERE ] placing card 78 in slot 2
[07:06:21.504] [SEVERE ] placing card 77 in slot 11
[07:06:21.613] [SEVERE ] placing card 7 in slot 4
[07:06:21.723] [SEVERE ] placing card 18 in slot 5
[07:06:21.831] [SEVERE ] placing card 64 in slot 9
[07:06:21.940] [SEVERE ] placing card 25 in slot 3
[07:06:22.050] [SEVERE ] placing card 70 in slot 1
[07:06:22.159] [SEVERE ] placing card 56 in slot 7
[07:06:22.266] [SEVERE ] placing card 0 in slot 10
[07:06:22.375] [SEVERE ] placing card 52 in slot 6
[07:06:22.483] [SEVERE ] placing card 9 in slot 0
[07:06:22.483] [SEVERE ] updating countdown to 4999
[07:06:22.483] [SEVERE ] updating countdown to 4999
[07:06:22.483] [SEVERE ] updating countdown to 4999
[07:06:22.483] [SEVERE ] updating countdown to 4999
[07:06:22.483] [SEVERE ] updating countdown to 4999
[07:06:22.483] [SEVERE ] updating countdown to 4999
[07:06:23.494] [SEVERE ] updating countdown to 3988
[07:06:27.544] [SEVERE ] updating countdown to 0
[07:06:27.544] [SEVERE ] updating countdown to 0
[07:06:27.655] [SEVERE ] removing tokens from slot 6
[07:06:27.655] [SEVERE ] removing card from slot 6
[07:06:27.764] [SEVERE ] removing tokens from slot 0
[07:06:27.764] [SEVERE ] removing card from slot 0
[07:06:27.875] [SEVERE ] removing tokens from slot 11
[07:06:27.875] [SEVERE ] removing card from slot 11
[07:06:27.984] [SEVERE ] removing tokens from slot 10
[07:06:27.984] [SEVERE ] removing card from slot 10
[07:06:28.094] [SEVERE ] removing tokens from slot 7
[07:06:28.094] [SEVERE ] removing card from slot 7
[07:06:28.203] [SEVERE ] removing tokens from slot 3
[07:06:28.203] [SEVERE ] removing card from slot 3
[07:06:28.312] [SEVERE ] removing tokens from slot 2
[07:06:28.312] [SEVERE ] removing card from slot 2
[07:06:28.421] [SEVERE ] removing tokens from slot 5
[07:06:28.421] [SEVERE ] removing card from slot 5
[07:06:28.533] [SEVERE ] removing tokens from slot 8
[07:06:28.533] [SEVERE ] removing card from slot 8
[07:06:28.641] [SEVERE ] removing tokens from slot 9
[07:06:28.641] [SEVERE ] removing card from slot 9
[07:06:28.750] [SEVERE ] removing tokens from slot 4
[07:06:28.750] [SEVERE ] removing card from slot 4
[07:06:28.861] [SEVERE ] removing tokens from slot 1
[07:06:28.861] [SEVERE ] removing card from slot 1
[07:06:28.971] [SEVERE ] placing card 43 in slot 11
[07:06:29.079] [SEVERE ] placing card 67 in slot 4
[07:06:29.189] [SEVERE ] placing card 47 in slot 0
[07:06:29.297] [SEVERE ] placing card 55 in slot 6
[07:06:29.405] [SEVERE ] placing card 40 in slot 3
[07:06:29.516] [SEVERE ] placing card 65 in slot 5
[07:06:29.626] [SEVERE ] placing card 73 in slot 9
[07:06:29.734] [SEVERE ] placing card 36 in slot 8
[07:06:29.844] [SEVERE ] placing card 76 in slot 2
[07:06:29.954] [SEVERE ] placing card 50 in slot 10
[07:06:30.065] [SEVERE ] placing card 58 in slot 1
[07:06:30.175] [SEVERE ] placing card 18 in slot 7
[07:06:30.175] [SEVERE ] updating countdown to 4999
[07:06:30.175] [SEVERE ] updating countdown to 4999
[07:06:30.175] [SEVERE ] updating countdown to 4999
[07:06:30.175] [SEVERE ] updating countdown to 4999
[07:06:30.175] [SEVERE ] updating countdown to 4999
[07:06:30.175] [SEVERE ] updating countdown to 4999
[07:06:30.175] [SEVERE ] updating countdown to 4999
[07:06:30.175] [SEVERE ] updating countdown to 4999
[07:06:30.175] [SEVERE ] updating countdown to 4999
[07:06:30.175] [SEVERE ] updating countdown to 4999
[07:06:30.175] [SEVERE ] updating countdown to 4999
[07:06:30.175] [SEVERE ] updating countdown to 4999
[07:06:30.175] [SEVERE ] updating countdown to 4999
[07:06:31.185] [SEVERE ] updating countdown to 3989
[07:06:35.232] [SEVERE ] updating countdown to 0
[07:06:35.232] [SEVERE ] updating countdown to 0
[07:06:35.341] [SEVERE ] removing tokens from slot 7
[07:06:35.341] [SEVERE ] removing card from slot 7
[07:06:35.450] [SEVERE ] removing tokens from slot 6
[07:06:35.450] [SEVERE ] removing card from slot 6
[07:06:35.558] [SEVERE ] removing tokens from slot 1
[07:06:35.558] [SEVERE ] removing card from slot 1
[07:06:35.668] [SEVERE ] removing tokens from slot 5
[07:06:35.668] [SEVERE ] removing card from slot 5
[07:06:35.776] [SEVERE ] removing tokens from slot 9
[07:06:35.776] [SEVERE ] removing card from slot 9
[07:06:35.885] [SEVERE ] removing tokens from slot 10
[07:06:35.885] [SEVERE ] removing card from slot 10
[07:06:35.993] [SEVERE ] removing tokens from slot 4
[07:06:35.993] [SEVERE ] removing card from slot 4
[07:06:36.103] [SEVERE ] removing tokens from slot 0
[07:06:36.103] [SEVERE ] removing card from slot 0
[07:06:36.212] [SEVERE ] removing tokens from slot 3
[07:06:36.212] [SEVERE ] removing card from slot 3
[07:06:36.320] [SEVERE ] removing tokens from slot 2
[07:06:36.320] [SEVERE ] removing card from slot 2
[07:06:36.428] [SEVERE ] removing tokens from slot 8
[07:06:36.428] [SEVERE ] removing card from slot 8
[07:06:36.537] [SEVERE ] removing tokens from slot 11
[07:06:36.537] [SEVERE ] removing card from slot 11
[07:06:36.646] [SEVERE ] placing card 38 in slot 7
[07:06:36.755] [SEVERE ] placing card 55 in slot 1
[07:06:36.864] [SEVERE ] placing card 21 in slot 11
[07:06:36.975] [SEVERE ] placing card 60 in slot 2
[07:06:37.085] [SEVERE ] placing card 43 in slot 10
[07:06:37.194] [SEVERE ] placing card 64 in slot 9
[07:06:37.303] [SEVERE ] placing card 35 in slot 8
[07:06:37.412] [SEVERE ] placing card 7 in slot 4
[07:06:37.521] [SEVERE ] placing card 4 in slot 3
[07:06:37.629] [SEVERE ] placing card 34 in slot 0
[07:06:37.740] [SEVERE ] placing card 36 in slot 5
[07:06:37.850] [SEVERE ] placing card 24 in slot 6
[07:06:37.850] [SEVERE ] updating countdown to 4999
[07:06:37.850] [SEVERE ] updating countdown to 4999
[07:06:37.850] [SEVERE ] updating countdown to 4999
[07:06:37.850] [SEVERE ] updating countdown to 4999
[07:06:37.850] [SEVERE ] updating countdown to 4999
[07:06:37.850] [SEVERE ] updating countdown to 4999
[07:06:38.866] [SEVERE ] updating countdown to 3983
[07:06:42.914] [SEVERE ] updating countdown to 0
[07:06:42.914] [SEVERE ] updating countdown to 0
[07:06:43.023] [SEVERE ] removing tokens from slot 8
[07:06:43.023] [SEVERE ] removing card from slot 8
[07:06:43.133] [SEVERE ] removing tokens from slot 6
[07:06:43.133] [SEVERE ] removing card from slot 6
[07:06:43.242] [SEVERE ] removing tokens from slot 10
[07:06:43.242] [SEVERE ] removing card from slot 10
[07:06:43.350] [SEVERE ] removing tokens from slot 4
[07:06:43.350] [SEVERE ] removing card from slot 4
[07:06:43.460] [SEVERE ] removing tokens from slot 2
[07:06:43.460] [SEVERE ] removing card from slot 2
[07:06:43.569] [SEVERE ] removing tokens from slot 3
[07:06:43.569] [SEVERE ] removing card from slot 3
[07:06:43.678] [SEVERE ] removing tokens from slot 5
[07:06:43.678] [SEVERE ] removing card from slot 5
[07:06:43.786] [SEVERE ] removing tokens from slot 9
[07:06:43.786] [SEVERE ] removing card from slot 9
[07:06:43.895] [SEVERE ] removing tokens from slot 0
[07:06:43.895] [SEVERE ] removing card from slot 0
[07:06:44.005] [SEVERE ] removing tokens from slot 1
[07:06:44.005] [SEVERE ] removing card from slot 1
[07:06:44.114] [SEVERE ] removing tokens from slot 11
[07:06:44.114] [SEVERE ] removing card from slot 11
[07:06:44.224] [SEVERE ] removing tokens from slot 7
[07:06:44.224] [SEVERE ] removing card from slot 7
[07:06:44.332] [SEVERE ] placing card 37 in slot 9
[07:06:44.442] [SEVERE ] placing card 58 in slot 1
[07:06:44.552] [SEVERE ] placing card 27 in slot 7
[07:06:44.660] [SEVERE ] placing card 61 in slot 0
[07:06:44.769] [SEVERE ] placing card 2 in slot 11
[07:06:44.878] [SEVERE ] placing card 9 in slot 2
[07:06:44.987] [SEVERE ] placing card 75 in slot 5
[07:06:45.095] [SEVERE ] placing card 56 in slot 4
[07:06:45.204] [SEVERE ] placing card 63 in slot 8
[07:06:45.314] [SEVERE ] placing card 54 in slot 6
[07:06:45.423] [SEVERE ] placing card 24 in slot 10
[07:06:45.532] [SEVERE ] placing card 39 in slot 3
[07:06:45.533] [SEVERE ] updating countdown to 4999
[07:06:45.533] [SEVERE ] updating countdown to 4999
[07:06:45.533] [SEVERE ] updating countdown to 4999
[07:06:45.533] [SEVERE ] updating countdown to 4999
[07:06:45.533] [SEVERE ] updating countdown to 4999
[07:06:45.533] [SEVERE ] updating countdown to 4999
[07:06:45.533] [SEVERE ] updating countdown to 4999
[07:06:45.533] [SEVERE ] updating countdown to 4999
[07:06:45.533] [SEVERE ] updating countdown to 4999
[07:06:45.533] [SEVERE ] updating countdown to 4999
[07:06:45.533] [SEVERE ] updating countdown to 4999
[07:06:45.533] [SEVERE ] updating countdown to 4999
[07:06:46.543] [SEVERE ] updating countdown to 3989
[07:06:50.599] [SEVERE ] updating countdown to 0
[07:06:50.599] [SEVERE ] updating countdown to 0
[07:06:50.706] [SEVERE ] removing tokens from slot 10
[07:06:50.706] [SEVERE ] removing card from slot 10
[07:06:50.814] [SEVERE ] removing tokens from slot 7
[07:06:50.814] [SEVERE ] removing card from slot 7
[07:06:50.924] [SEVERE ] removing tokens from slot 3
[07:06:50.924] [SEVERE ] removing card from slot 3
[07:06:51.033] [SEVERE ] removing tokens from slot 8
[07:06:51.033] [SEVERE ] removing card from slot 8
[07:06:51.145] [SEVERE ] removing tokens from slot 0
[07:06:51.145] [SEVERE ] removing card from slot 0
[07:06:51.256] [SEVERE ] removing tokens from slot 6
[07:06:51.256] [SEVERE ] removing card from slot 6
[07:06:51.363] [SEVERE ] removing tokens from slot 5
[07:06:51.363] [SEVERE ] removing card from slot 5
[07:06:51.472] [SEVERE ] removing tokens from slot 1
[07:06:51.472] [SEVERE ] removing card from slot 1
[07:06:51.580] [SEVERE ] removing tokens from slot 11
[07:06:51.580] [SEVERE ] removing card from slot 11
[07:06:51.690] [SEVERE ] removing tokens from slot 4
[07:06:51.690] [SEVERE ] removing card from slot 4
[07:06:51.799] [SEVERE ] removing tokens from slot 2
[07:06:51.799] [SEVERE ] removing card from slot 2
[07:06:51.908] [SEVERE ] removing tokens from slot 9
[07:06:51.908] [SEVERE ] removing card from slot 9
[07:06:52.017] [SEVERE ] placing card 79 in slot 9
[07:06:52.124] [SEVERE ] placing card 12 in slot 2
[07:06:52.235] [SEVERE ] placing card 31 in slot 10
[07:06:52.343] [SEVERE ] placing card 23 in slot 4
[07:06:52.452] [SEVERE ] placing card 55 in slot 11
[07:06:52.561] [SEVERE ] placing card 21 in slot 5
[07:06:52.669] [SEVERE ] placing card 41 in slot 0
[07:06:52.777] [SEVERE ] placing card 74 in slot 1
[07:06:52.885] [SEVERE ] placing card 68 in slot 7
[07:06:52.994] [SEVERE ] placing card 42 in slot 8
[07:06:53.104] [SEVERE ] placing card 48 in slot 3
[07:06:53.212] [SEVERE ] placing card 67 in slot 6
[07:06:53.212] [SEVERE ] updating countdown to 4999
[07:06:53.212] [SEVERE ] updating countdown to 4999
[07:06:53.212] [SEVERE ] updating countdown to 4999
[07:06:54.214] [SEVERE ] updating countdown to 3997
[07:06:54.914] [SEVERE ] exit button pressed
[07:06:54.915] [INFO   ] thread Player: 01 terminated.
[07:06:54.916] [INFO   ] thread Player: 11 terminated.
[07:06:55.336] [SEVERE ] removing tokens from slot 2
[07:06:55.336] [SEVERE ] removing card from slot 2
[07:06:55.445] [SEVERE ] removing tokens from slot 9
[07:06:55.445] [SEVERE ] removing card from slot 9
[07:06:55.554] [SEVERE ] removing tokens from slot 6
[07:06:55.554] [SEVERE ] removing card from slot 6
[07:06:55.664] [SEVERE ] removing tokens from slot 5
[07:06:55.664] [SEVERE ] removing card from slot 5
[07:06:55.773] [SEVERE ] removing tokens from slot 8
[07:06:55.773] [SEVERE ] removing card from slot 8
[07:06:55.881] [SEVERE ] removing tokens from slot 4
[07:06:55.881] [SEVERE ] removing card from slot 4
[07:06:55.991] [SEVERE ] removing tokens from slot 10
[07:06:55.991] [SEVERE ] removing card from slot 10
[07:06:56.101] [SEVERE ] removing tokens from slot 7
[07:06:56.101] [SEVERE ] removing card from slot 7
[07:06:56.209] [SEVERE ] removing tokens from slot 3
[07:06:56.209] [SEVERE ] removing card from slot 3
[07:06:56.320] [SEVERE ] removing tokens from slot 11
[07:06:56.320] [SEVERE ] removing card from slot 11
[07:06:56.428] [SEVERE ] removing tokens from slot 1
[07:06:56.428] [SEVERE ] removing card from slot 1
[07:06:56.537] [SEVERE ] removing tokens from slot 0
[07:06:56.537] [SEVERE ] removing card from slot 0
[07:06:56.539] [SEVERE ] announcing winner(s): player 2, player 1
[07:06:56.544] [INFO   ] thread dealer terminated.
[07:06:56.545] [INFO   ] thread dealer terminated.
[07:06:56.545] [SEVERE ] thanks for playing... it was fun!
[07:06:56.546] [INFO   ] thread main terminated.
