[03:56:20.949] [INFO   ] thread main starting.
[03:56:20.957] [SEVERE ] cannot read configuration file config.properties trying from resources.
[03:56:20.959] [SEVERE ] configuration file was loaded from resources directory.
[03:56:21.400] [INFO   ] thread dealer starting.
[03:56:21.401] [INFO   ] thread dealer starting.
[03:56:21.517] [SEVERE ] placing card 58 in slot 7
[03:56:21.627] [SEVERE ] placing card 54 in slot 1
[03:56:21.737] [SEVERE ] placing card 50 in slot 2
[03:56:21.847] [SEVERE ] placing card 65 in slot 0
[03:56:21.955] [SEVERE ] placing card 7 in slot 4
[03:56:22.063] [SEVERE ] placing card 64 in slot 3
[03:56:22.171] [SEVERE ] placing card 57 in slot 5
[03:56:22.281] [SEVERE ] placing card 17 in slot 9
[03:56:22.390] [SEVERE ] placing card 74 in slot 10
[03:56:22.498] [SEVERE ] placing card 13 in slot 11
[03:56:22.608] [SEVERE ] placing card 15 in slot 8
[03:56:22.718] [SEVERE ] placing card 52 in slot 6
[03:56:22.724] [SEVERE ] updating countdown to 15000
[03:56:22.725] [INFO   ] thread Player: 01 created.
[03:56:22.725] [INFO   ] thread Player: 01 starting.
[03:56:22.725] [INFO   ] thread Player: 11 created.
[03:56:22.726] [INFO   ] thread Player: 11 starting.
[03:56:22.828] [SEVERE ] updating countdown to 14896
[03:56:22.938] [SEVERE ] updating countdown to 14786
[03:56:23.047] [SEVERE ] updating countdown to 14677
[03:56:23.156] [SEVERE ] updating countdown to 14568
[03:56:23.266] [SEVERE ] updating countdown to 14458
[03:56:23.374] [SEVERE ] updating countdown to 14350
[03:56:23.483] [SEVERE ] updating countdown to 14241
[03:56:23.591] [SEVERE ] updating countdown to 14133
[03:56:23.701] [SEVERE ] updating countdown to 14023
[03:56:23.810] [SEVERE ] updating countdown to 13914
[03:56:23.826] [SEVERE ] exit button pressed
[03:56:23.826] [INFO   ] thread Player: 01 terminated.
[03:56:23.826] [INFO   ] thread Player: 11 terminated.
[03:56:23.917] [SEVERE ] updating countdown to 13807
[03:56:23.917] [SEVERE ] updating countdown to 13807
[03:56:24.027] [SEVERE ] removing tokens from slot 10
[03:56:24.027] [SEVERE ] removing card from slot 10
[03:56:24.133] [SEVERE ] removing tokens from slot 8
[03:56:24.133] [SEVERE ] removing card from slot 8
[03:56:24.242] [SEVERE ] removing tokens from slot 6
[03:56:24.242] [SEVERE ] removing card from slot 6
[03:56:24.351] [SEVERE ] removing tokens from slot 2
[03:56:24.351] [SEVERE ] removing card from slot 2
[03:56:24.462] [SEVERE ] removing tokens from slot 7
[03:56:24.462] [SEVERE ] removing card from slot 7
[03:56:24.570] [SEVERE ] removing tokens from slot 9
[03:56:24.570] [SEVERE ] removing card from slot 9
[03:56:24.679] [SEVERE ] removing tokens from slot 5
[03:56:24.679] [SEVERE ] removing card from slot 5
[03:56:24.789] [SEVERE ] removing tokens from slot 0
[03:56:24.789] [SEVERE ] removing card from slot 0
[03:56:24.899] [SEVERE ] removing tokens from slot 11
[03:56:24.900] [SEVERE ] removing card from slot 11
[03:56:25.008] [SEVERE ] removing tokens from slot 1
[03:56:25.008] [SEVERE ] removing card from slot 1
[03:56:25.116] [SEVERE ] removing tokens from slot 3
[03:56:25.116] [SEVERE ] removing card from slot 3
[03:56:25.225] [SEVERE ] removing tokens from slot 4
[03:56:25.226] [SEVERE ] removing card from slot 4
[03:56:25.228] [SEVERE ] announcing winner(s): player 2, player 1
[03:56:25.231] [INFO   ] thread dealer terminated.
[03:56:25.231] [INFO   ] thread dealer terminated.
[03:56:25.232] [SEVERE ] thanks for playing... it was fun!
[03:56:25.233] [INFO   ] thread main terminated.
