[02:18:01.788] [INFO   ] thread main starting.
[02:18:01.823] [SEVERE ] cannot read configuration file config.properties trying from resources.
[02:18:01.829] [SEVERE ] configuration file was loaded from resources directory.
[02:18:04.233] [INFO   ] thread dealer starting.
[02:18:04.240] [INFO   ] thread dealer starting.
[02:18:04.390] [SEVERE ] placing card 41 in slot 6
[02:18:04.532] [SEVERE ] placing card 74 in slot 10
[02:18:04.642] [SEVERE ] placing card 15 in slot 1
[02:18:04.752] [SEVERE ] placing card 62 in slot 9
[02:18:04.862] [SEVERE ] placing card 38 in slot 2
[02:18:04.971] [SEVERE ] placing card 19 in slot 11
[02:18:05.080] [SEVERE ] placing card 28 in slot 0
[02:18:05.191] [SEVERE ] placing card 32 in slot 7
[02:18:05.303] [SEVERE ] placing card 10 in slot 3
[02:18:05.412] [SEVERE ] placing card 14 in slot 4
[02:18:05.521] [SEVERE ] placing card 34 in slot 8
[02:18:05.631] [SEVERE ] placing card 12 in slot 5
[02:18:05.632] [SEVERE ] updating countdown to 60000
[02:18:05.636] [INFO   ] thread Player: 01 created.
[02:18:05.637] [INFO   ] thread Player: 11 created.
[02:18:05.638] [INFO   ] thread Player: 11 starting.
[02:18:05.637] [INFO   ] thread Player: 01 starting.
[02:18:05.644] [INFO   ] thread computer-0 starting.
[02:18:05.644] [INFO   ] thread computer-1 starting.
[02:18:05.645] [SEVERE ] player 1 placing token on slot 5
[02:18:05.646] [SEVERE ] player 2 placing token on slot 6
[02:18:05.647] [SEVERE ] player 1 placing token on slot 1
[02:18:05.648] [SEVERE ] player 2 placing token on slot 4
[02:18:05.650] [SEVERE ] player 1 placing token on slot 2
[02:18:05.650] [SEVERE ] player 2 placing token on slot 9
[02:18:05.657] [SEVERE ] updating countdown to 59975
[02:18:05.663] [SEVERE ] updating countdown to 59969
[02:18:05.664] [SEVERE ] setting player 1 freeze to 3000
[02:18:05.665] [SEVERE ] setting player 2 freeze to 3000
[02:18:05.773] [SEVERE ] updating countdown to 59859
[02:18:05.884] [SEVERE ] updating countdown to 59748
[02:18:05.996] [SEVERE ] updating countdown to 59636
[02:18:06.108] [SEVERE ] updating countdown to 59524
[02:18:06.219] [SEVERE ] updating countdown to 59413
[02:18:06.328] [SEVERE ] updating countdown to 59304
[02:18:06.438] [SEVERE ] updating countdown to 59194
[02:18:06.547] [SEVERE ] updating countdown to 59085
[02:18:06.659] [SEVERE ] updating countdown to 58973
[02:18:06.675] [SEVERE ] setting player 2 freeze to 2000
[02:18:06.675] [SEVERE ] setting player 1 freeze to 2000
[02:18:06.769] [SEVERE ] updating countdown to 58863
[02:18:06.879] [SEVERE ] updating countdown to 58753
[02:18:06.989] [SEVERE ] updating countdown to 58643
[02:18:07.100] [SEVERE ] updating countdown to 58532
[02:18:07.209] [SEVERE ] updating countdown to 58423
[02:18:07.319] [SEVERE ] updating countdown to 58313
[02:18:07.426] [SEVERE ] updating countdown to 58206
[02:18:07.536] [SEVERE ] updating countdown to 58096
[02:18:07.644] [SEVERE ] updating countdown to 57988
[02:18:07.690] [SEVERE ] setting player 1 freeze to 1000
[02:18:07.690] [SEVERE ] setting player 2 freeze to 1000
[02:18:07.754] [SEVERE ] updating countdown to 57878
[02:18:07.862] [SEVERE ] updating countdown to 57770
[02:18:07.970] [SEVERE ] updating countdown to 57662
[02:18:08.079] [SEVERE ] updating countdown to 57553
[02:18:08.188] [SEVERE ] updating countdown to 57444
[02:18:08.297] [SEVERE ] updating countdown to 57335
[02:18:08.407] [SEVERE ] updating countdown to 57225
[02:18:08.517] [SEVERE ] updating countdown to 57115
[02:18:08.627] [SEVERE ] updating countdown to 57005
[02:18:08.691] [SEVERE ] setting player 1 freeze to 0
[02:18:08.692] [SEVERE ] removing player 1 token from slot 2
[02:18:08.692] [SEVERE ] player 1 placing token on slot 2
[02:18:08.692] [SEVERE ] updating countdown to 56940
[02:18:08.692] [SEVERE ] setting player 1 freeze to 3000
[02:18:08.706] [SEVERE ] setting player 2 freeze to 0
[02:18:08.706] [SEVERE ] removing player 2 token from slot 6
[02:18:08.707] [SEVERE ] player 2 placing token on slot 3
[02:18:08.707] [SEVERE ] updating countdown to 56925
[02:18:08.707] [SEVERE ] setting player 2 freeze to 3000
[02:18:08.814] [SEVERE ] updating countdown to 56818
[02:18:08.925] [SEVERE ] updating countdown to 56707
[02:18:09.034] [SEVERE ] updating countdown to 56598
[02:18:09.144] [SEVERE ] updating countdown to 56488
[02:18:09.253] [SEVERE ] updating countdown to 56379
[02:18:09.362] [SEVERE ] updating countdown to 56270
[02:18:09.472] [SEVERE ] updating countdown to 56160
[02:18:09.581] [SEVERE ] updating countdown to 56051
[02:18:09.689] [SEVERE ] updating countdown to 55943
[02:18:09.704] [SEVERE ] setting player 1 freeze to 2000
[02:18:09.720] [SEVERE ] setting player 2 freeze to 2000
[02:18:09.799] [SEVERE ] updating countdown to 55833
[02:18:09.908] [SEVERE ] updating countdown to 55724
[02:18:10.016] [SEVERE ] updating countdown to 55616
[02:18:10.125] [SEVERE ] updating countdown to 55507
[02:18:10.235] [SEVERE ] updating countdown to 55397
[02:18:10.344] [SEVERE ] updating countdown to 55288
[02:18:10.453] [SEVERE ] updating countdown to 55179
[02:18:10.564] [SEVERE ] updating countdown to 55068
[02:18:10.673] [SEVERE ] updating countdown to 54959
[02:18:10.720] [SEVERE ] setting player 1 freeze to 1000
[02:18:10.735] [SEVERE ] setting player 2 freeze to 1000
[02:18:10.781] [SEVERE ] updating countdown to 54851
[02:18:10.889] [SEVERE ] updating countdown to 54743
[02:18:10.998] [SEVERE ] updating countdown to 54634
[02:18:11.108] [SEVERE ] updating countdown to 54524
[02:18:11.217] [SEVERE ] updating countdown to 54415
[02:18:11.327] [SEVERE ] updating countdown to 54305
[02:18:11.436] [SEVERE ] updating countdown to 54196
[02:18:11.544] [SEVERE ] updating countdown to 54088
[02:18:11.653] [SEVERE ] updating countdown to 53979
[02:18:11.731] [SEVERE ] setting player 1 freeze to 0
[02:18:11.731] [SEVERE ] removing player 1 token from slot 1
[02:18:11.731] [SEVERE ] player 1 placing token on slot 0
[02:18:11.731] [SEVERE ] updating countdown to 53901
[02:18:11.732] [SEVERE ] setting player 1 freeze to 3000
[02:18:11.747] [SEVERE ] setting player 2 freeze to 0
[02:18:11.747] [SEVERE ] removing player 2 token from slot 9
[02:18:11.747] [SEVERE ] player 2 placing token on slot 7
[02:18:11.748] [SEVERE ] updating countdown to 53884
[02:18:11.748] [SEVERE ] setting player 2 freeze to 3000
[02:18:11.856] [SEVERE ] updating countdown to 53776
[02:18:11.966] [SEVERE ] updating countdown to 53666
[02:18:12.075] [SEVERE ] updating countdown to 53557
[02:18:12.184] [SEVERE ] updating countdown to 53448
[02:18:12.293] [SEVERE ] updating countdown to 53339
[02:18:12.402] [SEVERE ] updating countdown to 53230
[02:18:12.510] [SEVERE ] updating countdown to 53122
[02:18:12.620] [SEVERE ] updating countdown to 53012
[02:18:12.719] [SEVERE ] exit button pressed
[02:18:12.720] [INFO   ] thread Player: 01 terminated.
[02:18:12.720] [INFO   ] thread Player: 11 terminated.
[02:18:12.727] [SEVERE ] updating countdown to 52905
[02:18:12.730] [SEVERE ] updating countdown to 52902
[02:18:12.836] [SEVERE ] removing tokens from slot 4
[02:18:12.836] [SEVERE ] removing card from slot 4
[02:18:12.945] [SEVERE ] removing tokens from slot 8
[02:18:12.945] [SEVERE ] removing card from slot 8
[02:18:13.054] [SEVERE ] removing tokens from slot 10
[02:18:13.054] [SEVERE ] removing card from slot 10
[02:18:13.163] [SEVERE ] removing tokens from slot 6
[02:18:13.163] [SEVERE ] removing card from slot 6
[02:18:13.271] [SEVERE ] removing tokens from slot 9
[02:18:13.271] [SEVERE ] removing card from slot 9
[02:18:13.381] [SEVERE ] removing tokens from slot 11
[02:18:13.381] [SEVERE ] removing card from slot 11
[02:18:13.488] [SEVERE ] removing tokens from slot 3
[02:18:13.488] [SEVERE ] removing card from slot 3
[02:18:13.597] [SEVERE ] removing tokens from slot 1
[02:18:13.597] [SEVERE ] removing card from slot 1
[02:18:13.706] [SEVERE ] removing tokens from slot 2
[02:18:13.706] [SEVERE ] removing card from slot 2
[02:18:13.814] [SEVERE ] removing tokens from slot 7
[02:18:13.814] [SEVERE ] removing card from slot 7
[02:18:13.923] [SEVERE ] removing tokens from slot 0
[02:18:13.923] [SEVERE ] removing card from slot 0
[02:18:14.031] [SEVERE ] removing tokens from slot 5
[02:18:14.031] [SEVERE ] removing card from slot 5
[02:18:14.033] [SEVERE ] announcing winner(s): player 2, player 1
[02:18:14.037] [INFO   ] thread dealer terminated.
[02:18:14.037] [INFO   ] thread dealer terminated.
[02:18:14.037] [SEVERE ] thanks for playing... it was fun!
[02:18:14.039] [INFO   ] thread main terminated.
