[04:04:22.077] [INFO   ] thread main starting.
[04:04:22.085] [SEVERE ] cannot read configuration file config.properties trying from resources.
[04:04:22.086] [SEVERE ] configuration file was loaded from resources directory.
[04:04:22.428] [INFO   ] thread dealer starting.
[04:04:22.428] [INFO   ] thread dealer starting.
[04:04:22.550] [SEVERE ] placing card 52 in slot 5
[04:04:22.661] [SEVERE ] placing card 59 in slot 2
[04:04:22.770] [SEVERE ] placing card 74 in slot 10
[04:04:22.879] [SEVERE ] placing card 44 in slot 1
[04:04:22.988] [SEVERE ] placing card 42 in slot 8
[04:04:23.098] [SEVERE ] placing card 17 in slot 3
[04:04:23.207] [SEVERE ] placing card 63 in slot 7
[04:04:23.316] [SEVERE ] placing card 72 in slot 11
[04:04:23.424] [SEVERE ] placing card 35 in slot 9
[04:04:23.533] [SEVERE ] placing card 31 in slot 6
[04:04:23.641] [SEVERE ] placing card 13 in slot 4
[04:04:23.749] [SEVERE ] placing card 76 in slot 0
[04:04:23.761] [SEVERE ] updating countdown to 10000
[04:04:23.762] [INFO   ] thread Player: 01 created.
[04:04:23.762] [INFO   ] thread Player: 11 created.
[04:04:23.763] [INFO   ] thread Player: 11 starting.
[04:04:23.763] [INFO   ] thread Player: 21 created.
[04:04:23.763] [INFO   ] thread Player: 01 starting.
[04:04:23.763] [INFO   ] thread Player: 31 created.
[04:04:23.763] [INFO   ] thread Player: 21 starting.
[04:04:23.764] [INFO   ] thread Player: 41 created.
[04:04:23.764] [INFO   ] thread Player: 51 created.
[04:04:23.764] [INFO   ] thread Player: 31 starting.
[04:04:23.764] [INFO   ] thread Player: 61 created.
[04:04:23.764] [INFO   ] thread computer-0 starting.
[04:04:23.764] [INFO   ] thread computer-1 starting.
[04:04:23.765] [SEVERE ] player 1 placing token on slot 8
[04:04:23.765] [INFO   ] thread computer-3 starting.
[04:04:23.765] [INFO   ] thread Player: 61 starting.
[04:04:23.765] [INFO   ] thread Player: 71 created.
[04:04:23.765] [INFO   ] thread computer-2 starting.
[04:04:23.765] [INFO   ] thread Player: 41 starting.
[04:04:23.765] [INFO   ] thread Player: 51 starting.
[04:04:23.774] [SEVERE ] player 3 placing token on slot 6
[04:04:23.774] [INFO   ] thread Player: 81 created.
[04:04:23.774] [SEVERE ] player 4 placing token on slot 6
[04:04:23.774] [SEVERE ] player 1 placing token on slot 9
[04:04:23.773] [SEVERE ] player 2 placing token on slot 7
[04:04:23.773] [INFO   ] thread Player: 71 starting.
[04:04:23.776] [SEVERE ] removing player 2 token from slot 7
[04:04:23.776] [SEVERE ] player 1 placing token on slot 5
[04:04:23.775] [INFO   ] thread Player: 91 starting.
[04:04:23.775] [SEVERE ] player 4 placing token on slot 9
[04:04:23.775] [INFO   ] thread Player: 91 created.
[04:04:23.775] [SEVERE ] removing player 3 token from slot 6
[04:04:23.775] [INFO   ] thread computer-5 starting.
[04:04:23.775] [INFO   ] thread Player: 81 starting.
[04:04:23.775] [INFO   ] thread computer-4 starting.
[04:04:23.775] [INFO   ] thread computer-6 starting.
[04:04:23.780] [SEVERE ] player 5 placing token on slot 2
[04:04:23.780] [INFO   ] thread computer-8 starting.
[04:04:23.777] [SEVERE ] player 6 placing token on slot 3
[04:04:23.777] [SEVERE ] player 3 placing token on slot 0
[04:04:23.777] [INFO   ] thread computer-9 starting.
[04:04:23.777] [SEVERE ] player 4 placing token on slot 4
[04:04:23.776] [INFO   ] thread computer-7 starting.
[04:04:23.776] [SEVERE ] player 2 placing token on slot 7
[04:04:23.782] [SEVERE ] player 8 placing token on slot 5
[04:04:23.781] [SEVERE ] player 10 placing token on slot 7
[04:04:23.781] [SEVERE ] player 3 placing token on slot 9
[04:04:23.781] [SEVERE ] player 6 placing token on slot 8
[04:04:23.780] [SEVERE ] player 9 placing token on slot 4
[04:04:23.780] [SEVERE ] player 5 placing token on slot 4
[04:04:23.780] [SEVERE ] player 7 placing token on slot 10
[04:04:23.783] [SEVERE ] removing player 5 token from slot 4
[04:04:23.783] [SEVERE ] player 9 placing token on slot 3
[04:04:23.783] [SEVERE ] removing player 6 token from slot 8
[04:04:23.782] [SEVERE ] player 3 placing token on slot 6
[04:04:23.782] [SEVERE ] player 10 placing token on slot 9
[04:04:23.782] [SEVERE ] player 8 placing token on slot 1
[04:04:23.782] [SEVERE ] player 2 placing token on slot 1
[04:04:23.784] [SEVERE ] player 8 placing token on slot 8
[04:04:23.784] [SEVERE ] player 10 placing token on slot 1
[04:04:23.784] [SEVERE ] player 6 placing token on slot 5
[04:04:23.783] [SEVERE ] player 9 placing token on slot 0
[04:04:23.783] [SEVERE ] player 5 placing token on slot 0
[04:04:23.783] [SEVERE ] player 7 placing token on slot 6
[04:04:23.785] [SEVERE ] player 5 placing token on slot 6
[04:04:23.785] [SEVERE ] player 6 placing token on slot 9
[04:04:23.784] [SEVERE ] removing player 2 token from slot 7
[04:04:23.786] [SEVERE ] player 7 placing token on slot 7
[04:04:23.786] [SEVERE ] removing player 2 token from slot 1
[04:04:23.787] [SEVERE ] player 2 placing token on slot 5
[04:04:23.787] [SEVERE ] player 2 placing token on slot 1
[04:04:23.788] [SEVERE ] player 2 placing token on slot 3
