[04:48:15.210] [INFO   ] thread main starting.
[04:48:15.219] [SEVERE ] cannot read configuration file config.properties trying from resources.
[04:48:15.220] [SEVERE ] configuration file was loaded from resources directory.
[04:48:15.664] [INFO   ] thread dealer starting.
[04:48:15.665] [INFO   ] thread dealer starting.
[04:48:15.776] [SEVERE ] placing card 35 in slot 8
[04:48:15.888] [SEVERE ] placing card 41 in slot 3
[04:48:15.997] [SEVERE ] placing card 11 in slot 0
[04:48:16.105] [SEVERE ] placing card 46 in slot 5
[04:48:16.215] [SEVERE ] placing card 28 in slot 1
[04:48:16.325] [SEVERE ] placing card 78 in slot 9
[04:48:16.435] [SEVERE ] placing card 50 in slot 6
[04:48:16.544] [SEVERE ] placing card 37 in slot 10
[04:48:16.653] [SEVERE ] placing card 5 in slot 2
[04:48:16.762] [SEVERE ] placing card 27 in slot 4
[04:48:16.871] [SEVERE ] placing card 40 in slot 11
[04:48:16.979] [SEVERE ] placing card 43 in slot 7
[04:48:16.993] [SEVERE ] updating countdown to 10000
[04:48:16.994] [INFO   ] thread Player: 01 created.
[04:48:16.994] [INFO   ] thread Player: 11 created.
[04:48:16.994] [INFO   ] thread Player: 01 starting.
[04:48:16.994] [INFO   ] thread Player: 21 starting.
[04:48:16.994] [INFO   ] thread Player: 21 created.
[04:48:16.994] [INFO   ] thread Player: 11 starting.
[04:48:16.995] [INFO   ] thread computer-0 starting.
[04:48:16.995] [INFO   ] thread computer-1 starting.
[04:48:16.995] [INFO   ] thread Player: 31 created.
[04:48:16.996] [SEVERE ] player 2 placing token on slot 3
[04:48:16.995] [SEVERE ] player 1 placing token on slot 4
[04:48:16.995] [INFO   ] thread computer-2 starting.
[04:48:16.995] [INFO   ] thread Player: 31 starting.
[04:48:16.996] [SEVERE ] player 3 placing token on slot 1
[04:48:16.996] [SEVERE ] player 1 placing token on slot 3
[04:48:16.996] [SEVERE ] player 2 placing token on slot 7
[04:48:16.996] [INFO   ] thread Player: 41 starting.
[04:48:16.996] [INFO   ] thread Player: 41 created.
[04:48:16.997] [SEVERE ] removing player 2 token from slot 3
[04:48:16.997] [SEVERE ] player 1 placing token on slot 6
[04:48:16.997] [SEVERE ] player 3 placing token on slot 2
[04:48:16.997] [INFO   ] thread computer-3 starting.
[04:48:16.998] [SEVERE ] removing player 3 token from slot 2
[04:48:16.998] [INFO   ] thread Player: 51 starting.
[04:48:16.998] [SEVERE ] player 2 placing token on slot 4
[04:48:16.998] [INFO   ] thread computer-4 starting.
[04:48:16.998] [INFO   ] thread Player: 51 created.
[04:48:17.006] [SEVERE ] player 5 placing token on slot 7
[04:48:17.006] [INFO   ] thread computer-5 starting.
[04:48:16.999] [SEVERE ] player 2 placing token on slot 9
[04:48:16.999] [SEVERE ] player 3 placing token on slot 2
[04:48:17.007] [SEVERE ] removing player 3 token from slot 2
[04:48:16.998] [SEVERE ] player 4 placing token on slot 5
[04:48:17.007] [SEVERE ] player 4 placing token on slot 6
[04:48:17.007] [SEVERE ] player 3 placing token on slot 2
[04:48:17.007] [INFO   ] thread Player: 61 starting.
[04:48:17.007] [SEVERE ] player 6 placing token on slot 9
[04:48:17.007] [SEVERE ] player 5 placing token on slot 5
[04:48:17.006] [INFO   ] thread Player: 61 created.
[04:48:17.008] [SEVERE ] player 5 placing token on slot 11
[04:48:17.008] [INFO   ] thread computer-6 starting.
[04:48:17.008] [SEVERE ] player 6 placing token on slot 11
[04:48:17.008] [SEVERE ] player 3 placing token on slot 3
[04:48:17.007] [SEVERE ] player 4 placing token on slot 4
[04:48:17.009] [SEVERE ] removing player 6 token from slot 11
[04:48:17.009] [SEVERE ] player 7 placing token on slot 0
[04:48:17.009] [INFO   ] thread Player: 71 starting.
[04:48:17.008] [INFO   ] thread Player: 71 created.
[04:48:17.010] [SEVERE ] player 7 placing token on slot 7
[04:48:17.010] [SEVERE ] player 7 placing token on slot 6
[04:48:17.010] [SEVERE ] player 6 placing token on slot 1
[04:48:17.010] [INFO   ] thread Player: 81 starting.
[04:48:17.010] [INFO   ] thread computer-7 starting.
[04:48:17.010] [INFO   ] thread Player: 81 created.
[04:48:17.011] [INFO   ] thread computer-8 starting.
[04:48:17.011] [SEVERE ] player 8 placing token on slot 1
[04:48:17.011] [SEVERE ] player 6 placing token on slot 7
[04:48:17.012] [SEVERE ] player 8 placing token on slot 9
[04:48:17.011] [SEVERE ] player 9 placing token on slot 7
[04:48:17.012] [SEVERE ] player 9 placing token on slot 0
[04:48:17.012] [SEVERE ] player 9 placing token on slot 8
[04:48:17.011] [INFO   ] thread Player: 91 starting.
[04:48:17.011] [INFO   ] thread Player: 91 created.
[04:48:17.012] [SEVERE ] player 8 placing token on slot 0
[04:48:17.013] [INFO   ] thread computer-9 starting.
[04:48:17.013] [SEVERE ] player 10 placing token on slot 1
[04:48:17.013] [SEVERE ] player 10 placing token on slot 10
[04:48:17.013] [SEVERE ] updating countdown to 9980
[04:48:17.013] [SEVERE ] player 10 placing token on slot 4
[04:48:17.015] [SEVERE ] updating countdown to 9978
[04:48:17.015] [SEVERE ] setting player 1 freeze to 100
[04:48:17.015] [SEVERE ] setting player 2 freeze to 100
[04:48:17.015] [SEVERE ] updating countdown to 9978
[04:48:17.015] [SEVERE ] setting player 5 freeze to 100
[04:48:17.015] [SEVERE ] updating countdown to 9978
[04:48:17.016] [SEVERE ] setting player 3 freeze to 100
[04:48:17.016] [SEVERE ] updating countdown to 9977
[04:48:17.016] [SEVERE ] setting player 4 freeze to 100
[04:48:17.016] [SEVERE ] updating countdown to 9977
[04:48:17.017] [SEVERE ] setting player 7 freeze to 100
[04:48:17.017] [SEVERE ] updating countdown to 9976
[04:48:17.017] [SEVERE ] updating countdown to 9976
[04:48:17.017] [SEVERE ] setting player 9 freeze to 100
[04:48:17.017] [SEVERE ] setting player 6 freeze to 100
[04:48:17.017] [SEVERE ] updating countdown to 9976
[04:48:17.018] [SEVERE ] updating countdown to 9975
[04:48:17.018] [SEVERE ] setting player 8 freeze to 100
[04:48:17.019] [SEVERE ] setting player 10 freeze to 100
[04:48:17.121] [SEVERE ] setting player 1 freeze to 0
[04:48:17.121] [SEVERE ] updating countdown to 9872
[04:48:17.121] [SEVERE ] setting player 6 freeze to 0
[04:48:17.121] [SEVERE ] setting player 8 freeze to 0
[04:48:17.121] [SEVERE ] setting player 9 freeze to 0
[04:48:17.121] [SEVERE ] setting player 7 freeze to 0
[04:48:17.121] [SEVERE ] setting player 10 freeze to 0
[04:48:17.121] [SEVERE ] setting player 3 freeze to 0
[04:48:17.121] [SEVERE ] setting player 2 freeze to 0
[04:48:17.121] [SEVERE ] setting player 4 freeze to 0
[04:48:17.121] [SEVERE ] setting player 5 freeze to 0
[04:48:17.121] [SEVERE ] removing player 1 token from slot 3
[04:48:17.123] [SEVERE ] removing player 1 token from slot 6
[04:48:17.123] [SEVERE ] removing player 6 token from slot 1
[04:48:17.123] [SEVERE ] removing player 10 token from slot 1
[04:48:17.123] [SEVERE ] removing player 9 token from slot 7
[04:48:17.123] [SEVERE ] removing player 4 token from slot 4
[04:48:17.123] [SEVERE ] removing player 7 token from slot 0
[04:48:17.123] [SEVERE ] removing player 2 token from slot 4
[04:48:17.123] [SEVERE ] removing player 3 token from slot 1
[04:48:17.123] [SEVERE ] removing player 5 token from slot 5
[04:48:17.124] [SEVERE ] removing player 3 token from slot 2
[04:48:17.124] [SEVERE ] player 2 placing token on slot 8
[04:48:17.124] [SEVERE ] removing player 7 token from slot 7
[04:48:17.123] [SEVERE ] removing player 4 token from slot 6
[04:48:17.123] [SEVERE ] player 9 placing token on slot 7
[04:48:17.123] [SEVERE ] player 10 placing token on slot 9
[04:48:17.123] [SEVERE ] player 6 placing token on slot 8
[04:48:17.123] [SEVERE ] player 1 placing token on slot 2
[04:48:17.123] [SEVERE ] removing player 8 token from slot 1
[04:48:17.125] [SEVERE ] player 1 placing token on slot 0
[04:48:17.125] [SEVERE ] player 4 placing token on slot 11
[04:48:17.124] [SEVERE ] player 7 placing token on slot 9
[04:48:17.124] [SEVERE ] updating countdown to 9869
[04:48:17.124] [SEVERE ] player 3 placing token on slot 2
[04:48:17.124] [SEVERE ] removing player 5 token from slot 7
[04:48:17.126] [SEVERE ] setting player 2 freeze to 100
[04:48:17.126] [SEVERE ] player 7 placing token on slot 4
[04:48:17.126] [SEVERE ] player 4 placing token on slot 4
[04:48:17.125] [SEVERE ] removing player 8 token from slot 9
[04:48:17.127] [SEVERE ] player 8 placing token on slot 11
[04:48:17.127] [SEVERE ] player 5 placing token on slot 5
[04:48:17.127] [SEVERE ] player 3 placing token on slot 9
[04:48:17.127] [SEVERE ] removing player 5 token from slot 11
[04:48:17.127] [SEVERE ] updating countdown to 9866
[04:48:17.127] [SEVERE ] player 8 placing token on slot 6
[04:48:17.128] [SEVERE ] setting player 9 freeze to 100
[04:48:17.127] [SEVERE ] player 5 placing token on slot 7
[04:48:17.128] [SEVERE ] updating countdown to 9865
[04:48:17.128] [SEVERE ] removing player 5 token from slot 5
[04:48:17.128] [SEVERE ] setting player 10 freeze to 100
[04:48:17.128] [SEVERE ] player 5 placing token on slot 8
[04:48:17.128] [SEVERE ] updating countdown to 9865
[04:48:17.128] [SEVERE ] player 5 placing token on slot 9
[04:48:17.129] [SEVERE ] setting player 6 freeze to 100
[04:48:17.129] [SEVERE ] updating countdown to 9864
[04:48:17.129] [SEVERE ] setting player 1 freeze to 100
[04:48:17.129] [SEVERE ] updating countdown to 9864
[04:48:17.129] [SEVERE ] setting player 7 freeze to 100
[04:48:17.129] [SEVERE ] updating countdown to 9864
[04:48:17.130] [SEVERE ] setting player 4 freeze to 100
[04:48:17.130] [SEVERE ] updating countdown to 9863
[04:48:17.130] [SEVERE ] setting player 3 freeze to 100
[04:48:17.130] [SEVERE ] updating countdown to 9863
[04:48:17.130] [SEVERE ] updating countdown to 9863
[04:48:17.130] [SEVERE ] setting player 8 freeze to 100
[04:48:17.130] [SEVERE ] setting player 5 freeze to 100
[04:48:17.232] [SEVERE ] setting player 4 freeze to 0
[04:48:17.232] [SEVERE ] setting player 3 freeze to 0
[04:48:17.232] [SEVERE ] setting player 9 freeze to 0
[04:48:17.232] [SEVERE ] removing player 4 token from slot 4
[04:48:17.232] [SEVERE ] setting player 8 freeze to 0
[04:48:17.232] [SEVERE ] setting player 7 freeze to 0
[04:48:17.232] [SEVERE ] setting player 10 freeze to 0
[04:48:17.233] [SEVERE ] removing player 7 token from slot 9
[04:48:17.233] [SEVERE ] removing player 10 token from slot 10
[04:48:17.233] [SEVERE ] player 10 placing token on slot 3
[04:48:17.232] [SEVERE ] setting player 6 freeze to 0
[04:48:17.232] [SEVERE ] setting player 2 freeze to 0
[04:48:17.232] [SEVERE ] setting player 1 freeze to 0
[04:48:17.232] [SEVERE ] setting player 5 freeze to 0
[04:48:17.232] [SEVERE ] updating countdown to 9761
[04:48:17.234] [SEVERE ] removing player 5 token from slot 7
[04:48:17.234] [SEVERE ] removing player 2 token from slot 9
[04:48:17.234] [SEVERE ] removing player 1 token from slot 2
[04:48:17.234] [SEVERE ] removing player 6 token from slot 9
[04:48:17.233] [SEVERE ] player 7 placing token on slot 5
[04:48:17.233] [SEVERE ] removing player 8 token from slot 0
[04:48:17.233] [SEVERE ] player 4 placing token on slot 1
[04:48:17.233] [SEVERE ] removing player 9 token from slot 8
[04:48:17.232] [SEVERE ] removing player 3 token from slot 9
[04:48:17.236] [SEVERE ] player 1 placing token on slot 2
[04:48:17.236] [SEVERE ] player 8 placing token on slot 9
[04:48:17.236] [SEVERE ] player 9 placing token on slot 6
[04:48:17.236] [SEVERE ] player 6 placing token on slot 5
[04:48:17.236] [SEVERE ] player 2 placing token on slot 4
[04:48:17.236] [SEVERE ] player 5 placing token on slot 4
[04:48:17.236] [SEVERE ] updating countdown to 9757
[04:48:17.236] [SEVERE ] player 3 placing token on slot 4
[04:48:17.237] [SEVERE ] updating countdown to 9756
[04:48:17.237] [SEVERE ] setting player 10 freeze to 100
[04:48:17.237] [SEVERE ] updating countdown to 9756
[04:48:17.237] [SEVERE ] setting player 7 freeze to 100
[04:48:17.237] [SEVERE ] setting player 4 freeze to 100
[04:48:17.237] [SEVERE ] updating countdown to 9756
[04:48:17.239] [SEVERE ] updating countdown to 9754
[04:48:17.239] [SEVERE ] setting player 1 freeze to 100
[04:48:17.239] [SEVERE ] setting player 8 freeze to 100
[04:48:17.239] [SEVERE ] updating countdown to 9754
[04:48:17.239] [SEVERE ] updating countdown to 9754
[04:48:17.239] [SEVERE ] setting player 9 freeze to 100
[04:48:17.239] [SEVERE ] setting player 6 freeze to 100
[04:48:17.239] [SEVERE ] updating countdown to 9754
[04:48:17.240] [SEVERE ] updating countdown to 9753
[04:48:17.240] [SEVERE ] setting player 2 freeze to 100
[04:48:17.240] [SEVERE ] setting player 5 freeze to 100
[04:48:17.240] [SEVERE ] updating countdown to 9753
[04:48:17.241] [SEVERE ] setting player 3 freeze to 100
[04:48:17.340] [SEVERE ] setting player 4 freeze to 0
[04:48:17.340] [SEVERE ] setting player 10 freeze to 0
[04:48:17.340] [SEVERE ] setting player 6 freeze to 0
[04:48:17.340] [SEVERE ] setting player 8 freeze to 0
[04:48:17.340] [SEVERE ] setting player 7 freeze to 0
[04:48:17.340] [SEVERE ] setting player 1 freeze to 0
[04:48:17.340] [SEVERE ] setting player 5 freeze to 0
[04:48:17.340] [SEVERE ] setting player 2 freeze to 0
[04:48:17.340] [SEVERE ] setting player 9 freeze to 0
[04:48:17.341] [SEVERE ] removing player 2 token from slot 4
[04:48:17.341] [SEVERE ] removing player 9 token from slot 0
[04:48:17.341] [SEVERE ] removing player 5 token from slot 9
[04:48:17.341] [SEVERE ] removing player 1 token from slot 4
[04:48:17.341] [SEVERE ] removing player 7 token from slot 5
[04:48:17.340] [SEVERE ] removing player 8 token from slot 11
[04:48:17.340] [SEVERE ] removing player 6 token from slot 8
[04:48:17.340] [SEVERE ] removing player 10 token from slot 3
[04:48:17.340] [SEVERE ] removing player 4 token from slot 1
[04:48:17.342] [SEVERE ] player 10 placing token on slot 5
[04:48:17.342] [SEVERE ] removing player 6 token from slot 5
[04:48:17.341] [SEVERE ] player 8 placing token on slot 11
[04:48:17.341] [SEVERE ] player 7 placing token on slot 3
[04:48:17.341] [SEVERE ] player 1 placing token on slot 3
[04:48:17.341] [SEVERE ] player 5 placing token on slot 7
[04:48:17.341] [SEVERE ] player 9 placing token on slot 2
[04:48:17.341] [SEVERE ] player 2 placing token on slot 11
[04:48:17.342] [SEVERE ] player 6 placing token on slot 5
[04:48:17.342] [SEVERE ] updating countdown to 9651
[04:48:17.342] [SEVERE ] player 4 placing token on slot 1
[04:48:17.343] [SEVERE ] player 6 placing token on slot 11
[04:48:17.343] [SEVERE ] setting player 10 freeze to 100
[04:48:17.344] [SEVERE ] updating countdown to 9649
[04:48:17.344] [SEVERE ] updating countdown to 9649
[04:48:17.344] [SEVERE ] setting player 8 freeze to 100
[04:48:17.344] [SEVERE ] updating countdown to 9649
[04:48:17.344] [SEVERE ] setting player 7 freeze to 100
[04:48:17.344] [SEVERE ] updating countdown to 9649
[04:48:17.344] [SEVERE ] setting player 1 freeze to 100
[04:48:17.345] [SEVERE ] setting player 5 freeze to 100
[04:48:17.345] [SEVERE ] updating countdown to 9648
[04:48:17.345] [SEVERE ] setting player 9 freeze to 100
[04:48:17.345] [SEVERE ] updating countdown to 9648
[04:48:17.346] [SEVERE ] setting player 2 freeze to 100
[04:48:17.346] [SEVERE ] updating countdown to 9647
[04:48:17.346] [SEVERE ] setting player 4 freeze to 100
[04:48:17.346] [SEVERE ] updating countdown to 9647
[04:48:17.346] [SEVERE ] setting player 6 freeze to 100
[04:48:17.355] [SEVERE ] setting player 3 freeze to 0
[04:48:17.355] [SEVERE ] removing player 3 token from slot 3
[04:48:17.355] [SEVERE ] player 3 placing token on slot 10
[04:48:17.355] [SEVERE ] updating countdown to 9638
[04:48:17.356] [SEVERE ] setting player 3 freeze to 100
[04:48:17.449] [SEVERE ] setting player 1 freeze to 0
[04:48:17.449] [SEVERE ] setting player 10 freeze to 0
[04:48:17.449] [SEVERE ] setting player 2 freeze to 0
[04:48:17.449] [SEVERE ] setting player 5 freeze to 0
[04:48:17.449] [SEVERE ] setting player 7 freeze to 0
[04:48:17.449] [SEVERE ] setting player 6 freeze to 0
[04:48:17.449] [SEVERE ] setting player 9 freeze to 0
[04:48:17.449] [SEVERE ] setting player 8 freeze to 0
[04:48:17.449] [SEVERE ] setting player 4 freeze to 0
[04:48:17.452] [SEVERE ] removing player 8 token from slot 11
[04:48:17.452] [SEVERE ] removing player 9 token from slot 6
[04:48:17.452] [SEVERE ] removing player 6 token from slot 5
[04:48:17.451] [SEVERE ] removing player 7 token from slot 6
[04:48:17.451] [SEVERE ] removing player 5 token from slot 7
[04:48:17.450] [SEVERE ] removing player 2 token from slot 8
[04:48:17.450] [SEVERE ] removing player 10 token from slot 4
[04:48:17.450] [SEVERE ] removing player 1 token from slot 0
[04:48:17.454] [SEVERE ] player 10 placing token on slot 2
[04:48:17.454] [SEVERE ] removing player 2 token from slot 7
[04:48:17.453] [SEVERE ] player 5 placing token on slot 3
[04:48:17.453] [SEVERE ] player 7 placing token on slot 11
[04:48:17.453] [SEVERE ] player 6 placing token on slot 0
[04:48:17.453] [SEVERE ] player 9 placing token on slot 0
[04:48:17.452] [SEVERE ] player 8 placing token on slot 4
[04:48:17.452] [SEVERE ] removing player 4 token from slot 11
[04:48:17.454] [SEVERE ] player 2 placing token on slot 2
[04:48:17.454] [SEVERE ] updating countdown to 9539
[04:48:17.454] [SEVERE ] player 1 placing token on slot 0
[04:48:17.455] [SEVERE ] player 2 placing token on slot 0
[04:48:17.455] [SEVERE ] player 4 placing token on slot 3
[04:48:17.456] [SEVERE ] setting player 10 freeze to 100
[04:48:17.456] [SEVERE ] updating countdown to 9537
[04:48:17.456] [SEVERE ] updating countdown to 9537
[04:48:17.456] [SEVERE ] setting player 5 freeze to 100
[04:48:17.456] [SEVERE ] setting player 7 freeze to 100
[04:48:17.456] [SEVERE ] updating countdown to 9537
[04:48:17.457] [SEVERE ] updating countdown to 9536
[04:48:17.457] [SEVERE ] setting player 6 freeze to 100
[04:48:17.457] [SEVERE ] setting player 9 freeze to 100
[04:48:17.457] [SEVERE ] updating countdown to 9536
[04:48:17.458] [SEVERE ] updating countdown to 9535
[04:48:17.458] [SEVERE ] setting player 8 freeze to 100
[04:48:17.458] [SEVERE ] updating countdown to 9535
[04:48:17.458] [SEVERE ] setting player 1 freeze to 100
[04:48:17.458] [SEVERE ] updating countdown to 9535
[04:48:17.458] [SEVERE ] setting player 2 freeze to 100
[04:48:17.459] [SEVERE ] setting player 4 freeze to 100
[04:48:17.465] [SEVERE ] setting player 3 freeze to 0
[04:48:17.465] [SEVERE ] removing player 3 token from slot 10
[04:48:17.465] [SEVERE ] player 3 placing token on slot 1
[04:48:17.466] [SEVERE ] updating countdown to 9527
[04:48:17.466] [SEVERE ] setting player 3 freeze to 100
[04:48:17.557] [SEVERE ] setting player 7 freeze to 0
[04:48:17.557] [SEVERE ] setting player 6 freeze to 0
[04:48:17.557] [SEVERE ] setting player 5 freeze to 0
[04:48:17.557] [SEVERE ] setting player 9 freeze to 0
[04:48:17.557] [SEVERE ] setting player 10 freeze to 0
[04:48:17.557] [SEVERE ] removing player 9 token from slot 7
[04:48:17.558] [SEVERE ] removing player 10 token from slot 2
[04:48:17.557] [SEVERE ] removing player 5 token from slot 3
[04:48:17.557] [SEVERE ] removing player 6 token from slot 7
[04:48:17.557] [SEVERE ] removing player 7 token from slot 3
[04:48:17.558] [SEVERE ] player 6 placing token on slot 8
[04:48:17.558] [SEVERE ] player 5 placing token on slot 5
[04:48:17.559] [SEVERE ] updating countdown to 9434
[04:48:17.558] [SEVERE ] removing player 10 token from slot 9
[04:48:17.558] [SEVERE ] removing player 9 token from slot 0
[04:48:17.559] [SEVERE ] setting player 6 freeze to 100
[04:48:17.558] [SEVERE ] player 7 placing token on slot 2
[04:48:17.560] [SEVERE ] player 9 placing token on slot 3
[04:48:17.560] [SEVERE ] player 10 placing token on slot 1
[04:48:17.560] [SEVERE ] updating countdown to 9433
[04:48:17.560] [SEVERE ] player 10 placing token on slot 10
[04:48:17.560] [SEVERE ] player 9 placing token on slot 5
[04:48:17.560] [SEVERE ] setting player 5 freeze to 100
[04:48:17.560] [SEVERE ] updating countdown to 9433
[04:48:17.561] [SEVERE ] updating countdown to 9432
[04:48:17.561] [SEVERE ] setting player 7 freeze to 100
[04:48:17.573] [SEVERE ] setting player 8 freeze to 0
[04:48:17.573] [SEVERE ] setting player 2 freeze to 0
[04:48:17.573] [SEVERE ] setting player 1 freeze to 0
[04:48:17.573] [SEVERE ] setting player 3 freeze to 0
[04:48:17.573] [SEVERE ] setting player 4 freeze to 0
[04:48:17.666] [SEVERE ] setting player 6 freeze to 0
[04:48:17.666] [SEVERE ] setting player 7 freeze to 0
[04:48:17.666] [SEVERE ] removing tokens from slot 1
[04:48:17.666] [SEVERE ] setting player 5 freeze to 0
[04:48:17.666] [SEVERE ] removing card from slot 1
[04:48:17.775] [SEVERE ] removing tokens from slot 5
[04:48:17.775] [SEVERE ] removing card from slot 5
[04:48:17.884] [SEVERE ] removing tokens from slot 10
[04:48:17.884] [SEVERE ] removing card from slot 10
[04:48:17.885] [SEVERE ] updating countdown to 10000
[04:48:17.885] [SEVERE ] setting player 10 score to 1
[04:48:17.885] [SEVERE ] setting player 10 freeze to 1000
[04:48:17.993] [SEVERE ] placing card 7 in slot 10
[04:48:18.101] [SEVERE ] placing card 53 in slot 1
[04:48:18.211] [SEVERE ] placing card 55 in slot 5
[04:48:18.211] [SEVERE ] player 4 placing token on slot 8
[04:48:18.212] [SEVERE ] removing player 8 token from slot 4
[04:48:18.212] [SEVERE ] removing player 7 token from slot 2
[04:48:18.211] [SEVERE ] player 5 placing token on slot 0
[04:48:18.212] [SEVERE ] removing player 2 token from slot 0
[04:48:18.211] [SEVERE ] player 3 placing token on slot 1
[04:48:18.212] [SEVERE ] removing player 1 token from slot 3
[04:48:18.212] [SEVERE ] player 2 placing token on slot 10
[04:48:18.212] [SEVERE ] player 7 placing token on slot 8
[04:48:18.212] [SEVERE ] player 8 placing token on slot 4
[04:48:18.212] [SEVERE ] removing player 6 token from slot 0
[04:48:18.212] [SEVERE ] player 4 placing token on slot 11
[04:48:18.213] [SEVERE ] player 6 placing token on slot 5
[04:48:18.213] [SEVERE ] player 1 placing token on slot 9
[04:48:18.216] [SEVERE ] updating countdown to 9669
[04:48:18.217] [SEVERE ] updating countdown to 9668
[04:48:18.217] [SEVERE ] player 9 placing token on slot 9
[04:48:18.217] [SEVERE ] setting player 5 freeze to 100
[04:48:18.217] [SEVERE ] updating countdown to 9668
[04:48:18.217] [SEVERE ] setting player 3 freeze to 100
[04:48:18.217] [SEVERE ] updating countdown to 9668
[04:48:18.218] [SEVERE ] updating countdown to 9667
[04:48:18.218] [SEVERE ] setting player 2 freeze to 100
[04:48:18.218] [SEVERE ] setting player 7 freeze to 100
[04:48:18.218] [SEVERE ] updating countdown to 9667
[04:48:18.218] [SEVERE ] updating countdown to 9667
[04:48:18.218] [SEVERE ] setting player 8 freeze to 100
[04:48:18.218] [SEVERE ] setting player 4 freeze to 100
[04:48:18.218] [SEVERE ] updating countdown to 9667
[04:48:18.219] [SEVERE ] setting player 6 freeze to 100
[04:48:18.219] [SEVERE ] updating countdown to 9666
[04:48:18.219] [SEVERE ] updating countdown to 9666
[04:48:18.219] [SEVERE ] setting player 1 freeze to 100
[04:48:18.219] [SEVERE ] setting player 9 freeze to 100
[04:48:18.321] [SEVERE ] setting player 3 freeze to 0
[04:48:18.321] [SEVERE ] setting player 5 freeze to 0
[04:48:18.321] [SEVERE ] setting player 7 freeze to 0
[04:48:18.321] [SEVERE ] updating countdown to 9564
[04:48:18.321] [SEVERE ] setting player 6 freeze to 0
[04:48:18.321] [SEVERE ] setting player 4 freeze to 0
[04:48:18.321] [SEVERE ] setting player 1 freeze to 0
[04:48:18.321] [SEVERE ] setting player 9 freeze to 0
[04:48:18.321] [SEVERE ] setting player 8 freeze to 0
[04:48:18.321] [SEVERE ] setting player 2 freeze to 0
[04:48:18.321] [SEVERE ] removing player 5 token from slot 4
[04:48:18.321] [SEVERE ] removing player 3 token from slot 2
[04:48:18.322] [SEVERE ] player 3 placing token on slot 11
[04:48:18.322] [SEVERE ] removing player 1 token from slot 9
[04:48:18.322] [SEVERE ] removing player 8 token from slot 9
[04:48:18.322] [SEVERE ] removing player 9 token from slot 3
[04:48:18.322] [SEVERE ] removing player 6 token from slot 5
[04:48:18.322] [SEVERE ] removing player 2 token from slot 10
[04:48:18.322] [SEVERE ] player 5 placing token on slot 11
[04:48:18.322] [SEVERE ] removing player 7 token from slot 11
[04:48:18.323] [SEVERE ] player 2 placing token on slot 9
[04:48:18.323] [SEVERE ] removing player 6 token from slot 8
[04:48:18.323] [SEVERE ] player 9 placing token on slot 0
[04:48:18.324] [SEVERE ] player 6 placing token on slot 3
[04:48:18.323] [SEVERE ] removing player 8 token from slot 6
[04:48:18.323] [SEVERE ] player 1 placing token on slot 9
[04:48:18.324] [SEVERE ] player 8 placing token on slot 0
[04:48:18.322] [SEVERE ] updating countdown to 9563
[04:48:18.322] [SEVERE ] removing player 4 token from slot 3
[04:48:18.324] [SEVERE ] player 8 placing token on slot 9
[04:48:18.324] [SEVERE ] player 6 placing token on slot 9
[04:48:18.323] [SEVERE ] removing player 7 token from slot 4
[04:48:18.324] [SEVERE ] player 4 placing token on slot 9
[04:48:18.430] [SEVERE ] removing tokens from slot 1
[04:48:18.430] [SEVERE ] removing card from slot 1
[04:48:18.534] [SEVERE ] removing tokens from slot 4
[04:48:18.534] [SEVERE ] removing card from slot 4
[04:48:18.642] [SEVERE ] removing tokens from slot 11
[04:48:18.642] [SEVERE ] removing card from slot 11
[04:48:18.642] [SEVERE ] updating countdown to 10000
[04:48:18.643] [SEVERE ] setting player 3 score to 1
[04:48:18.643] [SEVERE ] setting player 3 freeze to 1000
[04:48:18.752] [SEVERE ] placing card 80 in slot 1
[04:48:18.863] [SEVERE ] placing card 42 in slot 4
[04:48:18.893] [SEVERE ] setting player 10 freeze to 0
[04:48:18.971] [SEVERE ] placing card 72 in slot 11
[04:48:18.971] [SEVERE ] player 7 placing token on slot 11
[04:48:18.971] [SEVERE ] player 10 placing token on slot 4
[04:48:18.972] [SEVERE ] player 7 placing token on slot 5
[04:48:18.972] [SEVERE ] player 10 placing token on slot 8
[04:48:18.972] [SEVERE ] removing player 10 token from slot 4
[04:48:18.972] [SEVERE ] removing player 10 token from slot 8
[04:48:18.972] [SEVERE ] player 10 placing token on slot 2
[04:48:18.972] [SEVERE ] player 10 placing token on slot 6
[04:48:18.973] [SEVERE ] player 10 placing token on slot 8
[04:48:18.979] [SEVERE ] updating countdown to 9663
[04:48:18.979] [SEVERE ] updating countdown to 9663
[04:48:18.980] [SEVERE ] player 5 placing token on slot 4
[04:48:18.980] [SEVERE ] updating countdown to 9662
[04:48:18.980] [SEVERE ] player 2 placing token on slot 4
[04:48:18.980] [SEVERE ] updating countdown to 9662
[04:48:18.980] [SEVERE ] setting player 9 freeze to 100
[04:48:18.980] [SEVERE ] setting player 1 freeze to 100
[04:48:18.980] [SEVERE ] updating countdown to 9662
[04:48:18.981] [SEVERE ] updating countdown to 9661
[04:48:18.981] [SEVERE ] player 8 placing token on slot 11
[04:48:18.981] [SEVERE ] player 6 placing token on slot 11
[04:48:18.981] [SEVERE ] updating countdown to 9661
[04:48:18.981] [SEVERE ] updating countdown to 9661
[04:48:18.981] [SEVERE ] player 4 placing token on slot 4
[04:48:18.981] [SEVERE ] setting player 7 freeze to 100
[04:48:18.982] [SEVERE ] updating countdown to 9661
[04:48:18.982] [SEVERE ] updating countdown to 9660
[04:48:18.982] [SEVERE ] setting player 10 freeze to 100
[04:48:18.982] [SEVERE ] setting player 5 freeze to 100
[04:48:18.982] [SEVERE ] updating countdown to 9660
[04:48:18.982] [SEVERE ] updating countdown to 9660
[04:48:18.982] [SEVERE ] setting player 2 freeze to 100
[04:48:18.982] [SEVERE ] setting player 8 freeze to 100
[04:48:18.982] [SEVERE ] updating countdown to 9660
[04:48:18.983] [SEVERE ] updating countdown to 9659
[04:48:18.983] [SEVERE ] setting player 6 freeze to 100
[04:48:18.983] [SEVERE ] setting player 4 freeze to 100
[04:48:19.080] [SEVERE ] setting player 9 freeze to 0
[04:48:19.080] [SEVERE ] setting player 1 freeze to 0
[04:48:19.080] [SEVERE ] removing player 9 token from slot 9
[04:48:19.080] [SEVERE ] removing player 1 token from slot 9
[04:48:19.080] [SEVERE ] player 9 placing token on slot 4
[04:48:19.080] [SEVERE ] player 1 placing token on slot 11
[04:48:19.081] [SEVERE ] updating countdown to 9561
[04:48:19.081] [SEVERE ] updating countdown to 9561
[04:48:19.081] [SEVERE ] setting player 9 freeze to 100
[04:48:19.081] [SEVERE ] setting player 1 freeze to 100
[04:48:19.096] [SEVERE ] setting player 7 freeze to 0
[04:48:19.096] [SEVERE ] setting player 5 freeze to 0
[04:48:19.096] [SEVERE ] setting player 10 freeze to 0
[04:48:19.096] [SEVERE ] setting player 8 freeze to 0
[04:48:19.096] [SEVERE ] setting player 6 freeze to 0
[04:48:19.096] [SEVERE ] setting player 2 freeze to 0
[04:48:19.096] [SEVERE ] setting player 4 freeze to 0
[04:48:19.097] [SEVERE ] removing player 6 token from slot 9
[04:48:19.097] [SEVERE ] removing player 8 token from slot 0
[04:48:19.098] [SEVERE ] removing player 4 token from slot 8
[04:48:19.097] [SEVERE ] removing player 10 token from slot 6
[04:48:19.097] [SEVERE ] removing player 5 token from slot 8
[04:48:19.096] [SEVERE ] removing player 7 token from slot 8
[04:48:19.098] [SEVERE ] player 5 placing token on slot 9
[04:48:19.099] [SEVERE ] player 7 placing token on slot 10
[04:48:19.098] [SEVERE ] player 10 placing token on slot 3
[04:48:19.098] [SEVERE ] player 4 placing token on slot 3
[04:48:19.098] [SEVERE ] player 8 placing token on slot 2
[04:48:19.098] [SEVERE ] player 6 placing token on slot 5
[04:48:19.098] [SEVERE ] removing player 2 token from slot 4
[04:48:19.099] [SEVERE ] updating countdown to 9543
[04:48:19.100] [SEVERE ] player 2 placing token on slot 7
[04:48:19.100] [SEVERE ] setting player 5 freeze to 100
[04:48:19.100] [SEVERE ] updating countdown to 9542
[04:48:19.100] [SEVERE ] setting player 7 freeze to 100
[04:48:19.100] [SEVERE ] updating countdown to 9542
[04:48:19.101] [SEVERE ] updating countdown to 9541
[04:48:19.101] [SEVERE ] setting player 10 freeze to 100
[04:48:19.101] [SEVERE ] setting player 4 freeze to 100
[04:48:19.101] [SEVERE ] updating countdown to 9541
[04:48:19.101] [SEVERE ] updating countdown to 9541
[04:48:19.101] [SEVERE ] setting player 8 freeze to 100
[04:48:19.101] [SEVERE ] setting player 6 freeze to 100
[04:48:19.101] [SEVERE ] updating countdown to 9541
[04:48:19.102] [SEVERE ] setting player 2 freeze to 100
[04:48:19.189] [SEVERE ] setting player 9 freeze to 0
[04:48:19.189] [SEVERE ] setting player 1 freeze to 0
[04:48:19.190] [SEVERE ] removing player 1 token from slot 11
[04:48:19.190] [SEVERE ] player 1 placing token on slot 6
[04:48:19.190] [SEVERE ] removing player 9 token from slot 2
[04:48:19.190] [SEVERE ] updating countdown to 9452
[04:48:19.190] [SEVERE ] player 9 placing token on slot 11
[04:48:19.191] [SEVERE ] setting player 1 freeze to 100
[04:48:19.191] [SEVERE ] updating countdown to 9451
[04:48:19.191] [SEVERE ] setting player 9 freeze to 100
[04:48:19.204] [SEVERE ] setting player 10 freeze to 0
[04:48:19.204] [SEVERE ] setting player 8 freeze to 0
[04:48:19.204] [SEVERE ] setting player 5 freeze to 0
[04:48:19.204] [SEVERE ] setting player 7 freeze to 0
[04:48:19.204] [SEVERE ] setting player 2 freeze to 0
[04:48:19.204] [SEVERE ] removing player 7 token from slot 11
[04:48:19.204] [SEVERE ] setting player 4 freeze to 0
[04:48:19.204] [SEVERE ] setting player 6 freeze to 0
[04:48:19.205] [SEVERE ] player 7 placing token on slot 1
[04:48:19.205] [SEVERE ] removing player 2 token from slot 2
[04:48:19.205] [SEVERE ] updating countdown to 9437
[04:48:19.204] [SEVERE ] removing player 5 token from slot 0
[04:48:19.204] [SEVERE ] removing player 8 token from slot 9
[04:48:19.204] [SEVERE ] removing player 10 token from slot 3
[04:48:19.205] [SEVERE ] setting player 7 freeze to 100
[04:48:19.205] [SEVERE ] removing player 2 token from slot 7
[04:48:19.205] [SEVERE ] removing player 6 token from slot 11
[04:48:19.205] [SEVERE ] removing player 4 token from slot 9
[04:48:19.206] [SEVERE ] player 2 placing token on slot 1
[04:48:19.206] [SEVERE ] player 10 placing token on slot 9
[04:48:19.206] [SEVERE ] removing player 6 token from slot 3
[04:48:19.206] [SEVERE ] updating countdown to 9436
[04:48:19.206] [SEVERE ] player 8 placing token on slot 4
[04:48:19.207] [SEVERE ] setting player 10 freeze to 100
[04:48:19.206] [SEVERE ] removing player 4 token from slot 4
[04:48:19.206] [SEVERE ] player 5 placing token on slot 1
[04:48:19.207] [SEVERE ] removing player 6 token from slot 5
[04:48:19.206] [SEVERE ] player 2 placing token on slot 7
[04:48:19.207] [SEVERE ] player 4 placing token on slot 10
[04:48:19.207] [SEVERE ] player 6 placing token on slot 2
[04:48:19.207] [SEVERE ] updating countdown to 9435
[04:48:19.208] [SEVERE ] player 6 placing token on slot 11
[04:48:19.208] [SEVERE ] setting player 8 freeze to 100
[04:48:19.208] [SEVERE ] player 4 placing token on slot 1
[04:48:19.208] [SEVERE ] updating countdown to 9434
[04:48:19.208] [SEVERE ] player 6 placing token on slot 7
[04:48:19.208] [SEVERE ] setting player 5 freeze to 100
[04:48:19.209] [SEVERE ] updating countdown to 9433
[04:48:19.209] [SEVERE ] updating countdown to 9433
[04:48:19.209] [SEVERE ] setting player 2 freeze to 100
[04:48:19.209] [SEVERE ] setting player 4 freeze to 100
[04:48:19.209] [SEVERE ] updating countdown to 9433
[04:48:19.297] [SEVERE ] setting player 9 freeze to 0
[04:48:19.297] [SEVERE ] setting player 1 freeze to 0
[04:48:19.313] [SEVERE ] setting player 5 freeze to 0
[04:48:19.313] [SEVERE ] removing tokens from slot 2
[04:48:19.313] [SEVERE ] setting player 2 freeze to 0
[04:48:19.313] [SEVERE ] setting player 4 freeze to 0
[04:48:19.313] [SEVERE ] setting player 7 freeze to 0
[04:48:19.313] [SEVERE ] setting player 10 freeze to 0
[04:48:19.313] [SEVERE ] setting player 8 freeze to 0
[04:48:19.313] [SEVERE ] removing card from slot 2
[04:48:19.422] [SEVERE ] removing tokens from slot 7
[04:48:19.422] [SEVERE ] removing card from slot 7
[04:48:19.531] [SEVERE ] removing tokens from slot 11
[04:48:19.531] [SEVERE ] removing card from slot 11
[04:48:19.531] [SEVERE ] updating countdown to 10000
[04:48:19.531] [SEVERE ] setting player 6 score to 1
[04:48:19.531] [SEVERE ] setting player 6 freeze to 1000
[04:48:19.641] [SEVERE ] placing card 76 in slot 11
[04:48:19.657] [SEVERE ] setting player 3 freeze to 0
[04:48:19.752] [SEVERE ] placing card 3 in slot 7
[04:48:19.860] [SEVERE ] placing card 73 in slot 2
[04:48:19.860] [SEVERE ] player 2 placing token on slot 6
[04:48:19.860] [SEVERE ] removing player 4 token from slot 3
[04:48:19.860] [SEVERE ] removing player 7 token from slot 10
[04:48:19.860] [SEVERE ] player 7 placing token on slot 11
[04:48:19.860] [SEVERE ] player 10 placing token on slot 10
[04:48:19.860] [SEVERE ] player 9 placing token on slot 6
[04:48:19.860] [SEVERE ] player 3 placing token on slot 5
[04:48:19.860] [SEVERE ] player 8 placing token on slot 7
[04:48:19.860] [SEVERE ] player 1 placing token on slot 1
[04:48:19.860] [SEVERE ] removing player 5 token from slot 4
[04:48:19.861] [SEVERE ] player 5 placing token on slot 3
[04:48:19.861] [SEVERE ] player 8 placing token on slot 0
[04:48:19.861] [SEVERE ] player 3 placing token on slot 0
[04:48:19.862] [SEVERE ] removing player 3 token from slot 0
[04:48:19.862] [SEVERE ] player 3 placing token on slot 6
[04:48:19.860] [SEVERE ] player 4 placing token on slot 8
[04:48:19.862] [SEVERE ] player 3 placing token on slot 8
[04:48:19.864] [SEVERE ] updating countdown to 9667
[04:48:19.864] [SEVERE ] updating countdown to 9667
[04:48:19.864] [SEVERE ] setting player 2 freeze to 100
[04:48:19.864] [SEVERE ] setting player 7 freeze to 100
[04:48:19.864] [SEVERE ] updating countdown to 9667
[04:48:19.865] [SEVERE ] updating countdown to 9666
[04:48:19.865] [SEVERE ] updating countdown to 9666
[04:48:19.865] [SEVERE ] setting player 9 freeze to 100
[04:48:19.865] [SEVERE ] setting player 10 freeze to 100
[04:48:19.865] [SEVERE ] setting player 1 freeze to 100
[04:48:19.865] [SEVERE ] updating countdown to 9666
[04:48:19.865] [SEVERE ] setting player 5 freeze to 100
[04:48:19.865] [SEVERE ] updating countdown to 9666
[04:48:19.866] [SEVERE ] updating countdown to 9665
[04:48:19.866] [SEVERE ] setting player 8 freeze to 100
[04:48:19.866] [SEVERE ] setting player 4 freeze to 100
[04:48:19.866] [SEVERE ] updating countdown to 9665
[04:48:19.866] [SEVERE ] setting player 3 freeze to 100
[04:48:19.969] [SEVERE ] setting player 5 freeze to 0
[04:48:19.969] [SEVERE ] setting player 9 freeze to 0
[04:48:19.969] [SEVERE ] setting player 2 freeze to 0
[04:48:19.970] [SEVERE ] removing player 9 token from slot 4
[04:48:19.969] [SEVERE ] setting player 7 freeze to 0
[04:48:19.969] [SEVERE ] setting player 4 freeze to 0
[04:48:19.969] [SEVERE ] setting player 8 freeze to 0
[04:48:19.969] [SEVERE ] updating countdown to 9562
[04:48:19.969] [SEVERE ] setting player 10 freeze to 0
[04:48:19.969] [SEVERE ] setting player 1 freeze to 0
[04:48:19.969] [SEVERE ] setting player 3 freeze to 0
[04:48:19.971] [SEVERE ] removing player 4 token from slot 8
[04:48:19.970] [SEVERE ] removing player 7 token from slot 5
[04:48:19.970] [SEVERE ] player 9 placing token on slot 7
[04:48:19.970] [SEVERE ] removing player 2 token from slot 9
[04:48:19.970] [SEVERE ] removing player 5 token from slot 1
[04:48:19.973] [SEVERE ] player 2 placing token on slot 10
[04:48:19.973] [SEVERE ] removing player 3 token from slot 6
[04:48:19.973] [SEVERE ] removing player 10 token from slot 8
[04:48:19.973] [SEVERE ] removing player 8 token from slot 7
[04:48:19.973] [SEVERE ] updating countdown to 9558
[04:48:19.973] [SEVERE ] removing player 5 token from slot 9
[04:48:19.973] [SEVERE ] player 7 placing token on slot 8
[04:48:19.973] [SEVERE ] removing player 1 token from slot 0
[04:48:19.973] [SEVERE ] player 4 placing token on slot 3
[04:48:19.974] [SEVERE ] setting player 9 freeze to 100
[04:48:19.974] [SEVERE ] player 8 placing token on slot 8
[04:48:19.973] [SEVERE ] player 10 placing token on slot 0
[04:48:19.973] [SEVERE ] player 3 placing token on slot 4
[04:48:19.975] [SEVERE ] removing player 1 token from slot 6
[04:48:19.975] [SEVERE ] updating countdown to 9556
[04:48:19.975] [SEVERE ] player 5 placing token on slot 7
[04:48:19.976] [SEVERE ] setting player 2 freeze to 100
[04:48:19.976] [SEVERE ] player 1 placing token on slot 8
[04:48:19.976] [SEVERE ] player 1 placing token on slot 11
[04:48:19.976] [SEVERE ] updating countdown to 9555
[04:48:19.976] [SEVERE ] player 5 placing token on slot 4
[04:48:19.976] [SEVERE ] setting player 7 freeze to 100
[04:48:19.976] [SEVERE ] updating countdown to 9555
[04:48:19.977] [SEVERE ] updating countdown to 9554
[04:48:19.977] [SEVERE ] updating countdown to 9554
[04:48:19.977] [SEVERE ] setting player 8 freeze to 100
[04:48:19.977] [SEVERE ] setting player 4 freeze to 100
[04:48:19.977] [SEVERE ] setting player 10 freeze to 100
[04:48:19.977] [SEVERE ] updating countdown to 9554
[04:48:19.977] [SEVERE ] setting player 3 freeze to 100
[04:48:19.977] [SEVERE ] updating countdown to 9554
[04:48:19.978] [SEVERE ] updating countdown to 9553
[04:48:19.978] [SEVERE ] setting player 1 freeze to 100
[04:48:19.978] [SEVERE ] setting player 5 freeze to 100
[04:48:20.078] [SEVERE ] setting player 8 freeze to 0
[04:48:20.078] [SEVERE ] setting player 7 freeze to 0
[04:48:20.078] [SEVERE ] setting player 9 freeze to 0
[04:48:20.078] [SEVERE ] setting player 2 freeze to 0
[04:48:20.078] [SEVERE ] setting player 10 freeze to 0
[04:48:20.079] [SEVERE ] removing player 2 token from slot 10
[04:48:20.078] [SEVERE ] setting player 5 freeze to 0
[04:48:20.078] [SEVERE ] setting player 3 freeze to 0
[04:48:20.078] [SEVERE ] setting player 4 freeze to 0
[04:48:20.078] [SEVERE ] setting player 1 freeze to 0
[04:48:20.080] [SEVERE ] removing player 4 token from slot 1
[04:48:20.078] [SEVERE ] updating countdown to 9453
[04:48:20.080] [SEVERE ] removing player 1 token from slot 11
[04:48:20.080] [SEVERE ] player 4 placing token on slot 0
[04:48:20.080] [SEVERE ] removing player 3 token from slot 8
[04:48:20.080] [SEVERE ] removing player 5 token from slot 4
[04:48:20.079] [SEVERE ] removing player 10 token from slot 9
[04:48:20.079] [SEVERE ] player 2 placing token on slot 4
[04:48:20.079] [SEVERE ] removing player 9 token from slot 0
[04:48:20.079] [SEVERE ] removing player 7 token from slot 11
[04:48:20.078] [SEVERE ] removing player 8 token from slot 0
[04:48:20.083] [SEVERE ] player 7 placing token on slot 2
[04:48:20.083] [SEVERE ] removing player 9 token from slot 7
[04:48:20.083] [SEVERE ] player 9 placing token on slot 11
[04:48:20.083] [SEVERE ] removing player 9 token from slot 11
[04:48:20.083] [SEVERE ] removing player 8 token from slot 4
[04:48:20.084] [SEVERE ] player 8 placing token on slot 10
[04:48:20.084] [SEVERE ] player 8 placing token on slot 7
[04:48:20.083] [SEVERE ] player 1 placing token on slot 9
[04:48:20.083] [SEVERE ] updating countdown to 9448
[04:48:20.083] [SEVERE ] player 10 placing token on slot 4
[04:48:20.084] [SEVERE ] setting player 4 freeze to 100
[04:48:20.083] [SEVERE ] player 5 placing token on slot 6
[04:48:20.083] [SEVERE ] player 3 placing token on slot 9
[04:48:20.083] [SEVERE ] player 9 placing token on slot 7
[04:48:20.085] [SEVERE ] updating countdown to 9446
[04:48:20.085] [SEVERE ] player 9 placing token on slot 4
[04:48:20.086] [SEVERE ] setting player 2 freeze to 100
[04:48:20.086] [SEVERE ] updating countdown to 9445
[04:48:20.086] [SEVERE ] updating countdown to 9445
[04:48:20.086] [SEVERE ] setting player 7 freeze to 100
[04:48:20.086] [SEVERE ] setting player 8 freeze to 100
[04:48:20.086] [SEVERE ] updating countdown to 9445
[04:48:20.087] [SEVERE ] updating countdown to 9444
[04:48:20.087] [SEVERE ] setting player 1 freeze to 100
[04:48:20.087] [SEVERE ] updating countdown to 9444
[04:48:20.087] [SEVERE ] setting player 10 freeze to 100
[04:48:20.088] [SEVERE ] updating countdown to 9443
[04:48:20.088] [SEVERE ] setting player 5 freeze to 100
[04:48:20.088] [SEVERE ] updating countdown to 9443
[04:48:20.088] [SEVERE ] setting player 3 freeze to 100
[04:48:20.088] [SEVERE ] setting player 9 freeze to 100
[04:48:20.190] [SEVERE ] setting player 7 freeze to 0
[04:48:20.190] [SEVERE ] setting player 8 freeze to 0
[04:48:20.190] [SEVERE ] setting player 5 freeze to 0
[04:48:20.190] [SEVERE ] setting player 2 freeze to 0
[04:48:20.190] [SEVERE ] setting player 4 freeze to 0
[04:48:20.190] [SEVERE ] setting player 10 freeze to 0
[04:48:20.190] [SEVERE ] updating countdown to 9341
[04:48:20.190] [SEVERE ] setting player 9 freeze to 0
[04:48:20.190] [SEVERE ] setting player 1 freeze to 0
[04:48:20.190] [SEVERE ] setting player 3 freeze to 0
[04:48:20.190] [SEVERE ] removing player 10 token from slot 4
[04:48:20.190] [SEVERE ] removing player 4 token from slot 3
[04:48:20.190] [SEVERE ] removing player 2 token from slot 4
[04:48:20.190] [SEVERE ] removing player 5 token from slot 6
[04:48:20.190] [SEVERE ] removing player 8 token from slot 10
[04:48:20.190] [SEVERE ] removing player 7 token from slot 2
[04:48:20.191] [SEVERE ] removing player 1 token from slot 8
[04:48:20.191] [SEVERE ] removing player 9 token from slot 4
[04:48:20.192] [SEVERE ] removing player 3 token from slot 4
[04:48:20.191] [SEVERE ] player 4 placing token on slot 5
[04:48:20.191] [SEVERE ] player 7 placing token on slot 9
[04:48:20.191] [SEVERE ] player 2 placing token on slot 7
[04:48:20.192] [SEVERE ] updating countdown to 9339
[04:48:20.192] [SEVERE ] player 3 placing token on slot 11
[04:48:20.192] [SEVERE ] player 9 placing token on slot 10
[04:48:20.191] [SEVERE ] player 10 placing token on slot 8
[04:48:20.191] [SEVERE ] player 8 placing token on slot 11
[04:48:20.191] [SEVERE ] player 1 placing token on slot 2
[04:48:20.191] [SEVERE ] player 5 placing token on slot 0
[04:48:20.192] [SEVERE ] setting player 4 freeze to 100
[04:48:20.193] [SEVERE ] updating countdown to 9338
[04:48:20.193] [SEVERE ] setting player 7 freeze to 100
[04:48:20.193] [SEVERE ] updating countdown to 9338
[04:48:20.193] [SEVERE ] setting player 2 freeze to 100
[04:48:20.193] [SEVERE ] updating countdown to 9338
[04:48:20.194] [SEVERE ] updating countdown to 9337
[04:48:20.194] [SEVERE ] setting player 3 freeze to 100
[04:48:20.194] [SEVERE ] setting player 9 freeze to 100
[04:48:20.194] [SEVERE ] updating countdown to 9337
[04:48:20.194] [SEVERE ] updating countdown to 9337
[04:48:20.194] [SEVERE ] setting player 10 freeze to 100
[04:48:20.194] [SEVERE ] updating countdown to 9337
[04:48:20.194] [SEVERE ] setting player 8 freeze to 100
[04:48:20.194] [SEVERE ] setting player 1 freeze to 100
[04:48:20.194] [SEVERE ] updating countdown to 9337
[04:48:20.195] [SEVERE ] setting player 5 freeze to 100
[04:48:20.301] [SEVERE ] setting player 1 freeze to 0
[04:48:20.301] [SEVERE ] setting player 4 freeze to 0
[04:48:20.301] [SEVERE ] setting player 7 freeze to 0
[04:48:20.301] [SEVERE ] setting player 2 freeze to 0
[04:48:20.301] [SEVERE ] setting player 5 freeze to 0
[04:48:20.301] [SEVERE ] setting player 10 freeze to 0
[04:48:20.301] [SEVERE ] setting player 8 freeze to 0
[04:48:20.301] [SEVERE ] updating countdown to 9230
[04:48:20.301] [SEVERE ] setting player 3 freeze to 0
[04:48:20.301] [SEVERE ] setting player 9 freeze to 0
[04:48:20.301] [SEVERE ] removing player 8 token from slot 11
[04:48:20.301] [SEVERE ] removing player 10 token from slot 10
[04:48:20.301] [SEVERE ] removing player 5 token from slot 3
[04:48:20.301] [SEVERE ] removing player 2 token from slot 1
[04:48:20.301] [SEVERE ] removing player 7 token from slot 9
[04:48:20.301] [SEVERE ] removing player 4 token from slot 0
[04:48:20.301] [SEVERE ] removing player 1 token from slot 1
[04:48:20.302] [SEVERE ] player 1 placing token on slot 6
[04:48:20.302] [SEVERE ] removing player 9 token from slot 6
[04:48:20.302] [SEVERE ] player 7 placing token on slot 0
[04:48:20.302] [SEVERE ] player 4 placing token on slot 9
[04:48:20.302] [SEVERE ] player 10 placing token on slot 5
[04:48:20.302] [SEVERE ] player 8 placing token on slot 1
[04:48:20.302] [SEVERE ] removing player 5 token from slot 0
[04:48:20.302] [SEVERE ] removing player 3 token from slot 5
[04:48:20.302] [SEVERE ] player 2 placing token on slot 10
[04:48:20.303] [SEVERE ] player 3 placing token on slot 2
[04:48:20.303] [SEVERE ] player 5 placing token on slot 0
[04:48:20.303] [SEVERE ] player 5 placing token on slot 1
[04:48:20.302] [SEVERE ] player 9 placing token on slot 5
[04:48:20.302] [SEVERE ] updating countdown to 9229
[04:48:20.303] [SEVERE ] setting player 1 freeze to 100
[04:48:20.303] [SEVERE ] updating countdown to 9228
[04:48:20.304] [SEVERE ] setting player 7 freeze to 100
[04:48:20.304] [SEVERE ] updating countdown to 9227
[04:48:20.304] [SEVERE ] setting player 4 freeze to 100
[04:48:20.304] [SEVERE ] updating countdown to 9227
[04:48:20.304] [SEVERE ] updating countdown to 9227
[04:48:20.304] [SEVERE ] updating countdown to 9227
[04:48:20.304] [SEVERE ] updating countdown to 9227
[04:48:20.304] [SEVERE ] updating countdown to 9227
[04:48:20.304] [SEVERE ] setting player 2 freeze to 100
[04:48:20.304] [SEVERE ] updating countdown to 9227
[04:48:20.305] [SEVERE ] setting player 9 freeze to 100
[04:48:20.305] [SEVERE ] setting player 5 freeze to 100
[04:48:20.305] [SEVERE ] setting player 3 freeze to 100
[04:48:20.305] [SEVERE ] setting player 8 freeze to 100
[04:48:20.305] [SEVERE ] setting player 10 freeze to 100
[04:48:20.310] [SEVERE ] exit button pressed
[04:48:20.310] [INFO   ] thread Player: 01 terminated.
[04:48:20.310] [INFO   ] thread Player: 11 terminated.
[04:48:20.311] [INFO   ] thread Player: 21 terminated.
[04:48:20.311] [INFO   ] thread Player: 31 terminated.
[04:48:20.311] [INFO   ] thread Player: 41 terminated.
[04:48:20.312] [INFO   ] thread Player: 51 terminated.
[04:48:20.312] [INFO   ] thread Player: 61 terminated.
[04:48:20.312] [INFO   ] thread Player: 71 terminated.
[04:48:20.312] [INFO   ] thread Player: 81 terminated.
[04:48:20.312] [INFO   ] thread Player: 91 terminated.
[04:48:20.412] [SEVERE ] updating countdown to 9119
[04:48:20.412] [SEVERE ] updating countdown to 9119
[04:48:20.520] [SEVERE ] removing tokens from slot 3
[04:48:20.520] [SEVERE ] removing card from slot 3
[04:48:20.628] [SEVERE ] removing tokens from slot 2
[04:48:20.628] [SEVERE ] removing card from slot 2
[04:48:20.738] [SEVERE ] removing tokens from slot 0
[04:48:20.738] [SEVERE ] removing card from slot 0
[04:48:20.849] [SEVERE ] removing tokens from slot 8
[04:48:20.851] [SEVERE ] removing card from slot 8
[04:48:20.959] [SEVERE ] removing tokens from slot 1
[04:48:20.959] [SEVERE ] removing card from slot 1
[04:48:21.068] [SEVERE ] removing tokens from slot 11
[04:48:21.068] [SEVERE ] removing card from slot 11
[04:48:21.176] [SEVERE ] removing tokens from slot 9
[04:48:21.176] [SEVERE ] removing card from slot 9
[04:48:21.284] [SEVERE ] removing tokens from slot 4
[04:48:21.284] [SEVERE ] removing card from slot 4
[04:48:21.395] [SEVERE ] removing tokens from slot 7
[04:48:21.395] [SEVERE ] removing card from slot 7
[04:48:21.504] [SEVERE ] removing tokens from slot 6
[04:48:21.504] [SEVERE ] removing card from slot 6
[04:48:21.613] [SEVERE ] removing tokens from slot 5
[04:48:21.613] [SEVERE ] removing card from slot 5
[04:48:21.722] [SEVERE ] removing tokens from slot 10
[04:48:21.722] [SEVERE ] removing card from slot 10
[04:48:21.723] [SEVERE ] announcing winner(s): player 10, player 6, player 3
[04:48:21.725] [INFO   ] thread dealer terminated.
[04:48:21.726] [INFO   ] thread dealer terminated.
[04:48:21.726] [SEVERE ] thanks for playing... it was fun!
[04:48:21.726] [INFO   ] thread main terminated.
