[06:41:01.807] [INFO   ] thread main starting.
[06:41:01.815] [SEVERE ] cannot read configuration file config.properties trying from resources.
[06:41:01.816] [SEVERE ] configuration file was loaded from resources directory.
[06:41:02.219] [INFO   ] thread dealer starting.
[06:41:02.219] [INFO   ] thread dealer starting.
[06:41:02.334] [SEVERE ] placing card 17 in slot 1
[06:41:02.443] [SEVERE ] placing card 37 in slot 2
[06:41:02.554] [SEVERE ] placing card 31 in slot 10
[06:41:02.663] [SEVERE ] placing card 46 in slot 7
[06:41:02.772] [SEVERE ] placing card 74 in slot 5
[06:41:02.881] [SEVERE ] placing card 51 in slot 8
[06:41:02.990] [SEVERE ] placing card 78 in slot 11
[06:41:03.098] [SEVERE ] placing card 5 in slot 6
[06:41:03.207] [SEVERE ] placing card 72 in slot 4
[06:41:03.314] [SEVERE ] placing card 44 in slot 9
[06:41:03.422] [SEVERE ] placing card 23 in slot 0
[06:41:03.532] [SEVERE ] placing card 13 in slot 3
[06:41:03.533] [SEVERE ] updating countdown to 9999
[06:41:03.536] [INFO   ] thread Player: 01 created.
[06:41:03.537] [INFO   ] thread Player: 01 starting.
[06:41:03.537] [INFO   ] thread Player: 11 created.
[06:41:03.537] [INFO   ] thread Player: 11 starting.
[06:41:04.541] [SEVERE ] updating countdown to 8992
[06:41:05.538] [SEVERE ] updating countdown to 7995
[06:41:06.538] [SEVERE ] updating countdown to 6995
[06:41:07.548] [SEVERE ] updating countdown to 5985
[06:41:13.561] [SEVERE ] updating countdown to 0
[06:41:13.561] [SEVERE ] updating countdown to 0
[06:41:13.671] [SEVERE ] removing tokens from slot 3
[06:41:13.671] [SEVERE ] removing card from slot 3
[06:41:13.779] [SEVERE ] removing tokens from slot 2
[06:41:13.779] [SEVERE ] removing card from slot 2
[06:41:13.888] [SEVERE ] removing tokens from slot 8
[06:41:13.888] [SEVERE ] removing card from slot 8
[06:41:13.999] [SEVERE ] removing tokens from slot 1
[06:41:13.999] [SEVERE ] removing card from slot 1
[06:41:14.107] [SEVERE ] removing tokens from slot 6
[06:41:14.107] [SEVERE ] removing card from slot 6
[06:41:14.216] [SEVERE ] removing tokens from slot 11
[06:41:14.216] [SEVERE ] removing card from slot 11
[06:41:14.325] [SEVERE ] removing tokens from slot 7
[06:41:14.325] [SEVERE ] removing card from slot 7
[06:41:14.435] [SEVERE ] removing tokens from slot 4
[06:41:14.435] [SEVERE ] removing card from slot 4
[06:41:14.544] [SEVERE ] removing tokens from slot 0
[06:41:14.544] [SEVERE ] removing card from slot 0
[06:41:14.653] [SEVERE ] removing tokens from slot 9
[06:41:14.653] [SEVERE ] removing card from slot 9
[06:41:14.762] [SEVERE ] removing tokens from slot 10
[06:41:14.762] [SEVERE ] removing card from slot 10
[06:41:14.871] [SEVERE ] removing tokens from slot 5
[06:41:14.871] [SEVERE ] removing card from slot 5
[06:41:14.979] [SEVERE ] placing card 42 in slot 5
[06:41:15.090] [SEVERE ] placing card 59 in slot 3
[06:41:15.198] [SEVERE ] placing card 16 in slot 2
[06:41:15.307] [SEVERE ] placing card 13 in slot 1
[06:41:15.415] [SEVERE ] placing card 12 in slot 9
[06:41:15.524] [SEVERE ] placing card 26 in slot 6
[06:41:15.633] [SEVERE ] placing card 23 in slot 8
[06:41:15.742] [SEVERE ] placing card 19 in slot 4
[06:41:15.851] [SEVERE ] placing card 36 in slot 0
[06:41:15.959] [SEVERE ] placing card 66 in slot 11
[06:41:16.068] [SEVERE ] placing card 52 in slot 10
[06:41:16.179] [SEVERE ] placing card 62 in slot 7
[06:41:16.179] [SEVERE ] updating countdown to 9999
[06:41:17.194] [SEVERE ] updating countdown to 8985
[06:41:18.191] [SEVERE ] updating countdown to 7988
[06:41:19.188] [SEVERE ] updating countdown to 6991
[06:41:20.186] [SEVERE ] updating countdown to 5993
[06:41:26.203] [SEVERE ] updating countdown to 0
[06:41:26.204] [SEVERE ] updating countdown to 0
[06:41:26.314] [SEVERE ] removing tokens from slot 4
[06:41:26.314] [SEVERE ] removing card from slot 4
[06:41:26.422] [SEVERE ] removing tokens from slot 9
[06:41:26.422] [SEVERE ] removing card from slot 9
[06:41:26.532] [SEVERE ] removing tokens from slot 11
[06:41:26.532] [SEVERE ] removing card from slot 11
[06:41:26.640] [SEVERE ] removing tokens from slot 1
[06:41:26.640] [SEVERE ] removing card from slot 1
[06:41:26.748] [SEVERE ] removing tokens from slot 6
[06:41:26.748] [SEVERE ] removing card from slot 6
[06:41:26.856] [SEVERE ] removing tokens from slot 10
[06:41:26.856] [SEVERE ] removing card from slot 10
[06:41:26.966] [SEVERE ] removing tokens from slot 8
[06:41:26.966] [SEVERE ] removing card from slot 8
[06:41:27.076] [SEVERE ] removing tokens from slot 0
[06:41:27.076] [SEVERE ] removing card from slot 0
[06:41:27.185] [SEVERE ] removing tokens from slot 3
[06:41:27.185] [SEVERE ] removing card from slot 3
[06:41:27.294] [SEVERE ] removing tokens from slot 7
[06:41:27.294] [SEVERE ] removing card from slot 7
[06:41:27.404] [SEVERE ] removing tokens from slot 2
[06:41:27.404] [SEVERE ] removing card from slot 2
[06:41:27.512] [SEVERE ] removing tokens from slot 5
[06:41:27.512] [SEVERE ] removing card from slot 5
[06:41:27.621] [SEVERE ] placing card 58 in slot 6
[06:41:27.731] [SEVERE ] placing card 10 in slot 7
[06:41:27.840] [SEVERE ] placing card 48 in slot 4
[06:41:27.950] [SEVERE ] placing card 6 in slot 3
[06:41:28.057] [SEVERE ] placing card 54 in slot 5
[06:41:28.167] [SEVERE ] placing card 70 in slot 1
[06:41:28.274] [SEVERE ] placing card 66 in slot 8
[06:41:28.382] [SEVERE ] placing card 49 in slot 11
[06:41:28.491] [SEVERE ] placing card 78 in slot 2
[06:41:28.601] [SEVERE ] placing card 28 in slot 9
[06:41:28.710] [SEVERE ] placing card 31 in slot 0
[06:41:28.819] [SEVERE ] placing card 37 in slot 10
[06:41:28.819] [SEVERE ] updating countdown to 9999
[06:41:29.833] [SEVERE ] updating countdown to 8986
[06:41:30.827] [SEVERE ] updating countdown to 7992
[06:41:31.829] [SEVERE ] updating countdown to 6990
[06:41:32.827] [SEVERE ] updating countdown to 5992
[06:41:38.852] [SEVERE ] updating countdown to 0
[06:41:38.853] [SEVERE ] updating countdown to 0
[06:41:38.961] [SEVERE ] removing tokens from slot 6
[06:41:38.961] [SEVERE ] removing card from slot 6
[06:41:39.070] [SEVERE ] removing tokens from slot 8
[06:41:39.070] [SEVERE ] removing card from slot 8
[06:41:39.180] [SEVERE ] removing tokens from slot 7
[06:41:39.180] [SEVERE ] removing card from slot 7
[06:41:39.287] [SEVERE ] removing tokens from slot 9
[06:41:39.287] [SEVERE ] removing card from slot 9
[06:41:39.396] [SEVERE ] removing tokens from slot 0
[06:41:39.396] [SEVERE ] removing card from slot 0
[06:41:39.504] [SEVERE ] removing tokens from slot 1
[06:41:39.504] [SEVERE ] removing card from slot 1
[06:41:39.613] [SEVERE ] removing tokens from slot 4
[06:41:39.613] [SEVERE ] removing card from slot 4
[06:41:39.722] [SEVERE ] removing tokens from slot 2
[06:41:39.722] [SEVERE ] removing card from slot 2
[06:41:39.833] [SEVERE ] removing tokens from slot 10
[06:41:39.833] [SEVERE ] removing card from slot 10
[06:41:39.942] [SEVERE ] removing tokens from slot 5
[06:41:39.942] [SEVERE ] removing card from slot 5
[06:41:40.051] [SEVERE ] removing tokens from slot 11
[06:41:40.051] [SEVERE ] removing card from slot 11
[06:41:40.161] [SEVERE ] removing tokens from slot 3
[06:41:40.161] [SEVERE ] removing card from slot 3
[06:41:40.270] [SEVERE ] placing card 13 in slot 11
[06:41:40.379] [SEVERE ] placing card 75 in slot 9
[06:41:40.489] [SEVERE ] placing card 69 in slot 4
[06:41:40.599] [SEVERE ] placing card 38 in slot 5
[06:41:40.709] [SEVERE ] placing card 19 in slot 7
[06:41:40.819] [SEVERE ] placing card 51 in slot 2
[06:41:40.928] [SEVERE ] placing card 50 in slot 3
[06:41:41.036] [SEVERE ] placing card 9 in slot 6
[06:41:41.143] [SEVERE ] placing card 23 in slot 1
[06:41:41.253] [SEVERE ] placing card 27 in slot 10
[06:41:41.363] [SEVERE ] placing card 11 in slot 8
[06:41:41.475] [SEVERE ] placing card 61 in slot 0
[06:41:41.475] [SEVERE ] updating countdown to 9999
[06:41:41.475] [SEVERE ] updating countdown to 10000
[06:41:41.475] [SEVERE ] updating countdown to 10000
[06:41:41.475] [SEVERE ] updating countdown to 10000
[06:41:41.475] [SEVERE ] updating countdown to 10000
[06:41:42.489] [SEVERE ] updating countdown to 8986
[06:41:43.483] [SEVERE ] updating countdown to 7992
[06:41:44.479] [SEVERE ] updating countdown to 6996
[06:41:45.489] [SEVERE ] updating countdown to 5986
[06:41:51.513] [SEVERE ] updating countdown to 0
[06:41:51.513] [SEVERE ] updating countdown to 0
[06:41:51.622] [SEVERE ] removing tokens from slot 4
[06:41:51.623] [SEVERE ] removing card from slot 4
[06:41:51.731] [SEVERE ] removing tokens from slot 6
[06:41:51.731] [SEVERE ] removing card from slot 6
[06:41:51.841] [SEVERE ] removing tokens from slot 10
[06:41:51.841] [SEVERE ] removing card from slot 10
[06:41:51.948] [SEVERE ] removing tokens from slot 8
[06:41:51.948] [SEVERE ] removing card from slot 8
[06:41:52.058] [SEVERE ] removing tokens from slot 0
[06:41:52.058] [SEVERE ] removing card from slot 0
[06:41:52.168] [SEVERE ] removing tokens from slot 3
[06:41:52.168] [SEVERE ] removing card from slot 3
[06:41:52.277] [SEVERE ] removing tokens from slot 1
[06:41:52.277] [SEVERE ] removing card from slot 1
[06:41:52.386] [SEVERE ] removing tokens from slot 5
[06:41:52.386] [SEVERE ] removing card from slot 5
[06:41:52.496] [SEVERE ] removing tokens from slot 9
[06:41:52.496] [SEVERE ] removing card from slot 9
[06:41:52.606] [SEVERE ] removing tokens from slot 2
[06:41:52.606] [SEVERE ] removing card from slot 2
[06:41:52.715] [SEVERE ] removing tokens from slot 11
[06:41:52.715] [SEVERE ] removing card from slot 11
[06:41:52.825] [SEVERE ] removing tokens from slot 7
[06:41:52.825] [SEVERE ] removing card from slot 7
[06:41:52.933] [SEVERE ] placing card 73 in slot 5
[06:41:53.042] [SEVERE ] placing card 38 in slot 7
[06:41:53.152] [SEVERE ] placing card 62 in slot 0
[06:41:53.261] [SEVERE ] placing card 9 in slot 9
[06:41:53.373] [SEVERE ] placing card 64 in slot 3
[06:41:53.483] [SEVERE ] placing card 15 in slot 4
[06:41:53.592] [SEVERE ] placing card 18 in slot 6
[06:41:53.700] [SEVERE ] placing card 75 in slot 2
[06:41:53.809] [SEVERE ] placing card 3 in slot 10
[06:41:53.917] [SEVERE ] placing card 33 in slot 11
[06:41:54.025] [SEVERE ] placing card 29 in slot 1
[06:41:54.134] [SEVERE ] placing card 27 in slot 8
[06:41:54.134] [SEVERE ] updating countdown to 9999
[06:41:55.147] [SEVERE ] updating countdown to 8987
[06:41:56.139] [SEVERE ] updating countdown to 7995
[06:41:57.136] [SEVERE ] updating countdown to 6998
[06:41:58.134] [SEVERE ] updating countdown to 6000
[06:41:58.134] [SEVERE ] updating countdown to 6000
[06:42:04.164] [SEVERE ] updating countdown to 0
[06:42:04.165] [SEVERE ] updating countdown to 0
[06:42:04.272] [SEVERE ] removing tokens from slot 5
[06:42:04.272] [SEVERE ] removing card from slot 5
[06:42:04.383] [SEVERE ] removing tokens from slot 0
[06:42:04.383] [SEVERE ] removing card from slot 0
[06:42:04.492] [SEVERE ] removing tokens from slot 3
[06:42:04.492] [SEVERE ] removing card from slot 3
[06:42:04.601] [SEVERE ] removing tokens from slot 10
[06:42:04.601] [SEVERE ] removing card from slot 10
[06:42:04.710] [SEVERE ] removing tokens from slot 7
[06:42:04.711] [SEVERE ] removing card from slot 7
[06:42:04.819] [SEVERE ] removing tokens from slot 2
[06:42:04.819] [SEVERE ] removing card from slot 2
[06:42:04.928] [SEVERE ] removing tokens from slot 8
[06:42:04.928] [SEVERE ] removing card from slot 8
[06:42:05.037] [SEVERE ] removing tokens from slot 1
[06:42:05.037] [SEVERE ] removing card from slot 1
[06:42:05.146] [SEVERE ] removing tokens from slot 9
[06:42:05.146] [SEVERE ] removing card from slot 9
[06:42:05.255] [SEVERE ] removing tokens from slot 6
[06:42:05.255] [SEVERE ] removing card from slot 6
[06:42:05.363] [SEVERE ] removing tokens from slot 11
[06:42:05.363] [SEVERE ] removing card from slot 11
[06:42:05.472] [SEVERE ] removing tokens from slot 4
[06:42:05.472] [SEVERE ] removing card from slot 4
[06:42:05.581] [SEVERE ] placing card 45 in slot 11
[06:42:05.689] [SEVERE ] placing card 14 in slot 10
[06:42:05.801] [SEVERE ] placing card 54 in slot 1
[06:42:05.910] [SEVERE ] placing card 12 in slot 9
[06:42:06.020] [SEVERE ] placing card 3 in slot 3
[06:42:06.128] [SEVERE ] placing card 64 in slot 2
[06:42:06.237] [SEVERE ] placing card 47 in slot 4
[06:42:06.347] [SEVERE ] placing card 62 in slot 0
[06:42:06.456] [SEVERE ] placing card 33 in slot 6
[06:42:06.564] [SEVERE ] placing card 77 in slot 5
[06:42:06.674] [SEVERE ] placing card 43 in slot 8
[06:42:06.783] [SEVERE ] placing card 58 in slot 7
[06:42:06.783] [SEVERE ] updating countdown to 9999
[06:42:06.783] [SEVERE ] updating countdown to 10000
[06:42:06.783] [SEVERE ] updating countdown to 10000
[06:42:06.783] [SEVERE ] updating countdown to 10000
[06:42:06.783] [SEVERE ] updating countdown to 10000
[06:42:06.783] [SEVERE ] updating countdown to 10000
[06:42:06.783] [SEVERE ] updating countdown to 10000
[06:42:07.795] [SEVERE ] updating countdown to 8988
[06:42:08.794] [SEVERE ] updating countdown to 7989
[06:42:09.790] [SEVERE ] updating countdown to 6993
[06:42:10.786] [SEVERE ] updating countdown to 5997
[06:42:16.807] [SEVERE ] updating countdown to 0
[06:42:16.808] [SEVERE ] updating countdown to 0
[06:42:16.916] [SEVERE ] removing tokens from slot 0
[06:42:16.916] [SEVERE ] removing card from slot 0
[06:42:17.027] [SEVERE ] removing tokens from slot 8
[06:42:17.027] [SEVERE ] removing card from slot 8
[06:42:17.137] [SEVERE ] removing tokens from slot 7
[06:42:17.137] [SEVERE ] removing card from slot 7
[06:42:17.245] [SEVERE ] removing tokens from slot 10
[06:42:17.245] [SEVERE ] removing card from slot 10
[06:42:17.355] [SEVERE ] removing tokens from slot 11
[06:42:17.355] [SEVERE ] removing card from slot 11
[06:42:17.465] [SEVERE ] removing tokens from slot 2
[06:42:17.465] [SEVERE ] removing card from slot 2
[06:42:17.575] [SEVERE ] removing tokens from slot 3
[06:42:17.575] [SEVERE ] removing card from slot 3
[06:42:17.685] [SEVERE ] removing tokens from slot 1
[06:42:17.685] [SEVERE ] removing card from slot 1
[06:42:17.794] [SEVERE ] removing tokens from slot 6
[06:42:17.794] [SEVERE ] removing card from slot 6
[06:42:17.903] [SEVERE ] removing tokens from slot 4
[06:42:17.903] [SEVERE ] removing card from slot 4
[06:42:18.012] [SEVERE ] removing tokens from slot 9
[06:42:18.012] [SEVERE ] removing card from slot 9
[06:42:18.120] [SEVERE ] removing tokens from slot 5
[06:42:18.120] [SEVERE ] removing card from slot 5
[06:42:18.230] [SEVERE ] placing card 24 in slot 9
[06:42:18.341] [SEVERE ] placing card 13 in slot 4
[06:42:18.450] [SEVERE ] placing card 75 in slot 0
[06:42:18.560] [SEVERE ] placing card 47 in slot 7
[06:42:18.669] [SEVERE ] placing card 21 in slot 11
[06:42:18.778] [SEVERE ] placing card 31 in slot 5
[06:42:18.887] [SEVERE ] placing card 14 in slot 10
[06:42:18.997] [SEVERE ] placing card 35 in slot 2
[06:42:19.105] [SEVERE ] placing card 64 in slot 6
[06:42:19.212] [SEVERE ] placing card 3 in slot 8
[06:42:19.320] [SEVERE ] placing card 60 in slot 3
[06:42:19.428] [SEVERE ] placing card 45 in slot 1
[06:42:19.428] [SEVERE ] updating countdown to 9999
[06:42:19.428] [SEVERE ] updating countdown to 10000
[06:42:19.428] [SEVERE ] updating countdown to 10000
[06:42:20.430] [SEVERE ] updating countdown to 8998
[06:42:21.443] [SEVERE ] updating countdown to 7985
[06:42:22.429] [SEVERE ] updating countdown to 6999
[06:42:23.439] [SEVERE ] updating countdown to 5989
[06:42:29.453] [SEVERE ] updating countdown to 0
[06:42:29.453] [SEVERE ] updating countdown to 0
[06:42:29.562] [SEVERE ] removing tokens from slot 6
[06:42:29.562] [SEVERE ] removing card from slot 6
[06:42:29.671] [SEVERE ] removing tokens from slot 3
[06:42:29.671] [SEVERE ] removing card from slot 3
[06:42:29.780] [SEVERE ] removing tokens from slot 11
[06:42:29.780] [SEVERE ] removing card from slot 11
[06:42:29.890] [SEVERE ] removing tokens from slot 8
[06:42:29.890] [SEVERE ] removing card from slot 8
[06:42:29.998] [SEVERE ] removing tokens from slot 7
[06:42:29.998] [SEVERE ] removing card from slot 7
[06:42:30.107] [SEVERE ] removing tokens from slot 1
[06:42:30.107] [SEVERE ] removing card from slot 1
[06:42:30.218] [SEVERE ] removing tokens from slot 10
[06:42:30.218] [SEVERE ] removing card from slot 10
[06:42:30.326] [SEVERE ] removing tokens from slot 0
[06:42:30.326] [SEVERE ] removing card from slot 0
[06:42:30.435] [SEVERE ] removing tokens from slot 4
[06:42:30.435] [SEVERE ] removing card from slot 4
[06:42:30.543] [SEVERE ] removing tokens from slot 9
[06:42:30.543] [SEVERE ] removing card from slot 9
[06:42:30.652] [SEVERE ] removing tokens from slot 2
[06:42:30.652] [SEVERE ] removing card from slot 2
[06:42:30.760] [SEVERE ] removing tokens from slot 5
[06:42:30.760] [SEVERE ] removing card from slot 5
[06:42:30.869] [SEVERE ] placing card 29 in slot 5
[06:42:30.978] [SEVERE ] placing card 35 in slot 10
[06:42:31.088] [SEVERE ] placing card 41 in slot 2
[06:42:31.197] [SEVERE ] placing card 48 in slot 0
[06:42:31.306] [SEVERE ] placing card 69 in slot 3
[06:42:31.415] [SEVERE ] placing card 75 in slot 9
[06:42:31.524] [SEVERE ] placing card 71 in slot 1
[06:42:31.634] [SEVERE ] placing card 78 in slot 7
[06:42:31.743] [SEVERE ] placing card 61 in slot 11
[06:42:31.852] [SEVERE ] placing card 66 in slot 8
[06:42:31.962] [SEVERE ] placing card 25 in slot 4
[06:42:32.070] [SEVERE ] placing card 19 in slot 6
[06:42:32.070] [SEVERE ] updating countdown to 9999
[06:42:32.070] [SEVERE ] updating countdown to 10000
[06:42:33.085] [SEVERE ] updating countdown to 8985
[06:42:34.086] [SEVERE ] updating countdown to 7984
[06:42:35.081] [SEVERE ] updating countdown to 6989
[06:42:36.079] [SEVERE ] updating countdown to 5991
[06:42:42.092] [SEVERE ] updating countdown to 0
[06:42:42.092] [SEVERE ] updating countdown to 0
[06:42:42.201] [SEVERE ] removing tokens from slot 4
[06:42:42.201] [SEVERE ] removing card from slot 4
[06:42:42.310] [SEVERE ] removing tokens from slot 5
[06:42:42.310] [SEVERE ] removing card from slot 5
[06:42:42.419] [SEVERE ] removing tokens from slot 0
[06:42:42.419] [SEVERE ] removing card from slot 0
[06:42:42.528] [SEVERE ] removing tokens from slot 11
[06:42:42.528] [SEVERE ] removing card from slot 11
[06:42:42.639] [SEVERE ] removing tokens from slot 8
[06:42:42.639] [SEVERE ] removing card from slot 8
[06:42:42.750] [SEVERE ] removing tokens from slot 7
[06:42:42.750] [SEVERE ] removing card from slot 7
[06:42:42.858] [SEVERE ] removing tokens from slot 10
[06:42:42.858] [SEVERE ] removing card from slot 10
[06:42:42.968] [SEVERE ] removing tokens from slot 6
[06:42:42.968] [SEVERE ] removing card from slot 6
[06:42:43.077] [SEVERE ] removing tokens from slot 9
[06:42:43.077] [SEVERE ] removing card from slot 9
[06:42:43.186] [SEVERE ] removing tokens from slot 3
[06:42:43.186] [SEVERE ] removing card from slot 3
[06:42:43.295] [SEVERE ] removing tokens from slot 2
[06:42:43.295] [SEVERE ] removing card from slot 2
[06:42:43.404] [SEVERE ] removing tokens from slot 1
[06:42:43.404] [SEVERE ] removing card from slot 1
[06:42:43.512] [SEVERE ] placing card 47 in slot 7
[06:42:43.621] [SEVERE ] placing card 79 in slot 4
[06:42:43.730] [SEVERE ] placing card 51 in slot 1
[06:42:43.839] [SEVERE ] placing card 7 in slot 9
[06:42:43.948] [SEVERE ] placing card 43 in slot 3
[06:42:44.055] [SEVERE ] placing card 78 in slot 0
[06:42:44.164] [SEVERE ] placing card 50 in slot 11
[06:42:44.272] [SEVERE ] placing card 8 in slot 8
[06:42:44.383] [SEVERE ] placing card 58 in slot 5
[06:42:44.491] [SEVERE ] placing card 10 in slot 6
[06:42:44.601] [SEVERE ] placing card 57 in slot 10
[06:42:44.710] [SEVERE ] placing card 77 in slot 2
[06:42:44.710] [SEVERE ] updating countdown to 9999
[06:42:45.721] [SEVERE ] updating countdown to 8989
[06:42:46.720] [SEVERE ] updating countdown to 7990
[06:42:47.718] [SEVERE ] updating countdown to 6992
[06:42:48.711] [SEVERE ] updating countdown to 5999
[06:42:54.752] [SEVERE ] updating countdown to 0
[06:42:54.752] [SEVERE ] updating countdown to 0
[06:42:54.861] [SEVERE ] removing tokens from slot 0
[06:42:54.861] [SEVERE ] removing card from slot 0
[06:42:54.971] [SEVERE ] removing tokens from slot 10
[06:42:54.971] [SEVERE ] removing card from slot 10
[06:42:55.081] [SEVERE ] removing tokens from slot 6
[06:42:55.081] [SEVERE ] removing card from slot 6
[06:42:55.190] [SEVERE ] removing tokens from slot 11
[06:42:55.190] [SEVERE ] removing card from slot 11
[06:42:55.299] [SEVERE ] removing tokens from slot 4
[06:42:55.299] [SEVERE ] removing card from slot 4
[06:42:55.409] [SEVERE ] removing tokens from slot 1
[06:42:55.409] [SEVERE ] removing card from slot 1
[06:42:55.517] [SEVERE ] removing tokens from slot 8
[06:42:55.517] [SEVERE ] removing card from slot 8
[06:42:55.627] [SEVERE ] removing tokens from slot 3
[06:42:55.627] [SEVERE ] removing card from slot 3
[06:42:55.737] [SEVERE ] removing tokens from slot 2
[06:42:55.737] [SEVERE ] removing card from slot 2
[06:42:55.847] [SEVERE ] removing tokens from slot 7
[06:42:55.847] [SEVERE ] removing card from slot 7
[06:42:55.956] [SEVERE ] removing tokens from slot 5
[06:42:55.956] [SEVERE ] removing card from slot 5
[06:42:56.064] [SEVERE ] removing tokens from slot 9
[06:42:56.064] [SEVERE ] removing card from slot 9
[06:42:56.174] [SEVERE ] placing card 43 in slot 8
[06:42:56.281] [SEVERE ] placing card 4 in slot 10
[06:42:56.390] [SEVERE ] placing card 32 in slot 0
[06:42:56.500] [SEVERE ] placing card 64 in slot 6
[06:42:56.611] [SEVERE ] placing card 76 in slot 7
[06:42:56.720] [SEVERE ] placing card 72 in slot 5
[06:42:56.828] [SEVERE ] placing card 19 in slot 2
[06:42:56.939] [SEVERE ] placing card 2 in slot 4
[06:42:57.048] [SEVERE ] placing card 47 in slot 9
[06:42:57.156] [SEVERE ] placing card 71 in slot 1
[06:42:57.266] [SEVERE ] placing card 22 in slot 11
[06:42:57.374] [SEVERE ] placing card 77 in slot 3
[06:42:57.374] [SEVERE ] updating countdown to 9999
[06:42:58.390] [SEVERE ] updating countdown to 8984
[06:42:59.389] [SEVERE ] updating countdown to 7985
[06:43:00.380] [SEVERE ] updating countdown to 6994
[06:43:01.380] [SEVERE ] updating countdown to 5994
[06:43:02.173] [SEVERE ] exit button pressed
[06:43:02.173] [INFO   ] thread Player: 01 terminated.
[06:43:02.174] [INFO   ] thread Player: 11 terminated.
[06:43:02.495] [SEVERE ] removing tokens from slot 9
[06:43:02.495] [SEVERE ] removing card from slot 9
[06:43:02.605] [SEVERE ] removing tokens from slot 8
[06:43:02.605] [SEVERE ] removing card from slot 8
[06:43:02.713] [SEVERE ] removing tokens from slot 4
[06:43:02.713] [SEVERE ] removing card from slot 4
[06:43:02.821] [SEVERE ] removing tokens from slot 7
[06:43:02.821] [SEVERE ] removing card from slot 7
[06:43:02.933] [SEVERE ] removing tokens from slot 3
[06:43:02.933] [SEVERE ] removing card from slot 3
[06:43:03.043] [SEVERE ] removing tokens from slot 11
[06:43:03.043] [SEVERE ] removing card from slot 11
[06:43:03.153] [SEVERE ] removing tokens from slot 10
[06:43:03.153] [SEVERE ] removing card from slot 10
[06:43:03.261] [SEVERE ] removing tokens from slot 2
[06:43:03.261] [SEVERE ] removing card from slot 2
[06:43:03.370] [SEVERE ] removing tokens from slot 6
[06:43:03.370] [SEVERE ] removing card from slot 6
[06:43:03.478] [SEVERE ] removing tokens from slot 0
[06:43:03.478] [SEVERE ] removing card from slot 0
[06:43:03.588] [SEVERE ] removing tokens from slot 1
[06:43:03.588] [SEVERE ] removing card from slot 1
[06:43:03.697] [SEVERE ] removing tokens from slot 5
[06:43:03.697] [SEVERE ] removing card from slot 5
[06:43:03.698] [SEVERE ] announcing winner(s): player 2, player 1
[06:43:03.699] [INFO   ] thread dealer terminated.
[06:43:03.699] [INFO   ] thread dealer terminated.
[06:43:03.699] [SEVERE ] thanks for playing... it was fun!
[06:43:03.700] [INFO   ] thread main terminated.
