[03:37:59.402] [INFO   ] thread main starting.
[03:37:59.446] [SEVERE ] cannot read configuration file config.properties trying from resources.
[03:37:59.454] [SEVERE ] configuration file was loaded from resources directory.
[03:38:02.423] [INFO   ] thread dealer starting.
[03:38:02.429] [INFO   ] thread dealer starting.
[03:38:02.581] [SEVERE ] placing card 0 in slot 4
[03:38:02.688] [SEVERE ] placing card 64 in slot 8
[03:38:02.800] [SEVERE ] placing card 55 in slot 3
[03:38:02.908] [SEVERE ] placing card 26 in slot 10
[03:38:03.019] [SEVERE ] placing card 43 in slot 0
[03:38:03.128] [SEVERE ] placing card 25 in slot 11
[03:38:03.236] [SEVERE ] placing card 60 in slot 2
[03:38:03.345] [SEVERE ] placing card 53 in slot 1
[03:38:03.454] [SEVERE ] placing card 21 in slot 5
[03:38:03.563] [SEVERE ] placing card 62 in slot 9
[03:38:03.671] [SEVERE ] placing card 19 in slot 6
[03:38:03.782] [SEVERE ] placing card 9 in slot 7
[03:38:03.808] [SEVERE ] updating countdown to 60000
[03:38:03.812] [INFO   ] thread Player: 01 created.
[03:38:03.813] [INFO   ] thread Player: 01 starting.
[03:38:03.813] [INFO   ] thread Player: 11 created.
[03:38:03.816] [INFO   ] thread Player: 11 starting.
[03:38:03.925] [SEVERE ] updating countdown to 59883
[03:38:04.033] [SEVERE ] updating countdown to 59775
[03:38:04.143] [SEVERE ] updating countdown to 59665
[03:38:04.253] [SEVERE ] updating countdown to 59555
[03:38:04.362] [SEVERE ] updating countdown to 59446
[03:38:04.473] [SEVERE ] updating countdown to 59335
[03:38:04.584] [SEVERE ] updating countdown to 59224
[03:38:04.694] [SEVERE ] updating countdown to 59114
[03:38:04.804] [SEVERE ] updating countdown to 59004
[03:38:04.915] [SEVERE ] updating countdown to 58893
[03:38:05.027] [SEVERE ] updating countdown to 58781
[03:38:05.139] [SEVERE ] updating countdown to 58669
[03:38:05.249] [SEVERE ] updating countdown to 58559
[03:38:05.360] [SEVERE ] updating countdown to 58448
[03:38:05.471] [SEVERE ] updating countdown to 58337
[03:38:05.581] [SEVERE ] updating countdown to 58227
[03:38:05.690] [SEVERE ] updating countdown to 58118
[03:38:05.800] [SEVERE ] updating countdown to 58008
[03:38:05.908] [SEVERE ] updating countdown to 57900
[03:38:06.018] [SEVERE ] updating countdown to 57790
[03:38:06.127] [SEVERE ] updating countdown to 57681
[03:38:06.238] [SEVERE ] updating countdown to 57570
[03:38:06.348] [SEVERE ] updating countdown to 57460
[03:38:06.457] [SEVERE ] updating countdown to 57351
[03:38:06.569] [SEVERE ] updating countdown to 57239
[03:38:06.678] [SEVERE ] updating countdown to 57130
[03:38:06.787] [SEVERE ] updating countdown to 57021
[03:38:06.896] [SEVERE ] updating countdown to 56912
[03:38:07.005] [SEVERE ] updating countdown to 56803
[03:38:07.116] [SEVERE ] updating countdown to 56692
[03:38:07.227] [SEVERE ] updating countdown to 56581
[03:38:07.336] [SEVERE ] updating countdown to 56472
[03:38:07.444] [SEVERE ] updating countdown to 56364
[03:38:07.553] [SEVERE ] updating countdown to 56255
[03:38:07.663] [SEVERE ] updating countdown to 56145
[03:38:07.772] [SEVERE ] updating countdown to 56036
[03:38:07.879] [SEVERE ] updating countdown to 55929
[03:38:07.990] [SEVERE ] updating countdown to 55818
[03:38:08.099] [SEVERE ] updating countdown to 55709
[03:38:08.208] [SEVERE ] updating countdown to 55600
[03:38:08.318] [SEVERE ] updating countdown to 55490
[03:38:08.427] [SEVERE ] updating countdown to 55381
[03:38:08.538] [SEVERE ] updating countdown to 55270
[03:38:08.647] [SEVERE ] updating countdown to 55161
[03:38:08.757] [SEVERE ] updating countdown to 55051
[03:38:08.865] [SEVERE ] updating countdown to 54943
[03:38:08.974] [SEVERE ] updating countdown to 54834
[03:38:09.085] [SEVERE ] updating countdown to 54723
[03:38:09.194] [SEVERE ] updating countdown to 54614
[03:38:09.304] [SEVERE ] updating countdown to 54504
[03:38:09.415] [SEVERE ] updating countdown to 54393
[03:38:09.526] [SEVERE ] updating countdown to 54282
[03:38:09.637] [SEVERE ] updating countdown to 54171
[03:38:09.748] [SEVERE ] updating countdown to 54060
[03:38:09.859] [SEVERE ] updating countdown to 53949
[03:38:09.969] [SEVERE ] updating countdown to 53839
[03:38:10.080] [SEVERE ] updating countdown to 53728
[03:38:10.189] [SEVERE ] updating countdown to 53619
[03:38:10.297] [SEVERE ] updating countdown to 53511
[03:38:10.408] [SEVERE ] updating countdown to 53400
[03:38:10.518] [SEVERE ] updating countdown to 53290
[03:38:10.626] [SEVERE ] updating countdown to 53182
[03:38:10.734] [SEVERE ] updating countdown to 53074
[03:38:10.843] [SEVERE ] updating countdown to 52965
[03:38:10.951] [SEVERE ] updating countdown to 52857
[03:38:11.059] [SEVERE ] updating countdown to 52749
[03:38:11.168] [SEVERE ] updating countdown to 52640
[03:38:11.277] [SEVERE ] updating countdown to 52531
[03:38:11.385] [SEVERE ] updating countdown to 52423
[03:38:11.495] [SEVERE ] updating countdown to 52313
[03:38:11.606] [SEVERE ] updating countdown to 52202
[03:38:11.714] [SEVERE ] updating countdown to 52094
[03:38:11.823] [SEVERE ] updating countdown to 51985
[03:38:11.932] [SEVERE ] updating countdown to 51876
[03:38:12.041] [SEVERE ] updating countdown to 51767
[03:38:12.150] [SEVERE ] updating countdown to 51658
[03:38:12.259] [SEVERE ] updating countdown to 51549
[03:38:12.368] [SEVERE ] updating countdown to 51440
[03:38:12.476] [SEVERE ] updating countdown to 51332
[03:38:12.585] [SEVERE ] updating countdown to 51223
[03:38:12.694] [SEVERE ] updating countdown to 51114
[03:38:12.802] [SEVERE ] updating countdown to 51006
[03:38:12.911] [SEVERE ] updating countdown to 50897
[03:38:13.019] [SEVERE ] updating countdown to 50789
[03:38:13.129] [SEVERE ] updating countdown to 50679
[03:38:13.237] [SEVERE ] updating countdown to 50571
[03:38:13.345] [SEVERE ] updating countdown to 50463
[03:38:13.454] [SEVERE ] updating countdown to 50354
[03:38:13.562] [SEVERE ] updating countdown to 50246
[03:38:13.672] [SEVERE ] updating countdown to 50136
[03:38:13.781] [SEVERE ] updating countdown to 50027
[03:38:13.890] [SEVERE ] updating countdown to 49918
[03:38:13.931] [SEVERE ] key 81 was pressed by player 1
[03:38:13.932] [SEVERE ] player 1 placing token on slot 0
[03:38:13.998] [SEVERE ] updating countdown to 49810
[03:38:14.106] [SEVERE ] updating countdown to 49702
[03:38:14.215] [SEVERE ] updating countdown to 49593
[03:38:14.325] [SEVERE ] updating countdown to 49483
[03:38:14.434] [SEVERE ] updating countdown to 49374
[03:38:14.543] [SEVERE ] updating countdown to 49265
[03:38:14.651] [SEVERE ] updating countdown to 49157
[03:38:14.763] [SEVERE ] updating countdown to 49045
[03:38:14.871] [SEVERE ] updating countdown to 48937
[03:38:14.980] [SEVERE ] updating countdown to 48828
[03:38:15.089] [SEVERE ] updating countdown to 48719
[03:38:15.197] [SEVERE ] updating countdown to 48611
[03:38:15.309] [SEVERE ] updating countdown to 48499
[03:38:15.417] [SEVERE ] updating countdown to 48391
[03:38:15.524] [SEVERE ] updating countdown to 48284
[03:38:15.635] [SEVERE ] updating countdown to 48173
[03:38:15.745] [SEVERE ] updating countdown to 48063
[03:38:15.852] [SEVERE ] updating countdown to 47956
[03:38:15.929] [SEVERE ] key 69 was pressed by player 1
[03:38:15.929] [SEVERE ] player 1 placing token on slot 2
[03:38:15.960] [SEVERE ] updating countdown to 47848
[03:38:16.068] [SEVERE ] updating countdown to 47740
[03:38:16.177] [SEVERE ] updating countdown to 47631
[03:38:16.286] [SEVERE ] updating countdown to 47522
[03:38:16.394] [SEVERE ] updating countdown to 47414
[03:38:16.504] [SEVERE ] updating countdown to 47304
[03:38:16.613] [SEVERE ] updating countdown to 47195
[03:38:16.723] [SEVERE ] updating countdown to 47085
[03:38:16.831] [SEVERE ] updating countdown to 46977
[03:38:16.940] [SEVERE ] updating countdown to 46868
[03:38:17.050] [SEVERE ] updating countdown to 46758
[03:38:17.159] [SEVERE ] updating countdown to 46649
[03:38:17.269] [SEVERE ] updating countdown to 46539
[03:38:17.377] [SEVERE ] updating countdown to 46431
[03:38:17.486] [SEVERE ] updating countdown to 46322
[03:38:17.595] [SEVERE ] updating countdown to 46213
[03:38:17.703] [SEVERE ] updating countdown to 46105
[03:38:17.785] [SEVERE ] key 67 was pressed by player 1
[03:38:17.785] [SEVERE ] player 1 placing token on slot 10
[03:38:17.787] [SEVERE ] updating countdown to 46021
[03:38:17.890] [SEVERE ] removing tokens from slot 0
[03:38:17.890] [SEVERE ] removing card from slot 0
[03:38:17.999] [SEVERE ] removing tokens from slot 2
[03:38:17.999] [SEVERE ] removing card from slot 2
[03:38:18.107] [SEVERE ] removing tokens from slot 10
[03:38:18.107] [SEVERE ] removing card from slot 10
[03:38:18.110] [SEVERE ] updating countdown to 60000
[03:38:18.110] [SEVERE ] setting player 1 score to 1
[03:38:18.111] [SEVERE ] setting player 1 freeze to 1000
[03:38:18.216] [SEVERE ] placing card 3 in slot 2
[03:38:18.324] [SEVERE ] placing card 66 in slot 10
[03:38:18.433] [SEVERE ] placing card 65 in slot 0
[03:38:18.541] [SEVERE ] updating countdown to 59569
[03:38:18.649] [SEVERE ] updating countdown to 59461
[03:38:18.758] [SEVERE ] updating countdown to 59352
[03:38:18.866] [SEVERE ] updating countdown to 59244
[03:38:18.975] [SEVERE ] updating countdown to 59135
[03:38:19.085] [SEVERE ] updating countdown to 59025
[03:38:19.115] [SEVERE ] setting player 1 freeze to 0
[03:38:19.193] [SEVERE ] updating countdown to 58917
[03:38:19.303] [SEVERE ] updating countdown to 58807
[03:38:19.414] [SEVERE ] updating countdown to 58696
[03:38:19.524] [SEVERE ] updating countdown to 58586
[03:38:19.632] [SEVERE ] updating countdown to 58478
[03:38:19.741] [SEVERE ] updating countdown to 58369
[03:38:19.849] [SEVERE ] updating countdown to 58261
[03:38:19.957] [SEVERE ] updating countdown to 58153
[03:38:20.067] [SEVERE ] updating countdown to 58043
[03:38:20.177] [SEVERE ] updating countdown to 57933
[03:38:20.285] [SEVERE ] updating countdown to 57825
[03:38:20.393] [SEVERE ] updating countdown to 57717
[03:38:20.501] [SEVERE ] updating countdown to 57609
[03:38:20.611] [SEVERE ] updating countdown to 57499
[03:38:20.720] [SEVERE ] updating countdown to 57390
[03:38:20.829] [SEVERE ] updating countdown to 57281
[03:38:20.937] [SEVERE ] updating countdown to 57173
[03:38:21.047] [SEVERE ] updating countdown to 57063
[03:38:21.157] [SEVERE ] updating countdown to 56953
[03:38:21.266] [SEVERE ] updating countdown to 56844
[03:38:21.376] [SEVERE ] updating countdown to 56734
[03:38:21.485] [SEVERE ] updating countdown to 56625
[03:38:21.593] [SEVERE ] updating countdown to 56517
[03:38:21.702] [SEVERE ] updating countdown to 56408
[03:38:21.810] [SEVERE ] updating countdown to 56300
[03:38:21.918] [SEVERE ] updating countdown to 56192
[03:38:22.027] [SEVERE ] updating countdown to 56083
[03:38:22.138] [SEVERE ] updating countdown to 55972
[03:38:22.247] [SEVERE ] updating countdown to 55863
[03:38:22.355] [SEVERE ] updating countdown to 55755
[03:38:22.464] [SEVERE ] updating countdown to 55646
[03:38:22.572] [SEVERE ] updating countdown to 55538
[03:38:22.682] [SEVERE ] updating countdown to 55428
[03:38:22.792] [SEVERE ] updating countdown to 55318
[03:38:22.899] [SEVERE ] updating countdown to 55211
[03:38:23.008] [SEVERE ] updating countdown to 55102
[03:38:23.116] [SEVERE ] updating countdown to 54994
[03:38:23.224] [SEVERE ] updating countdown to 54886
[03:38:23.333] [SEVERE ] updating countdown to 54777
[03:38:23.443] [SEVERE ] updating countdown to 54667
[03:38:23.554] [SEVERE ] updating countdown to 54556
[03:38:23.662] [SEVERE ] updating countdown to 54448
[03:38:23.770] [SEVERE ] updating countdown to 54340
[03:38:23.879] [SEVERE ] updating countdown to 54231
[03:38:23.987] [SEVERE ] updating countdown to 54123
[03:38:24.096] [SEVERE ] updating countdown to 54014
[03:38:24.205] [SEVERE ] updating countdown to 53905
[03:38:24.315] [SEVERE ] updating countdown to 53795
[03:38:24.424] [SEVERE ] updating countdown to 53686
[03:38:24.534] [SEVERE ] updating countdown to 53576
[03:38:24.643] [SEVERE ] updating countdown to 53467
[03:38:24.753] [SEVERE ] updating countdown to 53357
[03:38:24.861] [SEVERE ] updating countdown to 53249
[03:38:24.970] [SEVERE ] updating countdown to 53140
[03:38:25.079] [SEVERE ] updating countdown to 53031
[03:38:25.188] [SEVERE ] updating countdown to 52922
[03:38:25.297] [SEVERE ] updating countdown to 52813
[03:38:25.405] [SEVERE ] updating countdown to 52705
[03:38:25.515] [SEVERE ] updating countdown to 52595
[03:38:25.624] [SEVERE ] updating countdown to 52486
[03:38:25.734] [SEVERE ] updating countdown to 52376
[03:38:25.843] [SEVERE ] updating countdown to 52267
[03:38:25.951] [SEVERE ] updating countdown to 52159
[03:38:26.060] [SEVERE ] updating countdown to 52050
[03:38:26.169] [SEVERE ] updating countdown to 51941
[03:38:26.279] [SEVERE ] updating countdown to 51831
[03:38:26.388] [SEVERE ] updating countdown to 51722
[03:38:26.497] [SEVERE ] updating countdown to 51613
[03:38:26.607] [SEVERE ] updating countdown to 51503
[03:38:26.716] [SEVERE ] updating countdown to 51394
[03:38:26.827] [SEVERE ] updating countdown to 51283
[03:38:26.935] [SEVERE ] updating countdown to 51175
[03:38:27.044] [SEVERE ] updating countdown to 51066
[03:38:27.152] [SEVERE ] updating countdown to 50958
[03:38:27.262] [SEVERE ] updating countdown to 50848
[03:38:27.371] [SEVERE ] updating countdown to 50739
[03:38:27.480] [SEVERE ] updating countdown to 50630
[03:38:27.590] [SEVERE ] updating countdown to 50520
[03:38:27.698] [SEVERE ] updating countdown to 50412
[03:38:27.808] [SEVERE ] updating countdown to 50302
[03:38:27.917] [SEVERE ] updating countdown to 50193
[03:38:28.025] [SEVERE ] updating countdown to 50085
[03:38:28.134] [SEVERE ] updating countdown to 49976
[03:38:28.242] [SEVERE ] updating countdown to 49868
[03:38:28.351] [SEVERE ] updating countdown to 49759
[03:38:28.460] [SEVERE ] updating countdown to 49650
[03:38:28.569] [SEVERE ] updating countdown to 49541
[03:38:28.678] [SEVERE ] updating countdown to 49432
[03:38:28.787] [SEVERE ] updating countdown to 49323
[03:38:28.896] [SEVERE ] updating countdown to 49214
[03:38:29.005] [SEVERE ] updating countdown to 49105
[03:38:29.116] [SEVERE ] updating countdown to 48994
[03:38:29.225] [SEVERE ] updating countdown to 48885
[03:38:29.333] [SEVERE ] updating countdown to 48777
[03:38:29.367] [SEVERE ] key 83 was pressed by player 1
[03:38:29.368] [SEVERE ] player 1 placing token on slot 5
[03:38:29.443] [SEVERE ] updating countdown to 48667
[03:38:29.553] [SEVERE ] updating countdown to 48557
[03:38:29.663] [SEVERE ] updating countdown to 48447
[03:38:29.773] [SEVERE ] updating countdown to 48337
[03:38:29.882] [SEVERE ] updating countdown to 48228
[03:38:29.989] [SEVERE ] updating countdown to 48121
[03:38:30.097] [SEVERE ] updating countdown to 48013
[03:38:30.162] [SEVERE ] key 68 was pressed by player 1
[03:38:30.162] [SEVERE ] player 1 placing token on slot 6
[03:38:30.207] [SEVERE ] updating countdown to 47903
[03:38:30.316] [SEVERE ] updating countdown to 47794
[03:38:30.425] [SEVERE ] updating countdown to 47685
[03:38:30.533] [SEVERE ] updating countdown to 47577
[03:38:30.642] [SEVERE ] updating countdown to 47468
[03:38:30.751] [SEVERE ] updating countdown to 47359
[03:38:30.859] [SEVERE ] updating countdown to 47251
[03:38:30.969] [SEVERE ] updating countdown to 47141
[03:38:31.079] [SEVERE ] updating countdown to 47031
[03:38:31.188] [SEVERE ] updating countdown to 46922
[03:38:31.297] [SEVERE ] updating countdown to 46813
[03:38:31.406] [SEVERE ] updating countdown to 46704
[03:38:31.515] [SEVERE ] updating countdown to 46595
[03:38:31.625] [SEVERE ] updating countdown to 46485
[03:38:31.734] [SEVERE ] updating countdown to 46376
[03:38:31.842] [SEVERE ] updating countdown to 46268
[03:38:31.951] [SEVERE ] updating countdown to 46159
[03:38:32.060] [SEVERE ] updating countdown to 46050
[03:38:32.170] [SEVERE ] updating countdown to 45940
[03:38:32.279] [SEVERE ] updating countdown to 45831
[03:38:32.388] [SEVERE ] updating countdown to 45722
[03:38:32.498] [SEVERE ] updating countdown to 45612
[03:38:32.607] [SEVERE ] updating countdown to 45503
[03:38:32.714] [SEVERE ] updating countdown to 45396
[03:38:32.822] [SEVERE ] updating countdown to 45288
[03:38:32.931] [SEVERE ] updating countdown to 45179
[03:38:33.040] [SEVERE ] updating countdown to 45070
[03:38:33.149] [SEVERE ] updating countdown to 44961
[03:38:33.258] [SEVERE ] updating countdown to 44852
[03:38:33.366] [SEVERE ] updating countdown to 44744
[03:38:33.369] [SEVERE ] key 67 was pressed by player 1
[03:38:33.370] [SEVERE ] player 1 placing token on slot 10
[03:38:33.370] [SEVERE ] updating countdown to 44740
[03:38:33.371] [SEVERE ] setting player 1 freeze to 3000
[03:38:33.475] [SEVERE ] updating countdown to 44635
[03:38:33.584] [SEVERE ] updating countdown to 44526
[03:38:33.691] [SEVERE ] updating countdown to 44419
[03:38:33.801] [SEVERE ] updating countdown to 44309
[03:38:33.911] [SEVERE ] updating countdown to 44199
[03:38:34.018] [SEVERE ] updating countdown to 44092
[03:38:34.127] [SEVERE ] updating countdown to 43983
[03:38:34.238] [SEVERE ] updating countdown to 43872
[03:38:34.346] [SEVERE ] updating countdown to 43764
[03:38:34.376] [SEVERE ] setting player 1 freeze to 2000
[03:38:34.455] [SEVERE ] updating countdown to 43655
[03:38:34.566] [SEVERE ] updating countdown to 43544
[03:38:34.674] [SEVERE ] updating countdown to 43436
[03:38:34.783] [SEVERE ] updating countdown to 43327
[03:38:34.893] [SEVERE ] updating countdown to 43217
[03:38:35.003] [SEVERE ] updating countdown to 43107
[03:38:35.112] [SEVERE ] updating countdown to 42998
[03:38:35.221] [SEVERE ] updating countdown to 42889
[03:38:35.330] [SEVERE ] updating countdown to 42780
[03:38:35.376] [SEVERE ] setting player 1 freeze to 1000
[03:38:35.438] [SEVERE ] updating countdown to 42672
[03:38:35.547] [SEVERE ] updating countdown to 42563
[03:38:35.657] [SEVERE ] updating countdown to 42453
[03:38:35.764] [SEVERE ] updating countdown to 42346
[03:38:35.873] [SEVERE ] updating countdown to 42237
[03:38:35.981] [SEVERE ] updating countdown to 42129
[03:38:36.090] [SEVERE ] updating countdown to 42020
[03:38:36.197] [SEVERE ] updating countdown to 41913
[03:38:36.306] [SEVERE ] updating countdown to 41804
[03:38:36.384] [SEVERE ] setting player 1 freeze to 0
[03:38:36.415] [SEVERE ] updating countdown to 41695
[03:38:36.524] [SEVERE ] updating countdown to 41586
[03:38:36.633] [SEVERE ] updating countdown to 41477
[03:38:36.742] [SEVERE ] updating countdown to 41368
[03:38:36.851] [SEVERE ] updating countdown to 41259
[03:38:36.960] [SEVERE ] updating countdown to 41150
[03:38:37.068] [SEVERE ] updating countdown to 41042
[03:38:37.176] [SEVERE ] updating countdown to 40934
[03:38:37.285] [SEVERE ] updating countdown to 40825
[03:38:37.393] [SEVERE ] updating countdown to 40717
[03:38:37.502] [SEVERE ] updating countdown to 40608
[03:38:37.612] [SEVERE ] updating countdown to 40498
[03:38:37.722] [SEVERE ] updating countdown to 40388
[03:38:37.832] [SEVERE ] updating countdown to 40278
[03:38:37.941] [SEVERE ] updating countdown to 40169
[03:38:38.048] [SEVERE ] updating countdown to 40062
[03:38:38.158] [SEVERE ] updating countdown to 39952
[03:38:38.269] [SEVERE ] updating countdown to 39841
[03:38:38.377] [SEVERE ] updating countdown to 39733
[03:38:38.487] [SEVERE ] updating countdown to 39623
[03:38:38.595] [SEVERE ] updating countdown to 39515
[03:38:38.703] [SEVERE ] updating countdown to 39407
[03:38:38.811] [SEVERE ] updating countdown to 39299
[03:38:38.919] [SEVERE ] updating countdown to 39191
[03:38:39.027] [SEVERE ] updating countdown to 39083
[03:38:39.137] [SEVERE ] updating countdown to 38973
[03:38:39.246] [SEVERE ] updating countdown to 38864
[03:38:39.355] [SEVERE ] updating countdown to 38755
[03:38:39.466] [SEVERE ] updating countdown to 38644
[03:38:39.576] [SEVERE ] updating countdown to 38534
[03:38:39.685] [SEVERE ] updating countdown to 38425
[03:38:39.795] [SEVERE ] updating countdown to 38315
[03:38:39.904] [SEVERE ] updating countdown to 38206
[03:38:40.014] [SEVERE ] updating countdown to 38096
[03:38:40.123] [SEVERE ] updating countdown to 37987
[03:38:40.231] [SEVERE ] updating countdown to 37879
[03:38:40.340] [SEVERE ] updating countdown to 37770
[03:38:40.450] [SEVERE ] updating countdown to 37660
[03:38:40.559] [SEVERE ] updating countdown to 37551
[03:38:40.668] [SEVERE ] updating countdown to 37442
[03:38:40.777] [SEVERE ] updating countdown to 37333
[03:38:40.886] [SEVERE ] updating countdown to 37224
[03:38:40.995] [SEVERE ] updating countdown to 37115
[03:38:41.103] [SEVERE ] updating countdown to 37007
[03:38:41.213] [SEVERE ] updating countdown to 36897
[03:38:41.324] [SEVERE ] updating countdown to 36786
[03:38:41.433] [SEVERE ] updating countdown to 36677
[03:38:41.542] [SEVERE ] updating countdown to 36568
[03:38:41.651] [SEVERE ] updating countdown to 36459
[03:38:41.760] [SEVERE ] updating countdown to 36350
[03:38:41.870] [SEVERE ] updating countdown to 36240
[03:38:41.978] [SEVERE ] updating countdown to 36132
[03:38:42.089] [SEVERE ] updating countdown to 36021
[03:38:42.199] [SEVERE ] updating countdown to 35911
[03:38:42.309] [SEVERE ] updating countdown to 35801
[03:38:42.419] [SEVERE ] updating countdown to 35691
[03:38:42.527] [SEVERE ] updating countdown to 35583
[03:38:42.636] [SEVERE ] updating countdown to 35474
[03:38:42.743] [SEVERE ] updating countdown to 35367
[03:38:42.852] [SEVERE ] updating countdown to 35258
[03:38:42.961] [SEVERE ] updating countdown to 35149
[03:38:43.070] [SEVERE ] updating countdown to 35040
[03:38:43.178] [SEVERE ] updating countdown to 34932
[03:38:43.286] [SEVERE ] updating countdown to 34824
[03:38:43.394] [SEVERE ] updating countdown to 34716
[03:38:43.503] [SEVERE ] updating countdown to 34607
[03:38:43.611] [SEVERE ] updating countdown to 34499
[03:38:43.720] [SEVERE ] updating countdown to 34390
[03:38:43.829] [SEVERE ] updating countdown to 34281
[03:38:43.938] [SEVERE ] updating countdown to 34172
[03:38:44.047] [SEVERE ] updating countdown to 34063
[03:38:44.156] [SEVERE ] updating countdown to 33954
[03:38:44.266] [SEVERE ] updating countdown to 33844
[03:38:44.376] [SEVERE ] updating countdown to 33734
[03:38:44.485] [SEVERE ] updating countdown to 33625
[03:38:44.595] [SEVERE ] updating countdown to 33515
[03:38:44.705] [SEVERE ] updating countdown to 33405
[03:38:44.815] [SEVERE ] updating countdown to 33295
[03:38:44.923] [SEVERE ] updating countdown to 33187
[03:38:45.033] [SEVERE ] updating countdown to 33077
[03:38:45.144] [SEVERE ] updating countdown to 32966
[03:38:45.253] [SEVERE ] updating countdown to 32857
[03:38:45.362] [SEVERE ] updating countdown to 32748
[03:38:45.472] [SEVERE ] updating countdown to 32638
[03:38:45.580] [SEVERE ] updating countdown to 32530
[03:38:45.689] [SEVERE ] updating countdown to 32421
[03:38:45.800] [SEVERE ] updating countdown to 32310
[03:38:45.909] [SEVERE ] updating countdown to 32201
[03:38:46.017] [SEVERE ] updating countdown to 32093
[03:38:46.127] [SEVERE ] updating countdown to 31983
[03:38:46.234] [SEVERE ] updating countdown to 31876
[03:38:46.343] [SEVERE ] updating countdown to 31767
[03:38:46.453] [SEVERE ] updating countdown to 31657
[03:38:46.562] [SEVERE ] updating countdown to 31548
[03:38:46.671] [SEVERE ] updating countdown to 31439
[03:38:46.780] [SEVERE ] updating countdown to 31330
[03:38:46.889] [SEVERE ] updating countdown to 31221
[03:38:46.998] [SEVERE ] updating countdown to 31112
[03:38:47.107] [SEVERE ] updating countdown to 31003
[03:38:47.216] [SEVERE ] updating countdown to 30894
[03:38:47.324] [SEVERE ] updating countdown to 30786
[03:38:47.433] [SEVERE ] updating countdown to 30677
[03:38:47.542] [SEVERE ] updating countdown to 30568
[03:38:47.652] [SEVERE ] updating countdown to 30458
[03:38:47.761] [SEVERE ] updating countdown to 30349
[03:38:47.870] [SEVERE ] updating countdown to 30240
[03:38:47.978] [SEVERE ] updating countdown to 30132
[03:38:48.088] [SEVERE ] updating countdown to 30022
[03:38:48.198] [SEVERE ] updating countdown to 29912
[03:38:48.306] [SEVERE ] updating countdown to 29804
[03:38:48.415] [SEVERE ] updating countdown to 29695
[03:38:48.524] [SEVERE ] updating countdown to 29586
[03:38:48.633] [SEVERE ] updating countdown to 29477
[03:38:48.740] [SEVERE ] updating countdown to 29370
[03:38:48.849] [SEVERE ] updating countdown to 29261
[03:38:48.958] [SEVERE ] updating countdown to 29152
[03:38:49.066] [SEVERE ] updating countdown to 29044
[03:38:49.174] [SEVERE ] updating countdown to 28936
[03:38:49.283] [SEVERE ] updating countdown to 28827
[03:38:49.392] [SEVERE ] updating countdown to 28718
[03:38:49.503] [SEVERE ] updating countdown to 28607
[03:38:49.613] [SEVERE ] updating countdown to 28497
[03:38:49.721] [SEVERE ] updating countdown to 28389
[03:38:49.830] [SEVERE ] updating countdown to 28280
[03:38:49.939] [SEVERE ] updating countdown to 28171
[03:38:50.048] [SEVERE ] updating countdown to 28062
[03:38:50.156] [SEVERE ] updating countdown to 27954
[03:38:50.266] [SEVERE ] updating countdown to 27844
[03:38:50.375] [SEVERE ] updating countdown to 27735
[03:38:50.484] [SEVERE ] updating countdown to 27626
[03:38:50.593] [SEVERE ] updating countdown to 27517
[03:38:50.702] [SEVERE ] updating countdown to 27408
[03:38:50.811] [SEVERE ] updating countdown to 27299
[03:38:50.918] [SEVERE ] updating countdown to 27192
[03:38:51.027] [SEVERE ] updating countdown to 27083
[03:38:51.137] [SEVERE ] updating countdown to 26973
[03:38:51.245] [SEVERE ] updating countdown to 26865
[03:38:51.355] [SEVERE ] updating countdown to 26755
[03:38:51.463] [SEVERE ] updating countdown to 26647
[03:38:51.573] [SEVERE ] updating countdown to 26537
[03:38:51.681] [SEVERE ] updating countdown to 26429
[03:38:51.791] [SEVERE ] updating countdown to 26319
[03:38:51.901] [SEVERE ] updating countdown to 26209
[03:38:52.010] [SEVERE ] updating countdown to 26100
[03:38:52.119] [SEVERE ] updating countdown to 25991
[03:38:52.229] [SEVERE ] updating countdown to 25881
[03:38:52.337] [SEVERE ] updating countdown to 25773
[03:38:52.445] [SEVERE ] updating countdown to 25665
[03:38:52.556] [SEVERE ] updating countdown to 25554
[03:38:52.666] [SEVERE ] updating countdown to 25444
[03:38:52.775] [SEVERE ] updating countdown to 25335
[03:38:52.882] [SEVERE ] updating countdown to 25228
[03:38:52.990] [SEVERE ] updating countdown to 25120
[03:38:53.100] [SEVERE ] updating countdown to 25010
[03:38:53.208] [SEVERE ] updating countdown to 24902
[03:38:53.316] [SEVERE ] updating countdown to 24794
[03:38:53.425] [SEVERE ] updating countdown to 24685
[03:38:53.535] [SEVERE ] updating countdown to 24575
[03:38:53.645] [SEVERE ] updating countdown to 24465
[03:38:53.756] [SEVERE ] updating countdown to 24354
[03:38:53.866] [SEVERE ] updating countdown to 24244
[03:38:53.974] [SEVERE ] updating countdown to 24136
[03:38:54.082] [SEVERE ] updating countdown to 24028
[03:38:54.153] [SEVERE ] key 67 was pressed by player 1
[03:38:54.154] [SEVERE ] removing player 1 token from slot 10
[03:38:54.191] [SEVERE ] updating countdown to 23919
[03:38:54.300] [SEVERE ] updating countdown to 23810
[03:38:54.409] [SEVERE ] updating countdown to 23701
[03:38:54.504] [SEVERE ] key 68 was pressed by player 1
[03:38:54.504] [SEVERE ] removing player 1 token from slot 6
[03:38:54.518] [SEVERE ] updating countdown to 23592
[03:38:54.628] [SEVERE ] updating countdown to 23482
[03:38:54.737] [SEVERE ] updating countdown to 23373
[03:38:54.847] [SEVERE ] updating countdown to 23263
[03:38:54.956] [SEVERE ] updating countdown to 23154
[03:38:54.977] [SEVERE ] key 83 was pressed by player 1
[03:38:54.977] [SEVERE ] removing player 1 token from slot 5
[03:38:55.065] [SEVERE ] updating countdown to 23045
[03:38:55.174] [SEVERE ] updating countdown to 22936
[03:38:55.283] [SEVERE ] updating countdown to 22827
[03:38:55.392] [SEVERE ] updating countdown to 22718
[03:38:55.501] [SEVERE ] updating countdown to 22609
[03:38:55.608] [SEVERE ] updating countdown to 22502
[03:38:55.717] [SEVERE ] updating countdown to 22393
[03:38:55.826] [SEVERE ] updating countdown to 22284
[03:38:55.934] [SEVERE ] updating countdown to 22176
[03:38:56.044] [SEVERE ] updating countdown to 22066
[03:38:56.152] [SEVERE ] updating countdown to 21958
[03:38:56.260] [SEVERE ] updating countdown to 21850
[03:38:56.369] [SEVERE ] updating countdown to 21741
[03:38:56.478] [SEVERE ] updating countdown to 21632
[03:38:56.587] [SEVERE ] updating countdown to 21523
[03:38:56.696] [SEVERE ] updating countdown to 21414
[03:38:56.806] [SEVERE ] updating countdown to 21304
[03:38:56.914] [SEVERE ] updating countdown to 21196
[03:38:57.023] [SEVERE ] updating countdown to 21087
[03:38:57.133] [SEVERE ] updating countdown to 20977
[03:38:57.243] [SEVERE ] updating countdown to 20867
[03:38:57.351] [SEVERE ] updating countdown to 20759
[03:38:57.460] [SEVERE ] updating countdown to 20650
[03:38:57.570] [SEVERE ] updating countdown to 20540
[03:38:57.680] [SEVERE ] updating countdown to 20430
[03:38:57.788] [SEVERE ] updating countdown to 20322
[03:38:57.896] [SEVERE ] updating countdown to 20214
[03:38:58.005] [SEVERE ] updating countdown to 20105
[03:38:58.114] [SEVERE ] updating countdown to 19996
[03:38:58.217] [SEVERE ] key 87 was pressed by player 1
[03:38:58.218] [SEVERE ] player 1 placing token on slot 1
[03:38:58.223] [SEVERE ] updating countdown to 19887
[03:38:58.332] [SEVERE ] updating countdown to 19778
[03:38:58.440] [SEVERE ] updating countdown to 19670
[03:38:58.549] [SEVERE ] updating countdown to 19561
[03:38:58.657] [SEVERE ] updating countdown to 19453
[03:38:58.681] [SEVERE ] key 69 was pressed by player 1
[03:38:58.681] [SEVERE ] player 1 placing token on slot 2
[03:38:58.767] [SEVERE ] updating countdown to 19343
[03:38:58.875] [SEVERE ] updating countdown to 19235
[03:38:58.985] [SEVERE ] updating countdown to 19125
[03:38:59.094] [SEVERE ] updating countdown to 19016
[03:38:59.202] [SEVERE ] updating countdown to 18908
[03:38:59.311] [SEVERE ] updating countdown to 18799
[03:38:59.421] [SEVERE ] updating countdown to 18689
[03:38:59.530] [SEVERE ] updating countdown to 18580
[03:38:59.640] [SEVERE ] updating countdown to 18470
[03:38:59.749] [SEVERE ] updating countdown to 18361
[03:38:59.857] [SEVERE ] updating countdown to 18253
[03:38:59.966] [SEVERE ] updating countdown to 18144
[03:39:00.076] [SEVERE ] updating countdown to 18034
[03:39:00.184] [SEVERE ] updating countdown to 17926
[03:39:00.294] [SEVERE ] updating countdown to 17816
[03:39:00.404] [SEVERE ] updating countdown to 17706
[03:39:00.511] [SEVERE ] updating countdown to 17599
[03:39:00.621] [SEVERE ] updating countdown to 17489
[03:39:00.731] [SEVERE ] updating countdown to 17379
[03:39:00.839] [SEVERE ] updating countdown to 17271
[03:39:00.948] [SEVERE ] updating countdown to 17162
[03:39:01.057] [SEVERE ] updating countdown to 17053
[03:39:01.165] [SEVERE ] updating countdown to 16945
[03:39:01.274] [SEVERE ] updating countdown to 16836
[03:39:01.383] [SEVERE ] updating countdown to 16727
[03:39:01.491] [SEVERE ] updating countdown to 16619
[03:39:01.600] [SEVERE ] updating countdown to 16510
[03:39:01.709] [SEVERE ] updating countdown to 16401
[03:39:01.818] [SEVERE ] updating countdown to 16292
[03:39:01.926] [SEVERE ] updating countdown to 16184
[03:39:02.036] [SEVERE ] updating countdown to 16074
[03:39:02.145] [SEVERE ] updating countdown to 15965
[03:39:02.255] [SEVERE ] updating countdown to 15855
[03:39:02.364] [SEVERE ] updating countdown to 15746
[03:39:02.472] [SEVERE ] updating countdown to 15638
[03:39:02.581] [SEVERE ] updating countdown to 15529
[03:39:02.689] [SEVERE ] updating countdown to 15421
[03:39:02.798] [SEVERE ] updating countdown to 15312
[03:39:02.907] [SEVERE ] updating countdown to 15203
[03:39:03.016] [SEVERE ] updating countdown to 15094
[03:39:03.125] [SEVERE ] updating countdown to 14985
[03:39:03.234] [SEVERE ] updating countdown to 14876
[03:39:03.345] [SEVERE ] updating countdown to 14765
[03:39:03.453] [SEVERE ] updating countdown to 14657
[03:39:03.563] [SEVERE ] updating countdown to 14547
[03:39:03.671] [SEVERE ] updating countdown to 14439
[03:39:03.779] [SEVERE ] updating countdown to 14331
[03:39:03.887] [SEVERE ] updating countdown to 14223
[03:39:03.995] [SEVERE ] updating countdown to 14115
[03:39:04.104] [SEVERE ] updating countdown to 14006
[03:39:04.193] [SEVERE ] key 90 was pressed by player 1
[03:39:04.193] [SEVERE ] player 1 placing token on slot 8
[03:39:04.194] [SEVERE ] updating countdown to 13916
[03:39:04.305] [SEVERE ] removing tokens from slot 1
[03:39:04.305] [SEVERE ] removing card from slot 1
[03:39:04.414] [SEVERE ] removing tokens from slot 2
[03:39:04.414] [SEVERE ] removing card from slot 2
[03:39:04.524] [SEVERE ] removing tokens from slot 8
[03:39:04.524] [SEVERE ] removing card from slot 8
[03:39:04.525] [SEVERE ] updating countdown to 60000
[03:39:04.525] [SEVERE ] setting player 1 score to 2
[03:39:04.525] [SEVERE ] setting player 1 freeze to 1000
[03:39:04.634] [SEVERE ] placing card 18 in slot 2
[03:39:04.741] [SEVERE ] placing card 63 in slot 8
[03:39:04.850] [SEVERE ] placing card 45 in slot 1
[03:39:04.961] [SEVERE ] updating countdown to 59564
[03:39:05.071] [SEVERE ] updating countdown to 59454
[03:39:05.180] [SEVERE ] updating countdown to 59345
[03:39:05.289] [SEVERE ] updating countdown to 59236
[03:39:05.398] [SEVERE ] updating countdown to 59127
[03:39:05.508] [SEVERE ] updating countdown to 59017
[03:39:05.539] [SEVERE ] setting player 1 freeze to 0
[03:39:05.617] [SEVERE ] updating countdown to 58908
[03:39:05.726] [SEVERE ] updating countdown to 58799
[03:39:05.835] [SEVERE ] updating countdown to 58690
[03:39:05.943] [SEVERE ] updating countdown to 58582
[03:39:06.051] [SEVERE ] updating countdown to 58474
[03:39:06.160] [SEVERE ] updating countdown to 58365
[03:39:06.270] [SEVERE ] updating countdown to 58255
[03:39:06.379] [SEVERE ] updating countdown to 58146
[03:39:06.488] [SEVERE ] updating countdown to 58037
[03:39:06.596] [SEVERE ] updating countdown to 57929
[03:39:06.708] [SEVERE ] updating countdown to 57817
[03:39:06.817] [SEVERE ] updating countdown to 57708
[03:39:06.925] [SEVERE ] updating countdown to 57600
[03:39:07.033] [SEVERE ] updating countdown to 57492
[03:39:07.143] [SEVERE ] updating countdown to 57382
[03:39:07.252] [SEVERE ] updating countdown to 57273
[03:39:07.361] [SEVERE ] updating countdown to 57164
[03:39:07.469] [SEVERE ] updating countdown to 57056
[03:39:07.578] [SEVERE ] updating countdown to 56947
[03:39:07.686] [SEVERE ] updating countdown to 56839
[03:39:07.795] [SEVERE ] updating countdown to 56730
[03:39:07.905] [SEVERE ] updating countdown to 56620
[03:39:08.015] [SEVERE ] updating countdown to 56510
[03:39:08.125] [SEVERE ] updating countdown to 56400
[03:39:08.234] [SEVERE ] updating countdown to 56291
[03:39:08.344] [SEVERE ] updating countdown to 56181
[03:39:08.453] [SEVERE ] updating countdown to 56072
[03:39:08.562] [SEVERE ] updating countdown to 55963
[03:39:08.612] [SEVERE ] exit button pressed
[03:39:08.613] [INFO   ] thread Player: 01 terminated.
[03:39:08.613] [INFO   ] thread Player: 11 terminated.
[03:39:08.670] [SEVERE ] updating countdown to 55855
[03:39:08.670] [SEVERE ] updating countdown to 55855
[03:39:08.779] [SEVERE ] removing tokens from slot 2
[03:39:08.779] [SEVERE ] removing card from slot 2
[03:39:08.888] [SEVERE ] removing tokens from slot 5
[03:39:08.888] [SEVERE ] removing card from slot 5
[03:39:08.997] [SEVERE ] removing tokens from slot 1
[03:39:08.997] [SEVERE ] removing card from slot 1
[03:39:09.109] [SEVERE ] removing tokens from slot 9
[03:39:09.109] [SEVERE ] removing card from slot 9
[03:39:09.217] [SEVERE ] removing tokens from slot 7
[03:39:09.217] [SEVERE ] removing card from slot 7
[03:39:09.325] [SEVERE ] removing tokens from slot 3
[03:39:09.325] [SEVERE ] removing card from slot 3
[03:39:09.435] [SEVERE ] removing tokens from slot 4
[03:39:09.435] [SEVERE ] removing card from slot 4
[03:39:09.545] [SEVERE ] removing tokens from slot 8
[03:39:09.545] [SEVERE ] removing card from slot 8
[03:39:09.654] [SEVERE ] removing tokens from slot 6
[03:39:09.654] [SEVERE ] removing card from slot 6
[03:39:09.763] [SEVERE ] removing tokens from slot 10
[03:39:09.763] [SEVERE ] removing card from slot 10
[03:39:09.864] [SEVERE ] removing tokens from slot 0
[03:39:09.864] [SEVERE ] removing card from slot 0
[03:39:09.973] [SEVERE ] removing tokens from slot 11
[03:39:09.973] [SEVERE ] removing card from slot 11
[03:39:09.974] [SEVERE ] announcing winner(s): player 1
[03:39:09.979] [INFO   ] thread dealer terminated.
[03:39:14.991] [INFO   ] thread dealer terminated.
[03:39:14.991] [SEVERE ] thanks for playing... it was fun!
[03:39:14.992] [INFO   ] thread main terminated.
