[06:11:19.546] [INFO   ] thread main starting.
[06:11:19.603] [SEVERE ] cannot read configuration file config.properties trying from resources.
[06:11:19.617] [SEVERE ] configuration file was loaded from resources directory.
[06:11:21.481] [INFO   ] thread dealer starting.
[06:11:21.486] [INFO   ] thread dealer starting.
[06:11:21.638] [SEVERE ] placing card 70 in slot 3
[06:11:21.746] [SEVERE ] placing card 38 in slot 1
[06:11:21.856] [SEVERE ] placing card 21 in slot 11
[06:11:21.965] [SEVERE ] placing card 35 in slot 6
[06:11:22.075] [SEVERE ] placing card 41 in slot 8
[06:11:22.187] [SEVERE ] placing card 45 in slot 0
[06:11:22.297] [SEVERE ] placing card 72 in slot 5
[06:11:22.408] [SEVERE ] placing card 34 in slot 9
[06:11:22.516] [SEVERE ] placing card 75 in slot 2
[06:11:22.626] [SEVERE ] placing card 47 in slot 7
[06:11:22.736] [SEVERE ] placing card 37 in slot 4
[06:11:22.844] [SEVERE ] placing card 44 in slot 10
[06:11:22.879] [SEVERE ] updating countdown to 8000
[06:11:22.883] [INFO   ] thread Player: 01 created.
[06:11:22.884] [INFO   ] thread Player: 01 starting.
[06:11:22.885] [INFO   ] thread Player: 11 starting.
[06:11:22.884] [INFO   ] thread Player: 11 created.
[06:11:23.896] [SEVERE ] updating countdown to 8983
[06:11:24.893] [SEVERE ] updating countdown to 7986
[06:11:25.887] [SEVERE ] updating countdown to 6992
[06:11:26.881] [SEVERE ] updating countdown to 5998
[06:11:32.913] [SEVERE ] updating countdown to 0
[06:11:32.914] [SEVERE ] updating countdown to 0
[06:11:33.021] [SEVERE ] removing tokens from slot 8
[06:11:33.021] [SEVERE ] removing card from slot 8
[06:11:33.130] [SEVERE ] removing tokens from slot 10
[06:11:33.130] [SEVERE ] removing card from slot 10
[06:11:33.239] [SEVERE ] removing tokens from slot 1
[06:11:33.239] [SEVERE ] removing card from slot 1
[06:11:33.348] [SEVERE ] removing tokens from slot 6
[06:11:33.348] [SEVERE ] removing card from slot 6
[06:11:33.456] [SEVERE ] removing tokens from slot 5
[06:11:33.456] [SEVERE ] removing card from slot 5
[06:11:33.566] [SEVERE ] removing tokens from slot 3
[06:11:33.566] [SEVERE ] removing card from slot 3
[06:11:33.675] [SEVERE ] removing tokens from slot 9
[06:11:33.675] [SEVERE ] removing card from slot 9
[06:11:33.787] [SEVERE ] removing tokens from slot 0
[06:11:33.787] [SEVERE ] removing card from slot 0
[06:11:33.897] [SEVERE ] removing tokens from slot 2
[06:11:33.897] [SEVERE ] removing card from slot 2
[06:11:34.007] [SEVERE ] removing tokens from slot 7
[06:11:34.007] [SEVERE ] removing card from slot 7
[06:11:34.115] [SEVERE ] removing tokens from slot 11
[06:11:34.115] [SEVERE ] removing card from slot 11
[06:11:34.224] [SEVERE ] removing tokens from slot 4
[06:11:34.225] [SEVERE ] removing card from slot 4
[06:11:34.333] [SEVERE ] placing card 51 in slot 5
[06:11:34.441] [SEVERE ] placing card 24 in slot 6
[06:11:34.549] [SEVERE ] placing card 53 in slot 11
[06:11:34.658] [SEVERE ] placing card 14 in slot 8
[06:11:34.766] [SEVERE ] placing card 42 in slot 3
[06:11:34.875] [SEVERE ] placing card 4 in slot 1
[06:11:34.983] [SEVERE ] placing card 12 in slot 7
[06:11:35.092] [SEVERE ] placing card 5 in slot 0
[06:11:35.202] [SEVERE ] placing card 49 in slot 10
[06:11:35.309] [SEVERE ] placing card 61 in slot 9
[06:11:35.418] [SEVERE ] placing card 19 in slot 4
[06:11:35.528] [SEVERE ] placing card 8 in slot 2
[06:11:35.534] [SEVERE ] updating countdown to 8000
[06:11:35.534] [SEVERE ] updating countdown to 10000
[06:11:36.539] [SEVERE ] updating countdown to 8995
[06:11:37.548] [SEVERE ] updating countdown to 7986
[06:11:38.549] [SEVERE ] updating countdown to 6985
[06:11:39.536] [SEVERE ] updating countdown to 5998
[06:11:45.543] [SEVERE ] updating countdown to 0
[06:11:45.544] [SEVERE ] updating countdown to 0
[06:11:45.652] [SEVERE ] removing tokens from slot 8
[06:11:45.652] [SEVERE ] removing card from slot 8
[06:11:45.764] [SEVERE ] removing tokens from slot 11
[06:11:45.764] [SEVERE ] removing card from slot 11
[06:11:45.873] [SEVERE ] removing tokens from slot 9
[06:11:45.873] [SEVERE ] removing card from slot 9
[06:11:45.983] [SEVERE ] removing tokens from slot 7
[06:11:45.983] [SEVERE ] removing card from slot 7
[06:11:46.089] [SEVERE ] removing tokens from slot 0
[06:11:46.089] [SEVERE ] removing card from slot 0
[06:11:46.199] [SEVERE ] removing tokens from slot 5
[06:11:46.199] [SEVERE ] removing card from slot 5
[06:11:46.307] [SEVERE ] removing tokens from slot 3
[06:11:46.307] [SEVERE ] removing card from slot 3
[06:11:46.415] [SEVERE ] removing tokens from slot 2
[06:11:46.415] [SEVERE ] removing card from slot 2
[06:11:46.523] [SEVERE ] removing tokens from slot 6
[06:11:46.523] [SEVERE ] removing card from slot 6
[06:11:46.633] [SEVERE ] removing tokens from slot 10
[06:11:46.633] [SEVERE ] removing card from slot 10
[06:11:46.742] [SEVERE ] removing tokens from slot 1
[06:11:46.742] [SEVERE ] removing card from slot 1
[06:11:46.851] [SEVERE ] removing tokens from slot 4
[06:11:46.851] [SEVERE ] removing card from slot 4
[06:11:46.960] [SEVERE ] placing card 66 in slot 9
[06:11:47.068] [SEVERE ] placing card 50 in slot 10
[06:11:47.178] [SEVERE ] placing card 68 in slot 11
[06:11:47.287] [SEVERE ] placing card 31 in slot 2
[06:11:47.395] [SEVERE ] placing card 33 in slot 1
[06:11:47.503] [SEVERE ] placing card 18 in slot 8
[06:11:47.613] [SEVERE ] placing card 8 in slot 7
[06:11:47.721] [SEVERE ] placing card 75 in slot 4
[06:11:47.830] [SEVERE ] placing card 54 in slot 6
[06:11:47.940] [SEVERE ] placing card 48 in slot 0
[06:11:48.048] [SEVERE ] placing card 36 in slot 3
[06:11:48.156] [SEVERE ] placing card 58 in slot 5
[06:11:48.163] [SEVERE ] updating countdown to 8000
[06:11:49.170] [SEVERE ] updating countdown to 8993
[06:11:50.166] [SEVERE ] updating countdown to 7997
[06:11:51.164] [SEVERE ] updating countdown to 6999
[06:11:52.174] [SEVERE ] updating countdown to 5989
[06:11:58.189] [SEVERE ] updating countdown to 0
[06:11:58.189] [SEVERE ] updating countdown to 0
[06:11:58.299] [SEVERE ] removing tokens from slot 0
[06:11:58.299] [SEVERE ] removing card from slot 0
[06:11:58.407] [SEVERE ] removing tokens from slot 2
[06:11:58.407] [SEVERE ] removing card from slot 2
[06:11:58.515] [SEVERE ] removing tokens from slot 8
[06:11:58.515] [SEVERE ] removing card from slot 8
[06:11:58.626] [SEVERE ] removing tokens from slot 7
[06:11:58.626] [SEVERE ] removing card from slot 7
[06:11:58.737] [SEVERE ] removing tokens from slot 11
[06:11:58.737] [SEVERE ] removing card from slot 11
[06:11:58.847] [SEVERE ] removing tokens from slot 9
[06:11:58.847] [SEVERE ] removing card from slot 9
[06:11:58.955] [SEVERE ] removing tokens from slot 4
[06:11:58.955] [SEVERE ] removing card from slot 4
[06:11:59.064] [SEVERE ] removing tokens from slot 1
[06:11:59.064] [SEVERE ] removing card from slot 1
[06:11:59.174] [SEVERE ] removing tokens from slot 10
[06:11:59.176] [SEVERE ] removing card from slot 10
[06:11:59.282] [SEVERE ] removing tokens from slot 3
[06:11:59.282] [SEVERE ] removing card from slot 3
[06:11:59.391] [SEVERE ] removing tokens from slot 6
[06:11:59.391] [SEVERE ] removing card from slot 6
[06:11:59.502] [SEVERE ] removing tokens from slot 5
[06:11:59.502] [SEVERE ] removing card from slot 5
[06:11:59.610] [SEVERE ] placing card 42 in slot 8
[06:11:59.719] [SEVERE ] placing card 66 in slot 4
[06:11:59.826] [SEVERE ] placing card 43 in slot 2
[06:11:59.935] [SEVERE ] placing card 13 in slot 1
[06:12:00.044] [SEVERE ] placing card 29 in slot 10
[06:12:00.155] [SEVERE ] placing card 47 in slot 11
[06:12:00.264] [SEVERE ] placing card 10 in slot 5
[06:12:00.375] [SEVERE ] placing card 71 in slot 3
[06:12:00.486] [SEVERE ] placing card 17 in slot 6
[06:12:00.594] [SEVERE ] placing card 21 in slot 7
[06:12:00.703] [SEVERE ] placing card 8 in slot 0
[06:12:00.812] [SEVERE ] placing card 11 in slot 9
[06:12:00.816] [SEVERE ] updating countdown to 8000
[06:12:01.823] [SEVERE ] updating countdown to 8993
[06:12:02.821] [SEVERE ] updating countdown to 7995
[06:12:03.820] [SEVERE ] updating countdown to 6996
[06:12:04.830] [SEVERE ] updating countdown to 5986
[06:12:10.843] [SEVERE ] updating countdown to 0
[06:12:10.843] [SEVERE ] updating countdown to 0
[06:12:10.952] [SEVERE ] removing tokens from slot 10
[06:12:10.952] [SEVERE ] removing card from slot 10
[06:12:11.061] [SEVERE ] removing tokens from slot 9
[06:12:11.061] [SEVERE ] removing card from slot 9
[06:12:11.173] [SEVERE ] removing tokens from slot 5
[06:12:11.173] [SEVERE ] removing card from slot 5
[06:12:11.281] [SEVERE ] removing tokens from slot 6
[06:12:11.281] [SEVERE ] removing card from slot 6
[06:12:11.390] [SEVERE ] removing tokens from slot 0
[06:12:11.390] [SEVERE ] removing card from slot 0
[06:12:11.499] [SEVERE ] removing tokens from slot 1
[06:12:11.499] [SEVERE ] removing card from slot 1
[06:12:11.607] [SEVERE ] removing tokens from slot 4
[06:12:11.607] [SEVERE ] removing card from slot 4
[06:12:11.716] [SEVERE ] removing tokens from slot 2
[06:12:11.716] [SEVERE ] removing card from slot 2
[06:12:11.824] [SEVERE ] removing tokens from slot 3
[06:12:11.824] [SEVERE ] removing card from slot 3
[06:12:11.934] [SEVERE ] removing tokens from slot 7
[06:12:11.934] [SEVERE ] removing card from slot 7
[06:12:12.042] [SEVERE ] removing tokens from slot 11
[06:12:12.042] [SEVERE ] removing card from slot 11
[06:12:12.152] [SEVERE ] removing tokens from slot 8
[06:12:12.152] [SEVERE ] removing card from slot 8
[06:12:12.261] [SEVERE ] placing card 36 in slot 10
[06:12:12.370] [SEVERE ] placing card 78 in slot 8
[06:12:12.478] [SEVERE ] placing card 7 in slot 5
[06:12:12.587] [SEVERE ] placing card 59 in slot 4
[06:12:12.697] [SEVERE ] placing card 18 in slot 7
[06:12:12.805] [SEVERE ] placing card 0 in slot 0
[06:12:12.913] [SEVERE ] placing card 8 in slot 3
[06:12:13.021] [SEVERE ] placing card 33 in slot 1
[06:12:13.129] [SEVERE ] placing card 49 in slot 2
[06:12:13.239] [SEVERE ] placing card 31 in slot 6
[06:12:13.348] [SEVERE ] placing card 27 in slot 11
[06:12:13.456] [SEVERE ] placing card 57 in slot 9
[06:12:13.459] [SEVERE ] updating countdown to 8000
[06:12:14.475] [SEVERE ] updating countdown to 8984
[06:12:15.471] [SEVERE ] updating countdown to 7988
[06:12:16.469] [SEVERE ] updating countdown to 6990
[06:12:17.465] [SEVERE ] updating countdown to 5994
[06:12:23.487] [SEVERE ] updating countdown to 0
[06:12:23.487] [SEVERE ] updating countdown to 0
[06:12:23.594] [SEVERE ] removing tokens from slot 0
[06:12:23.594] [SEVERE ] removing card from slot 0
[06:12:23.704] [SEVERE ] removing tokens from slot 3
[06:12:23.706] [SEVERE ] removing card from slot 3
[06:12:23.815] [SEVERE ] removing tokens from slot 11
[06:12:23.815] [SEVERE ] removing card from slot 11
[06:12:23.924] [SEVERE ] removing tokens from slot 6
[06:12:23.924] [SEVERE ] removing card from slot 6
[06:12:24.032] [SEVERE ] removing tokens from slot 8
[06:12:24.032] [SEVERE ] removing card from slot 8
[06:12:24.140] [SEVERE ] removing tokens from slot 2
[06:12:24.140] [SEVERE ] removing card from slot 2
[06:12:24.248] [SEVERE ] removing tokens from slot 9
[06:12:24.248] [SEVERE ] removing card from slot 9
[06:12:24.356] [SEVERE ] removing tokens from slot 7
[06:12:24.356] [SEVERE ] removing card from slot 7
[06:12:24.465] [SEVERE ] removing tokens from slot 10
[06:12:24.465] [SEVERE ] removing card from slot 10
[06:12:24.573] [SEVERE ] removing tokens from slot 4
[06:12:24.573] [SEVERE ] removing card from slot 4
[06:12:24.681] [SEVERE ] removing tokens from slot 1
[06:12:24.681] [SEVERE ] removing card from slot 1
[06:12:24.789] [SEVERE ] removing tokens from slot 5
[06:12:24.789] [SEVERE ] removing card from slot 5
[06:12:24.898] [SEVERE ] placing card 15 in slot 10
[06:12:25.006] [SEVERE ] placing card 78 in slot 3
[06:12:25.116] [SEVERE ] placing card 32 in slot 8
[06:12:25.223] [SEVERE ] placing card 65 in slot 1
[06:12:25.331] [SEVERE ] placing card 31 in slot 7
[06:12:25.440] [SEVERE ] placing card 49 in slot 11
[06:12:25.550] [SEVERE ] placing card 14 in slot 5
[06:12:25.659] [SEVERE ] placing card 44 in slot 0
[06:12:25.768] [SEVERE ] placing card 5 in slot 4
[06:12:25.877] [SEVERE ] placing card 33 in slot 2
[06:12:25.985] [SEVERE ] placing card 13 in slot 6
[06:12:26.095] [SEVERE ] placing card 62 in slot 9
[06:12:26.098] [SEVERE ] updating countdown to 8000
[06:12:26.098] [SEVERE ] updating countdown to 10000
[06:12:27.105] [SEVERE ] updating countdown to 8993
[06:12:28.105] [SEVERE ] updating countdown to 7993
[06:12:29.103] [SEVERE ] updating countdown to 6995
[06:12:30.113] [SEVERE ] updating countdown to 5985
[06:12:30.825] [SEVERE ] exit button pressed
[06:12:30.825] [INFO   ] thread Player: 01 terminated.
[06:12:30.825] [INFO   ] thread Player: 11 terminated.
[06:12:31.222] [SEVERE ] removing tokens from slot 8
[06:12:31.222] [SEVERE ] removing card from slot 8
[06:12:31.330] [SEVERE ] removing tokens from slot 5
[06:12:31.330] [SEVERE ] removing card from slot 5
[06:12:31.438] [SEVERE ] removing tokens from slot 4
[06:12:31.438] [SEVERE ] removing card from slot 4
[06:12:31.548] [SEVERE ] removing tokens from slot 3
[06:12:31.548] [SEVERE ] removing card from slot 3
[06:12:31.656] [SEVERE ] removing tokens from slot 11
[06:12:31.656] [SEVERE ] removing card from slot 11
[06:12:31.764] [SEVERE ] removing tokens from slot 0
[06:12:31.764] [SEVERE ] removing card from slot 0
[06:12:31.875] [SEVERE ] removing tokens from slot 7
[06:12:31.875] [SEVERE ] removing card from slot 7
[06:12:31.984] [SEVERE ] removing tokens from slot 2
[06:12:31.984] [SEVERE ] removing card from slot 2
[06:12:32.093] [SEVERE ] removing tokens from slot 6
[06:12:32.093] [SEVERE ] removing card from slot 6
[06:12:32.202] [SEVERE ] removing tokens from slot 9
[06:12:32.202] [SEVERE ] removing card from slot 9
[06:12:32.310] [SEVERE ] removing tokens from slot 1
[06:12:32.310] [SEVERE ] removing card from slot 1
[06:12:32.420] [SEVERE ] removing tokens from slot 10
[06:12:32.420] [SEVERE ] removing card from slot 10
[06:12:32.422] [SEVERE ] announcing winner(s): player 2, player 1
[06:12:32.426] [INFO   ] thread dealer terminated.
[06:12:32.426] [INFO   ] thread dealer terminated.
[06:12:32.427] [SEVERE ] thanks for playing... it was fun!
[06:12:32.427] [INFO   ] thread main terminated.
