[06:09:45.820] [INFO   ] thread main starting.
[06:09:45.827] [SEVERE ] cannot read configuration file config.properties trying from resources.
[06:09:45.828] [SEVERE ] configuration file was loaded from resources directory.
[06:09:46.233] [INFO   ] thread dealer starting.
[06:09:46.234] [INFO   ] thread dealer starting.
[06:09:46.355] [SEVERE ] placing card 68 in slot 8
[06:09:46.464] [SEVERE ] placing card 80 in slot 5
[06:09:46.573] [SEVERE ] placing card 5 in slot 11
[06:09:46.682] [SEVERE ] placing card 69 in slot 9
[06:09:46.791] [SEVERE ] placing card 30 in slot 6
[06:09:46.898] [SEVERE ] placing card 74 in slot 7
[06:09:47.005] [SEVERE ] placing card 15 in slot 1
[06:09:47.115] [SEVERE ] placing card 44 in slot 3
[06:09:47.223] [SEVERE ] placing card 52 in slot 4
[06:09:47.332] [SEVERE ] placing card 18 in slot 10
[06:09:47.441] [SEVERE ] placing card 11 in slot 0
[06:09:47.551] [SEVERE ] placing card 13 in slot 2
[06:09:47.563] [SEVERE ] updating countdown to 9900
[06:09:47.564] [INFO   ] thread Player: 01 created.
[06:09:47.564] [INFO   ] thread Player: 11 created.
[06:09:47.564] [INFO   ] thread Player: 01 starting.
[06:09:47.564] [INFO   ] thread Player: 11 starting.
[06:09:48.566] [SEVERE ] updating countdown to 8997
[06:09:49.578] [SEVERE ] updating countdown to 7985
[06:09:50.575] [SEVERE ] updating countdown to 6988
[06:09:51.575] [SEVERE ] updating countdown to 5988
[06:09:57.593] [SEVERE ] updating countdown to 0
[06:09:57.594] [SEVERE ] updating countdown to 0
[06:09:57.702] [SEVERE ] removing tokens from slot 5
[06:09:57.702] [SEVERE ] removing card from slot 5
[06:09:57.810] [SEVERE ] removing tokens from slot 4
[06:09:57.810] [SEVERE ] removing card from slot 4
[06:09:57.919] [SEVERE ] removing tokens from slot 11
[06:09:57.919] [SEVERE ] removing card from slot 11
[06:09:58.028] [SEVERE ] removing tokens from slot 7
[06:09:58.028] [SEVERE ] removing card from slot 7
[06:09:58.138] [SEVERE ] removing tokens from slot 10
[06:09:58.138] [SEVERE ] removing card from slot 10
[06:09:58.247] [SEVERE ] removing tokens from slot 3
[06:09:58.247] [SEVERE ] removing card from slot 3
[06:09:58.357] [SEVERE ] removing tokens from slot 1
[06:09:58.357] [SEVERE ] removing card from slot 1
[06:09:58.468] [SEVERE ] removing tokens from slot 6
[06:09:58.468] [SEVERE ] removing card from slot 6
[06:09:58.577] [SEVERE ] removing tokens from slot 9
[06:09:58.577] [SEVERE ] removing card from slot 9
[06:09:58.687] [SEVERE ] removing tokens from slot 8
[06:09:58.687] [SEVERE ] removing card from slot 8
[06:09:58.794] [SEVERE ] removing tokens from slot 2
[06:09:58.794] [SEVERE ] removing card from slot 2
[06:09:58.903] [SEVERE ] removing tokens from slot 0
[06:09:58.903] [SEVERE ] removing card from slot 0
[06:09:59.011] [SEVERE ] placing card 68 in slot 6
[06:09:59.121] [SEVERE ] placing card 62 in slot 10
[06:09:59.231] [SEVERE ] placing card 29 in slot 1
[06:09:59.339] [SEVERE ] placing card 34 in slot 4
[06:09:59.449] [SEVERE ] placing card 21 in slot 9
[06:09:59.561] [SEVERE ] placing card 61 in slot 3
[06:09:59.673] [SEVERE ] placing card 23 in slot 0
[06:09:59.783] [SEVERE ] placing card 22 in slot 5
[06:09:59.891] [SEVERE ] placing card 1 in slot 7
[06:10:00.001] [SEVERE ] placing card 37 in slot 8
[06:10:00.112] [SEVERE ] placing card 77 in slot 11
[06:10:00.222] [SEVERE ] placing card 48 in slot 2
[06:10:00.231] [SEVERE ] updating countdown to 9900
[06:10:00.231] [SEVERE ] updating countdown to 10000
[06:10:01.237] [SEVERE ] updating countdown to 8994
[06:10:02.236] [SEVERE ] updating countdown to 7995
[06:10:03.234] [SEVERE ] updating countdown to 6997
[06:10:04.233] [SEVERE ] updating countdown to 5998
[06:10:10.263] [SEVERE ] updating countdown to 0
[06:10:10.264] [SEVERE ] updating countdown to 0
[06:10:10.372] [SEVERE ] removing tokens from slot 8
[06:10:10.372] [SEVERE ] removing card from slot 8
[06:10:10.481] [SEVERE ] removing tokens from slot 5
[06:10:10.481] [SEVERE ] removing card from slot 5
[06:10:10.591] [SEVERE ] removing tokens from slot 11
[06:10:10.591] [SEVERE ] removing card from slot 11
[06:10:10.700] [SEVERE ] removing tokens from slot 0
[06:10:10.700] [SEVERE ] removing card from slot 0
[06:10:10.808] [SEVERE ] removing tokens from slot 7
[06:10:10.808] [SEVERE ] removing card from slot 7
[06:10:10.917] [SEVERE ] removing tokens from slot 9
[06:10:10.917] [SEVERE ] removing card from slot 9
[06:10:11.026] [SEVERE ] removing tokens from slot 10
[06:10:11.026] [SEVERE ] removing card from slot 10
[06:10:11.134] [SEVERE ] removing tokens from slot 4
[06:10:11.134] [SEVERE ] removing card from slot 4
[06:10:11.241] [SEVERE ] removing tokens from slot 2
[06:10:11.241] [SEVERE ] removing card from slot 2
[06:10:11.350] [SEVERE ] removing tokens from slot 3
[06:10:11.350] [SEVERE ] removing card from slot 3
[06:10:11.459] [SEVERE ] removing tokens from slot 1
[06:10:11.462] [SEVERE ] removing card from slot 1
[06:10:11.569] [SEVERE ] removing tokens from slot 6
[06:10:11.569] [SEVERE ] removing card from slot 6
[06:10:11.679] [SEVERE ] placing card 2 in slot 10
[06:10:11.789] [SEVERE ] placing card 52 in slot 0
[06:10:11.898] [SEVERE ] placing card 44 in slot 8
[06:10:12.008] [SEVERE ] placing card 35 in slot 11
[06:10:12.118] [SEVERE ] placing card 59 in slot 4
[06:10:12.227] [SEVERE ] placing card 63 in slot 9
[06:10:12.335] [SEVERE ] placing card 48 in slot 3
[06:10:12.443] [SEVERE ] placing card 41 in slot 5
[06:10:12.550] [SEVERE ] placing card 65 in slot 6
[06:10:12.658] [SEVERE ] placing card 13 in slot 7
[06:10:12.767] [SEVERE ] placing card 1 in slot 2
[06:10:12.875] [SEVERE ] placing card 76 in slot 1
[06:10:12.882] [SEVERE ] updating countdown to 9900
[06:10:12.882] [SEVERE ] updating countdown to 10000
[06:10:12.882] [SEVERE ] updating countdown to 10000
[06:10:13.888] [SEVERE ] updating countdown to 8994
[06:10:14.140] [SEVERE ] exit button pressed
[06:10:14.140] [INFO   ] thread Player: 01 terminated.
[06:10:14.140] [INFO   ] thread Player: 11 terminated.
[06:10:14.890] [SEVERE ] updating countdown to 7992
[06:10:14.890] [SEVERE ] updating countdown to 7992
[06:10:15.000] [SEVERE ] removing tokens from slot 5
[06:10:15.000] [SEVERE ] removing card from slot 5
[06:10:15.109] [SEVERE ] removing tokens from slot 3
[06:10:15.109] [SEVERE ] removing card from slot 3
[06:10:15.219] [SEVERE ] removing tokens from slot 8
[06:10:15.219] [SEVERE ] removing card from slot 8
[06:10:15.329] [SEVERE ] removing tokens from slot 2
[06:10:15.329] [SEVERE ] removing card from slot 2
[06:10:15.439] [SEVERE ] removing tokens from slot 1
[06:10:15.439] [SEVERE ] removing card from slot 1
[06:10:15.548] [SEVERE ] removing tokens from slot 6
[06:10:15.550] [SEVERE ] removing card from slot 6
[06:10:15.657] [SEVERE ] removing tokens from slot 11
[06:10:15.657] [SEVERE ] removing card from slot 11
[06:10:15.767] [SEVERE ] removing tokens from slot 0
[06:10:15.767] [SEVERE ] removing card from slot 0
[06:10:15.875] [SEVERE ] removing tokens from slot 7
[06:10:15.875] [SEVERE ] removing card from slot 7
[06:10:15.983] [SEVERE ] removing tokens from slot 9
[06:10:15.983] [SEVERE ] removing card from slot 9
[06:10:16.092] [SEVERE ] removing tokens from slot 10
[06:10:16.092] [SEVERE ] removing card from slot 10
[06:10:16.200] [SEVERE ] removing tokens from slot 4
[06:10:16.200] [SEVERE ] removing card from slot 4
[06:10:16.202] [SEVERE ] announcing winner(s): player 2, player 1
[06:10:16.206] [INFO   ] thread dealer terminated.
[06:10:16.206] [INFO   ] thread dealer terminated.
[06:10:16.206] [SEVERE ] thanks for playing... it was fun!
[06:10:16.207] [INFO   ] thread main terminated.
