[06:57:37.309] [INFO   ] thread main starting.
[06:57:37.343] [SEVERE ] cannot read configuration file config.properties trying from resources.
[06:57:37.349] [SEVERE ] configuration file was loaded from resources directory.
[06:57:39.763] [INFO   ] thread dealer starting.
[06:57:39.768] [INFO   ] thread dealer starting.
[06:57:39.927] [SEVERE ] placing card 19 in slot 6
[06:57:40.035] [SEVERE ] placing card 29 in slot 5
[06:57:40.143] [SEVERE ] placing card 23 in slot 7
[06:57:40.255] [SEVERE ] placing card 32 in slot 8
[06:57:40.366] [SEVERE ] placing card 53 in slot 4
[06:57:40.477] [SEVERE ] placing card 65 in slot 3
[06:57:40.588] [SEVERE ] placing card 57 in slot 0
[06:57:40.697] [SEVERE ] placing card 47 in slot 10
[06:57:40.806] [SEVERE ] placing card 22 in slot 1
[06:57:40.916] [SEVERE ] placing card 38 in slot 11
[06:57:41.027] [SEVERE ] placing card 7 in slot 2
[06:57:41.136] [SEVERE ] placing card 16 in slot 9
[06:57:41.138] [INFO   ] thread Player: 01 created.
[06:57:41.139] [INFO   ] thread Player: 01 starting.
[06:57:41.140] [INFO   ] thread Player: 11 starting.
[06:57:41.140] [INFO   ] thread Player: 11 created.
[06:57:42.145] [SEVERE ] updating countdown to 3991
[06:57:46.201] [SEVERE ] updating countdown to 0
[06:57:46.201] [SEVERE ] updating countdown to 0
[06:57:46.309] [SEVERE ] removing tokens from slot 2
[06:57:46.310] [SEVERE ] removing card from slot 2
[06:57:46.416] [SEVERE ] removing tokens from slot 4
[06:57:46.416] [SEVERE ] removing card from slot 4
[06:57:46.524] [SEVERE ] removing tokens from slot 0
[06:57:46.524] [SEVERE ] removing card from slot 0
[06:57:46.633] [SEVERE ] removing tokens from slot 8
[06:57:46.633] [SEVERE ] removing card from slot 8
[06:57:46.742] [SEVERE ] removing tokens from slot 1
[06:57:46.742] [SEVERE ] removing card from slot 1
[06:57:46.851] [SEVERE ] removing tokens from slot 10
[06:57:46.851] [SEVERE ] removing card from slot 10
[06:57:46.960] [SEVERE ] removing tokens from slot 5
[06:57:46.960] [SEVERE ] removing card from slot 5
[06:57:47.071] [SEVERE ] removing tokens from slot 11
[06:57:47.071] [SEVERE ] removing card from slot 11
[06:57:47.180] [SEVERE ] removing tokens from slot 3
[06:57:47.180] [SEVERE ] removing card from slot 3
[06:57:47.289] [SEVERE ] removing tokens from slot 9
[06:57:47.289] [SEVERE ] removing card from slot 9
[06:57:47.398] [SEVERE ] removing tokens from slot 6
[06:57:47.398] [SEVERE ] removing card from slot 6
[06:57:47.507] [SEVERE ] removing tokens from slot 7
[06:57:47.508] [SEVERE ] removing card from slot 7
[06:57:47.618] [SEVERE ] placing card 11 in slot 10
[06:57:47.727] [SEVERE ] placing card 38 in slot 9
[06:57:47.836] [SEVERE ] placing card 63 in slot 7
[06:57:47.947] [SEVERE ] placing card 29 in slot 4
[06:57:48.057] [SEVERE ] placing card 2 in slot 0
[06:57:48.165] [SEVERE ] placing card 71 in slot 6
[06:57:48.274] [SEVERE ] placing card 34 in slot 2
[06:57:48.384] [SEVERE ] placing card 68 in slot 3
[06:57:48.494] [SEVERE ] placing card 24 in slot 8
[06:57:48.602] [SEVERE ] placing card 49 in slot 1
[06:57:48.711] [SEVERE ] placing card 18 in slot 11
[06:57:48.822] [SEVERE ] placing card 6 in slot 5
[06:57:48.822] [SEVERE ] updating countdown to 4999
[06:57:49.837] [SEVERE ] updating countdown to 3984
[06:57:53.881] [SEVERE ] updating countdown to 0
[06:57:53.882] [SEVERE ] updating countdown to 0
[06:57:53.989] [SEVERE ] removing tokens from slot 4
[06:57:53.989] [SEVERE ] removing card from slot 4
[06:57:54.099] [SEVERE ] removing tokens from slot 10
[06:57:54.099] [SEVERE ] removing card from slot 10
[06:57:54.208] [SEVERE ] removing tokens from slot 8
[06:57:54.209] [SEVERE ] removing card from slot 8
[06:57:54.317] [SEVERE ] removing tokens from slot 6
[06:57:54.317] [SEVERE ] removing card from slot 6
[06:57:54.426] [SEVERE ] removing tokens from slot 0
[06:57:54.426] [SEVERE ] removing card from slot 0
[06:57:54.534] [SEVERE ] removing tokens from slot 3
[06:57:54.534] [SEVERE ] removing card from slot 3
[06:57:54.643] [SEVERE ] removing tokens from slot 1
[06:57:54.643] [SEVERE ] removing card from slot 1
[06:57:54.752] [SEVERE ] removing tokens from slot 7
[06:57:54.752] [SEVERE ] removing card from slot 7
[06:57:54.861] [SEVERE ] removing tokens from slot 11
[06:57:54.861] [SEVERE ] removing card from slot 11
[06:57:54.970] [SEVERE ] removing tokens from slot 2
[06:57:54.970] [SEVERE ] removing card from slot 2
[06:57:55.077] [SEVERE ] removing tokens from slot 5
[06:57:55.077] [SEVERE ] removing card from slot 5
[06:57:55.186] [SEVERE ] removing tokens from slot 9
[06:57:55.187] [SEVERE ] removing card from slot 9
[06:57:55.295] [SEVERE ] placing card 56 in slot 5
[06:57:55.404] [SEVERE ] placing card 50 in slot 4
[06:57:55.514] [SEVERE ] placing card 35 in slot 2
[06:57:55.624] [SEVERE ] placing card 22 in slot 6
[06:57:55.732] [SEVERE ] placing card 21 in slot 3
[06:57:55.841] [SEVERE ] placing card 80 in slot 0
[06:57:55.950] [SEVERE ] placing card 14 in slot 9
[06:57:56.059] [SEVERE ] placing card 12 in slot 8
[06:57:56.168] [SEVERE ] placing card 76 in slot 7
[06:57:56.278] [SEVERE ] placing card 58 in slot 11
[06:57:56.387] [SEVERE ] placing card 77 in slot 10
[06:57:56.497] [SEVERE ] placing card 44 in slot 1
[06:57:56.497] [SEVERE ] updating countdown to 4999
[06:57:56.497] [SEVERE ] updating countdown to 4999
[06:57:56.497] [SEVERE ] updating countdown to 4999
[06:57:56.497] [SEVERE ] updating countdown to 4999
[06:57:57.505] [SEVERE ] updating countdown to 3991
[06:58:01.558] [SEVERE ] updating countdown to 0
[06:58:01.559] [SEVERE ] updating countdown to 0
[06:58:01.666] [SEVERE ] removing tokens from slot 7
[06:58:01.666] [SEVERE ] removing card from slot 7
[06:58:01.778] [SEVERE ] removing tokens from slot 0
[06:58:01.778] [SEVERE ] removing card from slot 0
[06:58:01.889] [SEVERE ] removing tokens from slot 3
[06:58:01.889] [SEVERE ] removing card from slot 3
[06:58:01.998] [SEVERE ] removing tokens from slot 10
[06:58:01.998] [SEVERE ] removing card from slot 10
[06:58:02.106] [SEVERE ] removing tokens from slot 5
[06:58:02.106] [SEVERE ] removing card from slot 5
[06:58:02.215] [SEVERE ] removing tokens from slot 2
[06:58:02.215] [SEVERE ] removing card from slot 2
[06:58:02.324] [SEVERE ] removing tokens from slot 8
[06:58:02.324] [SEVERE ] removing card from slot 8
[06:58:02.434] [SEVERE ] removing tokens from slot 6
[06:58:02.434] [SEVERE ] removing card from slot 6
[06:58:02.544] [SEVERE ] removing tokens from slot 1
[06:58:02.544] [SEVERE ] removing card from slot 1
[06:58:02.652] [SEVERE ] removing tokens from slot 11
[06:58:02.652] [SEVERE ] removing card from slot 11
[06:58:02.762] [SEVERE ] removing tokens from slot 4
[06:58:02.762] [SEVERE ] removing card from slot 4
[06:58:02.871] [SEVERE ] removing tokens from slot 9
[06:58:02.871] [SEVERE ] removing card from slot 9
[06:58:02.981] [SEVERE ] placing card 20 in slot 2
[06:58:03.092] [SEVERE ] placing card 21 in slot 4
[06:58:03.201] [SEVERE ] placing card 66 in slot 10
[06:58:03.309] [SEVERE ] placing card 6 in slot 5
[06:58:03.418] [SEVERE ] placing card 25 in slot 6
[06:58:03.527] [SEVERE ] placing card 9 in slot 11
[06:58:03.635] [SEVERE ] placing card 34 in slot 3
[06:58:03.744] [SEVERE ] placing card 59 in slot 0
[06:58:03.855] [SEVERE ] placing card 63 in slot 1
[06:58:03.965] [SEVERE ] placing card 42 in slot 9
[06:58:04.074] [SEVERE ] placing card 23 in slot 7
[06:58:04.182] [SEVERE ] placing card 53 in slot 8
[06:58:04.182] [SEVERE ] updating countdown to 4999
[06:58:05.183] [SEVERE ] updating countdown to 3998
[06:58:09.245] [SEVERE ] updating countdown to 0
[06:58:09.246] [SEVERE ] updating countdown to 0
[06:58:09.354] [SEVERE ] removing tokens from slot 4
[06:58:09.354] [SEVERE ] removing card from slot 4
[06:58:09.463] [SEVERE ] removing tokens from slot 6
[06:58:09.463] [SEVERE ] removing card from slot 6
[06:58:09.572] [SEVERE ] removing tokens from slot 10
[06:58:09.572] [SEVERE ] removing card from slot 10
[06:58:09.681] [SEVERE ] removing tokens from slot 9
[06:58:09.681] [SEVERE ] removing card from slot 9
[06:58:09.790] [SEVERE ] removing tokens from slot 8
[06:58:09.790] [SEVERE ] removing card from slot 8
[06:58:09.898] [SEVERE ] removing tokens from slot 1
[06:58:09.898] [SEVERE ] removing card from slot 1
[06:58:10.007] [SEVERE ] removing tokens from slot 3
[06:58:10.007] [SEVERE ] removing card from slot 3
[06:58:10.116] [SEVERE ] removing tokens from slot 11
[06:58:10.116] [SEVERE ] removing card from slot 11
[06:58:10.227] [SEVERE ] removing tokens from slot 5
[06:58:10.227] [SEVERE ] removing card from slot 5
[06:58:10.337] [SEVERE ] removing tokens from slot 7
[06:58:10.337] [SEVERE ] removing card from slot 7
[06:58:10.445] [SEVERE ] removing tokens from slot 2
[06:58:10.445] [SEVERE ] removing card from slot 2
[06:58:10.557] [SEVERE ] removing tokens from slot 0
[06:58:10.557] [SEVERE ] removing card from slot 0
[06:58:10.666] [SEVERE ] placing card 73 in slot 10
[06:58:10.776] [SEVERE ] placing card 59 in slot 2
[06:58:10.886] [SEVERE ] placing card 2 in slot 3
[06:58:10.996] [SEVERE ] placing card 53 in slot 0
[06:58:11.107] [SEVERE ] placing card 18 in slot 9
[06:58:11.215] [SEVERE ] placing card 4 in slot 1
[06:58:11.324] [SEVERE ] placing card 6 in slot 8
[06:58:11.433] [SEVERE ] placing card 77 in slot 5
[06:58:11.540] [SEVERE ] placing card 37 in slot 6
[06:58:11.648] [SEVERE ] placing card 67 in slot 4
[06:58:11.756] [SEVERE ] placing card 41 in slot 11
[06:58:11.866] [SEVERE ] placing card 40 in slot 7
[06:58:11.866] [SEVERE ] updating countdown to 4999
[06:58:12.881] [SEVERE ] updating countdown to 3984
[06:58:16.938] [SEVERE ] updating countdown to 0
[06:58:16.938] [SEVERE ] updating countdown to 0
[06:58:17.047] [SEVERE ] removing tokens from slot 9
[06:58:17.047] [SEVERE ] removing card from slot 9
[06:58:17.155] [SEVERE ] removing tokens from slot 11
[06:58:17.155] [SEVERE ] removing card from slot 11
[06:58:17.265] [SEVERE ] removing tokens from slot 10
[06:58:17.265] [SEVERE ] removing card from slot 10
[06:58:17.374] [SEVERE ] removing tokens from slot 3
[06:58:17.374] [SEVERE ] removing card from slot 3
[06:58:17.481] [SEVERE ] removing tokens from slot 5
[06:58:17.481] [SEVERE ] removing card from slot 5
[06:58:17.589] [SEVERE ] removing tokens from slot 0
[06:58:17.589] [SEVERE ] removing card from slot 0
[06:58:17.700] [SEVERE ] removing tokens from slot 7
[06:58:17.700] [SEVERE ] removing card from slot 7
[06:58:17.809] [SEVERE ] removing tokens from slot 2
[06:58:17.809] [SEVERE ] removing card from slot 2
[06:58:17.920] [SEVERE ] removing tokens from slot 6
[06:58:17.920] [SEVERE ] removing card from slot 6
[06:58:18.030] [SEVERE ] removing tokens from slot 4
[06:58:18.030] [SEVERE ] removing card from slot 4
[06:58:18.139] [SEVERE ] removing tokens from slot 1
[06:58:18.139] [SEVERE ] removing card from slot 1
[06:58:18.248] [SEVERE ] removing tokens from slot 8
[06:58:18.248] [SEVERE ] removing card from slot 8
[06:58:18.355] [SEVERE ] placing card 74 in slot 5
[06:58:18.463] [SEVERE ] placing card 44 in slot 4
[06:58:18.572] [SEVERE ] placing card 65 in slot 2
[06:58:18.680] [SEVERE ] placing card 73 in slot 3
[06:58:18.789] [SEVERE ] placing card 6 in slot 10
[06:58:18.899] [SEVERE ] placing card 17 in slot 7
[06:58:19.007] [SEVERE ] placing card 29 in slot 8
[06:58:19.118] [SEVERE ] placing card 75 in slot 9
[06:58:19.226] [SEVERE ] placing card 10 in slot 11
[06:58:19.334] [SEVERE ] placing card 35 in slot 6
[06:58:19.443] [SEVERE ] placing card 24 in slot 0
[06:58:19.551] [SEVERE ] placing card 8 in slot 1
[06:58:19.551] [SEVERE ] updating countdown to 4999
[06:58:20.561] [SEVERE ] updating countdown to 3989
[06:58:24.612] [SEVERE ] updating countdown to 0
[06:58:24.612] [SEVERE ] updating countdown to 0
[06:58:24.722] [SEVERE ] removing tokens from slot 10
[06:58:24.722] [SEVERE ] removing card from slot 10
[06:58:24.831] [SEVERE ] removing tokens from slot 5
[06:58:24.831] [SEVERE ] removing card from slot 5
[06:58:24.941] [SEVERE ] removing tokens from slot 4
[06:58:24.941] [SEVERE ] removing card from slot 4
[06:58:25.050] [SEVERE ] removing tokens from slot 7
[06:58:25.050] [SEVERE ] removing card from slot 7
[06:58:25.161] [SEVERE ] removing tokens from slot 2
[06:58:25.161] [SEVERE ] removing card from slot 2
[06:58:25.269] [SEVERE ] removing tokens from slot 0
[06:58:25.269] [SEVERE ] removing card from slot 0
[06:58:25.378] [SEVERE ] removing tokens from slot 3
[06:58:25.378] [SEVERE ] removing card from slot 3
[06:58:25.489] [SEVERE ] removing tokens from slot 1
[06:58:25.489] [SEVERE ] removing card from slot 1
[06:58:25.600] [SEVERE ] removing tokens from slot 6
[06:58:25.600] [SEVERE ] removing card from slot 6
[06:58:25.709] [SEVERE ] removing tokens from slot 11
[06:58:25.709] [SEVERE ] removing card from slot 11
[06:58:25.819] [SEVERE ] removing tokens from slot 8
[06:58:25.819] [SEVERE ] removing card from slot 8
[06:58:25.927] [SEVERE ] removing tokens from slot 9
[06:58:25.927] [SEVERE ] removing card from slot 9
[06:58:26.035] [SEVERE ] placing card 51 in slot 10
[06:58:26.145] [SEVERE ] placing card 34 in slot 3
[06:58:26.253] [SEVERE ] placing card 71 in slot 0
[06:58:26.362] [SEVERE ] placing card 9 in slot 11
[06:58:26.470] [SEVERE ] placing card 55 in slot 5
[06:58:26.577] [SEVERE ] placing card 15 in slot 9
[06:58:26.685] [SEVERE ] placing card 76 in slot 8
[06:58:26.793] [SEVERE ] placing card 13 in slot 4
[06:58:26.902] [SEVERE ] placing card 24 in slot 2
[06:58:27.011] [SEVERE ] placing card 14 in slot 6
[06:58:27.121] [SEVERE ] placing card 57 in slot 7
[06:58:27.231] [SEVERE ] placing card 75 in slot 1
[06:58:27.231] [SEVERE ] updating countdown to 4999
[06:58:27.231] [SEVERE ] updating countdown to 4999
[06:58:27.231] [SEVERE ] updating countdown to 4999
[06:58:27.231] [SEVERE ] updating countdown to 4999
[06:58:27.231] [SEVERE ] updating countdown to 4999
[06:58:27.231] [SEVERE ] updating countdown to 4999
[06:58:27.231] [SEVERE ] updating countdown to 4999
[06:58:27.231] [SEVERE ] updating countdown to 4999
[06:58:27.231] [SEVERE ] updating countdown to 4999
[06:58:27.231] [SEVERE ] updating countdown to 4999
[06:58:28.231] [SEVERE ] updating countdown to 3999
[06:58:32.302] [SEVERE ] updating countdown to 0
[06:58:32.302] [SEVERE ] updating countdown to 0
[06:58:32.412] [SEVERE ] removing tokens from slot 4
[06:58:32.412] [SEVERE ] removing card from slot 4
[06:58:32.520] [SEVERE ] removing tokens from slot 10
[06:58:32.520] [SEVERE ] removing card from slot 10
[06:58:32.630] [SEVERE ] removing tokens from slot 7
[06:58:32.630] [SEVERE ] removing card from slot 7
[06:58:32.741] [SEVERE ] removing tokens from slot 2
[06:58:32.741] [SEVERE ] removing card from slot 2
[06:58:32.848] [SEVERE ] removing tokens from slot 9
[06:58:32.848] [SEVERE ] removing card from slot 9
[06:58:32.959] [SEVERE ] removing tokens from slot 3
[06:58:32.959] [SEVERE ] removing card from slot 3
[06:58:33.068] [SEVERE ] removing tokens from slot 5
[06:58:33.068] [SEVERE ] removing card from slot 5
[06:58:33.177] [SEVERE ] removing tokens from slot 8
[06:58:33.177] [SEVERE ] removing card from slot 8
[06:58:33.287] [SEVERE ] removing tokens from slot 6
[06:58:33.287] [SEVERE ] removing card from slot 6
[06:58:33.396] [SEVERE ] removing tokens from slot 1
[06:58:33.396] [SEVERE ] removing card from slot 1
[06:58:33.506] [SEVERE ] removing tokens from slot 11
[06:58:33.506] [SEVERE ] removing card from slot 11
[06:58:33.613] [SEVERE ] removing tokens from slot 0
[06:58:33.613] [SEVERE ] removing card from slot 0
[06:58:33.722] [SEVERE ] placing card 43 in slot 6
[06:58:33.830] [SEVERE ] placing card 26 in slot 9
[06:58:33.940] [SEVERE ] placing card 74 in slot 4
[06:58:34.052] [SEVERE ] placing card 53 in slot 1
[06:58:34.163] [SEVERE ] placing card 54 in slot 8
[06:58:34.272] [SEVERE ] placing card 75 in slot 5
[06:58:34.380] [SEVERE ] placing card 36 in slot 10
[06:58:34.488] [SEVERE ] placing card 72 in slot 3
[06:58:34.597] [SEVERE ] placing card 33 in slot 0
[06:58:34.708] [SEVERE ] placing card 50 in slot 7
[06:58:34.817] [SEVERE ] placing card 22 in slot 11
[06:58:34.925] [SEVERE ] placing card 30 in slot 2
[06:58:34.925] [SEVERE ] updating countdown to 4999
[06:58:34.925] [SEVERE ] updating countdown to 4999
[06:58:34.925] [SEVERE ] updating countdown to 4999
[06:58:35.937] [SEVERE ] updating countdown to 3987
[06:58:39.993] [SEVERE ] updating countdown to 0
[06:58:39.993] [SEVERE ] updating countdown to 0
[06:58:40.101] [SEVERE ] removing tokens from slot 2
[06:58:40.101] [SEVERE ] removing card from slot 2
[06:58:40.210] [SEVERE ] removing tokens from slot 7
[06:58:40.210] [SEVERE ] removing card from slot 7
[06:58:40.319] [SEVERE ] removing tokens from slot 1
[06:58:40.319] [SEVERE ] removing card from slot 1
[06:58:40.429] [SEVERE ] removing tokens from slot 6
[06:58:40.429] [SEVERE ] removing card from slot 6
[06:58:40.539] [SEVERE ] removing tokens from slot 9
[06:58:40.539] [SEVERE ] removing card from slot 9
[06:58:40.649] [SEVERE ] removing tokens from slot 11
[06:58:40.649] [SEVERE ] removing card from slot 11
[06:58:40.757] [SEVERE ] removing tokens from slot 5
[06:58:40.757] [SEVERE ] removing card from slot 5
[06:58:40.865] [SEVERE ] removing tokens from slot 10
[06:58:40.865] [SEVERE ] removing card from slot 10
[06:58:40.974] [SEVERE ] removing tokens from slot 4
[06:58:40.974] [SEVERE ] removing card from slot 4
[06:58:41.085] [SEVERE ] removing tokens from slot 8
[06:58:41.085] [SEVERE ] removing card from slot 8
[06:58:41.195] [SEVERE ] removing tokens from slot 0
[06:58:41.195] [SEVERE ] removing card from slot 0
[06:58:41.303] [SEVERE ] removing tokens from slot 3
[06:58:41.303] [SEVERE ] removing card from slot 3
[06:58:41.411] [SEVERE ] placing card 1 in slot 8
[06:58:41.522] [SEVERE ] placing card 67 in slot 11
[06:58:41.631] [SEVERE ] placing card 46 in slot 9
[06:58:41.739] [SEVERE ] placing card 5 in slot 1
[06:58:41.850] [SEVERE ] placing card 0 in slot 5
[06:58:41.959] [SEVERE ] placing card 80 in slot 7
[06:58:42.067] [SEVERE ] placing card 78 in slot 10
[06:58:42.176] [SEVERE ] placing card 25 in slot 2
[06:58:42.285] [SEVERE ] placing card 42 in slot 6
[06:58:42.395] [SEVERE ] placing card 49 in slot 4
[06:58:42.504] [SEVERE ] placing card 12 in slot 3
[06:58:42.612] [SEVERE ] placing card 8 in slot 0
[06:58:42.612] [SEVERE ] updating countdown to 4999
[06:58:42.612] [SEVERE ] updating countdown to 4999
[06:58:42.612] [SEVERE ] updating countdown to 4999
[06:58:43.622] [SEVERE ] updating countdown to 3989
[06:58:47.667] [SEVERE ] updating countdown to 0
[06:58:47.667] [SEVERE ] updating countdown to 0
[06:58:47.777] [SEVERE ] removing tokens from slot 5
[06:58:47.777] [SEVERE ] removing card from slot 5
[06:58:47.886] [SEVERE ] removing tokens from slot 7
[06:58:47.886] [SEVERE ] removing card from slot 7
[06:58:47.996] [SEVERE ] removing tokens from slot 10
[06:58:47.996] [SEVERE ] removing card from slot 10
[06:58:48.106] [SEVERE ] removing tokens from slot 9
[06:58:48.106] [SEVERE ] removing card from slot 9
[06:58:48.215] [SEVERE ] removing tokens from slot 0
[06:58:48.215] [SEVERE ] removing card from slot 0
[06:58:48.324] [SEVERE ] removing tokens from slot 1
[06:58:48.325] [SEVERE ] removing card from slot 1
[06:58:48.432] [SEVERE ] removing tokens from slot 4
[06:58:48.432] [SEVERE ] removing card from slot 4
[06:58:48.540] [SEVERE ] removing tokens from slot 2
[06:58:48.540] [SEVERE ] removing card from slot 2
[06:58:48.649] [SEVERE ] removing tokens from slot 3
[06:58:48.649] [SEVERE ] removing card from slot 3
[06:58:48.759] [SEVERE ] removing tokens from slot 6
[06:58:48.759] [SEVERE ] removing card from slot 6
[06:58:48.869] [SEVERE ] removing tokens from slot 8
[06:58:48.869] [SEVERE ] removing card from slot 8
[06:58:48.980] [SEVERE ] removing tokens from slot 11
[06:58:48.980] [SEVERE ] removing card from slot 11
[06:58:49.088] [SEVERE ] placing card 17 in slot 3
[06:58:49.196] [SEVERE ] placing card 55 in slot 11
[06:58:49.305] [SEVERE ] placing card 63 in slot 8
[06:58:49.414] [SEVERE ] placing card 28 in slot 0
[06:58:49.524] [SEVERE ] placing card 36 in slot 10
[06:58:49.632] [SEVERE ] placing card 7 in slot 9
[06:58:49.741] [SEVERE ] placing card 42 in slot 6
[06:58:49.849] [SEVERE ] placing card 31 in slot 5
[06:58:49.957] [SEVERE ] placing card 27 in slot 4
[06:58:50.064] [SEVERE ] placing card 49 in slot 1
[06:58:50.174] [SEVERE ] placing card 14 in slot 7
[06:58:50.283] [SEVERE ] placing card 59 in slot 2
[06:58:50.283] [SEVERE ] updating countdown to 4999
[06:58:50.283] [SEVERE ] updating countdown to 4999
[06:58:50.283] [SEVERE ] updating countdown to 4999
[06:58:50.283] [SEVERE ] updating countdown to 4999
[06:58:51.284] [SEVERE ] updating countdown to 3998
[06:58:53.282] [SEVERE ] updating countdown to 2000
[06:58:55.348] [SEVERE ] updating countdown to 0
[06:58:55.348] [SEVERE ] updating countdown to 0
[06:58:55.457] [SEVERE ] removing tokens from slot 9
[06:58:55.457] [SEVERE ] removing card from slot 9
[06:58:55.567] [SEVERE ] removing tokens from slot 7
[06:58:55.567] [SEVERE ] removing card from slot 7
[06:58:55.676] [SEVERE ] removing tokens from slot 11
[06:58:55.676] [SEVERE ] removing card from slot 11
[06:58:55.784] [SEVERE ] removing tokens from slot 4
[06:58:55.784] [SEVERE ] removing card from slot 4
[06:58:55.894] [SEVERE ] removing tokens from slot 5
[06:58:55.894] [SEVERE ] removing card from slot 5
[06:58:56.002] [SEVERE ] removing tokens from slot 1
[06:58:56.002] [SEVERE ] removing card from slot 1
[06:58:56.112] [SEVERE ] removing tokens from slot 3
[06:58:56.112] [SEVERE ] removing card from slot 3
[06:58:56.220] [SEVERE ] removing tokens from slot 10
[06:58:56.220] [SEVERE ] removing card from slot 10
[06:58:56.329] [SEVERE ] removing tokens from slot 6
[06:58:56.329] [SEVERE ] removing card from slot 6
[06:58:56.437] [SEVERE ] removing tokens from slot 0
[06:58:56.437] [SEVERE ] removing card from slot 0
[06:58:56.546] [SEVERE ] removing tokens from slot 8
[06:58:56.546] [SEVERE ] removing card from slot 8
[06:58:56.656] [SEVERE ] removing tokens from slot 2
[06:58:56.656] [SEVERE ] removing card from slot 2
[06:58:56.764] [SEVERE ] placing card 9 in slot 3
[06:58:56.873] [SEVERE ] placing card 18 in slot 11
[06:58:56.982] [SEVERE ] placing card 46 in slot 4
[06:58:57.092] [SEVERE ] placing card 22 in slot 10
[06:58:57.200] [SEVERE ] placing card 30 in slot 5
[06:58:57.310] [SEVERE ] placing card 36 in slot 7
[06:58:57.421] [SEVERE ] placing card 17 in slot 6
[06:58:57.531] [SEVERE ] placing card 27 in slot 0
[06:58:57.640] [SEVERE ] placing card 69 in slot 9
[06:58:57.748] [SEVERE ] placing card 25 in slot 8
[06:58:57.857] [SEVERE ] placing card 71 in slot 2
[06:58:57.965] [SEVERE ] placing card 66 in slot 1
[06:58:57.965] [SEVERE ] updating countdown to 4999
[06:58:57.965] [SEVERE ] updating countdown to 4999
[06:58:57.965] [SEVERE ] updating countdown to 4999
[06:58:57.965] [SEVERE ] updating countdown to 4999
[06:58:57.965] [SEVERE ] updating countdown to 4999
[06:58:57.965] [SEVERE ] updating countdown to 4999
[06:58:57.965] [SEVERE ] updating countdown to 4999
[06:58:57.965] [SEVERE ] updating countdown to 4999
[06:58:57.965] [SEVERE ] updating countdown to 4999
[06:58:57.965] [SEVERE ] updating countdown to 4999
[06:58:57.965] [SEVERE ] updating countdown to 4999
[06:58:58.980] [SEVERE ] updating countdown to 3984
[06:59:03.027] [SEVERE ] updating countdown to 0
[06:59:03.027] [SEVERE ] updating countdown to 0
[06:59:03.136] [SEVERE ] removing tokens from slot 6
[06:59:03.136] [SEVERE ] removing card from slot 6
[06:59:03.247] [SEVERE ] removing tokens from slot 1
[06:59:03.247] [SEVERE ] removing card from slot 1
[06:59:03.356] [SEVERE ] removing tokens from slot 8
[06:59:03.356] [SEVERE ] removing card from slot 8
[06:59:03.463] [SEVERE ] removing tokens from slot 4
[06:59:03.463] [SEVERE ] removing card from slot 4
[06:59:03.573] [SEVERE ] removing tokens from slot 10
[06:59:03.573] [SEVERE ] removing card from slot 10
[06:59:03.683] [SEVERE ] removing tokens from slot 3
[06:59:03.683] [SEVERE ] removing card from slot 3
[06:59:03.791] [SEVERE ] removing tokens from slot 9
[06:59:03.791] [SEVERE ] removing card from slot 9
[06:59:03.899] [SEVERE ] removing tokens from slot 11
[06:59:03.899] [SEVERE ] removing card from slot 11
[06:59:04.007] [SEVERE ] removing tokens from slot 0
[06:59:04.007] [SEVERE ] removing card from slot 0
[06:59:04.118] [SEVERE ] removing tokens from slot 7
[06:59:04.118] [SEVERE ] removing card from slot 7
[06:59:04.226] [SEVERE ] removing tokens from slot 5
[06:59:04.226] [SEVERE ] removing card from slot 5
[06:59:04.335] [SEVERE ] removing tokens from slot 2
[06:59:04.335] [SEVERE ] removing card from slot 2
[06:59:04.445] [SEVERE ] placing card 49 in slot 3
[06:59:04.554] [SEVERE ] placing card 17 in slot 7
[06:59:04.663] [SEVERE ] placing card 73 in slot 11
[06:59:04.771] [SEVERE ] placing card 76 in slot 9
[06:59:04.880] [SEVERE ] placing card 23 in slot 5
[06:59:04.988] [SEVERE ] placing card 8 in slot 2
[06:59:05.099] [SEVERE ] placing card 15 in slot 4
[06:59:05.206] [SEVERE ] placing card 3 in slot 8
[06:59:05.315] [SEVERE ] placing card 11 in slot 1
[06:59:05.425] [SEVERE ] placing card 80 in slot 6
[06:59:05.535] [SEVERE ] placing card 75 in slot 0
[06:59:05.641] [SEVERE ] placing card 2 in slot 10
[06:59:05.641] [SEVERE ] updating countdown to 4999
[06:59:05.641] [SEVERE ] updating countdown to 4999
[06:59:05.641] [SEVERE ] updating countdown to 4999
[06:59:06.650] [SEVERE ] updating countdown to 3990
[06:59:10.704] [SEVERE ] updating countdown to 0
[06:59:10.704] [SEVERE ] updating countdown to 0
[06:59:10.812] [SEVERE ] removing tokens from slot 9
[06:59:10.812] [SEVERE ] removing card from slot 9
[06:59:10.920] [SEVERE ] removing tokens from slot 8
[06:59:10.920] [SEVERE ] removing card from slot 8
[06:59:11.028] [SEVERE ] removing tokens from slot 11
[06:59:11.028] [SEVERE ] removing card from slot 11
[06:59:11.137] [SEVERE ] removing tokens from slot 4
[06:59:11.137] [SEVERE ] removing card from slot 4
[06:59:11.247] [SEVERE ] removing tokens from slot 0
[06:59:11.247] [SEVERE ] removing card from slot 0
[06:59:11.355] [SEVERE ] removing tokens from slot 5
[06:59:11.355] [SEVERE ] removing card from slot 5
[06:59:11.466] [SEVERE ] removing tokens from slot 6
[06:59:11.466] [SEVERE ] removing card from slot 6
[06:59:11.578] [SEVERE ] removing tokens from slot 7
[06:59:11.578] [SEVERE ] removing card from slot 7
[06:59:11.686] [SEVERE ] removing tokens from slot 10
[06:59:11.686] [SEVERE ] removing card from slot 10
[06:59:11.794] [SEVERE ] removing tokens from slot 1
[06:59:11.794] [SEVERE ] removing card from slot 1
[06:59:11.904] [SEVERE ] removing tokens from slot 2
[06:59:11.904] [SEVERE ] removing card from slot 2
[06:59:12.013] [SEVERE ] removing tokens from slot 3
[06:59:12.013] [SEVERE ] removing card from slot 3
[06:59:12.121] [SEVERE ] placing card 55 in slot 1
[06:59:12.229] [SEVERE ] placing card 56 in slot 3
[06:59:12.339] [SEVERE ] placing card 42 in slot 2
[06:59:12.448] [SEVERE ] placing card 69 in slot 0
[06:59:12.556] [SEVERE ] placing card 32 in slot 8
[06:59:12.664] [SEVERE ] placing card 71 in slot 5
[06:59:12.775] [SEVERE ] placing card 11 in slot 9
[06:59:12.883] [SEVERE ] placing card 4 in slot 4
[06:59:12.991] [SEVERE ] placing card 46 in slot 7
[06:59:13.102] [SEVERE ] placing card 8 in slot 6
[06:59:13.212] [SEVERE ] placing card 2 in slot 10
[06:59:13.321] [SEVERE ] placing card 28 in slot 11
[06:59:13.321] [SEVERE ] updating countdown to 4999
[06:59:13.321] [SEVERE ] updating countdown to 4999
[06:59:13.321] [SEVERE ] updating countdown to 4999
[06:59:14.329] [SEVERE ] updating countdown to 3991
[06:59:18.372] [SEVERE ] updating countdown to 0
[06:59:18.372] [SEVERE ] updating countdown to 0
[06:59:18.483] [SEVERE ] removing tokens from slot 0
[06:59:18.483] [SEVERE ] removing card from slot 0
[06:59:18.592] [SEVERE ] removing tokens from slot 3
[06:59:18.592] [SEVERE ] removing card from slot 3
[06:59:18.700] [SEVERE ] removing tokens from slot 7
[06:59:18.700] [SEVERE ] removing card from slot 7
[06:59:18.808] [SEVERE ] removing tokens from slot 8
[06:59:18.808] [SEVERE ] removing card from slot 8
[06:59:18.916] [SEVERE ] removing tokens from slot 1
[06:59:18.916] [SEVERE ] removing card from slot 1
[06:59:19.025] [SEVERE ] removing tokens from slot 2
[06:59:19.025] [SEVERE ] removing card from slot 2
[06:59:19.134] [SEVERE ] removing tokens from slot 4
[06:59:19.134] [SEVERE ] removing card from slot 4
[06:59:19.244] [SEVERE ] removing tokens from slot 10
[06:59:19.244] [SEVERE ] removing card from slot 10
[06:59:19.352] [SEVERE ] removing tokens from slot 6
[06:59:19.352] [SEVERE ] removing card from slot 6
[06:59:19.461] [SEVERE ] removing tokens from slot 9
[06:59:19.461] [SEVERE ] removing card from slot 9
[06:59:19.572] [SEVERE ] removing tokens from slot 11
[06:59:19.572] [SEVERE ] removing card from slot 11
[06:59:19.680] [SEVERE ] removing tokens from slot 5
[06:59:19.680] [SEVERE ] removing card from slot 5
[06:59:19.790] [SEVERE ] placing card 49 in slot 8
[06:59:19.897] [SEVERE ] placing card 76 in slot 3
[06:59:20.006] [SEVERE ] placing card 48 in slot 1
[06:59:20.114] [SEVERE ] placing card 72 in slot 6
[06:59:20.222] [SEVERE ] placing card 75 in slot 5
[06:59:20.331] [SEVERE ] placing card 10 in slot 9
[06:59:20.440] [SEVERE ] placing card 53 in slot 10
[06:59:20.549] [SEVERE ] placing card 30 in slot 11
[06:59:20.657] [SEVERE ] placing card 77 in slot 4
[06:59:20.765] [SEVERE ] placing card 38 in slot 2
[06:59:20.874] [SEVERE ] placing card 56 in slot 7
[06:59:20.983] [SEVERE ] placing card 60 in slot 0
[06:59:20.983] [SEVERE ] updating countdown to 4999
[06:59:20.983] [SEVERE ] updating countdown to 4999
[06:59:20.983] [SEVERE ] updating countdown to 4999
[06:59:20.983] [SEVERE ] updating countdown to 4999
[06:59:20.983] [SEVERE ] updating countdown to 4999
[06:59:20.984] [SEVERE ] updating countdown to 4999
[06:59:21.995] [SEVERE ] updating countdown to 3987
[06:59:26.049] [SEVERE ] updating countdown to 0
[06:59:26.049] [SEVERE ] updating countdown to 0
[06:59:26.157] [SEVERE ] removing tokens from slot 1
[06:59:26.157] [SEVERE ] removing card from slot 1
[06:59:26.266] [SEVERE ] removing tokens from slot 5
[06:59:26.266] [SEVERE ] removing card from slot 5
[06:59:26.375] [SEVERE ] removing tokens from slot 0
[06:59:26.375] [SEVERE ] removing card from slot 0
[06:59:26.484] [SEVERE ] removing tokens from slot 11
[06:59:26.484] [SEVERE ] removing card from slot 11
[06:59:26.593] [SEVERE ] removing tokens from slot 9
[06:59:26.593] [SEVERE ] removing card from slot 9
[06:59:26.702] [SEVERE ] removing tokens from slot 6
[06:59:26.702] [SEVERE ] removing card from slot 6
[06:59:26.810] [SEVERE ] removing tokens from slot 7
[06:59:26.810] [SEVERE ] removing card from slot 7
[06:59:26.918] [SEVERE ] removing tokens from slot 3
[06:59:26.918] [SEVERE ] removing card from slot 3
[06:59:27.028] [SEVERE ] removing tokens from slot 2
[06:59:27.028] [SEVERE ] removing card from slot 2
[06:59:27.134] [SEVERE ] removing tokens from slot 4
[06:59:27.134] [SEVERE ] removing card from slot 4
[06:59:27.244] [SEVERE ] removing tokens from slot 8
[06:59:27.244] [SEVERE ] removing card from slot 8
[06:59:27.351] [SEVERE ] removing tokens from slot 10
[06:59:27.351] [SEVERE ] removing card from slot 10
[06:59:27.460] [SEVERE ] placing card 2 in slot 4
[06:59:27.569] [SEVERE ] placing card 71 in slot 7
[06:59:27.678] [SEVERE ] placing card 23 in slot 0
[06:59:27.788] [SEVERE ] placing card 78 in slot 8
[06:59:27.899] [SEVERE ] placing card 1 in slot 6
[06:59:28.008] [SEVERE ] placing card 48 in slot 5
[06:59:28.119] [SEVERE ] placing card 34 in slot 2
[06:59:28.228] [SEVERE ] placing card 67 in slot 10
[06:59:28.337] [SEVERE ] placing card 15 in slot 1
[06:59:28.447] [SEVERE ] placing card 32 in slot 3
[06:59:28.554] [SEVERE ] placing card 24 in slot 9
[06:59:28.663] [SEVERE ] placing card 65 in slot 11
[06:59:28.663] [SEVERE ] updating countdown to 4999
[06:59:28.663] [SEVERE ] updating countdown to 4999
[06:59:28.663] [SEVERE ] updating countdown to 4999
[06:59:29.674] [SEVERE ] updating countdown to 3988
[06:59:33.730] [SEVERE ] updating countdown to 0
[06:59:33.730] [SEVERE ] updating countdown to 0
[06:59:33.839] [SEVERE ] removing tokens from slot 3
[06:59:33.839] [SEVERE ] removing card from slot 3
[06:59:33.948] [SEVERE ] removing tokens from slot 4
[06:59:33.948] [SEVERE ] removing card from slot 4
[06:59:34.057] [SEVERE ] removing tokens from slot 7
[06:59:34.057] [SEVERE ] removing card from slot 7
[06:59:34.167] [SEVERE ] removing tokens from slot 1
[06:59:34.167] [SEVERE ] removing card from slot 1
[06:59:34.278] [SEVERE ] removing tokens from slot 11
[06:59:34.278] [SEVERE ] removing card from slot 11
[06:59:34.387] [SEVERE ] removing tokens from slot 2
[06:59:34.387] [SEVERE ] removing card from slot 2
[06:59:34.495] [SEVERE ] removing tokens from slot 6
[06:59:34.495] [SEVERE ] removing card from slot 6
[06:59:34.605] [SEVERE ] removing tokens from slot 0
[06:59:34.605] [SEVERE ] removing card from slot 0
[06:59:34.714] [SEVERE ] removing tokens from slot 10
[06:59:34.715] [SEVERE ] removing card from slot 10
[06:59:34.823] [SEVERE ] removing tokens from slot 5
[06:59:34.823] [SEVERE ] removing card from slot 5
[06:59:34.931] [SEVERE ] removing tokens from slot 9
[06:59:34.931] [SEVERE ] removing card from slot 9
[06:59:35.040] [SEVERE ] removing tokens from slot 8
[06:59:35.040] [SEVERE ] removing card from slot 8
[06:59:35.149] [SEVERE ] placing card 53 in slot 3
[06:59:35.259] [SEVERE ] placing card 6 in slot 8
[06:59:35.368] [SEVERE ] placing card 50 in slot 2
[06:59:35.477] [SEVERE ] placing card 64 in slot 7
[06:59:35.588] [SEVERE ] placing card 40 in slot 4
[06:59:35.697] [SEVERE ] placing card 9 in slot 0
[06:59:35.806] [SEVERE ] placing card 35 in slot 11
[06:59:35.915] [SEVERE ] placing card 37 in slot 10
[06:59:36.024] [SEVERE ] placing card 57 in slot 6
[06:59:36.131] [SEVERE ] placing card 13 in slot 1
[06:59:36.242] [SEVERE ] placing card 25 in slot 9
[06:59:36.351] [SEVERE ] placing card 21 in slot 5
[06:59:36.351] [SEVERE ] updating countdown to 4999
[06:59:37.363] [SEVERE ] updating countdown to 3987
[06:59:41.414] [SEVERE ] updating countdown to 0
[06:59:41.414] [SEVERE ] updating countdown to 0
[06:59:41.525] [SEVERE ] removing tokens from slot 10
[06:59:41.525] [SEVERE ] removing card from slot 10
[06:59:41.634] [SEVERE ] removing tokens from slot 2
[06:59:41.634] [SEVERE ] removing card from slot 2
[06:59:41.742] [SEVERE ] removing tokens from slot 3
[06:59:41.742] [SEVERE ] removing card from slot 3
[06:59:41.853] [SEVERE ] removing tokens from slot 6
[06:59:41.853] [SEVERE ] removing card from slot 6
[06:59:41.962] [SEVERE ] removing tokens from slot 8
[06:59:41.962] [SEVERE ] removing card from slot 8
[06:59:42.072] [SEVERE ] removing tokens from slot 1
[06:59:42.072] [SEVERE ] removing card from slot 1
[06:59:42.181] [SEVERE ] removing tokens from slot 9
[06:59:42.181] [SEVERE ] removing card from slot 9
[06:59:42.292] [SEVERE ] removing tokens from slot 5
[06:59:42.292] [SEVERE ] removing card from slot 5
[06:59:42.401] [SEVERE ] removing tokens from slot 11
[06:59:42.401] [SEVERE ] removing card from slot 11
[06:59:42.511] [SEVERE ] removing tokens from slot 4
[06:59:42.511] [SEVERE ] removing card from slot 4
[06:59:42.618] [SEVERE ] removing tokens from slot 7
[06:59:42.618] [SEVERE ] removing card from slot 7
[06:59:42.727] [SEVERE ] removing tokens from slot 0
[06:59:42.727] [SEVERE ] removing card from slot 0
[06:59:42.836] [SEVERE ] placing card 43 in slot 5
[06:59:42.945] [SEVERE ] placing card 19 in slot 3
[06:59:43.055] [SEVERE ] placing card 38 in slot 7
[06:59:43.165] [SEVERE ] placing card 24 in slot 6
[06:59:43.274] [SEVERE ] placing card 72 in slot 9
[06:59:43.382] [SEVERE ] placing card 66 in slot 11
[06:59:43.490] [SEVERE ] placing card 50 in slot 0
[06:59:43.598] [SEVERE ] placing card 30 in slot 4
[06:59:43.707] [SEVERE ] placing card 2 in slot 8
[06:59:43.814] [SEVERE ] placing card 11 in slot 2
[06:59:43.922] [SEVERE ] placing card 41 in slot 1
[06:59:44.031] [SEVERE ] placing card 36 in slot 10
[06:59:44.031] [SEVERE ] updating countdown to 4999
[06:59:44.031] [SEVERE ] updating countdown to 4999
[06:59:44.031] [SEVERE ] updating countdown to 4999
[06:59:44.031] [SEVERE ] updating countdown to 4999
[06:59:44.031] [SEVERE ] updating countdown to 4999
[06:59:44.031] [SEVERE ] updating countdown to 4999
[06:59:44.031] [SEVERE ] updating countdown to 4999
[06:59:44.031] [SEVERE ] updating countdown to 4999
[06:59:44.031] [SEVERE ] updating countdown to 4999
[06:59:45.043] [SEVERE ] updating countdown to 3987
[06:59:49.096] [SEVERE ] updating countdown to 0
[06:59:49.096] [SEVERE ] updating countdown to 0
[06:59:49.205] [SEVERE ] removing tokens from slot 5
[06:59:49.205] [SEVERE ] removing card from slot 5
[06:59:49.312] [SEVERE ] removing tokens from slot 6
[06:59:49.312] [SEVERE ] removing card from slot 6
[06:59:49.420] [SEVERE ] removing tokens from slot 11
[06:59:49.420] [SEVERE ] removing card from slot 11
[06:59:49.529] [SEVERE ] removing tokens from slot 9
[06:59:49.529] [SEVERE ] removing card from slot 9
[06:59:49.638] [SEVERE ] removing tokens from slot 10
[06:59:49.638] [SEVERE ] removing card from slot 10
[06:59:49.747] [SEVERE ] removing tokens from slot 4
[06:59:49.747] [SEVERE ] removing card from slot 4
[06:59:49.857] [SEVERE ] removing tokens from slot 3
[06:59:49.857] [SEVERE ] removing card from slot 3
[06:59:49.965] [SEVERE ] removing tokens from slot 1
[06:59:49.965] [SEVERE ] removing card from slot 1
[06:59:50.073] [SEVERE ] removing tokens from slot 2
[06:59:50.073] [SEVERE ] removing card from slot 2
[06:59:50.182] [SEVERE ] removing tokens from slot 0
[06:59:50.182] [SEVERE ] removing card from slot 0
[06:59:50.291] [SEVERE ] removing tokens from slot 7
[06:59:50.291] [SEVERE ] removing card from slot 7
[06:59:50.398] [SEVERE ] removing tokens from slot 8
[06:59:50.398] [SEVERE ] removing card from slot 8
[06:59:50.508] [SEVERE ] placing card 11 in slot 5
[06:59:50.617] [SEVERE ] placing card 12 in slot 6
[06:59:50.726] [SEVERE ] placing card 54 in slot 4
[06:59:50.834] [SEVERE ] placing card 48 in slot 2
[06:59:50.944] [SEVERE ] placing card 21 in slot 11
[06:59:51.051] [SEVERE ] placing card 6 in slot 3
[06:59:51.160] [SEVERE ] placing card 31 in slot 0
[06:59:51.270] [SEVERE ] placing card 16 in slot 9
[06:59:51.378] [SEVERE ] placing card 43 in slot 8
[06:59:51.488] [SEVERE ] placing card 29 in slot 1
[06:59:51.597] [SEVERE ] placing card 72 in slot 10
[06:59:51.705] [SEVERE ] placing card 57 in slot 7
[06:59:51.705] [SEVERE ] updating countdown to 4999
[06:59:51.705] [SEVERE ] updating countdown to 4999
[06:59:51.705] [SEVERE ] updating countdown to 4999
[06:59:52.719] [SEVERE ] updating countdown to 3985
[06:59:56.768] [SEVERE ] updating countdown to 0
[06:59:56.768] [SEVERE ] updating countdown to 0
[06:59:56.877] [SEVERE ] removing tokens from slot 4
[06:59:56.877] [SEVERE ] removing card from slot 4
[06:59:56.985] [SEVERE ] removing tokens from slot 2
[06:59:56.985] [SEVERE ] removing card from slot 2
[06:59:57.095] [SEVERE ] removing tokens from slot 7
[06:59:57.095] [SEVERE ] removing card from slot 7
[06:59:57.203] [SEVERE ] removing tokens from slot 3
[06:59:57.203] [SEVERE ] removing card from slot 3
[06:59:57.311] [SEVERE ] removing tokens from slot 10
[06:59:57.311] [SEVERE ] removing card from slot 10
[06:59:57.419] [SEVERE ] removing tokens from slot 6
[06:59:57.419] [SEVERE ] removing card from slot 6
[06:59:57.529] [SEVERE ] removing tokens from slot 0
[06:59:57.529] [SEVERE ] removing card from slot 0
[06:59:57.639] [SEVERE ] removing tokens from slot 8
[06:59:57.639] [SEVERE ] removing card from slot 8
[06:59:57.751] [SEVERE ] removing tokens from slot 9
[06:59:57.751] [SEVERE ] removing card from slot 9
[06:59:57.860] [SEVERE ] removing tokens from slot 1
[06:59:57.860] [SEVERE ] removing card from slot 1
[06:59:57.969] [SEVERE ] removing tokens from slot 11
[06:59:57.969] [SEVERE ] removing card from slot 11
[06:59:58.078] [SEVERE ] removing tokens from slot 5
[06:59:58.078] [SEVERE ] removing card from slot 5
[06:59:58.189] [SEVERE ] placing card 64 in slot 6
[06:59:58.299] [SEVERE ] placing card 79 in slot 4
[06:59:58.410] [SEVERE ] placing card 67 in slot 0
[06:59:58.517] [SEVERE ] placing card 71 in slot 8
[06:59:58.626] [SEVERE ] placing card 60 in slot 7
[06:59:58.736] [SEVERE ] placing card 12 in slot 11
[06:59:58.845] [SEVERE ] placing card 75 in slot 1
[06:59:58.953] [SEVERE ] placing card 1 in slot 2
[06:59:59.063] [SEVERE ] placing card 2 in slot 5
[06:59:59.172] [SEVERE ] placing card 27 in slot 3
[06:59:59.281] [SEVERE ] placing card 42 in slot 9
[06:59:59.390] [SEVERE ] placing card 29 in slot 10
[06:59:59.390] [SEVERE ] updating countdown to 4999
[06:59:59.390] [SEVERE ] updating countdown to 4999
[06:59:59.390] [SEVERE ] updating countdown to 4999
[06:59:59.390] [SEVERE ] updating countdown to 4999
[06:59:59.390] [SEVERE ] updating countdown to 4999
[06:59:59.390] [SEVERE ] updating countdown to 4999
[06:59:59.390] [SEVERE ] updating countdown to 4999
[06:59:59.390] [SEVERE ] updating countdown to 4999
[06:59:59.390] [SEVERE ] updating countdown to 4999
[06:59:59.390] [SEVERE ] updating countdown to 4999
[06:59:59.390] [SEVERE ] updating countdown to 4999
[06:59:59.390] [SEVERE ] updating countdown to 4999
[06:59:59.390] [SEVERE ] updating countdown to 4999
[06:59:59.390] [SEVERE ] updating countdown to 4999
[06:59:59.390] [SEVERE ] updating countdown to 4999
[06:59:59.390] [SEVERE ] updating countdown to 4999
[06:59:59.390] [SEVERE ] updating countdown to 4999
[06:59:59.390] [SEVERE ] updating countdown to 4999
[06:59:59.390] [SEVERE ] updating countdown to 4999
[06:59:59.390] [SEVERE ] updating countdown to 4999
[06:59:59.390] [SEVERE ] updating countdown to 4999
[07:00:00.404] [SEVERE ] updating countdown to 3985
[07:00:02.389] [SEVERE ] updating countdown to 2000
[07:00:04.467] [SEVERE ] updating countdown to 0
[07:00:04.467] [SEVERE ] updating countdown to 0
[07:00:04.575] [SEVERE ] removing tokens from slot 11
[07:00:04.575] [SEVERE ] removing card from slot 11
[07:00:04.685] [SEVERE ] removing tokens from slot 3
[07:00:04.685] [SEVERE ] removing card from slot 3
[07:00:04.793] [SEVERE ] removing tokens from slot 8
[07:00:04.793] [SEVERE ] removing card from slot 8
[07:00:04.901] [SEVERE ] removing tokens from slot 6
[07:00:04.901] [SEVERE ] removing card from slot 6
[07:00:05.010] [SEVERE ] removing tokens from slot 0
[07:00:05.010] [SEVERE ] removing card from slot 0
[07:00:05.118] [SEVERE ] removing tokens from slot 1
[07:00:05.118] [SEVERE ] removing card from slot 1
[07:00:05.227] [SEVERE ] removing tokens from slot 5
[07:00:05.227] [SEVERE ] removing card from slot 5
[07:00:05.337] [SEVERE ] removing tokens from slot 7
[07:00:05.337] [SEVERE ] removing card from slot 7
[07:00:05.447] [SEVERE ] removing tokens from slot 9
[07:00:05.447] [SEVERE ] removing card from slot 9
[07:00:05.556] [SEVERE ] removing tokens from slot 4
[07:00:05.556] [SEVERE ] removing card from slot 4
[07:00:05.666] [SEVERE ] removing tokens from slot 2
[07:00:05.666] [SEVERE ] removing card from slot 2
[07:00:05.776] [SEVERE ] removing tokens from slot 10
[07:00:05.776] [SEVERE ] removing card from slot 10
[07:00:05.884] [SEVERE ] placing card 52 in slot 10
[07:00:05.994] [SEVERE ] placing card 29 in slot 5
[07:00:06.102] [SEVERE ] placing card 37 in slot 0
[07:00:06.212] [SEVERE ] placing card 73 in slot 4
[07:00:06.321] [SEVERE ] placing card 60 in slot 8
[07:00:06.429] [SEVERE ] placing card 27 in slot 2
[07:00:06.538] [SEVERE ] placing card 55 in slot 6
[07:00:06.648] [SEVERE ] placing card 54 in slot 11
[07:00:06.756] [SEVERE ] placing card 39 in slot 3
[07:00:06.865] [SEVERE ] placing card 38 in slot 9
[07:00:06.974] [SEVERE ] placing card 63 in slot 7
[07:00:07.082] [SEVERE ] placing card 53 in slot 1
[07:00:07.082] [SEVERE ] updating countdown to 4999
[07:00:07.082] [SEVERE ] updating countdown to 4999
[07:00:07.082] [SEVERE ] updating countdown to 4999
[07:00:07.082] [SEVERE ] updating countdown to 4999
[07:00:07.082] [SEVERE ] updating countdown to 4999
[07:00:07.082] [SEVERE ] updating countdown to 4999
[07:00:08.088] [SEVERE ] updating countdown to 3993
[07:00:12.141] [SEVERE ] updating countdown to 0
[07:00:12.141] [SEVERE ] updating countdown to 0
[07:00:12.251] [SEVERE ] removing tokens from slot 3
[07:00:12.251] [SEVERE ] removing card from slot 3
[07:00:12.361] [SEVERE ] removing tokens from slot 10
[07:00:12.361] [SEVERE ] removing card from slot 10
[07:00:12.469] [SEVERE ] removing tokens from slot 2
[07:00:12.469] [SEVERE ] removing card from slot 2
[07:00:12.579] [SEVERE ] removing tokens from slot 8
[07:00:12.579] [SEVERE ] removing card from slot 8
[07:00:12.688] [SEVERE ] removing tokens from slot 0
[07:00:12.688] [SEVERE ] removing card from slot 0
[07:00:12.796] [SEVERE ] removing tokens from slot 1
[07:00:12.796] [SEVERE ] removing card from slot 1
[07:00:12.905] [SEVERE ] removing tokens from slot 7
[07:00:12.905] [SEVERE ] removing card from slot 7
[07:00:13.014] [SEVERE ] removing tokens from slot 4
[07:00:13.014] [SEVERE ] removing card from slot 4
[07:00:13.124] [SEVERE ] removing tokens from slot 11
[07:00:13.124] [SEVERE ] removing card from slot 11
[07:00:13.234] [SEVERE ] removing tokens from slot 9
[07:00:13.234] [SEVERE ] removing card from slot 9
[07:00:13.342] [SEVERE ] removing tokens from slot 6
[07:00:13.342] [SEVERE ] removing card from slot 6
[07:00:13.452] [SEVERE ] removing tokens from slot 5
[07:00:13.452] [SEVERE ] removing card from slot 5
[07:00:13.563] [SEVERE ] placing card 64 in slot 1
[07:00:13.672] [SEVERE ] placing card 1 in slot 4
[07:00:13.782] [SEVERE ] placing card 79 in slot 10
[07:00:13.890] [SEVERE ] placing card 46 in slot 8
[07:00:13.998] [SEVERE ] placing card 28 in slot 6
[07:00:14.107] [SEVERE ] placing card 12 in slot 3
[07:00:14.217] [SEVERE ] placing card 44 in slot 2
[07:00:14.326] [SEVERE ] placing card 26 in slot 7
[07:00:14.434] [SEVERE ] placing card 74 in slot 0
[07:00:14.543] [SEVERE ] placing card 71 in slot 5
[07:00:14.652] [SEVERE ] placing card 80 in slot 9
[07:00:14.762] [SEVERE ] placing card 53 in slot 11
[07:00:14.762] [SEVERE ] updating countdown to 4999
[07:00:15.774] [SEVERE ] updating countdown to 3987
[07:00:16.654] [SEVERE ] exit button pressed
[07:00:16.655] [INFO   ] thread Player: 01 terminated.
[07:00:16.655] [INFO   ] thread Player: 11 terminated.
[07:00:16.880] [SEVERE ] removing tokens from slot 11
[07:00:16.880] [SEVERE ] removing card from slot 11
[07:00:16.990] [SEVERE ] removing tokens from slot 10
[07:00:16.990] [SEVERE ] removing card from slot 10
[07:00:17.101] [SEVERE ] removing tokens from slot 2
[07:00:17.101] [SEVERE ] removing card from slot 2
[07:00:17.210] [SEVERE ] removing tokens from slot 4
[07:00:17.210] [SEVERE ] removing card from slot 4
[07:00:17.318] [SEVERE ] removing tokens from slot 5
[07:00:17.318] [SEVERE ] removing card from slot 5
[07:00:17.427] [SEVERE ] removing tokens from slot 9
[07:00:17.427] [SEVERE ] removing card from slot 9
[07:00:17.537] [SEVERE ] removing tokens from slot 0
[07:00:17.537] [SEVERE ] removing card from slot 0
[07:00:17.647] [SEVERE ] removing tokens from slot 7
[07:00:17.647] [SEVERE ] removing card from slot 7
[07:00:17.754] [SEVERE ] removing tokens from slot 1
[07:00:17.754] [SEVERE ] removing card from slot 1
[07:00:17.864] [SEVERE ] removing tokens from slot 8
[07:00:17.864] [SEVERE ] removing card from slot 8
[07:00:17.973] [SEVERE ] removing tokens from slot 3
[07:00:17.973] [SEVERE ] removing card from slot 3
[07:00:18.080] [SEVERE ] removing tokens from slot 6
[07:00:18.080] [SEVERE ] removing card from slot 6
[07:00:18.080] [SEVERE ] announcing winner(s): player 2, player 1
[07:00:18.082] [INFO   ] thread dealer terminated.
[07:00:18.082] [INFO   ] thread dealer terminated.
[07:00:18.083] [SEVERE ] thanks for playing... it was fun!
[07:00:18.083] [INFO   ] thread main terminated.
