[02:05:40.403] [INFO   ] thread main starting.
[02:05:40.428] [SEVERE ] cannot read configuration file config.properties trying from resources.
[02:05:40.434] [SEVERE ] configuration file was loaded from resources directory.
[02:05:42.864] [INFO   ] thread dealer starting.
[02:05:42.868] [INFO   ] thread dealer starting.
[02:05:43.038] [SEVERE ] placing card 6 in slot 10
[02:05:43.150] [SEVERE ] placing card 8 in slot 0
[02:05:43.259] [SEVERE ] placing card 66 in slot 1
[02:05:43.366] [SEVERE ] placing card 75 in slot 3
[02:05:43.477] [SEVERE ] placing card 45 in slot 8
[02:05:43.587] [SEVERE ] placing card 56 in slot 11
[02:05:43.698] [SEVERE ] placing card 68 in slot 2
[02:05:43.808] [SEVERE ] placing card 80 in slot 4
[02:05:43.917] [SEVERE ] placing card 0 in slot 7
[02:05:44.025] [SEVERE ] placing card 14 in slot 9
[02:05:44.140] [SEVERE ] placing card 10 in slot 6
[02:05:44.260] [SEVERE ] placing card 1 in slot 5
[02:05:44.263] [SEVERE ] updating countdown to 60000
[02:05:44.278] [INFO   ] thread Player: 01 created.
[02:05:44.283] [INFO   ] thread Player: 01 starting.
[02:05:44.284] [INFO   ] thread Player: 11 created.
[02:05:44.288] [INFO   ] thread Player: 11 starting.
[02:05:44.296] [INFO   ] thread computer-1 starting.
[02:05:44.299] [SEVERE ] player 2 placing token on slot 10
[02:05:44.300] [INFO   ] thread computer-0 starting.
[02:05:44.302] [SEVERE ] player 2 placing token on slot 8
[02:05:44.303] [SEVERE ] player 1 placing token on slot 1
[02:05:44.304] [SEVERE ] removing player 2 token from slot 10
[02:05:44.306] [SEVERE ] player 1 placing token on slot 2
[02:05:44.306] [SEVERE ] player 2 placing token on slot 10
[02:05:44.308] [SEVERE ] player 1 placing token on slot 4
[02:05:44.309] [SEVERE ] removing player 2 token from slot 8
[02:05:44.312] [SEVERE ] player 2 placing token on slot 7
[02:05:44.315] [SEVERE ] player 2 placing token on slot 6
[02:05:44.319] [SEVERE ] updating countdown to 59944
[02:05:44.331] [SEVERE ] setting player 1 freeze to 3000
[02:05:44.331] [SEVERE ] updating countdown to 59931
[02:05:44.337] [SEVERE ] setting player 2 freeze to 3000
[02:05:44.443] [SEVERE ] updating countdown to 59819
[02:05:44.553] [SEVERE ] updating countdown to 59709
[02:05:44.664] [SEVERE ] updating countdown to 59598
[02:05:44.776] [SEVERE ] updating countdown to 59486
[02:05:44.886] [SEVERE ] updating countdown to 59376
[02:05:44.995] [SEVERE ] updating countdown to 59267
[02:05:45.104] [SEVERE ] updating countdown to 59158
[02:05:45.212] [SEVERE ] updating countdown to 59050
[02:05:45.322] [SEVERE ] updating countdown to 58940
[02:05:45.338] [SEVERE ] setting player 1 freeze to 2000
[02:05:45.353] [SEVERE ] setting player 2 freeze to 2000
[02:05:45.432] [SEVERE ] updating countdown to 58830
[02:05:45.542] [SEVERE ] updating countdown to 58720
[02:05:45.652] [SEVERE ] updating countdown to 58610
[02:05:45.762] [SEVERE ] updating countdown to 58500
[02:05:45.874] [SEVERE ] updating countdown to 58388
[02:05:45.985] [SEVERE ] updating countdown to 58277
[02:05:46.097] [SEVERE ] updating countdown to 58165
[02:05:46.206] [SEVERE ] updating countdown to 58056
[02:05:46.315] [SEVERE ] updating countdown to 57947
[02:05:46.347] [SEVERE ] setting player 1 freeze to 1000
[02:05:46.362] [SEVERE ] setting player 2 freeze to 1000
[02:05:46.424] [SEVERE ] updating countdown to 57838
[02:05:46.533] [SEVERE ] updating countdown to 57729
[02:05:46.644] [SEVERE ] updating countdown to 57618
[02:05:46.753] [SEVERE ] updating countdown to 57509
[02:05:46.865] [SEVERE ] updating countdown to 57397
[02:05:46.975] [SEVERE ] updating countdown to 57287
[02:05:47.085] [SEVERE ] updating countdown to 57177
[02:05:47.195] [SEVERE ] updating countdown to 57067
[02:05:47.305] [SEVERE ] updating countdown to 56957
[02:05:47.352] [SEVERE ] setting player 1 freeze to 0
[02:05:47.353] [SEVERE ] removing player 1 token from slot 1
[02:05:47.354] [SEVERE ] player 1 placing token on slot 11
[02:05:47.355] [SEVERE ] updating countdown to 56907
[02:05:47.367] [SEVERE ] setting player 2 freeze to 0
[02:05:47.461] [SEVERE ] removing tokens from slot 2
[02:05:47.468] [SEVERE ] removing card from slot 2
[02:05:47.586] [SEVERE ] removing tokens from slot 4
[02:05:47.588] [SEVERE ] removing card from slot 4
[02:05:47.695] [SEVERE ] removing tokens from slot 11
[02:05:47.697] [SEVERE ] removing card from slot 11
[02:05:47.698] [SEVERE ] updating countdown to 60000
[02:05:47.699] [SEVERE ] setting player 1 score to 1
[02:05:47.700] [SEVERE ] setting player 1 freeze to 1000
[02:05:47.806] [SEVERE ] placing card 20 in slot 11
[02:05:47.916] [SEVERE ] placing card 30 in slot 4
[02:05:48.025] [SEVERE ] placing card 33 in slot 2
[02:05:48.028] [SEVERE ] removing player 2 token from slot 7
[02:05:48.030] [SEVERE ] player 2 placing token on slot 2
[02:05:48.031] [SEVERE ] updating countdown to 59667
[02:05:48.033] [SEVERE ] setting player 2 freeze to 3000
[02:05:48.134] [SEVERE ] updating countdown to 59564
[02:05:48.244] [SEVERE ] updating countdown to 59454
[02:05:48.352] [SEVERE ] updating countdown to 59346
[02:05:48.462] [SEVERE ] updating countdown to 59236
[02:05:48.570] [SEVERE ] updating countdown to 59128
[02:05:48.684] [SEVERE ] updating countdown to 59014
[02:05:48.711] [SEVERE ] setting player 1 freeze to 0
[02:05:48.713] [SEVERE ] player 1 placing token on slot 9
[02:05:48.714] [SEVERE ] player 1 placing token on slot 10
[02:05:48.715] [SEVERE ] player 1 placing token on slot 6
[02:05:48.716] [SEVERE ] updating countdown to 58982
[02:05:48.717] [SEVERE ] setting player 1 freeze to 3000
[02:05:48.822] [SEVERE ] updating countdown to 58876
[02:05:48.930] [SEVERE ] updating countdown to 58768
[02:05:49.040] [SEVERE ] setting player 2 freeze to 2000
[02:05:49.040] [SEVERE ] updating countdown to 58658
[02:05:49.153] [SEVERE ] updating countdown to 58549
[02:05:49.260] [SEVERE ] updating countdown to 58438
[02:05:49.371] [SEVERE ] updating countdown to 58327
[02:05:49.482] [SEVERE ] updating countdown to 58216
[02:05:49.593] [SEVERE ] updating countdown to 58105
[02:05:49.703] [SEVERE ] updating countdown to 57995
[02:05:49.734] [SEVERE ] setting player 1 freeze to 2000
[02:05:49.813] [SEVERE ] updating countdown to 57885
[02:05:49.925] [SEVERE ] updating countdown to 57773
[02:05:50.035] [SEVERE ] updating countdown to 57663
[02:05:50.051] [SEVERE ] setting player 2 freeze to 1000
[02:05:50.147] [SEVERE ] updating countdown to 57551
[02:05:50.259] [SEVERE ] updating countdown to 57439
[02:05:50.369] [SEVERE ] updating countdown to 57329
[02:05:50.479] [SEVERE ] updating countdown to 57219
[02:05:50.590] [SEVERE ] updating countdown to 57108
[02:05:50.701] [SEVERE ] updating countdown to 56997
[02:05:50.747] [SEVERE ] setting player 1 freeze to 1000
[02:05:50.810] [SEVERE ] updating countdown to 56888
[02:05:50.921] [SEVERE ] updating countdown to 56777
[02:05:51.031] [SEVERE ] updating countdown to 56667
[02:05:51.062] [SEVERE ] setting player 2 freeze to 0
[02:05:51.067] [SEVERE ] removing player 2 token from slot 6
[02:05:51.068] [SEVERE ] player 2 placing token on slot 6
[02:05:51.070] [SEVERE ] updating countdown to 56628
[02:05:51.071] [SEVERE ] setting player 2 freeze to 3000
[02:05:51.173] [SEVERE ] updating countdown to 56525
[02:05:51.282] [SEVERE ] updating countdown to 56416
[02:05:51.392] [SEVERE ] updating countdown to 56306
[02:05:51.503] [SEVERE ] updating countdown to 56195
[02:05:51.613] [SEVERE ] updating countdown to 56085
[02:05:51.724] [SEVERE ] updating countdown to 55974
[02:05:51.757] [SEVERE ] setting player 1 freeze to 0
[02:05:51.759] [SEVERE ] removing player 1 token from slot 9
[02:05:51.760] [SEVERE ] player 1 placing token on slot 11
[02:05:51.762] [SEVERE ] updating countdown to 55936
[02:05:51.763] [SEVERE ] setting player 1 freeze to 3000
[02:05:51.865] [SEVERE ] updating countdown to 55833
[02:05:51.975] [SEVERE ] updating countdown to 55723
[02:05:52.086] [SEVERE ] setting player 2 freeze to 2000
[02:05:52.086] [SEVERE ] updating countdown to 55612
[02:05:52.198] [SEVERE ] updating countdown to 55500
[02:05:52.308] [SEVERE ] updating countdown to 55390
[02:05:52.418] [SEVERE ] updating countdown to 55280
[02:05:52.529] [SEVERE ] updating countdown to 55169
[02:05:52.638] [SEVERE ] updating countdown to 55060
[02:05:52.747] [SEVERE ] updating countdown to 54951
[02:05:52.778] [SEVERE ] setting player 1 freeze to 2000
[02:05:52.857] [SEVERE ] updating countdown to 54841
[02:05:52.967] [SEVERE ] updating countdown to 54731
[02:05:53.077] [SEVERE ] updating countdown to 54621
[02:05:53.092] [SEVERE ] setting player 2 freeze to 1000
[02:05:53.187] [SEVERE ] updating countdown to 54511
[02:05:53.298] [SEVERE ] updating countdown to 54400
[02:05:53.408] [SEVERE ] updating countdown to 54290
[02:05:53.519] [SEVERE ] updating countdown to 54179
[02:05:53.630] [SEVERE ] updating countdown to 54068
[02:05:53.741] [SEVERE ] updating countdown to 53957
[02:05:53.787] [SEVERE ] setting player 1 freeze to 1000
[02:05:53.850] [SEVERE ] updating countdown to 53848
[02:05:53.961] [SEVERE ] updating countdown to 53737
[02:05:54.072] [SEVERE ] updating countdown to 53626
[02:05:54.103] [SEVERE ] setting player 2 freeze to 0
[02:05:54.104] [SEVERE ] removing player 2 token from slot 6
[02:05:54.105] [SEVERE ] removing player 2 token from slot 2
[02:05:54.106] [SEVERE ] player 2 placing token on slot 3
[02:05:54.107] [SEVERE ] player 2 placing token on slot 7
[02:05:54.107] [SEVERE ] updating countdown to 53591
[02:05:54.109] [SEVERE ] setting player 2 freeze to 3000
[02:05:54.214] [SEVERE ] updating countdown to 53484
[02:05:54.327] [SEVERE ] updating countdown to 53371
[02:05:54.435] [SEVERE ] updating countdown to 53263
[02:05:54.542] [SEVERE ] updating countdown to 53156
[02:05:54.652] [SEVERE ] updating countdown to 53047
[02:05:54.760] [SEVERE ] updating countdown to 52938
[02:05:54.792] [SEVERE ] setting player 1 freeze to 0
[02:05:54.796] [SEVERE ] removing player 1 token from slot 6
[02:05:54.797] [SEVERE ] removing player 1 token from slot 10
[02:05:54.798] [SEVERE ] player 1 placing token on slot 0
[02:05:54.799] [SEVERE ] player 1 placing token on slot 10
[02:05:54.800] [SEVERE ] updating countdown to 52898
[02:05:54.801] [SEVERE ] setting player 1 freeze to 3000
[02:05:54.903] [SEVERE ] updating countdown to 52795
[02:05:55.014] [SEVERE ] updating countdown to 52684
[02:05:55.125] [SEVERE ] updating countdown to 52573
[02:05:55.125] [SEVERE ] setting player 2 freeze to 2000
[02:05:55.234] [SEVERE ] updating countdown to 52464
[02:05:55.345] [SEVERE ] updating countdown to 52353
[02:05:55.454] [SEVERE ] updating countdown to 52244
[02:05:55.565] [SEVERE ] updating countdown to 52133
[02:05:55.676] [SEVERE ] updating countdown to 52022
[02:05:55.785] [SEVERE ] updating countdown to 51913
[02:05:55.819] [SEVERE ] setting player 1 freeze to 2000
[02:05:55.895] [SEVERE ] updating countdown to 51803
[02:05:56.013] [SEVERE ] updating countdown to 51685
[02:05:56.116] [SEVERE ] updating countdown to 51582
[02:05:56.132] [SEVERE ] setting player 2 freeze to 1000
[02:05:56.226] [SEVERE ] updating countdown to 51472
[02:05:56.353] [SEVERE ] updating countdown to 51346
[02:05:56.476] [SEVERE ] updating countdown to 51222
[02:05:56.603] [SEVERE ] updating countdown to 51095
[02:05:56.712] [SEVERE ] updating countdown to 50986
[02:05:56.826] [SEVERE ] updating countdown to 50872
[02:05:56.841] [SEVERE ] setting player 1 freeze to 1000
[02:05:56.934] [SEVERE ] updating countdown to 50764
[02:05:57.043] [SEVERE ] updating countdown to 50656
[02:05:57.137] [SEVERE ] setting player 2 freeze to 0
[02:05:57.140] [SEVERE ] removing player 2 token from slot 10
[02:05:57.142] [SEVERE ] player 2 placing token on slot 10
[02:05:57.143] [SEVERE ] updating countdown to 50555
[02:05:57.145] [SEVERE ] setting player 2 freeze to 3000
[02:05:57.245] [SEVERE ] updating countdown to 50453
[02:05:57.355] [SEVERE ] updating countdown to 50343
[02:05:57.466] [SEVERE ] updating countdown to 50232
[02:05:57.578] [SEVERE ] updating countdown to 50120
[02:05:57.688] [SEVERE ] updating countdown to 50010
[02:05:57.798] [SEVERE ] updating countdown to 49900
[02:05:57.845] [SEVERE ] setting player 1 freeze to 0
[02:05:57.847] [SEVERE ] removing player 1 token from slot 0
[02:05:57.848] [SEVERE ] player 1 placing token on slot 1
[02:05:57.848] [SEVERE ] updating countdown to 49850
[02:05:57.849] [SEVERE ] setting player 1 freeze to 3000
[02:05:57.955] [SEVERE ] updating countdown to 49743
[02:05:58.065] [SEVERE ] updating countdown to 49633
[02:05:58.159] [SEVERE ] setting player 2 freeze to 2000
[02:05:58.174] [SEVERE ] updating countdown to 49524
[02:05:58.285] [SEVERE ] updating countdown to 49413
[02:05:58.395] [SEVERE ] updating countdown to 49303
[02:05:58.502] [SEVERE ] updating countdown to 49196
[02:05:58.611] [SEVERE ] updating countdown to 49087
[02:05:58.721] [SEVERE ] updating countdown to 48977
[02:05:58.831] [SEVERE ] updating countdown to 48867
[02:05:58.862] [SEVERE ] setting player 1 freeze to 2000
[02:05:58.940] [SEVERE ] updating countdown to 48758
[02:05:59.048] [SEVERE ] updating countdown to 48650
[02:05:59.157] [SEVERE ] updating countdown to 48541
[02:05:59.172] [SEVERE ] setting player 2 freeze to 1000
[02:05:59.265] [SEVERE ] updating countdown to 48433
[02:05:59.374] [SEVERE ] updating countdown to 48324
[02:05:59.485] [SEVERE ] updating countdown to 48213
[02:05:59.595] [SEVERE ] updating countdown to 48103
[02:05:59.703] [SEVERE ] updating countdown to 47995
[02:05:59.811] [SEVERE ] updating countdown to 47887
[02:05:59.874] [SEVERE ] setting player 1 freeze to 1000
[02:05:59.920] [SEVERE ] updating countdown to 47778
[02:06:00.030] [SEVERE ] updating countdown to 47668
[02:06:00.088] [SEVERE ] exit button pressed
[02:06:00.089] [INFO   ] thread Player: 01 terminated.
[02:06:00.090] [INFO   ] thread Player: 11 terminated.
[02:06:00.141] [SEVERE ] updating countdown to 47557
[02:06:00.141] [SEVERE ] updating countdown to 47557
[02:06:00.252] [SEVERE ] removing tokens from slot 8
[02:06:00.252] [SEVERE ] removing card from slot 8
[02:06:00.363] [SEVERE ] removing tokens from slot 4
[02:06:00.363] [SEVERE ] removing card from slot 4
[02:06:00.473] [SEVERE ] removing tokens from slot 7
[02:06:00.473] [SEVERE ] removing card from slot 7
[02:06:00.585] [SEVERE ] removing tokens from slot 9
[02:06:00.585] [SEVERE ] removing card from slot 9
[02:06:00.695] [SEVERE ] removing tokens from slot 5
[02:06:00.695] [SEVERE ] removing card from slot 5
[02:06:00.805] [SEVERE ] removing tokens from slot 2
[02:06:00.805] [SEVERE ] removing card from slot 2
[02:06:00.914] [SEVERE ] removing tokens from slot 3
[02:06:00.914] [SEVERE ] removing card from slot 3
[02:06:01.022] [SEVERE ] removing tokens from slot 1
[02:06:01.022] [SEVERE ] removing card from slot 1
[02:06:01.131] [SEVERE ] removing tokens from slot 10
[02:06:01.131] [SEVERE ] removing card from slot 10
[02:06:01.238] [SEVERE ] removing tokens from slot 11
[02:06:01.238] [SEVERE ] removing card from slot 11
[02:06:01.347] [SEVERE ] removing tokens from slot 6
[02:06:01.347] [SEVERE ] removing card from slot 6
[02:06:01.455] [SEVERE ] removing tokens from slot 0
[02:06:01.455] [SEVERE ] removing card from slot 0
[02:06:01.456] [SEVERE ] announcing winner(s): player 1
[02:06:01.459] [INFO   ] thread dealer terminated.
[02:06:06.461] [INFO   ] thread dealer terminated.
[02:06:06.461] [SEVERE ] thanks for playing... it was fun!
[02:06:06.463] [INFO   ] thread main terminated.
