[05:50:41.716] [INFO   ] thread main starting.
[05:50:41.749] [SEVERE ] cannot read configuration file config.properties trying from resources.
[05:50:41.755] [SEVERE ] configuration file was loaded from resources directory.
[05:50:43.560] [INFO   ] thread dealer starting.
[05:50:43.563] [INFO   ] thread dealer starting.
[05:50:43.708] [SEVERE ] placing card 5 in slot 7
[05:50:43.835] [SEVERE ] placing card 47 in slot 9
[05:50:43.944] [SEVERE ] placing card 59 in slot 5
[05:50:44.053] [SEVERE ] placing card 35 in slot 6
[05:50:44.163] [SEVERE ] placing card 68 in slot 3
[05:50:44.274] [SEVERE ] placing card 43 in slot 8
[05:50:44.384] [SEVERE ] placing card 11 in slot 11
[05:50:44.496] [SEVERE ] placing card 71 in slot 4
[05:50:44.605] [SEVERE ] placing card 53 in slot 1
[05:50:44.714] [SEVERE ] placing card 65 in slot 2
[05:50:44.823] [SEVERE ] placing card 73 in slot 0
[05:50:44.932] [SEVERE ] placing card 49 in slot 10
[05:50:44.965] [SEVERE ] updating countdown to 10000
[05:50:44.969] [INFO   ] thread Player: 01 created.
[05:50:44.970] [INFO   ] thread Player: 01 starting.
[05:50:44.970] [INFO   ] thread Player: 11 created.
[05:50:44.971] [INFO   ] thread Player: 11 starting.
[05:50:44.972] [INFO   ] thread Player: 21 created.
[05:50:44.974] [INFO   ] thread Player: 21 starting.
[05:50:44.974] [INFO   ] thread computer-1 starting.
[05:50:44.974] [INFO   ] thread Player: 31 created.
[05:50:44.974] [INFO   ] thread computer-0 starting.
[05:50:44.977] [INFO   ] thread Player: 41 created.
[05:50:44.976] [SEVERE ] player 2 placing token on slot 9
[05:50:44.976] [INFO   ] thread computer-2 starting.
[05:50:44.975] [INFO   ] thread Player: 31 starting.
[05:50:44.981] [INFO   ] thread Player: 41 starting.
[05:50:44.981] [SEVERE ] player 3 placing token on slot 5
[05:50:44.980] [SEVERE ] player 2 placing token on slot 7
[05:50:44.978] [SEVERE ] player 1 placing token on slot 11
[05:50:44.986] [SEVERE ] player 1 placing token on slot 7
[05:50:44.988] [SEVERE ] player 1 placing token on slot 3
[05:50:44.985] [SEVERE ] player 2 placing token on slot 4
[05:50:44.984] [INFO   ] thread computer-3 starting.
[05:50:44.984] [INFO   ] thread computer-4 starting.
[05:50:44.984] [SEVERE ] player 3 placing token on slot 4
[05:50:44.991] [SEVERE ] player 5 placing token on slot 4
[05:50:44.991] [SEVERE ] player 4 placing token on slot 9
[05:50:44.992] [SEVERE ] player 5 placing token on slot 7
[05:50:44.992] [SEVERE ] player 3 placing token on slot 9
[05:50:44.994] [SEVERE ] player 5 placing token on slot 6
[05:50:44.994] [SEVERE ] updating countdown to 9971
[05:50:44.993] [SEVERE ] player 4 placing token on slot 8
[05:50:44.998] [SEVERE ] player 4 placing token on slot 2
[05:50:45.001] [SEVERE ] updating countdown to 9964
[05:50:45.001] [SEVERE ] setting player 1 freeze to 1000
[05:50:45.107] [SEVERE ] removing tokens from slot 4
[05:50:45.109] [SEVERE ] removing card from slot 4
[05:50:45.218] [SEVERE ] removing tokens from slot 7
[05:50:45.219] [SEVERE ] removing card from slot 7
[05:50:45.328] [SEVERE ] removing tokens from slot 9
[05:50:45.331] [SEVERE ] removing card from slot 9
[05:50:45.331] [SEVERE ] updating countdown to 10000
[05:50:45.332] [SEVERE ] setting player 2 score to 1
[05:50:45.333] [SEVERE ] setting player 2 freeze to 1000
[05:50:45.437] [SEVERE ] placing card 0 in slot 4
[05:50:45.545] [SEVERE ] placing card 15 in slot 7
[05:50:45.656] [SEVERE ] placing card 22 in slot 9
[05:50:45.665] [SEVERE ] updating countdown to 9666
[05:50:45.667] [SEVERE ] updating countdown to 9664
[05:50:45.667] [SEVERE ] removing player 3 token from slot 5
[05:50:45.668] [SEVERE ] updating countdown to 9663
[05:50:45.668] [SEVERE ] player 3 placing token on slot 10
[05:50:45.668] [SEVERE ] player 5 placing token on slot 4
[05:50:45.670] [SEVERE ] player 5 placing token on slot 7
[05:50:45.670] [SEVERE ] player 3 placing token on slot 1
[05:50:45.670] [SEVERE ] player 4 placing token on slot 9
[05:50:45.671] [SEVERE ] player 3 placing token on slot 9
[05:50:45.671] [SEVERE ] updating countdown to 9660
[05:50:45.673] [SEVERE ] updating countdown to 9658
[05:50:45.673] [SEVERE ] setting player 5 freeze to 1000
[05:50:45.674] [SEVERE ] setting player 4 freeze to 1000
[05:50:45.674] [SEVERE ] updating countdown to 9657
[05:50:45.675] [SEVERE ] setting player 3 freeze to 1000
[05:50:46.014] [SEVERE ] setting player 1 freeze to 0
[05:50:46.015] [SEVERE ] player 1 placing token on slot 9
[05:50:46.015] [SEVERE ] updating countdown to 9316
[05:50:46.016] [SEVERE ] setting player 1 freeze to 1000
[05:50:46.342] [SEVERE ] setting player 2 freeze to 0
[05:50:46.342] [SEVERE ] updating countdown to 8989
[05:50:46.343] [SEVERE ] player 2 placing token on slot 9
[05:50:46.344] [SEVERE ] player 2 placing token on slot 2
[05:50:46.344] [SEVERE ] removing player 2 token from slot 2
[05:50:46.344] [SEVERE ] player 2 placing token on slot 6
[05:50:46.345] [SEVERE ] player 2 placing token on slot 4
[05:50:46.345] [SEVERE ] updating countdown to 8986
[05:50:46.346] [SEVERE ] setting player 2 freeze to 1000
[05:50:46.686] [SEVERE ] setting player 5 freeze to 0
[05:50:46.686] [SEVERE ] setting player 3 freeze to 0
[05:50:46.687] [SEVERE ] removing player 5 token from slot 7
[05:50:46.686] [SEVERE ] setting player 4 freeze to 0
[05:50:46.687] [SEVERE ] player 5 placing token on slot 8
[05:50:46.687] [SEVERE ] removing player 3 token from slot 10
[05:50:46.688] [SEVERE ] updating countdown to 8643
[05:50:46.688] [SEVERE ] removing player 4 token from slot 2
[05:50:46.689] [SEVERE ] setting player 5 freeze to 1000
[05:50:46.689] [SEVERE ] player 3 placing token on slot 3
[05:50:46.690] [SEVERE ] updating countdown to 8641
[05:50:46.690] [SEVERE ] removing player 4 token from slot 9
[05:50:46.692] [SEVERE ] setting player 3 freeze to 1000
[05:50:46.692] [SEVERE ] player 4 placing token on slot 10
[05:50:46.693] [SEVERE ] player 4 placing token on slot 3
[05:50:46.693] [SEVERE ] updating countdown to 8638
[05:50:46.694] [SEVERE ] setting player 4 freeze to 1000
[05:50:47.020] [SEVERE ] setting player 1 freeze to 0
[05:50:47.021] [SEVERE ] removing player 1 token from slot 9
[05:50:47.021] [SEVERE ] player 1 placing token on slot 4
[05:50:47.021] [SEVERE ] updating countdown to 8310
[05:50:47.022] [SEVERE ] setting player 1 freeze to 1000
[05:50:47.331] [SEVERE ] updating countdown to 8000
[05:50:47.347] [SEVERE ] setting player 2 freeze to 0
[05:50:47.348] [SEVERE ] removing player 2 token from slot 9
[05:50:47.348] [SEVERE ] player 2 placing token on slot 10
[05:50:47.349] [SEVERE ] updating countdown to 7982
[05:50:47.350] [SEVERE ] setting player 2 freeze to 1000
[05:50:47.705] [SEVERE ] setting player 3 freeze to 0
[05:50:47.705] [SEVERE ] setting player 5 freeze to 0
[05:50:47.705] [SEVERE ] setting player 4 freeze to 0
[05:50:47.705] [SEVERE ] removing player 3 token from slot 3
[05:50:47.706] [SEVERE ] removing player 5 token from slot 8
[05:50:47.706] [SEVERE ] removing player 3 token from slot 9
[05:50:47.706] [SEVERE ] removing player 4 token from slot 3
[05:50:47.707] [SEVERE ] player 3 placing token on slot 2
[05:50:47.707] [SEVERE ] removing player 5 token from slot 6
[05:50:47.708] [SEVERE ] player 3 placing token on slot 3
[05:50:47.707] [SEVERE ] player 4 placing token on slot 5
[05:50:47.708] [SEVERE ] updating countdown to 7623
[05:50:47.708] [SEVERE ] player 5 placing token on slot 7
[05:50:47.709] [SEVERE ] setting player 3 freeze to 1000
[05:50:47.709] [SEVERE ] player 5 placing token on slot 11
[05:50:47.710] [SEVERE ] updating countdown to 7621
[05:50:47.710] [SEVERE ] updating countdown to 7621
[05:50:47.710] [SEVERE ] setting player 4 freeze to 1000
[05:50:47.710] [SEVERE ] setting player 5 freeze to 1000
[05:50:48.034] [SEVERE ] setting player 1 freeze to 0
[05:50:48.035] [SEVERE ] removing player 1 token from slot 11
[05:50:48.036] [SEVERE ] player 1 placing token on slot 8
[05:50:48.036] [SEVERE ] updating countdown to 7295
[05:50:48.037] [SEVERE ] setting player 1 freeze to 1000
[05:50:48.346] [SEVERE ] updating countdown to 6985
[05:50:48.362] [SEVERE ] setting player 2 freeze to 0
[05:50:48.363] [SEVERE ] removing player 2 token from slot 10
[05:50:48.363] [SEVERE ] player 2 placing token on slot 5
[05:50:48.363] [SEVERE ] updating countdown to 6968
[05:50:48.364] [SEVERE ] setting player 2 freeze to 1000
[05:50:48.721] [SEVERE ] setting player 4 freeze to 0
[05:50:48.721] [SEVERE ] setting player 5 freeze to 0
[05:50:48.721] [SEVERE ] setting player 3 freeze to 0
[05:50:48.722] [SEVERE ] removing player 4 token from slot 10
[05:50:48.722] [SEVERE ] removing player 5 token from slot 11
[05:50:48.723] [SEVERE ] removing player 3 token from slot 1
[05:50:48.722] [SEVERE ] player 4 placing token on slot 0
[05:50:48.723] [SEVERE ] player 3 placing token on slot 1
[05:50:48.723] [SEVERE ] player 5 placing token on slot 10
[05:50:48.724] [SEVERE ] updating countdown to 6607
[05:50:48.725] [SEVERE ] updating countdown to 6606
[05:50:48.725] [SEVERE ] setting player 4 freeze to 1000
[05:50:48.726] [SEVERE ] setting player 3 freeze to 1000
[05:50:48.726] [SEVERE ] updating countdown to 6605
[05:50:48.726] [SEVERE ] setting player 5 freeze to 1000
[05:50:49.048] [SEVERE ] setting player 1 freeze to 0
[05:50:49.050] [SEVERE ] removing player 1 token from slot 3
[05:50:49.050] [SEVERE ] removing player 1 token from slot 4
[05:50:49.050] [SEVERE ] player 1 placing token on slot 6
[05:50:49.050] [SEVERE ] player 1 placing token on slot 1
[05:50:49.050] [SEVERE ] updating countdown to 6281
[05:50:49.052] [SEVERE ] setting player 1 freeze to 1000
[05:50:49.343] [SEVERE ] updating countdown to 5988
[05:50:49.374] [SEVERE ] setting player 2 freeze to 0
[05:50:49.375] [SEVERE ] removing player 2 token from slot 5
[05:50:49.375] [SEVERE ] player 2 placing token on slot 7
[05:50:49.376] [SEVERE ] updating countdown to 5955
[05:50:49.376] [SEVERE ] setting player 2 freeze to 1000
[05:50:49.728] [SEVERE ] setting player 4 freeze to 0
[05:50:49.728] [SEVERE ] setting player 5 freeze to 0
[05:50:49.728] [SEVERE ] setting player 3 freeze to 0
[05:50:49.729] [SEVERE ] removing player 4 token from slot 0
[05:50:49.729] [SEVERE ] removing player 3 token from slot 1
[05:50:49.729] [SEVERE ] removing player 5 token from slot 10
[05:50:49.730] [SEVERE ] player 3 placing token on slot 11
[05:50:49.729] [SEVERE ] player 4 placing token on slot 3
[05:50:49.731] [SEVERE ] updating countdown to 5600
[05:50:49.730] [SEVERE ] player 5 placing token on slot 1
[05:50:49.731] [SEVERE ] setting player 3 freeze to 1000
[05:50:49.732] [SEVERE ] updating countdown to 5599
[05:50:49.732] [SEVERE ] updating countdown to 5599
[05:50:49.732] [SEVERE ] setting player 4 freeze to 1000
[05:50:49.733] [SEVERE ] setting player 5 freeze to 1000
[05:50:50.056] [SEVERE ] setting player 1 freeze to 0
[05:50:50.058] [SEVERE ] removing player 1 token from slot 6
[05:50:50.059] [SEVERE ] player 1 placing token on slot 4
[05:50:50.059] [SEVERE ] updating countdown to 5272
[05:50:50.060] [SEVERE ] setting player 1 freeze to 1000
[05:50:50.384] [SEVERE ] setting player 2 freeze to 0
[05:50:50.385] [SEVERE ] removing player 2 token from slot 4
[05:50:50.385] [SEVERE ] player 2 placing token on slot 4
[05:50:50.385] [SEVERE ] setting player 2 freeze to 1000
[05:50:50.745] [SEVERE ] setting player 4 freeze to 0
[05:50:50.745] [SEVERE ] setting player 5 freeze to 0
[05:50:50.745] [SEVERE ] setting player 3 freeze to 0
[05:50:50.746] [SEVERE ] removing player 5 token from slot 1
[05:50:50.746] [SEVERE ] removing player 4 token from slot 8
[05:50:50.746] [SEVERE ] removing player 5 token from slot 4
[05:50:50.746] [SEVERE ] removing player 3 token from slot 2
[05:50:50.747] [SEVERE ] player 5 placing token on slot 8
[05:50:50.747] [SEVERE ] player 4 placing token on slot 9
[05:50:50.748] [SEVERE ] removing player 5 token from slot 7
[05:50:50.747] [SEVERE ] player 3 placing token on slot 8
[05:50:50.749] [SEVERE ] setting player 4 freeze to 1000
[05:50:50.749] [SEVERE ] player 5 placing token on slot 5
[05:50:50.750] [SEVERE ] player 5 placing token on slot 1
[05:50:50.751] [SEVERE ] setting player 3 freeze to 1000
[05:50:50.751] [SEVERE ] setting player 5 freeze to 1000
[05:50:51.074] [SEVERE ] setting player 1 freeze to 0
[05:50:51.075] [SEVERE ] removing player 1 token from slot 1
[05:50:51.075] [SEVERE ] removing player 1 token from slot 8
[05:50:51.075] [SEVERE ] player 1 placing token on slot 8
[05:50:51.076] [SEVERE ] player 1 placing token on slot 10
[05:50:51.076] [SEVERE ] setting player 1 freeze to 1000
[05:50:51.387] [SEVERE ] setting player 2 freeze to 0
[05:50:51.388] [SEVERE ] removing player 2 token from slot 7
[05:50:51.389] [SEVERE ] player 2 placing token on slot 8
[05:50:51.389] [SEVERE ] setting player 2 freeze to 1000
[05:50:51.765] [SEVERE ] setting player 5 freeze to 0
[05:50:51.765] [SEVERE ] setting player 4 freeze to 0
[05:50:51.765] [SEVERE ] setting player 3 freeze to 0
[05:50:51.765] [SEVERE ] removing player 4 token from slot 5
[05:50:51.765] [SEVERE ] removing player 5 token from slot 1
[05:50:51.765] [SEVERE ] player 4 placing token on slot 6
[05:50:51.765] [SEVERE ] removing player 3 token from slot 3
[05:50:51.765] [SEVERE ] player 5 placing token on slot 10
[05:50:51.766] [SEVERE ] player 3 placing token on slot 0
[05:50:51.766] [SEVERE ] setting player 4 freeze to 1000
[05:50:51.766] [SEVERE ] setting player 5 freeze to 1000
[05:50:51.766] [SEVERE ] setting player 3 freeze to 1000
[05:50:52.092] [SEVERE ] setting player 1 freeze to 0
[05:50:52.093] [SEVERE ] removing player 1 token from slot 8
[05:50:52.094] [SEVERE ] player 1 placing token on slot 6
[05:50:52.094] [SEVERE ] setting player 1 freeze to 1000
[05:50:52.403] [SEVERE ] setting player 2 freeze to 0
[05:50:52.404] [SEVERE ] removing player 2 token from slot 4
[05:50:52.405] [SEVERE ] player 2 placing token on slot 5
[05:50:52.405] [SEVERE ] setting player 2 freeze to 1000
[05:50:52.775] [SEVERE ] setting player 4 freeze to 0
[05:50:52.775] [SEVERE ] setting player 3 freeze to 0
[05:50:52.775] [SEVERE ] setting player 5 freeze to 0
[05:50:52.775] [SEVERE ] removing player 3 token from slot 8
[05:50:52.775] [SEVERE ] removing player 4 token from slot 9
[05:50:52.776] [SEVERE ] removing player 4 token from slot 3
[05:50:52.776] [SEVERE ] player 4 placing token on slot 5
[05:50:52.776] [SEVERE ] player 3 placing token on slot 10
[05:50:52.776] [SEVERE ] removing player 5 token from slot 8
[05:50:52.776] [SEVERE ] player 4 placing token on slot 7
[05:50:52.776] [SEVERE ] setting player 3 freeze to 1000
[05:50:52.776] [SEVERE ] player 5 placing token on slot 9
[05:50:52.777] [SEVERE ] setting player 4 freeze to 1000
[05:50:52.777] [SEVERE ] setting player 5 freeze to 1000
[05:50:53.104] [SEVERE ] setting player 1 freeze to 0
[05:50:53.104] [SEVERE ] removing player 1 token from slot 6
[05:50:53.105] [SEVERE ] player 1 placing token on slot 6
[05:50:53.105] [SEVERE ] setting player 1 freeze to 1000
[05:50:53.415] [SEVERE ] setting player 2 freeze to 0
[05:50:53.416] [SEVERE ] removing player 2 token from slot 5
[05:50:53.416] [SEVERE ] removing player 2 token from slot 8
[05:50:53.416] [SEVERE ] player 2 placing token on slot 1
[05:50:53.416] [SEVERE ] player 2 placing token on slot 3
[05:50:53.417] [SEVERE ] setting player 2 freeze to 1000
[05:50:53.791] [SEVERE ] setting player 4 freeze to 0
[05:50:53.791] [SEVERE ] setting player 5 freeze to 0
[05:50:53.791] [SEVERE ] setting player 3 freeze to 0
[05:50:53.792] [SEVERE ] removing player 4 token from slot 6
[05:50:53.792] [SEVERE ] removing player 5 token from slot 5
[05:50:53.792] [SEVERE ] player 4 placing token on slot 2
[05:50:53.792] [SEVERE ] removing player 3 token from slot 10
[05:50:53.793] [SEVERE ] player 5 placing token on slot 7
[05:50:53.793] [SEVERE ] player 3 placing token on slot 3
[05:50:53.793] [SEVERE ] setting player 4 freeze to 1000
[05:50:53.794] [SEVERE ] setting player 5 freeze to 1000
[05:50:53.794] [SEVERE ] setting player 3 freeze to 1000
[05:50:54.118] [SEVERE ] setting player 1 freeze to 0
[05:50:54.118] [SEVERE ] removing player 1 token from slot 10
[05:50:54.119] [SEVERE ] player 1 placing token on slot 11
[05:50:54.120] [SEVERE ] setting player 1 freeze to 1000
[05:50:54.428] [SEVERE ] setting player 2 freeze to 0
[05:50:54.429] [SEVERE ] removing player 2 token from slot 3
[05:50:54.429] [SEVERE ] player 2 placing token on slot 9
[05:50:54.430] [SEVERE ] setting player 2 freeze to 1000
[05:50:54.804] [SEVERE ] setting player 5 freeze to 0
[05:50:54.804] [SEVERE ] setting player 3 freeze to 0
[05:50:54.804] [SEVERE ] setting player 4 freeze to 0
[05:50:54.804] [SEVERE ] removing player 5 token from slot 7
[05:50:54.805] [SEVERE ] removing player 4 token from slot 7
[05:50:54.805] [SEVERE ] player 4 placing token on slot 8
[05:50:54.805] [SEVERE ] removing player 3 token from slot 0
[05:50:54.805] [SEVERE ] player 5 placing token on slot 1
[05:50:54.806] [SEVERE ] setting player 4 freeze to 1000
[05:50:54.806] [SEVERE ] player 3 placing token on slot 4
[05:50:54.807] [SEVERE ] setting player 3 freeze to 1000
[05:50:54.807] [SEVERE ] setting player 5 freeze to 1000
[05:50:55.130] [SEVERE ] setting player 1 freeze to 0
[05:50:55.130] [SEVERE ] removing player 1 token from slot 6
[05:50:55.130] [SEVERE ] player 1 placing token on slot 1
[05:50:55.132] [SEVERE ] setting player 1 freeze to 1000
[05:50:55.349] [SEVERE ] updating countdown to 0
[05:50:55.349] [SEVERE ] updating countdown to 0
[05:50:55.442] [SEVERE ] setting player 2 freeze to 0
[05:50:55.457] [SEVERE ] removing tokens from slot 4
[05:50:55.457] [SEVERE ] removing card from slot 4
[05:50:55.565] [SEVERE ] removing tokens from slot 6
[05:50:55.565] [SEVERE ] removing card from slot 6
[05:50:55.673] [SEVERE ] removing tokens from slot 1
[05:50:55.673] [SEVERE ] removing card from slot 1
[05:50:55.783] [SEVERE ] removing tokens from slot 8
[05:50:55.783] [SEVERE ] removing card from slot 8
[05:50:55.814] [SEVERE ] setting player 3 freeze to 0
[05:50:55.814] [SEVERE ] setting player 4 freeze to 0
[05:50:55.814] [SEVERE ] setting player 5 freeze to 0
[05:50:55.893] [SEVERE ] removing tokens from slot 9
[05:50:55.893] [SEVERE ] removing card from slot 9
[05:50:56.000] [SEVERE ] removing tokens from slot 0
[05:50:56.000] [SEVERE ] removing card from slot 0
[05:50:56.109] [SEVERE ] removing tokens from slot 7
[05:50:56.109] [SEVERE ] removing card from slot 7
[05:50:56.140] [SEVERE ] setting player 1 freeze to 0
[05:50:56.219] [SEVERE ] removing tokens from slot 2
[05:50:56.219] [SEVERE ] removing card from slot 2
[05:50:56.327] [SEVERE ] removing tokens from slot 10
[05:50:56.327] [SEVERE ] removing card from slot 10
[05:50:56.437] [SEVERE ] removing tokens from slot 5
[05:50:56.437] [SEVERE ] removing card from slot 5
[05:50:56.548] [SEVERE ] removing tokens from slot 11
[05:50:56.548] [SEVERE ] removing card from slot 11
[05:50:56.656] [SEVERE ] removing tokens from slot 3
[05:50:56.656] [SEVERE ] removing card from slot 3
[05:50:56.766] [SEVERE ] placing card 4 in slot 6
[05:50:56.876] [SEVERE ] placing card 77 in slot 1
[05:50:56.985] [SEVERE ] placing card 44 in slot 9
[05:50:57.095] [SEVERE ] placing card 75 in slot 10
[05:50:57.204] [SEVERE ] placing card 36 in slot 7
[05:50:57.312] [SEVERE ] placing card 14 in slot 3
[05:50:57.423] [SEVERE ] placing card 61 in slot 4
[05:50:57.530] [SEVERE ] placing card 35 in slot 11
[05:50:57.640] [SEVERE ] placing card 39 in slot 5
[05:50:57.749] [SEVERE ] placing card 23 in slot 0
[05:50:57.858] [SEVERE ] placing card 8 in slot 8
[05:50:57.967] [SEVERE ] placing card 7 in slot 2
[05:50:57.967] [SEVERE ] player 4 placing token on slot 8
[05:50:57.967] [SEVERE ] player 3 placing token on slot 11
[05:50:57.967] [SEVERE ] player 2 placing token on slot 0
[05:50:57.967] [SEVERE ] player 5 placing token on slot 4
[05:50:57.967] [SEVERE ] player 1 placing token on slot 7
[05:50:57.969] [SEVERE ] player 5 placing token on slot 8
[05:50:57.968] [SEVERE ] player 2 placing token on slot 2
[05:50:57.968] [SEVERE ] player 3 placing token on slot 2
[05:50:57.968] [SEVERE ] player 4 placing token on slot 7
[05:50:57.970] [SEVERE ] player 3 placing token on slot 0
[05:50:57.969] [SEVERE ] player 2 placing token on slot 7
[05:50:57.969] [SEVERE ] player 5 placing token on slot 2
[05:50:57.969] [SEVERE ] player 1 placing token on slot 2
[05:50:57.970] [SEVERE ] removing player 4 token from slot 7
[05:50:57.971] [SEVERE ] removing player 1 token from slot 2
[05:50:57.971] [SEVERE ] player 4 placing token on slot 7
[05:50:57.971] [SEVERE ] player 1 placing token on slot 9
[05:50:57.971] [SEVERE ] player 4 placing token on slot 6
[05:50:57.971] [SEVERE ] player 1 placing token on slot 6
[05:50:57.972] [SEVERE ] updating countdown to 10000
[05:50:57.972] [SEVERE ] updating countdown to 10000
[05:50:57.972] [SEVERE ] updating countdown to 10000
[05:50:57.972] [SEVERE ] updating countdown to 10000
[05:50:57.972] [SEVERE ] setting player 3 freeze to 1000
[05:50:57.972] [SEVERE ] updating countdown to 10000
[05:50:57.972] [SEVERE ] setting player 5 freeze to 1000
[05:50:57.972] [SEVERE ] setting player 2 freeze to 1000
[05:50:57.973] [SEVERE ] setting player 4 freeze to 1000
[05:50:57.973] [SEVERE ] updating countdown to 9999
[05:50:57.973] [SEVERE ] setting player 1 freeze to 1000
[05:50:58.977] [SEVERE ] setting player 4 freeze to 0
[05:50:58.977] [SEVERE ] setting player 2 freeze to 0
[05:50:58.977] [SEVERE ] setting player 5 freeze to 0
[05:50:58.977] [SEVERE ] updating countdown to 8995
[05:50:58.977] [SEVERE ] setting player 3 freeze to 0
[05:50:58.977] [SEVERE ] setting player 1 freeze to 0
[05:50:58.978] [SEVERE ] removing player 5 token from slot 4
[05:50:58.977] [SEVERE ] removing player 2 token from slot 7
[05:50:58.977] [SEVERE ] removing player 4 token from slot 6
[05:50:58.979] [SEVERE ] player 4 placing token on slot 10
[05:50:58.979] [SEVERE ] player 5 placing token on slot 1
[05:50:58.979] [SEVERE ] player 2 placing token on slot 5
[05:50:58.979] [SEVERE ] removing player 3 token from slot 0
[05:50:58.979] [SEVERE ] updating countdown to 8993
[05:50:58.979] [SEVERE ] removing player 1 token from slot 7
[05:50:58.980] [SEVERE ] setting player 4 freeze to 1000
[05:50:58.980] [SEVERE ] removing player 3 token from slot 2
[05:50:58.981] [SEVERE ] updating countdown to 8991
[05:50:58.981] [SEVERE ] player 3 placing token on slot 0
[05:50:58.981] [SEVERE ] player 1 placing token on slot 7
[05:50:58.981] [SEVERE ] setting player 5 freeze to 1000
[05:50:58.981] [SEVERE ] player 3 placing token on slot 2
[05:50:58.981] [SEVERE ] updating countdown to 8991
[05:50:58.981] [SEVERE ] setting player 2 freeze to 1000
[05:50:58.981] [SEVERE ] updating countdown to 8991
[05:50:58.981] [SEVERE ] updating countdown to 8991
[05:50:58.981] [SEVERE ] setting player 1 freeze to 1000
[05:50:58.982] [SEVERE ] setting player 3 freeze to 1000
[05:50:59.974] [SEVERE ] updating countdown to 7998
[05:50:59.990] [SEVERE ] setting player 5 freeze to 0
[05:50:59.990] [SEVERE ] setting player 4 freeze to 0
[05:50:59.990] [SEVERE ] setting player 2 freeze to 0
[05:50:59.990] [SEVERE ] setting player 1 freeze to 0
[05:50:59.990] [SEVERE ] setting player 3 freeze to 0
[05:50:59.991] [SEVERE ] removing player 2 token from slot 2
[05:50:59.991] [SEVERE ] removing player 4 token from slot 7
[05:50:59.992] [SEVERE ] removing player 3 token from slot 0
[05:50:59.992] [SEVERE ] player 3 placing token on slot 1
[05:50:59.991] [SEVERE ] removing player 5 token from slot 2
[05:50:59.992] [SEVERE ] updating countdown to 7980
[05:50:59.992] [SEVERE ] player 4 placing token on slot 4
[05:50:59.992] [SEVERE ] player 2 placing token on slot 8
[05:50:59.991] [SEVERE ] removing player 1 token from slot 9
[05:50:59.993] [SEVERE ] setting player 3 freeze to 1000
[05:50:59.992] [SEVERE ] player 5 placing token on slot 4
[05:50:59.994] [SEVERE ] updating countdown to 7978
[05:50:59.994] [SEVERE ] player 1 placing token on slot 2
[05:50:59.994] [SEVERE ] setting player 4 freeze to 1000
[05:50:59.994] [SEVERE ] updating countdown to 7978
[05:50:59.995] [SEVERE ] updating countdown to 7977
[05:50:59.995] [SEVERE ] updating countdown to 7977
[05:50:59.995] [SEVERE ] setting player 5 freeze to 1000
[05:50:59.995] [SEVERE ] setting player 2 freeze to 1000
[05:50:59.995] [SEVERE ] setting player 1 freeze to 1000
[05:51:00.975] [SEVERE ] updating countdown to 6997
[05:51:01.006] [SEVERE ] setting player 2 freeze to 0
[05:51:01.006] [SEVERE ] setting player 4 freeze to 0
[05:51:01.006] [SEVERE ] setting player 5 freeze to 0
[05:51:01.006] [SEVERE ] setting player 3 freeze to 0
[05:51:01.007] [SEVERE ] removing player 2 token from slot 5
[05:51:01.006] [SEVERE ] setting player 1 freeze to 0
[05:51:01.007] [SEVERE ] player 2 placing token on slot 10
[05:51:01.007] [SEVERE ] removing player 1 token from slot 2
[05:51:01.007] [SEVERE ] removing player 5 token from slot 1
[05:51:01.007] [SEVERE ] removing player 3 token from slot 1
[05:51:01.006] [SEVERE ] removing player 4 token from slot 8
[05:51:01.008] [SEVERE ] player 3 placing token on slot 5
[05:51:01.007] [SEVERE ] player 5 placing token on slot 6
[05:51:01.007] [SEVERE ] updating countdown to 6965
[05:51:01.007] [SEVERE ] player 1 placing token on slot 5
[05:51:01.008] [SEVERE ] setting player 2 freeze to 1000
[05:51:01.008] [SEVERE ] player 4 placing token on slot 3
[05:51:01.009] [SEVERE ] updating countdown to 6963
[05:51:01.009] [SEVERE ] updating countdown to 6963
[05:51:01.010] [SEVERE ] setting player 3 freeze to 1000
[05:51:01.010] [SEVERE ] updating countdown to 6962
[05:51:01.010] [SEVERE ] setting player 5 freeze to 1000
[05:51:01.010] [SEVERE ] setting player 1 freeze to 1000
[05:51:01.010] [SEVERE ] updating countdown to 6962
[05:51:01.010] [SEVERE ] setting player 4 freeze to 1000
[05:51:01.975] [SEVERE ] updating countdown to 5997
[05:51:02.022] [SEVERE ] setting player 2 freeze to 0
[05:51:02.022] [SEVERE ] setting player 5 freeze to 0
[05:51:02.022] [SEVERE ] setting player 4 freeze to 0
[05:51:02.023] [SEVERE ] removing player 5 token from slot 6
[05:51:02.022] [SEVERE ] setting player 3 freeze to 0
[05:51:02.022] [SEVERE ] setting player 1 freeze to 0
[05:51:02.023] [SEVERE ] removing player 3 token from slot 5
[05:51:02.023] [SEVERE ] removing player 4 token from slot 3
[05:51:02.024] [SEVERE ] removing player 1 token from slot 7
[05:51:02.023] [SEVERE ] player 5 placing token on slot 1
[05:51:02.022] [SEVERE ] removing player 2 token from slot 8
[05:51:02.024] [SEVERE ] updating countdown to 5948
[05:51:02.024] [SEVERE ] player 1 placing token on slot 8
[05:51:02.024] [SEVERE ] removing player 4 token from slot 4
[05:51:02.024] [SEVERE ] player 3 placing token on slot 6
[05:51:02.025] [SEVERE ] setting player 5 freeze to 1000
[05:51:02.025] [SEVERE ] player 2 placing token on slot 3
[05:51:02.026] [SEVERE ] updating countdown to 5946
[05:51:02.026] [SEVERE ] player 4 placing token on slot 8
[05:51:02.027] [SEVERE ] setting player 1 freeze to 1000
[05:51:02.027] [SEVERE ] player 4 placing token on slot 2
[05:51:02.027] [SEVERE ] updating countdown to 5945
[05:51:02.028] [SEVERE ] updating countdown to 5944
[05:51:02.028] [SEVERE ] setting player 3 freeze to 1000
[05:51:02.028] [SEVERE ] setting player 2 freeze to 1000
[05:51:02.028] [SEVERE ] updating countdown to 5944
[05:51:02.029] [SEVERE ] setting player 4 freeze to 1000
[05:51:03.034] [SEVERE ] setting player 5 freeze to 0
[05:51:03.034] [SEVERE ] setting player 4 freeze to 0
[05:51:03.034] [SEVERE ] setting player 1 freeze to 0
[05:51:03.034] [SEVERE ] setting player 3 freeze to 0
[05:51:03.034] [SEVERE ] setting player 2 freeze to 0
[05:51:03.035] [SEVERE ] removing player 3 token from slot 11
[05:51:03.035] [SEVERE ] removing player 1 token from slot 6
[05:51:03.035] [SEVERE ] removing player 4 token from slot 8
[05:51:03.035] [SEVERE ] removing player 5 token from slot 4
[05:51:03.036] [SEVERE ] removing player 4 token from slot 2
[05:51:03.036] [SEVERE ] player 1 placing token on slot 2
[05:51:03.036] [SEVERE ] player 3 placing token on slot 11
[05:51:03.035] [SEVERE ] removing player 2 token from slot 3
[05:51:03.037] [SEVERE ] setting player 1 freeze to 1000
[05:51:03.037] [SEVERE ] player 4 placing token on slot 7
[05:51:03.036] [SEVERE ] player 5 placing token on slot 5
[05:51:03.038] [SEVERE ] player 4 placing token on slot 9
[05:51:03.038] [SEVERE ] player 2 placing token on slot 9
[05:51:03.038] [SEVERE ] setting player 3 freeze to 1000
[05:51:03.039] [SEVERE ] setting player 5 freeze to 1000
[05:51:03.039] [SEVERE ] setting player 4 freeze to 1000
[05:51:03.039] [SEVERE ] setting player 2 freeze to 1000
[05:51:04.039] [SEVERE ] setting player 4 freeze to 0
[05:51:04.039] [SEVERE ] setting player 1 freeze to 0
[05:51:04.039] [SEVERE ] setting player 5 freeze to 0
[05:51:04.039] [SEVERE ] setting player 2 freeze to 0
[05:51:04.039] [SEVERE ] setting player 3 freeze to 0
[05:51:04.040] [SEVERE ] removing player 2 token from slot 0
[05:51:04.040] [SEVERE ] removing player 1 token from slot 8
[05:51:04.040] [SEVERE ] removing player 5 token from slot 8
[05:51:04.039] [SEVERE ] removing player 4 token from slot 10
[05:51:04.040] [SEVERE ] removing player 5 token from slot 1
[05:51:04.040] [SEVERE ] player 1 placing token on slot 6
[05:51:04.040] [SEVERE ] removing player 3 token from slot 6
[05:51:04.041] [SEVERE ] player 3 placing token on slot 9
[05:51:04.040] [SEVERE ] player 2 placing token on slot 1
[05:51:04.041] [SEVERE ] setting player 1 freeze to 1000
[05:51:04.041] [SEVERE ] player 5 placing token on slot 3
[05:51:04.041] [SEVERE ] player 4 placing token on slot 10
[05:51:04.042] [SEVERE ] player 5 placing token on slot 4
[05:51:04.042] [SEVERE ] setting player 3 freeze to 1000
[05:51:04.042] [SEVERE ] setting player 2 freeze to 1000
[05:51:04.042] [SEVERE ] setting player 4 freeze to 1000
[05:51:04.042] [SEVERE ] setting player 5 freeze to 1000
[05:51:05.055] [SEVERE ] setting player 2 freeze to 0
[05:51:05.055] [SEVERE ] setting player 5 freeze to 0
[05:51:05.055] [SEVERE ] setting player 4 freeze to 0
[05:51:05.055] [SEVERE ] setting player 3 freeze to 0
[05:51:05.055] [SEVERE ] setting player 1 freeze to 0
[05:51:05.056] [SEVERE ] removing player 5 token from slot 4
[05:51:05.056] [SEVERE ] removing player 1 token from slot 2
[05:51:05.056] [SEVERE ] removing player 4 token from slot 10
[05:51:05.056] [SEVERE ] removing player 2 token from slot 9
[05:51:05.057] [SEVERE ] player 4 placing token on slot 6
[05:51:05.057] [SEVERE ] player 1 placing token on slot 3
[05:51:05.057] [SEVERE ] player 5 placing token on slot 7
[05:51:05.058] [SEVERE ] setting player 4 freeze to 1000
[05:51:05.056] [SEVERE ] removing player 3 token from slot 2
[05:51:05.057] [SEVERE ] removing player 2 token from slot 1
[05:51:05.059] [SEVERE ] removing player 3 token from slot 9
[05:51:05.059] [SEVERE ] player 2 placing token on slot 9
[05:51:05.059] [SEVERE ] setting player 1 freeze to 1000
[05:51:05.060] [SEVERE ] player 2 placing token on slot 7
[05:51:05.059] [SEVERE ] player 3 placing token on slot 2
[05:51:05.060] [SEVERE ] setting player 5 freeze to 1000
[05:51:05.060] [SEVERE ] player 3 placing token on slot 10
[05:51:05.060] [SEVERE ] setting player 2 freeze to 1000
[05:51:05.061] [SEVERE ] setting player 3 freeze to 1000
[05:51:06.070] [SEVERE ] setting player 5 freeze to 0
[05:51:06.070] [SEVERE ] setting player 2 freeze to 0
[05:51:06.070] [SEVERE ] removing player 5 token from slot 3
[05:51:06.070] [SEVERE ] setting player 4 freeze to 0
[05:51:06.070] [SEVERE ] setting player 1 freeze to 0
[05:51:06.070] [SEVERE ] setting player 3 freeze to 0
[05:51:06.071] [SEVERE ] removing player 4 token from slot 7
[05:51:06.070] [SEVERE ] player 5 placing token on slot 1
[05:51:06.070] [SEVERE ] removing player 2 token from slot 7
[05:51:06.072] [SEVERE ] player 2 placing token on slot 2
[05:51:06.072] [SEVERE ] player 4 placing token on slot 10
[05:51:06.071] [SEVERE ] removing player 3 token from slot 11
[05:51:06.071] [SEVERE ] removing player 1 token from slot 5
[05:51:06.072] [SEVERE ] setting player 5 freeze to 1000
[05:51:06.073] [SEVERE ] player 3 placing token on slot 11
[05:51:06.073] [SEVERE ] player 1 placing token on slot 0
[05:51:06.073] [SEVERE ] setting player 2 freeze to 1000
[05:51:06.074] [SEVERE ] setting player 4 freeze to 1000
[05:51:06.074] [SEVERE ] setting player 3 freeze to 1000
[05:51:06.074] [SEVERE ] setting player 1 freeze to 1000
[05:51:07.085] [SEVERE ] setting player 3 freeze to 0
[05:51:07.085] [SEVERE ] setting player 5 freeze to 0
[05:51:07.085] [SEVERE ] removing player 3 token from slot 11
[05:51:07.085] [SEVERE ] setting player 1 freeze to 0
[05:51:07.085] [SEVERE ] setting player 4 freeze to 0
[05:51:07.085] [SEVERE ] setting player 2 freeze to 0
[05:51:07.086] [SEVERE ] removing player 4 token from slot 6
[05:51:07.086] [SEVERE ] removing player 2 token from slot 10
[05:51:07.086] [SEVERE ] player 2 placing token on slot 11
[05:51:07.086] [SEVERE ] removing player 1 token from slot 3
[05:51:07.086] [SEVERE ] removing player 5 token from slot 1
[05:51:07.086] [SEVERE ] player 3 placing token on slot 7
[05:51:07.086] [SEVERE ] setting player 2 freeze to 1000
[05:51:07.086] [SEVERE ] player 1 placing token on slot 2
[05:51:07.086] [SEVERE ] player 4 placing token on slot 3
[05:51:07.087] [SEVERE ] player 5 placing token on slot 6
[05:51:07.087] [SEVERE ] setting player 3 freeze to 1000
[05:51:07.087] [SEVERE ] setting player 1 freeze to 1000
[05:51:07.088] [SEVERE ] setting player 4 freeze to 1000
[05:51:07.088] [SEVERE ] setting player 5 freeze to 1000
[05:51:08.074] [SEVERE ] updating countdown to 0
[05:51:08.074] [SEVERE ] updating countdown to 0
[05:51:08.089] [SEVERE ] setting player 2 freeze to 0
[05:51:08.089] [SEVERE ] setting player 4 freeze to 0
[05:51:08.089] [SEVERE ] setting player 3 freeze to 0
[05:51:08.089] [SEVERE ] setting player 1 freeze to 0
[05:51:08.089] [SEVERE ] setting player 5 freeze to 0
[05:51:08.183] [SEVERE ] removing tokens from slot 1
[05:51:08.183] [SEVERE ] removing card from slot 1
[05:51:08.292] [SEVERE ] removing tokens from slot 4
[05:51:08.292] [SEVERE ] removing card from slot 4
[05:51:08.403] [SEVERE ] removing tokens from slot 7
[05:51:08.403] [SEVERE ] removing card from slot 7
[05:51:08.511] [SEVERE ] removing tokens from slot 11
[05:51:08.511] [SEVERE ] removing card from slot 11
[05:51:08.620] [SEVERE ] removing tokens from slot 2
[05:51:08.620] [SEVERE ] removing card from slot 2
[05:51:08.730] [SEVERE ] removing tokens from slot 6
[05:51:08.730] [SEVERE ] removing card from slot 6
[05:51:08.840] [SEVERE ] removing tokens from slot 0
[05:51:08.840] [SEVERE ] removing card from slot 0
[05:51:08.947] [SEVERE ] removing tokens from slot 8
[05:51:08.947] [SEVERE ] removing card from slot 8
[05:51:09.056] [SEVERE ] removing tokens from slot 5
[05:51:09.056] [SEVERE ] removing card from slot 5
[05:51:09.165] [SEVERE ] removing tokens from slot 10
[05:51:09.165] [SEVERE ] removing card from slot 10
[05:51:09.274] [SEVERE ] removing tokens from slot 3
[05:51:09.274] [SEVERE ] removing card from slot 3
[05:51:09.384] [SEVERE ] removing tokens from slot 9
[05:51:09.384] [SEVERE ] removing card from slot 9
[05:51:09.492] [SEVERE ] placing card 78 in slot 2
[05:51:09.602] [SEVERE ] placing card 45 in slot 4
[05:51:09.713] [SEVERE ] placing card 19 in slot 11
[05:51:09.822] [SEVERE ] placing card 48 in slot 5
[05:51:09.930] [SEVERE ] placing card 63 in slot 9
[05:51:10.041] [SEVERE ] placing card 69 in slot 7
[05:51:10.150] [SEVERE ] placing card 24 in slot 6
[05:51:10.257] [SEVERE ] placing card 22 in slot 0
[05:51:10.365] [SEVERE ] placing card 43 in slot 8
[05:51:10.474] [SEVERE ] placing card 38 in slot 10
[05:51:10.583] [SEVERE ] placing card 7 in slot 1
[05:51:10.693] [SEVERE ] placing card 30 in slot 3
[05:51:10.693] [SEVERE ] player 5 placing token on slot 5
[05:51:10.693] [SEVERE ] player 4 placing token on slot 10
[05:51:10.693] [SEVERE ] player 1 placing token on slot 0
[05:51:10.693] [SEVERE ] player 2 placing token on slot 4
[05:51:10.693] [SEVERE ] player 3 placing token on slot 7
[05:51:10.693] [SEVERE ] player 2 placing token on slot 7
[05:51:10.693] [SEVERE ] player 1 placing token on slot 8
[05:51:10.693] [SEVERE ] player 4 placing token on slot 6
[05:51:10.693] [SEVERE ] player 5 placing token on slot 4
[05:51:10.694] [SEVERE ] player 4 placing token on slot 11
[05:51:10.694] [SEVERE ] player 1 placing token on slot 1
[05:51:10.694] [SEVERE ] player 2 placing token on slot 3
[05:51:10.694] [SEVERE ] player 3 placing token on slot 3
[05:51:10.694] [SEVERE ] player 5 placing token on slot 10
[05:51:10.695] [SEVERE ] player 3 placing token on slot 10
[05:51:10.696] [SEVERE ] updating countdown to 10000
[05:51:10.696] [SEVERE ] updating countdown to 10000
[05:51:10.696] [SEVERE ] updating countdown to 10000
[05:51:10.696] [SEVERE ] setting player 4 freeze to 1000
[05:51:10.696] [SEVERE ] setting player 1 freeze to 1000
[05:51:10.696] [SEVERE ] updating countdown to 10000
[05:51:10.697] [SEVERE ] setting player 2 freeze to 1000
[05:51:10.697] [SEVERE ] updating countdown to 9999
[05:51:10.697] [SEVERE ] setting player 5 freeze to 1000
[05:51:10.697] [SEVERE ] updating countdown to 9999
[05:51:10.697] [SEVERE ] setting player 3 freeze to 1000
[05:51:11.708] [SEVERE ] setting player 1 freeze to 0
[05:51:11.708] [SEVERE ] setting player 2 freeze to 0
[05:51:11.708] [SEVERE ] setting player 4 freeze to 0
[05:51:11.708] [SEVERE ] setting player 5 freeze to 0
[05:51:11.708] [SEVERE ] updating countdown to 8988
[05:51:11.708] [SEVERE ] setting player 3 freeze to 0
[05:51:11.708] [SEVERE ] removing player 5 token from slot 5
[05:51:11.708] [SEVERE ] removing player 4 token from slot 11
[05:51:11.708] [SEVERE ] removing player 2 token from slot 3
[05:51:11.708] [SEVERE ] removing player 1 token from slot 8
[05:51:11.709] [SEVERE ] player 2 placing token on slot 6
[05:51:11.709] [SEVERE ] player 4 placing token on slot 4
[05:51:11.709] [SEVERE ] updating countdown to 8987
[05:51:11.709] [SEVERE ] removing player 3 token from slot 10
[05:51:11.709] [SEVERE ] player 5 placing token on slot 9
[05:51:11.709] [SEVERE ] player 1 placing token on slot 11
[05:51:11.709] [SEVERE ] setting player 2 freeze to 1000
[05:51:11.709] [SEVERE ] player 3 placing token on slot 6
[05:51:11.709] [SEVERE ] updating countdown to 8987
[05:51:11.709] [SEVERE ] updating countdown to 8987
[05:51:11.709] [SEVERE ] setting player 4 freeze to 1000
[05:51:11.709] [SEVERE ] setting player 5 freeze to 1000
[05:51:11.709] [SEVERE ] updating countdown to 8987
[05:51:11.709] [SEVERE ] updating countdown to 8987
[05:51:11.709] [SEVERE ] setting player 1 freeze to 1000
[05:51:11.709] [SEVERE ] setting player 3 freeze to 1000
[05:51:12.706] [SEVERE ] updating countdown to 7990
[05:51:12.721] [SEVERE ] setting player 5 freeze to 0
[05:51:12.721] [SEVERE ] setting player 4 freeze to 0
[05:51:12.721] [SEVERE ] setting player 2 freeze to 0
[05:51:12.721] [SEVERE ] setting player 1 freeze to 0
[05:51:12.721] [SEVERE ] setting player 3 freeze to 0
[05:51:12.722] [SEVERE ] removing player 2 token from slot 4
[05:51:12.722] [SEVERE ] removing player 4 token from slot 6
[05:51:12.721] [SEVERE ] removing player 5 token from slot 10
[05:51:12.722] [SEVERE ] player 5 placing token on slot 5
[05:51:12.722] [SEVERE ] player 4 placing token on slot 5
[05:51:12.722] [SEVERE ] removing player 3 token from slot 3
[05:51:12.722] [SEVERE ] removing player 1 token from slot 0
[05:51:12.722] [SEVERE ] removing player 2 token from slot 7
[05:51:12.723] [SEVERE ] player 1 placing token on slot 0
[05:51:12.723] [SEVERE ] player 3 placing token on slot 4
[05:51:12.723] [SEVERE ] updating countdown to 7973
[05:51:12.723] [SEVERE ] player 2 placing token on slot 4
[05:51:12.724] [SEVERE ] setting player 5 freeze to 1000
[05:51:12.724] [SEVERE ] removing player 2 token from slot 6
[05:51:12.724] [SEVERE ] updating countdown to 7972
[05:51:12.724] [SEVERE ] player 2 placing token on slot 8
[05:51:12.725] [SEVERE ] setting player 4 freeze to 1000
[05:51:12.725] [SEVERE ] player 2 placing token on slot 11
[05:51:12.725] [SEVERE ] updating countdown to 7971
[05:51:12.725] [SEVERE ] updating countdown to 7971
[05:51:12.726] [SEVERE ] setting player 1 freeze to 1000
[05:51:12.726] [SEVERE ] setting player 3 freeze to 1000
[05:51:12.726] [SEVERE ] updating countdown to 7970
[05:51:12.726] [SEVERE ] setting player 2 freeze to 1000
[05:51:13.701] [SEVERE ] updating countdown to 6995
[05:51:13.732] [SEVERE ] setting player 1 freeze to 0
[05:51:13.732] [SEVERE ] setting player 3 freeze to 0
[05:51:13.732] [SEVERE ] setting player 4 freeze to 0
[05:51:13.732] [SEVERE ] setting player 5 freeze to 0
[05:51:13.732] [SEVERE ] setting player 2 freeze to 0
[05:51:13.732] [SEVERE ] removing player 5 token from slot 5
[05:51:13.732] [SEVERE ] removing player 4 token from slot 4
[05:51:13.732] [SEVERE ] removing player 3 token from slot 4
[05:51:13.733] [SEVERE ] player 3 placing token on slot 0
[05:51:13.732] [SEVERE ] removing player 1 token from slot 11
[05:51:13.733] [SEVERE ] updating countdown to 6963
[05:51:13.733] [SEVERE ] player 4 placing token on slot 0
[05:51:13.733] [SEVERE ] player 5 placing token on slot 5
[05:51:13.733] [SEVERE ] removing player 2 token from slot 4
[05:51:13.734] [SEVERE ] setting player 3 freeze to 1000
[05:51:13.734] [SEVERE ] removing player 1 token from slot 0
[05:51:13.736] [SEVERE ] player 2 placing token on slot 3
[05:51:13.736] [SEVERE ] player 1 placing token on slot 0
[05:51:13.736] [SEVERE ] player 1 placing token on slot 9
[05:51:13.736] [SEVERE ] updating countdown to 6960
[05:51:13.736] [SEVERE ] updating countdown to 6960
[05:51:13.736] [SEVERE ] setting player 4 freeze to 1000
[05:51:13.736] [SEVERE ] setting player 5 freeze to 1000
[05:51:13.736] [SEVERE ] updating countdown to 6960
[05:51:13.737] [SEVERE ] updating countdown to 6959
[05:51:13.737] [SEVERE ] setting player 2 freeze to 1000
[05:51:13.737] [SEVERE ] setting player 1 freeze to 1000
[05:51:14.711] [SEVERE ] updating countdown to 5985
[05:51:14.743] [SEVERE ] setting player 5 freeze to 0
[05:51:14.743] [SEVERE ] setting player 2 freeze to 0
[05:51:14.743] [SEVERE ] setting player 3 freeze to 0
[05:51:14.743] [SEVERE ] setting player 1 freeze to 0
[05:51:14.744] [SEVERE ] removing player 2 token from slot 3
[05:51:14.743] [SEVERE ] setting player 4 freeze to 0
[05:51:14.744] [SEVERE ] player 2 placing token on slot 7
[05:51:14.744] [SEVERE ] removing player 1 token from slot 0
[05:51:14.744] [SEVERE ] removing player 3 token from slot 6
[05:51:14.745] [SEVERE ] player 3 placing token on slot 5
[05:51:14.743] [SEVERE ] removing player 5 token from slot 4
[05:51:14.745] [SEVERE ] player 1 placing token on slot 6
[05:51:14.745] [SEVERE ] updating countdown to 5951
[05:51:14.744] [SEVERE ] removing player 4 token from slot 10
[05:51:14.746] [SEVERE ] setting player 2 freeze to 1000
[05:51:14.745] [SEVERE ] player 5 placing token on slot 0
[05:51:14.747] [SEVERE ] updating countdown to 5949
[05:51:14.747] [SEVERE ] removing player 4 token from slot 5
[05:51:14.747] [SEVERE ] setting player 3 freeze to 1000
[05:51:14.747] [SEVERE ] player 4 placing token on slot 5
[05:51:14.747] [SEVERE ] updating countdown to 5949
[05:51:14.747] [SEVERE ] player 4 placing token on slot 1
[05:51:14.748] [SEVERE ] setting player 1 freeze to 1000
[05:51:14.748] [SEVERE ] updating countdown to 5948
[05:51:14.748] [SEVERE ] updating countdown to 5948
[05:51:14.748] [SEVERE ] setting player 5 freeze to 1000
[05:51:14.748] [SEVERE ] setting player 4 freeze to 1000
[05:51:15.755] [SEVERE ] setting player 5 freeze to 0
[05:51:15.755] [SEVERE ] setting player 2 freeze to 0
[05:51:15.755] [SEVERE ] setting player 4 freeze to 0
[05:51:15.755] [SEVERE ] setting player 3 freeze to 0
[05:51:15.755] [SEVERE ] setting player 1 freeze to 0
[05:51:15.756] [SEVERE ] removing player 3 token from slot 5
[05:51:15.756] [SEVERE ] removing player 4 token from slot 5
[05:51:15.756] [SEVERE ] removing player 2 token from slot 7
[05:51:15.756] [SEVERE ] removing player 5 token from slot 0
[05:51:15.757] [SEVERE ] removing player 5 token from slot 5
[05:51:15.757] [SEVERE ] player 5 placing token on slot 10
[05:51:15.757] [SEVERE ] removing player 1 token from slot 9
[05:51:15.757] [SEVERE ] removing player 2 token from slot 11
[05:51:15.756] [SEVERE ] player 4 placing token on slot 8
[05:51:15.756] [SEVERE ] player 3 placing token on slot 2
[05:51:15.757] [SEVERE ] player 2 placing token on slot 6
[05:51:15.757] [SEVERE ] player 1 placing token on slot 10
[05:51:15.757] [SEVERE ] removing player 5 token from slot 10
[05:51:15.758] [SEVERE ] setting player 4 freeze to 1000
[05:51:15.758] [SEVERE ] player 5 placing token on slot 5
[05:51:15.758] [SEVERE ] player 5 placing token on slot 10
[05:51:15.758] [SEVERE ] player 2 placing token on slot 10
[05:51:15.759] [SEVERE ] setting player 3 freeze to 1000
[05:51:15.759] [SEVERE ] setting player 1 freeze to 1000
[05:51:15.759] [SEVERE ] setting player 2 freeze to 1000
[05:51:15.759] [SEVERE ] setting player 5 freeze to 1000
[05:51:16.766] [SEVERE ] setting player 2 freeze to 0
[05:51:16.766] [SEVERE ] setting player 1 freeze to 0
[05:51:16.766] [SEVERE ] setting player 4 freeze to 0
[05:51:16.766] [SEVERE ] setting player 3 freeze to 0
[05:51:16.766] [SEVERE ] setting player 5 freeze to 0
[05:51:16.766] [SEVERE ] removing player 4 token from slot 8
[05:51:16.766] [SEVERE ] removing player 5 token from slot 5
[05:51:16.766] [SEVERE ] player 5 placing token on slot 4
[05:51:16.766] [SEVERE ] removing player 1 token from slot 1
[05:51:16.766] [SEVERE ] removing player 2 token from slot 6
[05:51:16.766] [SEVERE ] player 2 placing token on slot 9
[05:51:16.766] [SEVERE ] player 1 placing token on slot 9
[05:51:16.766] [SEVERE ] player 4 placing token on slot 7
[05:51:16.766] [SEVERE ] removing player 3 token from slot 0
[05:51:16.766] [SEVERE ] setting player 5 freeze to 1000
[05:51:16.767] [SEVERE ] player 3 placing token on slot 9
[05:51:16.767] [SEVERE ] setting player 2 freeze to 1000
[05:51:16.767] [SEVERE ] setting player 1 freeze to 1000
[05:51:16.767] [SEVERE ] setting player 4 freeze to 1000
[05:51:16.767] [SEVERE ] setting player 3 freeze to 1000
[05:51:17.780] [SEVERE ] setting player 3 freeze to 0
[05:51:17.780] [SEVERE ] setting player 2 freeze to 0
[05:51:17.781] [SEVERE ] removing player 3 token from slot 2
[05:51:17.780] [SEVERE ] setting player 1 freeze to 0
[05:51:17.780] [SEVERE ] setting player 5 freeze to 0
[05:51:17.780] [SEVERE ] setting player 4 freeze to 0
[05:51:17.781] [SEVERE ] removing player 5 token from slot 9
[05:51:17.781] [SEVERE ] removing player 1 token from slot 6
[05:51:17.782] [SEVERE ] player 1 placing token on slot 8
[05:51:17.781] [SEVERE ] removing player 2 token from slot 8
[05:51:17.781] [SEVERE ] player 3 placing token on slot 4
[05:51:17.782] [SEVERE ] player 2 placing token on slot 8
[05:51:17.782] [SEVERE ] player 5 placing token on slot 9
[05:51:17.782] [SEVERE ] removing player 4 token from slot 1
[05:51:17.783] [SEVERE ] setting player 1 freeze to 1000
[05:51:17.783] [SEVERE ] player 4 placing token on slot 10
[05:51:17.783] [SEVERE ] setting player 3 freeze to 1000
[05:51:17.784] [SEVERE ] setting player 2 freeze to 1000
[05:51:17.784] [SEVERE ] setting player 5 freeze to 1000
[05:51:17.784] [SEVERE ] setting player 4 freeze to 1000
[05:51:18.791] [SEVERE ] setting player 5 freeze to 0
[05:51:18.791] [SEVERE ] setting player 1 freeze to 0
[05:51:18.791] [SEVERE ] setting player 2 freeze to 0
[05:51:18.791] [SEVERE ] setting player 4 freeze to 0
[05:51:18.791] [SEVERE ] setting player 3 freeze to 0
[05:51:18.792] [SEVERE ] removing player 4 token from slot 10
[05:51:18.792] [SEVERE ] removing player 2 token from slot 8
[05:51:18.793] [SEVERE ] player 2 placing token on slot 8
[05:51:18.792] [SEVERE ] removing player 1 token from slot 10
[05:51:18.793] [SEVERE ] removing player 1 token from slot 9
[05:51:18.792] [SEVERE ] removing player 5 token from slot 10
[05:51:18.793] [SEVERE ] setting player 2 freeze to 1000
[05:51:18.792] [SEVERE ] player 4 placing token on slot 3
[05:51:18.792] [SEVERE ] removing player 3 token from slot 4
[05:51:18.794] [SEVERE ] removing player 3 token from slot 7
[05:51:18.794] [SEVERE ] player 1 placing token on slot 5
[05:51:18.794] [SEVERE ] player 5 placing token on slot 0
[05:51:18.794] [SEVERE ] setting player 4 freeze to 1000
[05:51:18.795] [SEVERE ] player 3 placing token on slot 4
[05:51:18.795] [SEVERE ] setting player 5 freeze to 1000
[05:51:18.795] [SEVERE ] removing player 1 token from slot 8
[05:51:18.795] [SEVERE ] player 3 placing token on slot 11
[05:51:18.795] [SEVERE ] player 1 placing token on slot 11
[05:51:18.795] [SEVERE ] setting player 3 freeze to 1000
[05:51:18.795] [SEVERE ] removing player 1 token from slot 11
[05:51:18.796] [SEVERE ] player 1 placing token on slot 7
[05:51:18.796] [SEVERE ] player 1 placing token on slot 3
[05:51:18.796] [SEVERE ] setting player 1 freeze to 1000
[05:51:19.802] [SEVERE ] setting player 5 freeze to 0
[05:51:19.802] [SEVERE ] setting player 3 freeze to 0
[05:51:19.802] [SEVERE ] setting player 2 freeze to 0
[05:51:19.802] [SEVERE ] setting player 1 freeze to 0
[05:51:19.802] [SEVERE ] setting player 4 freeze to 0
[05:51:19.803] [SEVERE ] removing player 1 token from slot 5
[05:51:19.803] [SEVERE ] removing player 4 token from slot 3
[05:51:19.803] [SEVERE ] removing player 2 token from slot 9
[05:51:19.802] [SEVERE ] removing player 3 token from slot 4
[05:51:19.802] [SEVERE ] removing player 5 token from slot 4
[05:51:19.804] [SEVERE ] player 5 placing token on slot 3
[05:51:19.804] [SEVERE ] player 3 placing token on slot 7
[05:51:19.804] [SEVERE ] player 2 placing token on slot 1
[05:51:19.804] [SEVERE ] setting player 5 freeze to 1000
[05:51:19.803] [SEVERE ] player 4 placing token on slot 8
[05:51:19.803] [SEVERE ] player 1 placing token on slot 0
[05:51:19.806] [SEVERE ] setting player 3 freeze to 1000
[05:51:19.806] [SEVERE ] setting player 4 freeze to 1000
[05:51:19.806] [SEVERE ] setting player 2 freeze to 1000
[05:51:19.806] [SEVERE ] setting player 1 freeze to 1000
[05:51:20.784] [SEVERE ] updating countdown to 0
[05:51:20.784] [SEVERE ] updating countdown to 0
[05:51:20.816] [SEVERE ] setting player 4 freeze to 0
[05:51:20.816] [SEVERE ] setting player 1 freeze to 0
[05:51:20.816] [SEVERE ] setting player 2 freeze to 0
[05:51:20.816] [SEVERE ] setting player 5 freeze to 0
[05:51:20.816] [SEVERE ] setting player 3 freeze to 0
[05:51:20.893] [SEVERE ] removing tokens from slot 7
[05:51:20.893] [SEVERE ] removing card from slot 7
[05:51:21.002] [SEVERE ] removing tokens from slot 11
[05:51:21.002] [SEVERE ] removing card from slot 11
[05:51:21.110] [SEVERE ] removing tokens from slot 9
[05:51:21.110] [SEVERE ] removing card from slot 9
[05:51:21.219] [SEVERE ] removing tokens from slot 4
[05:51:21.219] [SEVERE ] removing card from slot 4
[05:51:21.326] [SEVERE ] removing tokens from slot 5
[05:51:21.326] [SEVERE ] removing card from slot 5
[05:51:21.436] [SEVERE ] removing tokens from slot 6
[05:51:21.436] [SEVERE ] removing card from slot 6
[05:51:21.544] [SEVERE ] removing tokens from slot 8
[05:51:21.544] [SEVERE ] removing card from slot 8
[05:51:21.653] [SEVERE ] removing tokens from slot 1
[05:51:21.653] [SEVERE ] removing card from slot 1
[05:51:21.763] [SEVERE ] removing tokens from slot 0
[05:51:21.763] [SEVERE ] removing card from slot 0
[05:51:21.873] [SEVERE ] removing tokens from slot 3
[05:51:21.873] [SEVERE ] removing card from slot 3
[05:51:21.983] [SEVERE ] removing tokens from slot 2
[05:51:21.983] [SEVERE ] removing card from slot 2
[05:51:22.093] [SEVERE ] removing tokens from slot 10
[05:51:22.093] [SEVERE ] removing card from slot 10
[05:51:22.201] [SEVERE ] placing card 79 in slot 0
[05:51:22.312] [SEVERE ] placing card 26 in slot 11
[05:51:22.420] [SEVERE ] placing card 36 in slot 10
[05:51:22.529] [SEVERE ] placing card 40 in slot 8
[05:51:22.637] [SEVERE ] placing card 28 in slot 3
[05:51:22.746] [SEVERE ] placing card 12 in slot 9
[05:51:22.855] [SEVERE ] placing card 61 in slot 4
[05:51:22.964] [SEVERE ] placing card 17 in slot 7
[05:51:23.072] [SEVERE ] placing card 39 in slot 1
[05:51:23.181] [SEVERE ] placing card 22 in slot 2
[05:51:23.292] [SEVERE ] placing card 35 in slot 6
[05:51:23.400] [SEVERE ] placing card 11 in slot 5
[05:51:23.400] [SEVERE ] player 3 placing token on slot 10
[05:51:23.400] [SEVERE ] player 1 placing token on slot 3
[05:51:23.400] [SEVERE ] player 3 placing token on slot 0
[05:51:23.400] [SEVERE ] player 5 placing token on slot 5
[05:51:23.400] [SEVERE ] player 2 placing token on slot 5
[05:51:23.401] [SEVERE ] updating countdown to 10000
[05:51:23.400] [SEVERE ] player 4 placing token on slot 4
[05:51:23.402] [SEVERE ] removing player 4 token from slot 4
[05:51:23.401] [SEVERE ] player 2 placing token on slot 6
[05:51:23.402] [SEVERE ] player 2 placing token on slot 9
[05:51:23.401] [SEVERE ] removing player 5 token from slot 5
[05:51:23.402] [SEVERE ] player 5 placing token on slot 3
[05:51:23.401] [SEVERE ] player 3 placing token on slot 3
[05:51:23.401] [SEVERE ] player 1 placing token on slot 4
[05:51:23.403] [SEVERE ] player 1 placing token on slot 6
[05:51:23.402] [SEVERE ] player 5 placing token on slot 6
[05:51:23.403] [SEVERE ] player 5 placing token on slot 4
[05:51:23.402] [SEVERE ] updating countdown to 9999
[05:51:23.402] [SEVERE ] player 4 placing token on slot 5
[05:51:23.404] [SEVERE ] setting player 2 freeze to 1000
[05:51:23.404] [SEVERE ] player 4 placing token on slot 1
[05:51:23.404] [SEVERE ] removing player 4 token from slot 5
[05:51:23.404] [SEVERE ] player 4 placing token on slot 8
[05:51:23.404] [SEVERE ] player 4 placing token on slot 9
[05:51:23.404] [SEVERE ] updating countdown to 9997
[05:51:23.404] [SEVERE ] updating countdown to 9997
[05:51:23.404] [SEVERE ] setting player 3 freeze to 1000
[05:51:23.405] [SEVERE ] setting player 1 freeze to 1000
[05:51:23.405] [SEVERE ] updating countdown to 9996
[05:51:23.405] [SEVERE ] updating countdown to 9996
[05:51:23.405] [SEVERE ] setting player 5 freeze to 1000
[05:51:23.405] [SEVERE ] setting player 4 freeze to 1000
[05:51:24.407] [SEVERE ] setting player 3 freeze to 0
[05:51:24.407] [SEVERE ] updating countdown to 8994
[05:51:24.407] [SEVERE ] setting player 2 freeze to 0
[05:51:24.407] [SEVERE ] setting player 5 freeze to 0
[05:51:24.407] [SEVERE ] setting player 1 freeze to 0
[05:51:24.407] [SEVERE ] setting player 4 freeze to 0
[05:51:24.407] [SEVERE ] removing player 3 token from slot 10
[05:51:24.409] [SEVERE ] player 3 placing token on slot 1
[05:51:24.409] [SEVERE ] removing player 1 token from slot 6
[05:51:24.409] [SEVERE ] updating countdown to 8992
[05:51:24.409] [SEVERE ] removing player 2 token from slot 5
[05:51:24.409] [SEVERE ] removing player 4 token from slot 1
[05:51:24.409] [SEVERE ] removing player 5 token from slot 4
[05:51:24.410] [SEVERE ] setting player 3 freeze to 1000
[05:51:24.409] [SEVERE ] player 1 placing token on slot 6
[05:51:24.411] [SEVERE ] player 2 placing token on slot 5
[05:51:24.411] [SEVERE ] updating countdown to 8990
[05:51:24.411] [SEVERE ] player 4 placing token on slot 1
[05:51:24.411] [SEVERE ] player 5 placing token on slot 8
[05:51:24.411] [SEVERE ] setting player 1 freeze to 1000
[05:51:24.412] [SEVERE ] updating countdown to 8989
[05:51:24.412] [SEVERE ] updating countdown to 8989
[05:51:24.412] [SEVERE ] updating countdown to 8989
[05:51:24.412] [SEVERE ] setting player 4 freeze to 1000
[05:51:24.412] [SEVERE ] setting player 5 freeze to 1000
[05:51:24.412] [SEVERE ] setting player 2 freeze to 1000
[05:51:25.406] [SEVERE ] updating countdown to 7995
[05:51:25.421] [SEVERE ] setting player 5 freeze to 0
[05:51:25.421] [SEVERE ] setting player 4 freeze to 0
[05:51:25.421] [SEVERE ] removing player 5 token from slot 3
[05:51:25.421] [SEVERE ] setting player 1 freeze to 0
[05:51:25.421] [SEVERE ] setting player 2 freeze to 0
[05:51:25.421] [SEVERE ] setting player 3 freeze to 0
[05:51:25.422] [SEVERE ] removing player 1 token from slot 6
[05:51:25.422] [SEVERE ] removing player 4 token from slot 9
[05:51:25.422] [SEVERE ] player 5 placing token on slot 0
[05:51:25.422] [SEVERE ] removing player 4 token from slot 8
[05:51:25.422] [SEVERE ] player 1 placing token on slot 6
[05:51:25.422] [SEVERE ] removing player 3 token from slot 0
[05:51:25.423] [SEVERE ] removing player 3 token from slot 1
[05:51:25.423] [SEVERE ] player 3 placing token on slot 6
[05:51:25.422] [SEVERE ] removing player 2 token from slot 5
[05:51:25.423] [SEVERE ] player 3 placing token on slot 2
[05:51:25.423] [SEVERE ] player 4 placing token on slot 0
[05:51:25.423] [SEVERE ] updating countdown to 7978
[05:51:25.424] [SEVERE ] removing player 4 token from slot 0
[05:51:25.424] [SEVERE ] setting player 5 freeze to 1000
[05:51:25.424] [SEVERE ] player 2 placing token on slot 10
[05:51:25.425] [SEVERE ] updating countdown to 7976
[05:51:25.425] [SEVERE ] removing player 4 token from slot 1
[05:51:25.425] [SEVERE ] setting player 1 freeze to 1000
[05:51:25.425] [SEVERE ] player 4 placing token on slot 1
[05:51:25.425] [SEVERE ] updating countdown to 7976
[05:51:25.425] [SEVERE ] player 4 placing token on slot 7
[05:51:25.425] [SEVERE ] setting player 3 freeze to 1000
[05:51:25.425] [SEVERE ] updating countdown to 7976
[05:51:25.425] [SEVERE ] player 4 placing token on slot 11
[05:51:25.426] [SEVERE ] setting player 2 freeze to 1000
[05:51:25.426] [SEVERE ] updating countdown to 7975
[05:51:25.426] [SEVERE ] setting player 4 freeze to 1000
[05:51:26.403] [SEVERE ] updating countdown to 6998
[05:51:26.434] [SEVERE ] setting player 5 freeze to 0
[05:51:26.434] [SEVERE ] setting player 2 freeze to 0
[05:51:26.434] [SEVERE ] setting player 1 freeze to 0
[05:51:26.434] [SEVERE ] removing player 2 token from slot 6
[05:51:26.434] [SEVERE ] setting player 4 freeze to 0
[05:51:26.434] [SEVERE ] setting player 3 freeze to 0
[05:51:26.435] [SEVERE ] removing player 1 token from slot 3
[05:51:26.435] [SEVERE ] removing player 3 token from slot 6
[05:51:26.435] [SEVERE ] player 3 placing token on slot 8
[05:51:26.435] [SEVERE ] player 2 placing token on slot 6
[05:51:26.434] [SEVERE ] removing player 5 token from slot 0
[05:51:26.435] [SEVERE ] updating countdown to 6966
[05:51:26.435] [SEVERE ] removing player 1 token from slot 4
[05:51:26.435] [SEVERE ] removing player 4 token from slot 7
[05:51:26.436] [SEVERE ] setting player 3 freeze to 1000
[05:51:26.436] [SEVERE ] removing player 5 token from slot 6
[05:51:26.437] [SEVERE ] updating countdown to 6964
[05:51:26.437] [SEVERE ] player 5 placing token on slot 6
[05:51:26.437] [SEVERE ] removing player 4 token from slot 11
[05:51:26.437] [SEVERE ] player 1 placing token on slot 9
[05:51:26.437] [SEVERE ] setting player 2 freeze to 1000
[05:51:26.438] [SEVERE ] player 5 placing token on slot 1
[05:51:26.438] [SEVERE ] player 4 placing token on slot 10
[05:51:26.438] [SEVERE ] removing player 1 token from slot 9
[05:51:26.439] [SEVERE ] player 4 placing token on slot 2
[05:51:26.438] [SEVERE ] updating countdown to 6963
[05:51:26.439] [SEVERE ] player 1 placing token on slot 4
[05:51:26.439] [SEVERE ] setting player 5 freeze to 1000
[05:51:26.439] [SEVERE ] updating countdown to 6962
[05:51:26.439] [SEVERE ] removing player 1 token from slot 4
[05:51:26.439] [SEVERE ] setting player 4 freeze to 1000
[05:51:26.439] [SEVERE ] player 1 placing token on slot 7
[05:51:26.440] [SEVERE ] player 1 placing token on slot 3
[05:51:26.440] [SEVERE ] updating countdown to 6961
[05:51:26.440] [SEVERE ] setting player 1 freeze to 1000
[05:51:27.402] [SEVERE ] updating countdown to 5999
[05:51:27.448] [SEVERE ] setting player 2 freeze to 0
[05:51:27.448] [SEVERE ] setting player 3 freeze to 0
[05:51:27.448] [SEVERE ] setting player 1 freeze to 0
[05:51:27.448] [SEVERE ] setting player 4 freeze to 0
[05:51:27.448] [SEVERE ] setting player 5 freeze to 0
[05:51:27.448] [SEVERE ] removing player 4 token from slot 2
[05:51:27.448] [SEVERE ] removing player 3 token from slot 3
[05:51:27.449] [SEVERE ] removing player 5 token from slot 6
[05:51:27.448] [SEVERE ] removing player 2 token from slot 9
[05:51:27.449] [SEVERE ] player 5 placing token on slot 7
[05:51:27.449] [SEVERE ] player 3 placing token on slot 11
[05:51:27.449] [SEVERE ] player 4 placing token on slot 7
[05:51:27.449] [SEVERE ] removing player 1 token from slot 6
[05:51:27.450] [SEVERE ] player 1 placing token on slot 2
[05:51:27.450] [SEVERE ] updating countdown to 5951
[05:51:27.449] [SEVERE ] removing player 2 token from slot 10
[05:51:27.451] [SEVERE ] setting player 5 freeze to 1000
[05:51:27.451] [SEVERE ] player 2 placing token on slot 7
[05:51:27.451] [SEVERE ] updating countdown to 5950
[05:51:27.451] [SEVERE ] removing player 2 token from slot 6
[05:51:27.451] [SEVERE ] setting player 3 freeze to 1000
[05:51:27.451] [SEVERE ] removing player 2 token from slot 7
[05:51:27.452] [SEVERE ] player 2 placing token on slot 7
[05:51:27.451] [SEVERE ] updating countdown to 5950
[05:51:27.452] [SEVERE ] player 2 placing token on slot 0
[05:51:27.452] [SEVERE ] setting player 4 freeze to 1000
[05:51:27.452] [SEVERE ] updating countdown to 5949
[05:51:27.452] [SEVERE ] player 2 placing token on slot 10
[05:51:27.452] [SEVERE ] setting player 1 freeze to 1000
[05:51:27.453] [SEVERE ] updating countdown to 5948
[05:51:27.453] [SEVERE ] setting player 2 freeze to 1000
[05:51:28.463] [SEVERE ] setting player 4 freeze to 0
[05:51:28.463] [SEVERE ] setting player 3 freeze to 0
[05:51:28.463] [SEVERE ] setting player 2 freeze to 0
[05:51:28.463] [SEVERE ] removing player 3 token from slot 8
[05:51:28.464] [SEVERE ] player 3 placing token on slot 8
[05:51:28.463] [SEVERE ] setting player 5 freeze to 0
[05:51:28.463] [SEVERE ] setting player 1 freeze to 0
[05:51:28.464] [SEVERE ] setting player 3 freeze to 1000
[05:51:28.464] [SEVERE ] removing player 2 token from slot 10
[05:51:28.463] [SEVERE ] removing player 4 token from slot 1
[05:51:28.464] [SEVERE ] removing player 4 token from slot 10
[05:51:28.464] [SEVERE ] removing player 1 token from slot 2
[05:51:28.465] [SEVERE ] player 1 placing token on slot 11
[05:51:28.464] [SEVERE ] player 2 placing token on slot 5
[05:51:28.464] [SEVERE ] player 4 placing token on slot 8
[05:51:28.465] [SEVERE ] player 4 placing token on slot 1
[05:51:28.465] [SEVERE ] removing player 5 token from slot 8
[05:51:28.466] [SEVERE ] player 5 placing token on slot 2
[05:51:28.466] [SEVERE ] setting player 1 freeze to 1000
[05:51:28.466] [SEVERE ] setting player 2 freeze to 1000
[05:51:28.466] [SEVERE ] setting player 5 freeze to 1000
[05:51:28.466] [SEVERE ] setting player 4 freeze to 1000
[05:51:29.473] [SEVERE ] setting player 4 freeze to 0
[05:51:29.473] [SEVERE ] setting player 1 freeze to 0
[05:51:29.473] [SEVERE ] setting player 2 freeze to 0
[05:51:29.473] [SEVERE ] removing player 1 token from slot 11
[05:51:29.473] [SEVERE ] setting player 3 freeze to 0
[05:51:29.473] [SEVERE ] setting player 5 freeze to 0
[05:51:29.473] [SEVERE ] player 1 placing token on slot 1
[05:51:29.473] [SEVERE ] removing player 4 token from slot 7
[05:51:29.474] [SEVERE ] player 4 placing token on slot 2
[05:51:29.474] [SEVERE ] removing player 2 token from slot 7
[05:51:29.474] [SEVERE ] removing player 3 token from slot 8
[05:51:29.474] [SEVERE ] removing player 5 token from slot 7
[05:51:29.474] [SEVERE ] setting player 1 freeze to 1000
[05:51:29.475] [SEVERE ] removing player 5 token from slot 1
[05:51:29.475] [SEVERE ] setting player 4 freeze to 1000
[05:51:29.475] [SEVERE ] player 3 placing token on slot 0
[05:51:29.475] [SEVERE ] player 2 placing token on slot 3
[05:51:29.475] [SEVERE ] player 5 placing token on slot 5
[05:51:29.476] [SEVERE ] setting player 3 freeze to 1000
[05:51:29.476] [SEVERE ] player 5 placing token on slot 4
[05:51:29.476] [SEVERE ] setting player 2 freeze to 1000
[05:51:29.476] [SEVERE ] setting player 5 freeze to 1000
[05:51:30.481] [SEVERE ] setting player 2 freeze to 0
[05:51:30.481] [SEVERE ] setting player 3 freeze to 0
[05:51:30.481] [SEVERE ] removing player 2 token from slot 0
[05:51:30.481] [SEVERE ] setting player 5 freeze to 0
[05:51:30.481] [SEVERE ] setting player 1 freeze to 0
[05:51:30.481] [SEVERE ] setting player 4 freeze to 0
[05:51:30.482] [SEVERE ] removing player 5 token from slot 5
[05:51:30.482] [SEVERE ] removing player 4 token from slot 8
[05:51:30.482] [SEVERE ] removing player 4 token from slot 2
[05:51:30.481] [SEVERE ] removing player 3 token from slot 0
[05:51:30.481] [SEVERE ] player 2 placing token on slot 9
[05:51:30.483] [SEVERE ] player 3 placing token on slot 9
[05:51:30.483] [SEVERE ] player 4 placing token on slot 3
[05:51:30.482] [SEVERE ] removing player 1 token from slot 7
[05:51:30.482] [SEVERE ] player 5 placing token on slot 7
[05:51:30.483] [SEVERE ] setting player 2 freeze to 1000
[05:51:30.484] [SEVERE ] player 1 placing token on slot 9
[05:51:30.484] [SEVERE ] player 4 placing token on slot 9
[05:51:30.484] [SEVERE ] setting player 3 freeze to 1000
[05:51:30.485] [SEVERE ] setting player 5 freeze to 1000
[05:51:30.485] [SEVERE ] setting player 4 freeze to 1000
[05:51:30.485] [SEVERE ] setting player 1 freeze to 1000
[05:51:31.485] [SEVERE ] setting player 2 freeze to 0
[05:51:31.485] [SEVERE ] setting player 3 freeze to 0
[05:51:31.485] [SEVERE ] removing player 2 token from slot 9
[05:51:31.485] [SEVERE ] removing player 3 token from slot 2
[05:51:31.485] [SEVERE ] player 2 placing token on slot 0
[05:51:31.485] [SEVERE ] removing player 3 token from slot 9
[05:51:31.485] [SEVERE ] player 3 placing token on slot 2
[05:51:31.485] [SEVERE ] player 3 placing token on slot 3
[05:51:31.485] [SEVERE ] setting player 2 freeze to 1000
[05:51:31.485] [SEVERE ] setting player 3 freeze to 1000
[05:51:31.500] [SEVERE ] setting player 5 freeze to 0
[05:51:31.500] [SEVERE ] setting player 1 freeze to 0
[05:51:31.500] [SEVERE ] setting player 4 freeze to 0
[05:51:31.500] [SEVERE ] removing player 5 token from slot 2
[05:51:31.500] [SEVERE ] removing player 1 token from slot 3
[05:51:31.500] [SEVERE ] player 5 placing token on slot 10
[05:51:31.500] [SEVERE ] player 1 placing token on slot 5
[05:51:31.500] [SEVERE ] removing player 4 token from slot 9
[05:51:31.500] [SEVERE ] player 4 placing token on slot 11
[05:51:31.500] [SEVERE ] setting player 5 freeze to 1000
[05:51:31.500] [SEVERE ] setting player 1 freeze to 1000
[05:51:31.501] [SEVERE ] setting player 4 freeze to 1000
[05:51:32.487] [SEVERE ] setting player 2 freeze to 0
[05:51:32.487] [SEVERE ] setting player 3 freeze to 0
[05:51:32.487] [SEVERE ] removing player 2 token from slot 0
[05:51:32.487] [SEVERE ] removing player 3 token from slot 3
[05:51:32.487] [SEVERE ] player 2 placing token on slot 6
[05:51:32.488] [SEVERE ] player 3 placing token on slot 0
[05:51:32.488] [SEVERE ] setting player 2 freeze to 1000
[05:51:32.488] [SEVERE ] setting player 3 freeze to 1000
[05:51:32.502] [SEVERE ] setting player 4 freeze to 0
[05:51:32.502] [SEVERE ] setting player 1 freeze to 0
[05:51:32.502] [SEVERE ] setting player 5 freeze to 0
[05:51:32.502] [SEVERE ] removing player 1 token from slot 5
[05:51:32.502] [SEVERE ] removing player 4 token from slot 11
[05:51:32.502] [SEVERE ] player 1 placing token on slot 6
[05:51:32.502] [SEVERE ] removing player 5 token from slot 4
[05:51:32.502] [SEVERE ] player 4 placing token on slot 2
[05:51:32.503] [SEVERE ] player 5 placing token on slot 4
[05:51:32.503] [SEVERE ] setting player 1 freeze to 1000
[05:51:32.503] [SEVERE ] setting player 4 freeze to 1000
[05:51:32.503] [SEVERE ] setting player 5 freeze to 1000
[05:51:32.627] [SEVERE ] exit button pressed
[05:51:32.627] [INFO   ] thread Player: 01 terminated.
[05:51:32.627] [INFO   ] thread Player: 11 terminated.
[05:51:32.628] [INFO   ] thread Player: 21 terminated.
[05:51:32.628] [INFO   ] thread Player: 31 terminated.
[05:51:32.628] [INFO   ] thread Player: 41 terminated.
[05:51:32.831] [SEVERE ] removing tokens from slot 0
[05:51:32.831] [SEVERE ] removing card from slot 0
[05:51:32.939] [SEVERE ] removing tokens from slot 1
[05:51:32.939] [SEVERE ] removing card from slot 1
[05:51:33.048] [SEVERE ] removing tokens from slot 9
[05:51:33.048] [SEVERE ] removing card from slot 9
[05:51:33.157] [SEVERE ] removing tokens from slot 2
[05:51:33.157] [SEVERE ] removing card from slot 2
[05:51:33.266] [SEVERE ] removing tokens from slot 8
[05:51:33.266] [SEVERE ] removing card from slot 8
[05:51:33.375] [SEVERE ] removing tokens from slot 4
[05:51:33.375] [SEVERE ] removing card from slot 4
[05:51:33.483] [SEVERE ] removing tokens from slot 11
[05:51:33.483] [SEVERE ] removing card from slot 11
[05:51:33.590] [SEVERE ] removing tokens from slot 7
[05:51:33.590] [SEVERE ] removing card from slot 7
[05:51:33.699] [SEVERE ] removing tokens from slot 5
[05:51:33.699] [SEVERE ] removing card from slot 5
[05:51:33.808] [SEVERE ] removing tokens from slot 6
[05:51:33.808] [SEVERE ] removing card from slot 6
[05:51:33.918] [SEVERE ] removing tokens from slot 10
[05:51:33.918] [SEVERE ] removing card from slot 10
[05:51:34.028] [SEVERE ] removing tokens from slot 3
[05:51:34.028] [SEVERE ] removing card from slot 3
[05:51:34.029] [SEVERE ] announcing winner(s): player 2
[05:51:34.031] [INFO   ] thread dealer terminated.
[05:51:34.031] [INFO   ] thread dealer terminated.
[05:51:34.031] [SEVERE ] thanks for playing... it was fun!
[05:51:34.032] [INFO   ] thread main terminated.
