[02:17:06.957] [INFO   ] thread main starting.
[02:17:06.984] [SEVERE ] cannot read configuration file config.properties trying from resources.
[02:17:06.989] [SEVERE ] configuration file was loaded from resources directory.
[02:17:08.322] [INFO   ] thread dealer starting.
[02:17:08.324] [INFO   ] thread dealer starting.
[02:17:08.445] [SEVERE ] placing card 78 in slot 9
[02:17:08.556] [SEVERE ] placing card 43 in slot 0
[02:17:08.669] [SEVERE ] placing card 7 in slot 1
[02:17:08.778] [SEVERE ] placing card 42 in slot 7
[02:17:08.889] [SEVERE ] placing card 72 in slot 5
[02:17:08.998] [SEVERE ] placing card 1 in slot 8
[02:17:09.108] [SEVERE ] placing card 22 in slot 10
[02:17:09.216] [SEVERE ] placing card 26 in slot 3
[02:17:09.324] [SEVERE ] placing card 75 in slot 6
[02:17:09.435] [SEVERE ] placing card 62 in slot 11
[02:17:09.545] [SEVERE ] placing card 24 in slot 4
[02:17:09.655] [SEVERE ] placing card 74 in slot 2
[02:17:09.656] [SEVERE ] updating countdown to 60000
[02:17:09.658] [INFO   ] thread Player: 01 created.
[02:17:09.658] [INFO   ] thread Player: 01 starting.
[02:17:09.659] [INFO   ] thread Player: 11 created.
[02:17:09.659] [INFO   ] thread Player: 11 starting.
[02:17:09.661] [INFO   ] thread computer-0 starting.
[02:17:09.661] [INFO   ] thread computer-1 starting.
[02:17:09.662] [SEVERE ] player 1 placing token on slot 10
[02:17:09.663] [SEVERE ] player 2 placing token on slot 6
[02:17:09.663] [SEVERE ] player 1 placing token on slot 1
[02:17:09.664] [SEVERE ] player 2 placing token on slot 0
[02:17:09.665] [SEVERE ] player 1 placing token on slot 5
[02:17:09.665] [SEVERE ] player 2 placing token on slot 1
[02:17:09.669] [SEVERE ] updating countdown to 59986
[02:17:09.673] [SEVERE ] updating countdown to 59982
[02:17:09.673] [SEVERE ] setting player 1 freeze to 3000
[02:17:09.674] [SEVERE ] setting player 2 freeze to 3000
[02:17:09.778] [SEVERE ] updating countdown to 59877
[02:17:09.888] [SEVERE ] updating countdown to 59767
[02:17:09.995] [SEVERE ] updating countdown to 59660
[02:17:10.105] [SEVERE ] updating countdown to 59550
[02:17:10.214] [SEVERE ] updating countdown to 59441
[02:17:10.323] [SEVERE ] updating countdown to 59332
[02:17:10.433] [SEVERE ] updating countdown to 59222
[02:17:10.542] [SEVERE ] updating countdown to 59113
[02:17:10.650] [SEVERE ] updating countdown to 59005
[02:17:10.681] [SEVERE ] setting player 1 freeze to 2000
[02:17:10.681] [SEVERE ] setting player 2 freeze to 2000
[02:17:10.760] [SEVERE ] updating countdown to 58895
[02:17:10.869] [SEVERE ] updating countdown to 58786
[02:17:10.976] [SEVERE ] updating countdown to 58679
[02:17:11.085] [SEVERE ] updating countdown to 58570
[02:17:11.194] [SEVERE ] updating countdown to 58461
[02:17:11.301] [SEVERE ] updating countdown to 58354
[02:17:11.412] [SEVERE ] updating countdown to 58243
[02:17:11.522] [SEVERE ] updating countdown to 58133
[02:17:11.633] [SEVERE ] updating countdown to 58022
[02:17:11.694] [SEVERE ] setting player 1 freeze to 1000
[02:17:11.694] [SEVERE ] setting player 2 freeze to 1000
[02:17:11.740] [SEVERE ] updating countdown to 57915
[02:17:11.848] [SEVERE ] updating countdown to 57807
[02:17:11.956] [SEVERE ] updating countdown to 57699
[02:17:12.066] [SEVERE ] updating countdown to 57589
[02:17:12.175] [SEVERE ] updating countdown to 57480
[02:17:12.285] [SEVERE ] updating countdown to 57370
[02:17:12.394] [SEVERE ] updating countdown to 57261
[02:17:12.503] [SEVERE ] updating countdown to 57152
[02:17:12.612] [SEVERE ] updating countdown to 57043
[02:17:12.705] [SEVERE ] setting player 1 freeze to 0
[02:17:12.705] [SEVERE ] setting player 2 freeze to 0
[02:17:12.705] [SEVERE ] removing player 1 token from slot 1
[02:17:12.705] [SEVERE ] removing player 2 token from slot 1
[02:17:12.705] [SEVERE ] player 2 placing token on slot 5
[02:17:12.705] [SEVERE ] player 1 placing token on slot 2
[02:17:12.706] [SEVERE ] updating countdown to 56949
[02:17:12.706] [SEVERE ] updating countdown to 56949
[02:17:12.706] [SEVERE ] setting player 2 freeze to 3000
[02:17:12.706] [SEVERE ] setting player 1 freeze to 3000
[02:17:12.813] [SEVERE ] updating countdown to 56842
[02:17:12.924] [SEVERE ] updating countdown to 56731
[02:17:13.033] [SEVERE ] updating countdown to 56622
[02:17:13.143] [SEVERE ] updating countdown to 56512
[02:17:13.250] [SEVERE ] updating countdown to 56405
[02:17:13.292] [SEVERE ] exit button pressed
[02:17:13.292] [INFO   ] thread Player: 01 terminated.
[02:17:13.293] [INFO   ] thread Player: 11 terminated.
[02:17:13.359] [SEVERE ] updating countdown to 56296
[02:17:13.359] [SEVERE ] updating countdown to 56296
[02:17:13.468] [SEVERE ] removing tokens from slot 7
[02:17:13.468] [SEVERE ] removing card from slot 7
[02:17:13.579] [SEVERE ] removing tokens from slot 5
[02:17:13.579] [SEVERE ] removing card from slot 5
[02:17:13.687] [SEVERE ] removing tokens from slot 2
[02:17:13.687] [SEVERE ] removing card from slot 2
[02:17:13.797] [SEVERE ] removing tokens from slot 8
[02:17:13.797] [SEVERE ] removing card from slot 8
[02:17:13.905] [SEVERE ] removing tokens from slot 9
[02:17:13.905] [SEVERE ] removing card from slot 9
[02:17:14.015] [SEVERE ] removing tokens from slot 0
[02:17:14.015] [SEVERE ] removing card from slot 0
[02:17:14.125] [SEVERE ] removing tokens from slot 4
[02:17:14.125] [SEVERE ] removing card from slot 4
[02:17:14.234] [SEVERE ] removing tokens from slot 6
[02:17:14.234] [SEVERE ] removing card from slot 6
[02:17:14.342] [SEVERE ] removing tokens from slot 10
[02:17:14.342] [SEVERE ] removing card from slot 10
[02:17:14.452] [SEVERE ] removing tokens from slot 11
[02:17:14.452] [SEVERE ] removing card from slot 11
[02:17:14.562] [SEVERE ] removing tokens from slot 3
[02:17:14.562] [SEVERE ] removing card from slot 3
[02:17:14.671] [SEVERE ] removing tokens from slot 1
[02:17:14.671] [SEVERE ] removing card from slot 1
[02:17:14.674] [SEVERE ] announcing winner(s): player 2, player 1
[02:17:14.678] [INFO   ] thread dealer terminated.
[02:17:19.687] [INFO   ] thread dealer terminated.
[02:17:19.687] [SEVERE ] thanks for playing... it was fun!
[02:17:19.689] [INFO   ] thread main terminated.
