[06:19:03.727] [INFO   ] thread main starting.
[06:19:03.764] [SEVERE ] cannot read configuration file config.properties trying from resources.
[06:19:03.770] [SEVERE ] configuration file was loaded from resources directory.
[06:19:06.903] [INFO   ] thread dealer starting.
[06:19:06.907] [INFO   ] thread dealer starting.
[06:19:07.066] [SEVERE ] placing card 53 in slot 7
[06:19:07.222] [SEVERE ] placing card 44 in slot 3
[06:19:07.403] [SEVERE ] placing card 14 in slot 10
[06:19:07.610] [SEVERE ] placing card 76 in slot 11
[06:19:07.753] [SEVERE ] placing card 59 in slot 2
[06:19:07.920] [SEVERE ] placing card 40 in slot 8
[06:19:08.178] [SEVERE ] placing card 55 in slot 4
[06:19:08.338] [SEVERE ] placing card 73 in slot 0
[06:19:08.446] [SEVERE ] placing card 46 in slot 6
[06:19:08.556] [SEVERE ] placing card 3 in slot 5
[06:19:08.664] [SEVERE ] placing card 42 in slot 9
[06:19:08.775] [SEVERE ] placing card 62 in slot 1
[06:19:08.867] [SEVERE ] updating countdown to 8000
[06:19:08.909] [INFO   ] thread Player: 01 created.
[06:19:08.910] [INFO   ] thread Player: 11 created.
[06:19:08.926] [INFO   ] thread Player: 01 starting.
[06:19:08.963] [INFO   ] thread Player: 11 starting.
[06:19:09.877] [SEVERE ] updating countdown to 8990
[06:19:10.875] [SEVERE ] updating countdown to 7992
[06:19:11.879] [SEVERE ] updating countdown to 6988
[06:19:12.881] [SEVERE ] updating countdown to 5986
[06:19:18.890] [SEVERE ] updating countdown to 0
[06:19:18.891] [SEVERE ] updating countdown to 0
[06:19:18.998] [SEVERE ] removing tokens from slot 10
[06:19:18.999] [SEVERE ] removing card from slot 10
[06:19:19.108] [SEVERE ] removing tokens from slot 9
[06:19:19.108] [SEVERE ] removing card from slot 9
[06:19:19.217] [SEVERE ] removing tokens from slot 7
[06:19:19.217] [SEVERE ] removing card from slot 7
[06:19:19.326] [SEVERE ] removing tokens from slot 0
[06:19:19.326] [SEVERE ] removing card from slot 0
[06:19:19.437] [SEVERE ] removing tokens from slot 8
[06:19:19.437] [SEVERE ] removing card from slot 8
[06:19:19.546] [SEVERE ] removing tokens from slot 2
[06:19:19.546] [SEVERE ] removing card from slot 2
[06:19:19.655] [SEVERE ] removing tokens from slot 3
[06:19:19.655] [SEVERE ] removing card from slot 3
[06:19:19.763] [SEVERE ] removing tokens from slot 5
[06:19:19.763] [SEVERE ] removing card from slot 5
[06:19:19.873] [SEVERE ] removing tokens from slot 1
[06:19:19.873] [SEVERE ] removing card from slot 1
[06:19:19.981] [SEVERE ] removing tokens from slot 11
[06:19:19.981] [SEVERE ] removing card from slot 11
[06:19:20.089] [SEVERE ] removing tokens from slot 4
[06:19:20.089] [SEVERE ] removing card from slot 4
[06:19:20.199] [SEVERE ] removing tokens from slot 6
[06:19:20.199] [SEVERE ] removing card from slot 6
[06:19:20.309] [SEVERE ] placing card 77 in slot 10
[06:19:20.418] [SEVERE ] placing card 38 in slot 9
[06:19:20.528] [SEVERE ] placing card 50 in slot 4
[06:19:20.639] [SEVERE ] placing card 63 in slot 8
[06:19:20.747] [SEVERE ] placing card 69 in slot 3
[06:19:20.855] [SEVERE ] placing card 73 in slot 7
[06:19:20.964] [SEVERE ] placing card 36 in slot 2
[06:19:21.072] [SEVERE ] placing card 40 in slot 1
[06:19:21.180] [SEVERE ] placing card 33 in slot 5
[06:19:21.289] [SEVERE ] placing card 25 in slot 0
[06:19:21.399] [SEVERE ] placing card 27 in slot 6
[06:19:21.509] [SEVERE ] placing card 1 in slot 11
[06:19:21.515] [SEVERE ] updating countdown to 8000
[06:19:21.515] [SEVERE ] updating countdown to 10000
[06:19:22.518] [SEVERE ] updating countdown to 8997
[06:19:23.529] [SEVERE ] updating countdown to 7986
[06:19:24.528] [SEVERE ] updating countdown to 6987
[06:19:25.246] [SEVERE ] exit button pressed
[06:19:25.246] [INFO   ] thread Player: 01 terminated.
[06:19:25.247] [INFO   ] thread Player: 11 terminated.
[06:19:25.527] [SEVERE ] updating countdown to 5988
[06:19:25.527] [SEVERE ] updating countdown to 5988
[06:19:25.636] [SEVERE ] removing tokens from slot 9
[06:19:25.636] [SEVERE ] removing card from slot 9
[06:19:25.744] [SEVERE ] removing tokens from slot 7
[06:19:25.744] [SEVERE ] removing card from slot 7
[06:19:25.854] [SEVERE ] removing tokens from slot 1
[06:19:25.854] [SEVERE ] removing card from slot 1
[06:19:25.963] [SEVERE ] removing tokens from slot 10
[06:19:25.963] [SEVERE ] removing card from slot 10
[06:19:26.073] [SEVERE ] removing tokens from slot 11
[06:19:26.073] [SEVERE ] removing card from slot 11
[06:19:26.181] [SEVERE ] removing tokens from slot 5
[06:19:26.181] [SEVERE ] removing card from slot 5
[06:19:26.288] [SEVERE ] removing tokens from slot 4
[06:19:26.288] [SEVERE ] removing card from slot 4
[06:19:26.397] [SEVERE ] removing tokens from slot 2
[06:19:26.397] [SEVERE ] removing card from slot 2
[06:19:26.506] [SEVERE ] removing tokens from slot 6
[06:19:26.506] [SEVERE ] removing card from slot 6
[06:19:26.615] [SEVERE ] removing tokens from slot 0
[06:19:26.615] [SEVERE ] removing card from slot 0
[06:19:26.724] [SEVERE ] removing tokens from slot 3
[06:19:26.724] [SEVERE ] removing card from slot 3
[06:19:26.832] [SEVERE ] removing tokens from slot 8
[06:19:26.832] [SEVERE ] removing card from slot 8
[06:19:26.834] [SEVERE ] announcing winner(s): player 2, player 1
[06:19:26.838] [INFO   ] thread dealer terminated.
[06:19:26.838] [INFO   ] thread dealer terminated.
[06:19:26.839] [SEVERE ] thanks for playing... it was fun!
[06:19:26.839] [INFO   ] thread main terminated.
