[05:58:18.079] [INFO   ] thread main starting.
[05:58:18.148] [SEVERE ] cannot read configuration file config.properties trying from resources.
[05:58:18.159] [SEVERE ] configuration file was loaded from resources directory.
[05:58:20.003] [INFO   ] thread dealer starting.
[05:58:20.005] [INFO   ] thread dealer starting.
[05:58:20.139] [SEVERE ] placing card 35 in slot 9
[05:58:20.280] [SEVERE ] placing card 58 in slot 5
[05:58:20.389] [SEVERE ] placing card 31 in slot 1
[05:58:20.500] [SEVERE ] placing card 12 in slot 0
[05:58:20.610] [SEVERE ] placing card 19 in slot 11
[05:58:20.720] [SEVERE ] placing card 42 in slot 6
[05:58:20.832] [SEVERE ] placing card 8 in slot 10
[05:58:20.943] [SEVERE ] placing card 11 in slot 2
[05:58:21.054] [SEVERE ] placing card 37 in slot 8
[05:58:21.162] [SEVERE ] placing card 74 in slot 4
[05:58:21.271] [SEVERE ] placing card 64 in slot 7
[05:58:21.380] [SEVERE ] placing card 61 in slot 3
[05:58:21.408] [SEVERE ] updating countdown to 9999
[05:58:21.411] [INFO   ] thread Player: 01 created.
[05:58:21.412] [INFO   ] thread Player: 01 starting.
[05:58:21.412] [INFO   ] thread Player: 11 created.
[05:58:21.413] [INFO   ] thread Player: 11 starting.
[05:58:22.413] [SEVERE ] updating countdown to 8995
[05:58:23.423] [SEVERE ] updating countdown to 7985
[05:58:24.422] [SEVERE ] updating countdown to 6986
[05:58:25.424] [SEVERE ] updating countdown to 5984
[05:58:31.427] [SEVERE ] updating countdown to 0
[05:58:31.428] [SEVERE ] updating countdown to 0
[05:58:31.538] [SEVERE ] removing tokens from slot 3
[05:58:31.538] [SEVERE ] removing card from slot 3
[05:58:31.646] [SEVERE ] removing tokens from slot 7
[05:58:31.646] [SEVERE ] removing card from slot 7
[05:58:31.755] [SEVERE ] removing tokens from slot 10
[05:58:31.755] [SEVERE ] removing card from slot 10
[05:58:31.865] [SEVERE ] removing tokens from slot 4
[05:58:31.865] [SEVERE ] removing card from slot 4
[05:58:31.975] [SEVERE ] removing tokens from slot 6
[05:58:31.975] [SEVERE ] removing card from slot 6
[05:58:32.084] [SEVERE ] removing tokens from slot 5
[05:58:32.084] [SEVERE ] removing card from slot 5
[05:58:32.193] [SEVERE ] removing tokens from slot 1
[05:58:32.193] [SEVERE ] removing card from slot 1
[05:58:32.301] [SEVERE ] removing tokens from slot 11
[05:58:32.301] [SEVERE ] removing card from slot 11
[05:58:32.410] [SEVERE ] removing tokens from slot 0
[05:58:32.410] [SEVERE ] removing card from slot 0
[05:58:32.520] [SEVERE ] removing tokens from slot 2
[05:58:32.520] [SEVERE ] removing card from slot 2
[05:58:32.629] [SEVERE ] removing tokens from slot 8
[05:58:32.629] [SEVERE ] removing card from slot 8
[05:58:32.738] [SEVERE ] removing tokens from slot 9
[05:58:32.738] [SEVERE ] removing card from slot 9
[05:58:32.845] [SEVERE ] placing card 23 in slot 10
[05:58:32.955] [SEVERE ] placing card 47 in slot 3
[05:58:33.065] [SEVERE ] placing card 25 in slot 11
[05:58:33.174] [SEVERE ] placing card 37 in slot 8
[05:58:33.282] [SEVERE ] placing card 72 in slot 0
[05:58:33.391] [SEVERE ] placing card 38 in slot 6
[05:58:33.503] [SEVERE ] placing card 56 in slot 5
[05:58:33.613] [SEVERE ] placing card 73 in slot 2
[05:58:33.720] [SEVERE ] placing card 59 in slot 9
[05:58:33.829] [SEVERE ] placing card 17 in slot 1
[05:58:33.938] [SEVERE ] placing card 53 in slot 7
[05:58:34.046] [SEVERE ] placing card 26 in slot 4
[05:58:34.051] [SEVERE ] updating countdown to 9999
[05:58:35.053] [SEVERE ] updating countdown to 8998
[05:58:36.063] [SEVERE ] updating countdown to 7988
[05:58:37.062] [SEVERE ] updating countdown to 6989
[05:58:38.059] [SEVERE ] updating countdown to 5992
[05:58:44.099] [SEVERE ] updating countdown to 0
[05:58:44.100] [SEVERE ] updating countdown to 0
[05:58:44.211] [SEVERE ] removing tokens from slot 5
[05:58:44.211] [SEVERE ] removing card from slot 5
[05:58:44.322] [SEVERE ] removing tokens from slot 10
[05:58:44.322] [SEVERE ] removing card from slot 10
[05:58:44.434] [SEVERE ] removing tokens from slot 6
[05:58:44.434] [SEVERE ] removing card from slot 6
[05:58:44.544] [SEVERE ] removing tokens from slot 2
[05:58:44.544] [SEVERE ] removing card from slot 2
[05:58:44.654] [SEVERE ] removing tokens from slot 0
[05:58:44.654] [SEVERE ] removing card from slot 0
[05:58:44.764] [SEVERE ] removing tokens from slot 8
[05:58:44.764] [SEVERE ] removing card from slot 8
[05:58:44.876] [SEVERE ] removing tokens from slot 3
[05:58:44.876] [SEVERE ] removing card from slot 3
[05:58:44.987] [SEVERE ] removing tokens from slot 11
[05:58:44.987] [SEVERE ] removing card from slot 11
[05:58:45.098] [SEVERE ] removing tokens from slot 9
[05:58:45.098] [SEVERE ] removing card from slot 9
[05:58:45.210] [SEVERE ] removing tokens from slot 4
[05:58:45.210] [SEVERE ] removing card from slot 4
[05:58:45.321] [SEVERE ] removing tokens from slot 7
[05:58:45.321] [SEVERE ] removing card from slot 7
[05:58:45.432] [SEVERE ] removing tokens from slot 1
[05:58:45.432] [SEVERE ] removing card from slot 1
[05:58:45.542] [SEVERE ] placing card 11 in slot 3
[05:58:45.653] [SEVERE ] placing card 1 in slot 4
[05:58:45.765] [SEVERE ] placing card 28 in slot 0
[05:58:45.875] [SEVERE ] placing card 56 in slot 8
[05:58:45.987] [SEVERE ] placing card 25 in slot 5
[05:58:46.098] [SEVERE ] placing card 16 in slot 9
[05:58:46.209] [SEVERE ] placing card 52 in slot 11
[05:58:46.321] [SEVERE ] placing card 48 in slot 2
[05:58:46.431] [SEVERE ] placing card 29 in slot 10
[05:58:46.542] [SEVERE ] placing card 57 in slot 1
[05:58:46.654] [SEVERE ] placing card 15 in slot 7
[05:58:46.764] [SEVERE ] placing card 36 in slot 6
[05:58:46.768] [SEVERE ] updating countdown to 9999
[05:58:47.774] [SEVERE ] updating countdown to 8994
[05:58:48.780] [SEVERE ] updating countdown to 7988
[05:58:49.769] [SEVERE ] updating countdown to 6999
[05:58:50.779] [SEVERE ] updating countdown to 5989
[05:58:56.802] [SEVERE ] updating countdown to 0
[05:58:56.802] [SEVERE ] updating countdown to 0
[05:58:56.911] [SEVERE ] removing tokens from slot 7
[05:58:56.911] [SEVERE ] removing card from slot 7
[05:58:57.021] [SEVERE ] removing tokens from slot 0
[05:58:57.021] [SEVERE ] removing card from slot 0
[05:58:57.131] [SEVERE ] removing tokens from slot 4
[05:58:57.131] [SEVERE ] removing card from slot 4
[05:58:57.240] [SEVERE ] removing tokens from slot 5
[05:58:57.240] [SEVERE ] removing card from slot 5
[05:58:57.350] [SEVERE ] removing tokens from slot 9
[05:58:57.350] [SEVERE ] removing card from slot 9
[05:58:57.460] [SEVERE ] removing tokens from slot 1
[05:58:57.460] [SEVERE ] removing card from slot 1
[05:58:57.568] [SEVERE ] removing tokens from slot 11
[05:58:57.568] [SEVERE ] removing card from slot 11
[05:58:57.678] [SEVERE ] removing tokens from slot 10
[05:58:57.678] [SEVERE ] removing card from slot 10
[05:58:57.789] [SEVERE ] removing tokens from slot 8
[05:58:57.789] [SEVERE ] removing card from slot 8
[05:58:57.898] [SEVERE ] removing tokens from slot 3
[05:58:57.898] [SEVERE ] removing card from slot 3
[05:58:58.008] [SEVERE ] removing tokens from slot 6
[05:58:58.008] [SEVERE ] removing card from slot 6
[05:58:58.118] [SEVERE ] removing tokens from slot 2
[05:58:58.118] [SEVERE ] removing card from slot 2
[05:58:58.225] [SEVERE ] placing card 76 in slot 5
[05:58:58.335] [SEVERE ] placing card 23 in slot 11
[05:58:58.444] [SEVERE ] placing card 61 in slot 4
[05:58:58.554] [SEVERE ] placing card 64 in slot 6
[05:58:58.664] [SEVERE ] placing card 54 in slot 1
[05:58:58.773] [SEVERE ] placing card 3 in slot 2
[05:58:58.880] [SEVERE ] placing card 5 in slot 9
[05:58:58.989] [SEVERE ] placing card 68 in slot 7
[05:58:59.098] [SEVERE ] placing card 80 in slot 3
[05:58:59.209] [SEVERE ] placing card 19 in slot 0
[05:58:59.320] [SEVERE ] placing card 50 in slot 8
[05:58:59.429] [SEVERE ] placing card 6 in slot 10
[05:58:59.436] [SEVERE ] updating countdown to 9999
[05:58:59.436] [SEVERE ] updating countdown to 10000
[05:58:59.436] [SEVERE ] updating countdown to 10000
[05:58:59.436] [SEVERE ] updating countdown to 10000
[05:58:59.436] [SEVERE ] updating countdown to 10000
[05:58:59.436] [SEVERE ] updating countdown to 10000
[05:58:59.436] [SEVERE ] updating countdown to 10000
[05:58:59.436] [SEVERE ] updating countdown to 10000
[05:58:59.436] [SEVERE ] updating countdown to 10000
[05:59:00.447] [SEVERE ] updating countdown to 8989
[05:59:01.444] [SEVERE ] updating countdown to 7992
[05:59:02.443] [SEVERE ] updating countdown to 6993
[05:59:03.439] [SEVERE ] updating countdown to 5997
[05:59:04.436] [SEVERE ] updating countdown to 5000
[05:59:09.451] [SEVERE ] updating countdown to 0
[05:59:09.451] [SEVERE ] updating countdown to 0
[05:59:09.560] [SEVERE ] removing tokens from slot 8
[05:59:09.560] [SEVERE ] removing card from slot 8
[05:59:09.669] [SEVERE ] removing tokens from slot 7
[05:59:09.669] [SEVERE ] removing card from slot 7
[05:59:09.776] [SEVERE ] removing tokens from slot 4
[05:59:09.776] [SEVERE ] removing card from slot 4
[05:59:09.884] [SEVERE ] removing tokens from slot 11
[05:59:09.884] [SEVERE ] removing card from slot 11
[05:59:09.992] [SEVERE ] removing tokens from slot 0
[05:59:09.992] [SEVERE ] removing card from slot 0
[05:59:10.102] [SEVERE ] removing tokens from slot 5
[05:59:10.102] [SEVERE ] removing card from slot 5
[05:59:10.212] [SEVERE ] removing tokens from slot 9
[05:59:10.212] [SEVERE ] removing card from slot 9
[05:59:10.321] [SEVERE ] removing tokens from slot 2
[05:59:10.323] [SEVERE ] removing card from slot 2
[05:59:10.430] [SEVERE ] removing tokens from slot 1
[05:59:10.430] [SEVERE ] removing card from slot 1
[05:59:10.539] [SEVERE ] removing tokens from slot 10
[05:59:10.539] [SEVERE ] removing card from slot 10
[05:59:10.647] [SEVERE ] removing tokens from slot 3
[05:59:10.647] [SEVERE ] removing card from slot 3
[05:59:10.755] [SEVERE ] removing tokens from slot 6
[05:59:10.755] [SEVERE ] removing card from slot 6
[05:59:10.864] [SEVERE ] placing card 45 in slot 3
[05:59:10.972] [SEVERE ] placing card 3 in slot 1
[05:59:11.080] [SEVERE ] placing card 17 in slot 0
[05:59:11.188] [SEVERE ] placing card 54 in slot 7
[05:59:11.297] [SEVERE ] placing card 23 in slot 10
[05:59:11.405] [SEVERE ] placing card 73 in slot 11
[05:59:11.513] [SEVERE ] placing card 4 in slot 2
[05:59:11.622] [SEVERE ] placing card 74 in slot 5
[05:59:11.731] [SEVERE ] placing card 0 in slot 6
[05:59:11.841] [SEVERE ] placing card 71 in slot 8
[05:59:11.950] [SEVERE ] placing card 48 in slot 9
[05:59:12.059] [SEVERE ] placing card 57 in slot 4
[05:59:12.063] [SEVERE ] updating countdown to 9999
[05:59:12.063] [SEVERE ] updating countdown to 10000
[05:59:12.063] [SEVERE ] updating countdown to 10000
[05:59:12.063] [SEVERE ] updating countdown to 10000
[05:59:12.063] [SEVERE ] updating countdown to 10000
[05:59:12.063] [SEVERE ] updating countdown to 10000
[05:59:12.063] [SEVERE ] updating countdown to 10000
[05:59:12.063] [SEVERE ] updating countdown to 10000
[05:59:12.063] [SEVERE ] updating countdown to 10000
[05:59:12.063] [SEVERE ] updating countdown to 10000
[05:59:12.063] [SEVERE ] updating countdown to 10000
[05:59:12.063] [SEVERE ] updating countdown to 10000
[05:59:13.074] [SEVERE ] updating countdown to 8989
[05:59:14.070] [SEVERE ] updating countdown to 7993
[05:59:15.069] [SEVERE ] updating countdown to 6994
[05:59:16.065] [SEVERE ] updating countdown to 5998
[05:59:22.091] [SEVERE ] updating countdown to 0
[05:59:22.091] [SEVERE ] updating countdown to 0
[05:59:22.199] [SEVERE ] removing tokens from slot 6
[05:59:22.199] [SEVERE ] removing card from slot 6
[05:59:22.308] [SEVERE ] removing tokens from slot 5
[05:59:22.308] [SEVERE ] removing card from slot 5
[05:59:22.416] [SEVERE ] removing tokens from slot 4
[05:59:22.416] [SEVERE ] removing card from slot 4
[05:59:22.525] [SEVERE ] removing tokens from slot 11
[05:59:22.525] [SEVERE ] removing card from slot 11
[05:59:22.636] [SEVERE ] removing tokens from slot 0
[05:59:22.636] [SEVERE ] removing card from slot 0
[05:59:22.744] [SEVERE ] removing tokens from slot 1
[05:59:22.744] [SEVERE ] removing card from slot 1
[05:59:22.852] [SEVERE ] removing tokens from slot 10
[05:59:22.852] [SEVERE ] removing card from slot 10
[05:59:22.961] [SEVERE ] removing tokens from slot 2
[05:59:22.961] [SEVERE ] removing card from slot 2
[05:59:23.069] [SEVERE ] removing tokens from slot 3
[05:59:23.069] [SEVERE ] removing card from slot 3
[05:59:23.180] [SEVERE ] removing tokens from slot 7
[05:59:23.180] [SEVERE ] removing card from slot 7
[05:59:23.288] [SEVERE ] removing tokens from slot 9
[05:59:23.288] [SEVERE ] removing card from slot 9
[05:59:23.396] [SEVERE ] removing tokens from slot 8
[05:59:23.396] [SEVERE ] removing card from slot 8
[05:59:23.505] [SEVERE ] placing card 36 in slot 11
[05:59:23.614] [SEVERE ] placing card 1 in slot 10
[05:59:23.723] [SEVERE ] placing card 11 in slot 7
[05:59:23.833] [SEVERE ] placing card 67 in slot 2
[05:59:23.940] [SEVERE ] placing card 62 in slot 0
[05:59:24.049] [SEVERE ] placing card 15 in slot 5
[05:59:24.157] [SEVERE ] placing card 25 in slot 9
[05:59:24.268] [SEVERE ] placing card 80 in slot 3
[05:59:24.379] [SEVERE ] placing card 7 in slot 8
[05:59:24.489] [SEVERE ] placing card 10 in slot 1
[05:59:24.599] [SEVERE ] placing card 47 in slot 4
[05:59:24.708] [SEVERE ] placing card 2 in slot 6
[05:59:24.709] [SEVERE ] updating countdown to 9999
[05:59:25.720] [SEVERE ] updating countdown to 8989
[05:59:26.718] [SEVERE ] updating countdown to 7991
[05:59:27.717] [SEVERE ] updating countdown to 6992
[05:59:28.711] [SEVERE ] updating countdown to 5998
[05:59:34.718] [SEVERE ] updating countdown to 0
[05:59:34.718] [SEVERE ] updating countdown to 0
[05:59:34.826] [SEVERE ] removing tokens from slot 4
[05:59:34.826] [SEVERE ] removing card from slot 4
[05:59:34.935] [SEVERE ] removing tokens from slot 5
[05:59:34.935] [SEVERE ] removing card from slot 5
[05:59:35.044] [SEVERE ] removing tokens from slot 10
[05:59:35.044] [SEVERE ] removing card from slot 10
[05:59:35.153] [SEVERE ] removing tokens from slot 0
[05:59:35.153] [SEVERE ] removing card from slot 0
[05:59:35.261] [SEVERE ] removing tokens from slot 3
[05:59:35.261] [SEVERE ] removing card from slot 3
[05:59:35.370] [SEVERE ] removing tokens from slot 2
[05:59:35.370] [SEVERE ] removing card from slot 2
[05:59:35.480] [SEVERE ] removing tokens from slot 6
[05:59:35.480] [SEVERE ] removing card from slot 6
[05:59:35.588] [SEVERE ] removing tokens from slot 8
[05:59:35.588] [SEVERE ] removing card from slot 8
[05:59:35.697] [SEVERE ] removing tokens from slot 1
[05:59:35.697] [SEVERE ] removing card from slot 1
[05:59:35.805] [SEVERE ] removing tokens from slot 9
[05:59:35.805] [SEVERE ] removing card from slot 9
[05:59:35.915] [SEVERE ] removing tokens from slot 7
[05:59:35.915] [SEVERE ] removing card from slot 7
[05:59:36.025] [SEVERE ] removing tokens from slot 11
[05:59:36.025] [SEVERE ] removing card from slot 11
[05:59:36.133] [SEVERE ] placing card 21 in slot 3
[05:59:36.241] [SEVERE ] placing card 32 in slot 2
[05:59:36.351] [SEVERE ] placing card 39 in slot 6
[05:59:36.461] [SEVERE ] placing card 14 in slot 4
[05:59:36.570] [SEVERE ] placing card 43 in slot 11
[05:59:36.680] [SEVERE ] placing card 59 in slot 7
[05:59:36.789] [SEVERE ] placing card 3 in slot 5
[05:59:36.897] [SEVERE ] placing card 58 in slot 8
[05:59:37.006] [SEVERE ] placing card 50 in slot 1
[05:59:37.114] [SEVERE ] placing card 16 in slot 9
[05:59:37.223] [SEVERE ] placing card 62 in slot 0
[05:59:37.332] [SEVERE ] placing card 23 in slot 10
[05:59:37.336] [SEVERE ] updating countdown to 9999
[05:59:38.345] [SEVERE ] updating countdown to 8991
[05:59:39.339] [SEVERE ] updating countdown to 7997
[05:59:40.351] [SEVERE ] updating countdown to 6985
[05:59:41.343] [SEVERE ] updating countdown to 5993
[05:59:47.353] [SEVERE ] updating countdown to 0
[05:59:47.353] [SEVERE ] updating countdown to 0
[05:59:47.461] [SEVERE ] removing tokens from slot 0
[05:59:47.461] [SEVERE ] removing card from slot 0
[05:59:47.571] [SEVERE ] removing tokens from slot 11
[05:59:47.571] [SEVERE ] removing card from slot 11
[05:59:47.682] [SEVERE ] removing tokens from slot 4
[05:59:47.682] [SEVERE ] removing card from slot 4
[05:59:47.791] [SEVERE ] removing tokens from slot 7
[05:59:47.791] [SEVERE ] removing card from slot 7
[05:59:47.900] [SEVERE ] removing tokens from slot 10
[05:59:47.900] [SEVERE ] removing card from slot 10
[05:59:48.010] [SEVERE ] removing tokens from slot 5
[05:59:48.010] [SEVERE ] removing card from slot 5
[05:59:48.119] [SEVERE ] removing tokens from slot 8
[05:59:48.119] [SEVERE ] removing card from slot 8
[05:59:48.227] [SEVERE ] removing tokens from slot 1
[05:59:48.227] [SEVERE ] removing card from slot 1
[05:59:48.338] [SEVERE ] removing tokens from slot 2
[05:59:48.338] [SEVERE ] removing card from slot 2
[05:59:48.445] [SEVERE ] removing tokens from slot 9
[05:59:48.445] [SEVERE ] removing card from slot 9
[05:59:48.554] [SEVERE ] removing tokens from slot 6
[05:59:48.554] [SEVERE ] removing card from slot 6
[05:59:48.665] [SEVERE ] removing tokens from slot 3
[05:59:48.665] [SEVERE ] removing card from slot 3
[05:59:48.775] [SEVERE ] placing card 22 in slot 9
[05:59:48.883] [SEVERE ] placing card 36 in slot 11
[05:59:48.994] [SEVERE ] placing card 20 in slot 7
[05:59:49.104] [SEVERE ] placing card 33 in slot 0
[05:59:49.212] [SEVERE ] placing card 17 in slot 3
[05:59:49.322] [SEVERE ] placing card 72 in slot 2
[05:59:49.429] [SEVERE ] placing card 64 in slot 6
[05:59:49.538] [SEVERE ] placing card 59 in slot 8
[05:59:49.649] [SEVERE ] placing card 77 in slot 1
[05:59:49.757] [SEVERE ] placing card 42 in slot 4
[05:59:49.868] [SEVERE ] placing card 73 in slot 10
[05:59:49.977] [SEVERE ] placing card 21 in slot 5
[05:59:49.978] [SEVERE ] updating countdown to 9999
[05:59:50.992] [SEVERE ] updating countdown to 8986
[05:59:51.988] [SEVERE ] updating countdown to 7990
[05:59:52.350] [SEVERE ] exit button pressed
[05:59:52.350] [INFO   ] thread Player: 01 terminated.
[05:59:52.350] [INFO   ] thread Player: 11 terminated.
[05:59:52.987] [SEVERE ] updating countdown to 6991
[05:59:52.987] [SEVERE ] updating countdown to 6991
[05:59:53.097] [SEVERE ] removing tokens from slot 10
[05:59:53.097] [SEVERE ] removing card from slot 10
[05:59:53.204] [SEVERE ] removing tokens from slot 4
[05:59:53.204] [SEVERE ] removing card from slot 4
[05:59:53.314] [SEVERE ] removing tokens from slot 3
[05:59:53.314] [SEVERE ] removing card from slot 3
[05:59:53.422] [SEVERE ] removing tokens from slot 9
[05:59:53.422] [SEVERE ] removing card from slot 9
[05:59:53.531] [SEVERE ] removing tokens from slot 2
[05:59:53.531] [SEVERE ] removing card from slot 2
[05:59:53.641] [SEVERE ] removing tokens from slot 1
[05:59:53.641] [SEVERE ] removing card from slot 1
[05:59:53.750] [SEVERE ] removing tokens from slot 0
[05:59:53.750] [SEVERE ] removing card from slot 0
[05:59:53.859] [SEVERE ] removing tokens from slot 7
[05:59:53.859] [SEVERE ] removing card from slot 7
[05:59:53.967] [SEVERE ] removing tokens from slot 11
[05:59:53.967] [SEVERE ] removing card from slot 11
[05:59:54.077] [SEVERE ] removing tokens from slot 5
[05:59:54.077] [SEVERE ] removing card from slot 5
[05:59:54.186] [SEVERE ] removing tokens from slot 8
[05:59:54.186] [SEVERE ] removing card from slot 8
[05:59:54.295] [SEVERE ] removing tokens from slot 6
[05:59:54.295] [SEVERE ] removing card from slot 6
[05:59:54.296] [SEVERE ] announcing winner(s): player 2, player 1
[05:59:54.301] [INFO   ] thread dealer terminated.
[05:59:54.301] [INFO   ] thread dealer terminated.
[05:59:54.301] [SEVERE ] thanks for playing... it was fun!
[05:59:54.302] [INFO   ] thread main terminated.
