[02:10:43.049] [INFO   ] thread main starting.
[02:10:43.098] [SEVERE ] cannot read configuration file config.properties trying from resources.
[02:10:43.111] [SEVERE ] configuration file was loaded from resources directory.
[02:10:46.507] [INFO   ] thread dealer starting.
[02:10:46.576] [INFO   ] thread dealer starting.
[02:10:46.769] [SEVERE ] placing card 11 in slot 9
[02:10:46.906] [SEVERE ] placing card 40 in slot 5
[02:10:47.017] [SEVERE ] placing card 70 in slot 3
[02:10:47.128] [SEVERE ] placing card 59 in slot 10
[02:10:47.238] [SEVERE ] placing card 66 in slot 6
[02:10:47.348] [SEVERE ] placing card 29 in slot 7
[02:10:47.458] [SEVERE ] placing card 63 in slot 1
[02:10:47.567] [SEVERE ] placing card 61 in slot 8
[02:10:47.679] [SEVERE ] placing card 3 in slot 4
[02:10:47.791] [SEVERE ] placing card 7 in slot 2
[02:10:47.899] [SEVERE ] placing card 43 in slot 0
[02:10:48.011] [SEVERE ] placing card 24 in slot 11
[02:10:48.013] [SEVERE ] updating countdown to 60000
[02:10:48.018] [INFO   ] thread Player: 01 created.
[02:10:48.020] [INFO   ] thread Player: 11 created.
[02:10:48.021] [INFO   ] thread Player: 11 starting.
[02:10:48.020] [INFO   ] thread Player: 01 starting.
[02:10:48.032] [INFO   ] thread computer-1 starting.
[02:10:48.032] [INFO   ] thread computer-0 starting.
[02:10:48.034] [SEVERE ] player 2 placing token on slot 11
[02:10:48.035] [SEVERE ] player 1 placing token on slot 5
[02:10:48.038] [SEVERE ] player 2 placing token on slot 4
[02:10:48.039] [SEVERE ] player 1 placing token on slot 6
[02:10:48.040] [SEVERE ] player 2 placing token on slot 9
[02:10:48.042] [SEVERE ] player 1 placing token on slot 3
[02:10:48.060] [SEVERE ] updating countdown to 59953
[02:10:48.075] [SEVERE ] updating countdown to 59938
[02:10:48.075] [SEVERE ] setting player 1 freeze to 3000
[02:10:48.078] [SEVERE ] setting player 2 freeze to 3000
[02:10:48.185] [SEVERE ] updating countdown to 59828
[02:10:48.296] [SEVERE ] updating countdown to 59717
[02:10:48.406] [SEVERE ] updating countdown to 59607
[02:10:48.515] [SEVERE ] updating countdown to 59498
[02:10:48.624] [SEVERE ] updating countdown to 59389
[02:10:48.733] [SEVERE ] updating countdown to 59280
[02:10:48.842] [SEVERE ] updating countdown to 59171
[02:10:48.952] [SEVERE ] updating countdown to 59061
[02:10:49.062] [SEVERE ] updating countdown to 58951
[02:10:49.093] [SEVERE ] setting player 1 freeze to 2000
[02:10:49.094] [SEVERE ] setting player 2 freeze to 2000
[02:10:49.170] [SEVERE ] updating countdown to 58843
[02:10:49.279] [SEVERE ] updating countdown to 58734
[02:10:49.389] [SEVERE ] updating countdown to 58624
[02:10:49.500] [SEVERE ] updating countdown to 58513
[02:10:49.609] [SEVERE ] updating countdown to 58404
[02:10:49.720] [SEVERE ] updating countdown to 58293
[02:10:49.831] [SEVERE ] updating countdown to 58182
[02:10:49.940] [SEVERE ] updating countdown to 58073
[02:10:50.052] [SEVERE ] updating countdown to 57961
[02:10:50.099] [SEVERE ] setting player 1 freeze to 1000
[02:10:50.099] [SEVERE ] setting player 2 freeze to 1000
[02:10:50.161] [SEVERE ] updating countdown to 57852
[02:10:50.269] [SEVERE ] updating countdown to 57744
[02:10:50.380] [SEVERE ] updating countdown to 57633
[02:10:50.489] [SEVERE ] updating countdown to 57524
[02:10:50.600] [SEVERE ] updating countdown to 57413
[02:10:50.711] [SEVERE ] updating countdown to 57302
[02:10:50.820] [SEVERE ] updating countdown to 57193
[02:10:50.929] [SEVERE ] updating countdown to 57084
[02:10:51.041] [SEVERE ] updating countdown to 56972
[02:10:51.103] [SEVERE ] setting player 2 freeze to 0
[02:10:51.103] [SEVERE ] setting player 1 freeze to 0
[02:10:51.105] [SEVERE ] removing player 2 token from slot 11
[02:10:51.105] [SEVERE ] removing player 1 token from slot 5
[02:10:51.105] [SEVERE ] player 2 placing token on slot 5
[02:10:51.106] [SEVERE ] player 1 placing token on slot 0
[02:10:51.107] [SEVERE ] updating countdown to 56906
[02:10:51.108] [SEVERE ] updating countdown to 56905
[02:10:51.108] [SEVERE ] setting player 2 freeze to 3000
[02:10:51.109] [SEVERE ] setting player 1 freeze to 3000
[02:10:51.215] [SEVERE ] updating countdown to 56798
[02:10:51.326] [SEVERE ] updating countdown to 56687
[02:10:51.436] [SEVERE ] updating countdown to 56577
[02:10:51.548] [SEVERE ] updating countdown to 56465
[02:10:51.657] [SEVERE ] updating countdown to 56356
[02:10:51.768] [SEVERE ] updating countdown to 56245
[02:10:51.878] [SEVERE ] updating countdown to 56135
[02:10:51.989] [SEVERE ] updating countdown to 56024
[02:10:52.099] [SEVERE ] updating countdown to 55914
[02:10:52.115] [SEVERE ] setting player 1 freeze to 2000
[02:10:52.115] [SEVERE ] setting player 2 freeze to 2000
[02:10:52.209] [SEVERE ] updating countdown to 55804
[02:10:52.318] [SEVERE ] updating countdown to 55695
[02:10:52.428] [SEVERE ] updating countdown to 55585
[02:10:52.537] [SEVERE ] updating countdown to 55476
[02:10:52.645] [SEVERE ] updating countdown to 55368
[02:10:52.754] [SEVERE ] updating countdown to 55259
[02:10:52.862] [SEVERE ] updating countdown to 55151
[02:10:52.970] [SEVERE ] updating countdown to 55043
[02:10:53.079] [SEVERE ] updating countdown to 54934
[02:10:53.126] [SEVERE ] setting player 1 freeze to 1000
[02:10:53.126] [SEVERE ] setting player 2 freeze to 1000
[02:10:53.188] [SEVERE ] updating countdown to 54825
[02:10:53.297] [SEVERE ] updating countdown to 54716
[02:10:53.406] [SEVERE ] updating countdown to 54607
[02:10:53.515] [SEVERE ] updating countdown to 54498
[02:10:53.625] [SEVERE ] updating countdown to 54388
[02:10:53.733] [SEVERE ] updating countdown to 54280
[02:10:53.842] [SEVERE ] updating countdown to 54171
[02:10:53.950] [SEVERE ] updating countdown to 54063
[02:10:54.059] [SEVERE ] updating countdown to 53954
[02:10:54.138] [SEVERE ] setting player 1 freeze to 0
[02:10:54.138] [SEVERE ] setting player 2 freeze to 0
[02:10:54.139] [SEVERE ] removing player 1 token from slot 0
[02:10:54.139] [SEVERE ] removing player 2 token from slot 4
[02:10:54.139] [SEVERE ] player 1 placing token on slot 1
[02:10:54.140] [SEVERE ] player 2 placing token on slot 11
[02:10:54.140] [SEVERE ] updating countdown to 53873
[02:10:54.141] [SEVERE ] updating countdown to 53872
[02:10:54.141] [SEVERE ] setting player 1 freeze to 3000
[02:10:54.141] [SEVERE ] setting player 2 freeze to 3000
[02:10:54.246] [SEVERE ] updating countdown to 53767
[02:10:54.355] [SEVERE ] updating countdown to 53658
[02:10:54.463] [SEVERE ] updating countdown to 53550
[02:10:54.573] [SEVERE ] updating countdown to 53440
[02:10:54.682] [SEVERE ] updating countdown to 53331
[02:10:54.792] [SEVERE ] updating countdown to 53221
[02:10:54.900] [SEVERE ] updating countdown to 53113
[02:10:55.010] [SEVERE ] updating countdown to 53003
[02:10:55.120] [SEVERE ] updating countdown to 52893
[02:10:55.150] [SEVERE ] setting player 1 freeze to 2000
[02:10:55.150] [SEVERE ] setting player 2 freeze to 2000
[02:10:55.228] [SEVERE ] updating countdown to 52785
[02:10:55.337] [SEVERE ] updating countdown to 52676
[02:10:55.445] [SEVERE ] updating countdown to 52568
[02:10:55.554] [SEVERE ] updating countdown to 52459
[02:10:55.663] [SEVERE ] updating countdown to 52350
[02:10:55.773] [SEVERE ] updating countdown to 52240
[02:10:55.883] [SEVERE ] updating countdown to 52130
[02:10:55.994] [SEVERE ] updating countdown to 52019
[02:10:56.101] [SEVERE ] updating countdown to 51912
[02:10:56.162] [SEVERE ] setting player 2 freeze to 1000
[02:10:56.162] [SEVERE ] setting player 1 freeze to 1000
[02:10:56.209] [SEVERE ] updating countdown to 51804
[02:10:56.318] [SEVERE ] updating countdown to 51695
[02:10:56.426] [SEVERE ] updating countdown to 51587
[02:10:56.536] [SEVERE ] updating countdown to 51477
[02:10:56.643] [SEVERE ] updating countdown to 51370
[02:10:56.753] [SEVERE ] updating countdown to 51260
[02:10:56.861] [SEVERE ] updating countdown to 51152
[02:10:56.970] [SEVERE ] updating countdown to 51043
[02:10:57.078] [SEVERE ] updating countdown to 50935
[02:10:57.173] [SEVERE ] setting player 2 freeze to 0
[02:10:57.173] [SEVERE ] setting player 1 freeze to 0
[02:10:57.174] [SEVERE ] removing player 2 token from slot 9
[02:10:57.174] [SEVERE ] removing player 1 token from slot 3
[02:10:57.174] [SEVERE ] removing player 2 token from slot 11
[02:10:57.175] [SEVERE ] player 1 placing token on slot 8
[02:10:57.175] [SEVERE ] player 2 placing token on slot 7
[02:10:57.175] [SEVERE ] updating countdown to 50838
[02:10:57.176] [SEVERE ] player 2 placing token on slot 3
[02:10:57.176] [SEVERE ] setting player 1 freeze to 3000
[02:10:57.176] [SEVERE ] updating countdown to 50837
[02:10:57.177] [SEVERE ] setting player 2 freeze to 3000
[02:10:57.282] [SEVERE ] updating countdown to 50731
[02:10:57.390] [SEVERE ] updating countdown to 50623
[02:10:57.499] [SEVERE ] updating countdown to 50514
[02:10:57.608] [SEVERE ] updating countdown to 50405
[02:10:57.718] [SEVERE ] updating countdown to 50295
[02:10:57.826] [SEVERE ] updating countdown to 50187
[02:10:57.935] [SEVERE ] updating countdown to 50078
[02:10:58.043] [SEVERE ] updating countdown to 49970
[02:10:58.153] [SEVERE ] updating countdown to 49860
[02:10:58.184] [SEVERE ] setting player 1 freeze to 2000
[02:10:58.184] [SEVERE ] setting player 2 freeze to 2000
[02:10:58.262] [SEVERE ] updating countdown to 49751
[02:10:58.372] [SEVERE ] updating countdown to 49641
[02:10:58.481] [SEVERE ] updating countdown to 49532
[02:10:58.589] [SEVERE ] updating countdown to 49424
[02:10:58.696] [SEVERE ] updating countdown to 49317
[02:10:58.805] [SEVERE ] updating countdown to 49208
[02:10:58.913] [SEVERE ] updating countdown to 49100
[02:10:59.022] [SEVERE ] updating countdown to 48991
[02:10:59.130] [SEVERE ] updating countdown to 48883
[02:10:59.191] [SEVERE ] setting player 1 freeze to 1000
[02:10:59.191] [SEVERE ] setting player 2 freeze to 1000
[02:10:59.239] [SEVERE ] updating countdown to 48774
[02:10:59.351] [SEVERE ] updating countdown to 48662
[02:10:59.458] [SEVERE ] updating countdown to 48555
[02:10:59.567] [SEVERE ] updating countdown to 48446
[02:10:59.677] [SEVERE ] updating countdown to 48336
[02:10:59.785] [SEVERE ] updating countdown to 48228
[02:10:59.893] [SEVERE ] updating countdown to 48120
[02:11:00.001] [SEVERE ] updating countdown to 48012
[02:11:00.112] [SEVERE ] updating countdown to 47901
[02:11:00.207] [SEVERE ] setting player 2 freeze to 0
[02:11:00.207] [SEVERE ] setting player 1 freeze to 0
[02:11:00.207] [SEVERE ] removing player 2 token from slot 7
[02:11:00.207] [SEVERE ] removing player 1 token from slot 1
[02:11:00.207] [SEVERE ] player 2 placing token on slot 11
[02:11:00.207] [SEVERE ] player 1 placing token on slot 7
[02:11:00.207] [SEVERE ] updating countdown to 47806
[02:11:00.207] [SEVERE ] updating countdown to 47806
[02:11:00.207] [SEVERE ] setting player 2 freeze to 3000
[02:11:00.207] [SEVERE ] setting player 1 freeze to 3000
[02:11:00.316] [SEVERE ] updating countdown to 47697
[02:11:00.427] [SEVERE ] updating countdown to 47586
[02:11:00.536] [SEVERE ] updating countdown to 47477
[02:11:00.645] [SEVERE ] updating countdown to 47368
[02:11:00.755] [SEVERE ] updating countdown to 47258
[02:11:00.864] [SEVERE ] updating countdown to 47149
[02:11:00.973] [SEVERE ] updating countdown to 47040
[02:11:01.081] [SEVERE ] updating countdown to 46932
[02:11:01.190] [SEVERE ] updating countdown to 46823
[02:11:01.221] [SEVERE ] setting player 2 freeze to 2000
[02:11:01.221] [SEVERE ] setting player 1 freeze to 2000
[02:11:01.299] [SEVERE ] updating countdown to 46714
[02:11:01.409] [SEVERE ] updating countdown to 46604
[02:11:01.517] [SEVERE ] updating countdown to 46496
[02:11:01.624] [SEVERE ] updating countdown to 46389
[02:11:01.733] [SEVERE ] updating countdown to 46280
[02:11:01.842] [SEVERE ] updating countdown to 46171
[02:11:01.951] [SEVERE ] updating countdown to 46062
[02:11:02.060] [SEVERE ] updating countdown to 45953
[02:11:02.168] [SEVERE ] updating countdown to 45845
[02:11:02.229] [SEVERE ] setting player 1 freeze to 1000
[02:11:02.229] [SEVERE ] setting player 2 freeze to 1000
[02:11:02.275] [SEVERE ] updating countdown to 45738
[02:11:02.385] [SEVERE ] updating countdown to 45628
[02:11:02.495] [SEVERE ] updating countdown to 45518
[02:11:02.603] [SEVERE ] updating countdown to 45410
[02:11:02.711] [SEVERE ] updating countdown to 45302
[02:11:02.821] [SEVERE ] updating countdown to 45192
[02:11:02.929] [SEVERE ] updating countdown to 45084
[02:11:03.037] [SEVERE ] updating countdown to 44976
[02:11:03.145] [SEVERE ] updating countdown to 44868
[02:11:03.238] [SEVERE ] setting player 2 freeze to 0
[02:11:03.238] [SEVERE ] setting player 1 freeze to 0
[02:11:03.239] [SEVERE ] removing player 2 token from slot 5
[02:11:03.239] [SEVERE ] removing player 1 token from slot 7
[02:11:03.239] [SEVERE ] player 2 placing token on slot 2
[02:11:03.239] [SEVERE ] player 1 placing token on slot 10
[02:11:03.240] [SEVERE ] updating countdown to 44773
[02:11:03.240] [SEVERE ] updating countdown to 44773
[02:11:03.240] [SEVERE ] setting player 2 freeze to 3000
[02:11:03.240] [SEVERE ] setting player 1 freeze to 3000
[02:11:03.347] [SEVERE ] updating countdown to 44666
[02:11:03.456] [SEVERE ] updating countdown to 44557
[02:11:03.564] [SEVERE ] updating countdown to 44449
[02:11:03.674] [SEVERE ] updating countdown to 44339
[02:11:03.784] [SEVERE ] updating countdown to 44229
[02:11:03.894] [SEVERE ] updating countdown to 44119
[02:11:04.002] [SEVERE ] updating countdown to 44011
[02:11:04.112] [SEVERE ] updating countdown to 43901
[02:11:04.221] [SEVERE ] updating countdown to 43792
[02:11:04.252] [SEVERE ] setting player 2 freeze to 2000
[02:11:04.252] [SEVERE ] setting player 1 freeze to 2000
[02:11:04.329] [SEVERE ] updating countdown to 43684
[02:11:04.439] [SEVERE ] updating countdown to 43574
[02:11:04.547] [SEVERE ] updating countdown to 43466
[02:11:04.658] [SEVERE ] updating countdown to 43355
[02:11:04.767] [SEVERE ] updating countdown to 43246
[02:11:04.876] [SEVERE ] updating countdown to 43137
[02:11:04.986] [SEVERE ] updating countdown to 43027
[02:11:05.095] [SEVERE ] updating countdown to 42918
[02:11:05.204] [SEVERE ] updating countdown to 42809
[02:11:05.266] [SEVERE ] setting player 1 freeze to 1000
[02:11:05.266] [SEVERE ] setting player 2 freeze to 1000
[02:11:05.313] [SEVERE ] updating countdown to 42700
[02:11:05.421] [SEVERE ] updating countdown to 42592
[02:11:05.531] [SEVERE ] updating countdown to 42482
[02:11:05.641] [SEVERE ] updating countdown to 42372
[02:11:05.751] [SEVERE ] updating countdown to 42262
[02:11:05.861] [SEVERE ] updating countdown to 42152
[02:11:05.971] [SEVERE ] updating countdown to 42042
[02:11:06.080] [SEVERE ] updating countdown to 41933
[02:11:06.189] [SEVERE ] updating countdown to 41824
[02:11:06.267] [SEVERE ] setting player 1 freeze to 0
[02:11:06.267] [SEVERE ] setting player 2 freeze to 0
[02:11:06.268] [SEVERE ] removing player 1 token from slot 6
[02:11:06.268] [SEVERE ] removing player 2 token from slot 11
[02:11:06.268] [SEVERE ] player 1 placing token on slot 1
[02:11:06.268] [SEVERE ] player 2 placing token on slot 10
[02:11:06.269] [SEVERE ] updating countdown to 41744
[02:11:06.269] [SEVERE ] updating countdown to 41744
[02:11:06.269] [SEVERE ] setting player 1 freeze to 3000
[02:11:06.269] [SEVERE ] setting player 2 freeze to 3000
[02:11:06.375] [SEVERE ] updating countdown to 41638
[02:11:06.483] [SEVERE ] updating countdown to 41530
[02:11:06.591] [SEVERE ] updating countdown to 41422
[02:11:06.699] [SEVERE ] updating countdown to 41314
[02:11:06.808] [SEVERE ] updating countdown to 41205
[02:11:06.916] [SEVERE ] updating countdown to 41097
[02:11:07.025] [SEVERE ] updating countdown to 40988
[02:11:07.051] [SEVERE ] exit button pressed
[02:11:07.052] [INFO   ] thread Player: 01 terminated.
[02:11:07.052] [INFO   ] thread Player: 11 terminated.
[02:11:07.133] [SEVERE ] updating countdown to 40880
[02:11:07.133] [SEVERE ] updating countdown to 40880
[02:11:07.243] [SEVERE ] removing tokens from slot 4
[02:11:07.243] [SEVERE ] removing card from slot 4
[02:11:07.354] [SEVERE ] removing tokens from slot 1
[02:11:07.354] [SEVERE ] removing card from slot 1
[02:11:07.462] [SEVERE ] removing tokens from slot 0
[02:11:07.462] [SEVERE ] removing card from slot 0
[02:11:07.569] [SEVERE ] removing tokens from slot 7
[02:11:07.569] [SEVERE ] removing card from slot 7
[02:11:07.678] [SEVERE ] removing tokens from slot 9
[02:11:07.678] [SEVERE ] removing card from slot 9
[02:11:07.788] [SEVERE ] removing tokens from slot 6
[02:11:07.788] [SEVERE ] removing card from slot 6
[02:11:07.898] [SEVERE ] removing tokens from slot 8
[02:11:07.898] [SEVERE ] removing card from slot 8
[02:11:08.008] [SEVERE ] removing tokens from slot 5
[02:11:08.008] [SEVERE ] removing card from slot 5
[02:11:08.119] [SEVERE ] removing tokens from slot 2
[02:11:08.119] [SEVERE ] removing card from slot 2
[02:11:08.227] [SEVERE ] removing tokens from slot 3
[02:11:08.227] [SEVERE ] removing card from slot 3
[02:11:08.336] [SEVERE ] removing tokens from slot 10
[02:11:08.336] [SEVERE ] removing card from slot 10
[02:11:08.447] [SEVERE ] removing tokens from slot 11
[02:11:08.447] [SEVERE ] removing card from slot 11
[02:13:56.242] [SEVERE ] announcing winner(s): player 2, player 1
[02:15:06.792] [INFO   ] thread dealer terminated.
[02:16:54.875] [INFO   ] thread dealer terminated.
[02:16:54.876] [SEVERE ] thanks for playing... it was fun!
[02:16:54.876] [INFO   ] thread main terminated.
