[05:41:19.366] [INFO   ] thread main starting.
[05:41:19.375] [SEVERE ] cannot read configuration file config.properties trying from resources.
[05:41:19.379] [SEVERE ] configuration file was loaded from resources directory.
[05:41:19.828] [INFO   ] thread dealer starting.
[05:41:19.828] [INFO   ] thread dealer starting.
[05:41:19.949] [SEVERE ] placing card 30 in slot 2
[05:41:20.060] [SEVERE ] placing card 21 in slot 8
[05:41:20.170] [SEVERE ] placing card 5 in slot 6
[05:41:20.278] [SEVERE ] placing card 3 in slot 0
[05:41:20.386] [SEVERE ] placing card 47 in slot 1
[05:41:20.496] [SEVERE ] placing card 9 in slot 11
[05:41:20.605] [SEVERE ] placing card 10 in slot 10
[05:41:20.714] [SEVERE ] placing card 68 in slot 3
[05:41:20.824] [SEVERE ] placing card 52 in slot 9
[05:41:20.934] [SEVERE ] placing card 58 in slot 4
[05:41:21.044] [SEVERE ] placing card 79 in slot 7
[05:41:21.156] [SEVERE ] placing card 36 in slot 5
[05:41:21.184] [SEVERE ] updating countdown to 10000
[05:41:21.187] [INFO   ] thread Player: 01 created.
[05:41:21.188] [INFO   ] thread Player: 11 created.
[05:41:21.189] [INFO   ] thread Player: 01 starting.
[05:41:21.189] [INFO   ] thread Player: 11 starting.
[05:41:21.191] [INFO   ] thread computer-1 starting.
[05:41:21.192] [INFO   ] thread computer-0 starting.
[05:41:21.193] [SEVERE ] player 2 placing token on slot 7
[05:41:21.193] [SEVERE ] player 1 placing token on slot 3
[05:41:21.195] [SEVERE ] player 2 placing token on slot 11
[05:41:21.196] [SEVERE ] player 1 placing token on slot 10
[05:41:21.196] [SEVERE ] player 2 placing token on slot 9
[05:41:21.197] [SEVERE ] player 1 placing token on slot 11
[05:41:21.202] [SEVERE ] updating countdown to 9982
[05:41:21.206] [SEVERE ] updating countdown to 9978
[05:41:21.206] [SEVERE ] setting player 1 freeze to 3000
[05:41:21.207] [SEVERE ] setting player 2 freeze to 3000
[05:41:22.195] [SEVERE ] updating countdown to 8989
[05:41:22.211] [SEVERE ] setting player 1 freeze to 2000
[05:41:22.211] [SEVERE ] setting player 2 freeze to 2000
[05:41:23.195] [SEVERE ] updating countdown to 7989
[05:41:23.226] [SEVERE ] setting player 2 freeze to 1000
[05:41:23.226] [SEVERE ] setting player 1 freeze to 1000
[05:41:24.194] [SEVERE ] updating countdown to 6990
[05:41:24.241] [SEVERE ] setting player 1 freeze to 0
[05:41:24.241] [SEVERE ] setting player 2 freeze to 0
[05:41:24.242] [SEVERE ] removing player 1 token from slot 11
[05:41:24.243] [SEVERE ] removing player 2 token from slot 9
[05:41:24.243] [SEVERE ] player 1 placing token on slot 6
[05:41:24.243] [SEVERE ] player 2 placing token on slot 8
[05:41:24.244] [SEVERE ] updating countdown to 6940
[05:41:24.245] [SEVERE ] updating countdown to 6939
[05:41:24.245] [SEVERE ] setting player 1 freeze to 3000
[05:41:24.245] [SEVERE ] setting player 2 freeze to 3000
[05:41:25.191] [SEVERE ] updating countdown to 5993
[05:41:25.252] [SEVERE ] setting player 1 freeze to 2000
[05:41:25.252] [SEVERE ] setting player 2 freeze to 2000
[05:41:26.267] [SEVERE ] setting player 1 freeze to 1000
[05:41:26.267] [SEVERE ] setting player 2 freeze to 1000
[05:41:27.273] [SEVERE ] setting player 2 freeze to 0
[05:41:27.273] [SEVERE ] setting player 1 freeze to 0
[05:41:27.274] [SEVERE ] removing player 2 token from slot 11
[05:41:27.274] [SEVERE ] removing player 1 token from slot 3
[05:41:27.274] [SEVERE ] player 2 placing token on slot 6
[05:41:27.275] [SEVERE ] player 1 placing token on slot 0
[05:41:27.276] [SEVERE ] setting player 2 freeze to 3000
[05:41:27.276] [SEVERE ] setting player 1 freeze to 3000
[05:41:28.283] [SEVERE ] setting player 1 freeze to 2000
[05:41:28.283] [SEVERE ] setting player 2 freeze to 2000
[05:41:29.296] [SEVERE ] setting player 2 freeze to 1000
[05:41:29.296] [SEVERE ] setting player 1 freeze to 1000
[05:41:30.308] [SEVERE ] setting player 2 freeze to 0
[05:41:30.308] [SEVERE ] setting player 1 freeze to 0
[05:41:30.309] [SEVERE ] removing player 2 token from slot 6
[05:41:30.309] [SEVERE ] removing player 1 token from slot 10
[05:41:30.310] [SEVERE ] player 2 placing token on slot 10
[05:41:30.310] [SEVERE ] player 1 placing token on slot 3
[05:41:30.311] [SEVERE ] setting player 2 freeze to 3000
[05:41:30.311] [SEVERE ] setting player 1 freeze to 3000
[05:41:31.288] [SEVERE ] updating countdown to 0
[05:41:31.289] [SEVERE ] updating countdown to 0
[05:41:31.320] [SEVERE ] setting player 2 freeze to 2000
[05:41:31.320] [SEVERE ] setting player 1 freeze to 2000
[05:41:31.397] [SEVERE ] removing tokens from slot 0
[05:41:31.397] [SEVERE ] removing card from slot 0
[05:41:31.505] [SEVERE ] removing tokens from slot 5
[05:41:31.505] [SEVERE ] removing card from slot 5
[05:41:31.614] [SEVERE ] removing tokens from slot 6
[05:41:31.615] [SEVERE ] removing card from slot 6
[05:41:31.724] [SEVERE ] removing tokens from slot 2
[05:41:31.724] [SEVERE ] removing card from slot 2
[05:41:31.836] [SEVERE ] removing tokens from slot 4
[05:41:31.836] [SEVERE ] removing card from slot 4
[05:41:31.945] [SEVERE ] removing tokens from slot 7
[05:41:31.945] [SEVERE ] removing card from slot 7
[05:41:32.052] [SEVERE ] removing tokens from slot 8
[05:41:32.053] [SEVERE ] removing card from slot 8
[05:41:32.160] [SEVERE ] removing tokens from slot 11
[05:41:32.160] [SEVERE ] removing card from slot 11
[05:41:32.269] [SEVERE ] removing tokens from slot 1
[05:41:32.269] [SEVERE ] removing card from slot 1
[05:41:32.330] [SEVERE ] setting player 2 freeze to 1000
[05:41:32.330] [SEVERE ] setting player 1 freeze to 1000
[05:41:32.378] [SEVERE ] removing tokens from slot 3
[05:41:32.378] [SEVERE ] removing card from slot 3
[05:41:32.489] [SEVERE ] removing tokens from slot 9
[05:41:32.489] [SEVERE ] removing card from slot 9
[05:41:32.599] [SEVERE ] removing tokens from slot 10
[05:41:32.599] [SEVERE ] removing card from slot 10
[05:41:32.707] [SEVERE ] placing card 34 in slot 10
[05:41:32.817] [SEVERE ] placing card 15 in slot 1
[05:41:32.925] [SEVERE ] placing card 70 in slot 5
[05:41:33.035] [SEVERE ] placing card 16 in slot 3
[05:41:33.145] [SEVERE ] placing card 41 in slot 8
[05:41:33.252] [SEVERE ] placing card 78 in slot 9
[05:41:33.331] [SEVERE ] setting player 1 freeze to 0
[05:41:33.331] [SEVERE ] setting player 2 freeze to 0
[05:41:33.362] [SEVERE ] placing card 75 in slot 11
[05:41:33.470] [SEVERE ] placing card 72 in slot 6
[05:41:33.580] [SEVERE ] placing card 8 in slot 0
[05:41:33.689] [SEVERE ] placing card 19 in slot 4
[05:41:33.797] [SEVERE ] placing card 25 in slot 2
[05:41:33.906] [SEVERE ] placing card 28 in slot 7
[05:41:33.906] [SEVERE ] player 2 placing token on slot 5
[05:41:33.906] [SEVERE ] player 1 placing token on slot 6
[05:41:33.907] [SEVERE ] player 2 placing token on slot 8
[05:41:33.907] [SEVERE ] removing player 1 token from slot 6
[05:41:33.908] [SEVERE ] player 2 placing token on slot 2
[05:41:33.908] [SEVERE ] player 1 placing token on slot 10
[05:41:33.909] [SEVERE ] player 1 placing token on slot 3
[05:41:33.909] [SEVERE ] player 1 placing token on slot 11
[05:41:33.914] [SEVERE ] updating countdown to 10000
[05:41:33.914] [SEVERE ] updating countdown to 10000
[05:41:33.914] [SEVERE ] updating countdown to 10000
[05:41:33.914] [SEVERE ] setting player 2 freeze to 3000
[05:41:33.915] [SEVERE ] setting player 1 freeze to 3000
[05:41:33.914] [SEVERE ] updating countdown to 10000
[05:41:34.919] [SEVERE ] updating countdown to 8995
[05:41:34.919] [SEVERE ] setting player 2 freeze to 2000
[05:41:34.919] [SEVERE ] setting player 1 freeze to 2000
[05:41:35.918] [SEVERE ] updating countdown to 7996
[05:41:35.934] [SEVERE ] setting player 1 freeze to 1000
[05:41:35.934] [SEVERE ] setting player 2 freeze to 1000
[05:41:36.617] [SEVERE ] exit button pressed
[05:41:36.617] [INFO   ] thread Player: 01 terminated.
[05:41:36.617] [INFO   ] thread Player: 11 terminated.
[05:41:36.927] [SEVERE ] updating countdown to 6987
[05:41:36.927] [SEVERE ] updating countdown to 6987
[05:41:37.038] [SEVERE ] removing tokens from slot 6
[05:41:37.038] [SEVERE ] removing card from slot 6
[05:41:37.147] [SEVERE ] removing tokens from slot 11
[05:41:37.147] [SEVERE ] removing card from slot 11
[05:41:37.259] [SEVERE ] removing tokens from slot 8
[05:41:37.259] [SEVERE ] removing card from slot 8
[05:41:37.370] [SEVERE ] removing tokens from slot 4
[05:41:37.370] [SEVERE ] removing card from slot 4
[05:41:37.480] [SEVERE ] removing tokens from slot 10
[05:41:37.480] [SEVERE ] removing card from slot 10
[05:41:37.591] [SEVERE ] removing tokens from slot 0
[05:41:37.591] [SEVERE ] removing card from slot 0
[05:41:37.701] [SEVERE ] removing tokens from slot 5
[05:41:37.701] [SEVERE ] removing card from slot 5
[05:41:37.811] [SEVERE ] removing tokens from slot 2
[05:41:37.811] [SEVERE ] removing card from slot 2
[05:41:37.923] [SEVERE ] removing tokens from slot 3
[05:41:37.923] [SEVERE ] removing card from slot 3
[05:41:38.035] [SEVERE ] removing tokens from slot 1
[05:41:38.035] [SEVERE ] removing card from slot 1
[05:41:38.147] [SEVERE ] removing tokens from slot 7
[05:41:38.147] [SEVERE ] removing card from slot 7
[05:41:38.257] [SEVERE ] removing tokens from slot 9
[05:41:38.257] [SEVERE ] removing card from slot 9
[05:41:38.258] [SEVERE ] announcing winner(s): player 2, player 1
[05:41:38.260] [INFO   ] thread dealer terminated.
[05:41:38.260] [INFO   ] thread dealer terminated.
[05:41:38.260] [SEVERE ] thanks for playing... it was fun!
[05:41:38.260] [INFO   ] thread main terminated.
