[05:04:14.716] [INFO   ] thread main starting.
[05:04:14.728] [SEVERE ] cannot read configuration file config.properties trying from resources.
[05:04:14.729] [SEVERE ] configuration file was loaded from resources directory.
[05:04:15.331] [INFO   ] thread dealer starting.
[05:04:15.333] [INFO   ] thread dealer starting.
[05:04:15.452] [SEVERE ] placing card 58 in slot 5
[05:04:15.562] [SEVERE ] placing card 79 in slot 3
[05:04:15.669] [SEVERE ] placing card 48 in slot 8
[05:04:15.781] [SEVERE ] placing card 42 in slot 6
[05:04:15.892] [SEVERE ] placing card 49 in slot 0
[05:04:16.002] [SEVERE ] placing card 23 in slot 11
[05:04:16.112] [SEVERE ] placing card 64 in slot 4
[05:04:16.223] [SEVERE ] placing card 73 in slot 1
[05:04:16.334] [SEVERE ] placing card 44 in slot 7
[05:04:16.444] [SEVERE ] placing card 63 in slot 2
[05:04:16.555] [SEVERE ] placing card 55 in slot 10
[05:04:16.665] [SEVERE ] placing card 74 in slot 9
[05:04:16.707] [SEVERE ] updating countdown to 60000
[05:04:16.711] [INFO   ] thread Player: 01 created.
[05:04:16.713] [INFO   ] thread Player: 01 starting.
[05:04:16.713] [INFO   ] thread Player: 11 created.
[05:04:16.714] [INFO   ] thread Player: 11 starting.
[05:04:16.720] [INFO   ] thread computer-1 starting.
[05:04:16.722] [SEVERE ] player 2 placing token on slot 6
[05:04:16.722] [INFO   ] thread computer-0 starting.
[05:04:16.724] [SEVERE ] player 2 placing token on slot 2
[05:04:16.725] [SEVERE ] player 1 placing token on slot 2
[05:04:16.726] [SEVERE ] player 2 placing token on slot 10
[05:04:16.727] [SEVERE ] player 1 placing token on slot 3
[05:04:16.729] [SEVERE ] player 1 placing token on slot 9
[05:04:16.734] [SEVERE ] updating countdown to 59973
[05:04:16.741] [SEVERE ] updating countdown to 59966
[05:04:16.741] [SEVERE ] setting player 2 freeze to 3000
[05:04:16.743] [SEVERE ] setting player 1 freeze to 3000
[05:04:17.246] [SEVERE ] updating countdown to 59461
[05:04:17.752] [SEVERE ] setting player 1 freeze to 2000
[05:04:17.752] [SEVERE ] setting player 2 freeze to 2000
[05:04:17.752] [SEVERE ] updating countdown to 58955
[05:04:18.258] [SEVERE ] updating countdown to 58449
[05:04:18.758] [SEVERE ] setting player 1 freeze to 1000
[05:04:18.758] [SEVERE ] updating countdown to 57949
[05:04:18.758] [SEVERE ] setting player 2 freeze to 1000
[05:04:19.258] [SEVERE ] updating countdown to 57449
[05:04:19.756] [SEVERE ] updating countdown to 56951
[05:04:19.771] [SEVERE ] setting player 2 freeze to 0
[05:04:19.771] [SEVERE ] setting player 1 freeze to 0
[05:04:19.772] [SEVERE ] removing player 2 token from slot 10
[05:04:19.772] [SEVERE ] removing player 1 token from slot 3
[05:04:19.773] [SEVERE ] player 2 placing token on slot 0
[05:04:19.773] [SEVERE ] player 1 placing token on slot 1
[05:04:19.774] [SEVERE ] updating countdown to 56933
[05:04:19.775] [SEVERE ] setting player 2 freeze to 3000
[05:04:19.775] [SEVERE ] updating countdown to 56932
[05:04:19.776] [SEVERE ] setting player 1 freeze to 3000
[05:04:20.284] [SEVERE ] updating countdown to 56423
[05:04:20.780] [SEVERE ] setting player 2 freeze to 2000
[05:04:20.780] [SEVERE ] setting player 1 freeze to 2000
[05:04:20.780] [SEVERE ] updating countdown to 55927
[05:04:21.277] [SEVERE ] updating countdown to 55430
[05:04:21.777] [SEVERE ] updating countdown to 54930
[05:04:21.793] [SEVERE ] setting player 1 freeze to 1000
[05:04:21.793] [SEVERE ] setting player 2 freeze to 1000
[05:04:22.274] [SEVERE ] updating countdown to 54433
[05:04:22.774] [SEVERE ] updating countdown to 53933
[05:04:22.805] [SEVERE ] setting player 2 freeze to 0
[05:04:22.805] [SEVERE ] setting player 1 freeze to 0
[05:04:22.805] [SEVERE ] removing player 2 token from slot 0
[05:04:22.805] [SEVERE ] removing player 1 token from slot 1
[05:04:22.805] [SEVERE ] player 2 placing token on slot 0
[05:04:22.806] [SEVERE ] removing player 1 token from slot 2
[05:04:22.806] [SEVERE ] player 1 placing token on slot 11
[05:04:22.806] [SEVERE ] updating countdown to 53901
[05:04:22.806] [SEVERE ] removing player 1 token from slot 11
[05:04:22.807] [SEVERE ] setting player 2 freeze to 3000
[05:04:22.807] [SEVERE ] player 1 placing token on slot 1
[05:04:22.807] [SEVERE ] player 1 placing token on slot 0
[05:04:22.808] [SEVERE ] updating countdown to 53899
[05:04:22.808] [SEVERE ] setting player 1 freeze to 3000
[05:04:23.304] [SEVERE ] updating countdown to 53403
[05:04:23.803] [SEVERE ] updating countdown to 52904
[05:04:23.819] [SEVERE ] setting player 1 freeze to 2000
[05:04:23.819] [SEVERE ] setting player 2 freeze to 2000
[05:04:24.302] [SEVERE ] updating countdown to 52405
[05:04:24.799] [SEVERE ] updating countdown to 51908
[05:04:24.830] [SEVERE ] setting player 1 freeze to 1000
[05:04:24.830] [SEVERE ] setting player 2 freeze to 1000
[05:04:25.295] [SEVERE ] updating countdown to 51412
[05:04:25.790] [SEVERE ] updating countdown to 50917
[05:04:25.837] [SEVERE ] setting player 2 freeze to 0
[05:04:25.837] [SEVERE ] setting player 1 freeze to 0
[05:04:25.838] [SEVERE ] removing player 2 token from slot 6
[05:04:25.838] [SEVERE ] removing player 1 token from slot 1
[05:04:25.839] [SEVERE ] player 2 placing token on slot 8
[05:04:25.839] [SEVERE ] player 1 placing token on slot 6
[05:04:25.840] [SEVERE ] updating countdown to 50867
[05:04:25.840] [SEVERE ] updating countdown to 50867
[05:04:25.841] [SEVERE ] setting player 2 freeze to 3000
[05:04:25.841] [SEVERE ] setting player 1 freeze to 3000
[05:04:26.336] [SEVERE ] updating countdown to 50371
[05:04:26.833] [SEVERE ] updating countdown to 49874
[05:04:26.848] [SEVERE ] setting player 1 freeze to 2000
[05:04:26.848] [SEVERE ] setting player 2 freeze to 2000
[05:04:27.332] [SEVERE ] updating countdown to 49375
[05:04:27.830] [SEVERE ] updating countdown to 48877
[05:04:27.860] [SEVERE ] setting player 2 freeze to 1000
[05:04:27.860] [SEVERE ] setting player 1 freeze to 1000
[05:04:28.326] [SEVERE ] updating countdown to 48381
[05:04:28.824] [SEVERE ] updating countdown to 47883
[05:04:28.869] [SEVERE ] setting player 2 freeze to 0
[05:04:28.869] [SEVERE ] setting player 1 freeze to 0
[05:04:28.870] [SEVERE ] removing player 2 token from slot 0
[05:04:28.870] [SEVERE ] player 2 placing token on slot 0
[05:04:28.870] [SEVERE ] removing player 1 token from slot 0
[05:04:28.871] [SEVERE ] updating countdown to 47836
[05:04:28.871] [SEVERE ] player 1 placing token on slot 1
[05:04:28.872] [SEVERE ] setting player 2 freeze to 3000
[05:04:28.872] [SEVERE ] updating countdown to 47835
[05:04:28.873] [SEVERE ] setting player 1 freeze to 3000
[05:04:29.381] [SEVERE ] updating countdown to 47326
[05:04:29.881] [SEVERE ] setting player 2 freeze to 2000
[05:04:29.881] [SEVERE ] updating countdown to 46826
[05:04:29.881] [SEVERE ] setting player 1 freeze to 2000
[05:04:30.378] [SEVERE ] updating countdown to 46329
[05:04:30.874] [SEVERE ] updating countdown to 45833
[05:04:30.889] [SEVERE ] setting player 1 freeze to 1000
[05:04:30.889] [SEVERE ] setting player 2 freeze to 1000
[05:04:31.374] [SEVERE ] updating countdown to 45333
[05:04:31.871] [SEVERE ] updating countdown to 44836
[05:04:31.902] [SEVERE ] setting player 1 freeze to 0
[05:04:31.902] [SEVERE ] setting player 2 freeze to 0
[05:04:31.903] [SEVERE ] removing player 1 token from slot 9
[05:04:31.903] [SEVERE ] removing player 2 token from slot 8
[05:04:31.903] [SEVERE ] player 1 placing token on slot 11
[05:04:31.903] [SEVERE ] player 2 placing token on slot 5
[05:04:31.904] [SEVERE ] updating countdown to 44803
[05:04:31.904] [SEVERE ] updating countdown to 44803
[05:04:31.904] [SEVERE ] setting player 1 freeze to 3000
[05:04:31.904] [SEVERE ] setting player 2 freeze to 3000
[05:04:32.401] [SEVERE ] updating countdown to 44306
[05:04:32.897] [SEVERE ] updating countdown to 43810
[05:04:32.913] [SEVERE ] setting player 1 freeze to 2000
[05:04:32.913] [SEVERE ] setting player 2 freeze to 2000
[05:04:33.395] [SEVERE ] updating countdown to 43312
[05:04:33.893] [SEVERE ] updating countdown to 42814
[05:04:33.924] [SEVERE ] setting player 2 freeze to 1000
[05:04:33.924] [SEVERE ] setting player 1 freeze to 1000
[05:04:34.389] [SEVERE ] updating countdown to 42318
[05:04:34.888] [SEVERE ] updating countdown to 41819
[05:04:34.935] [SEVERE ] setting player 2 freeze to 0
[05:04:34.935] [SEVERE ] setting player 1 freeze to 0
[05:04:34.936] [SEVERE ] removing player 2 token from slot 2
[05:04:34.936] [SEVERE ] removing player 1 token from slot 11
[05:04:34.936] [SEVERE ] player 2 placing token on slot 10
[05:04:34.937] [SEVERE ] removing player 1 token from slot 6
[05:04:34.937] [SEVERE ] updating countdown to 41770
[05:04:34.937] [SEVERE ] player 1 placing token on slot 8
[05:04:34.938] [SEVERE ] setting player 2 freeze to 3000
[05:04:34.938] [SEVERE ] player 1 placing token on slot 3
[05:04:34.939] [SEVERE ] updating countdown to 41768
[05:04:34.939] [SEVERE ] setting player 1 freeze to 3000
[05:04:35.434] [SEVERE ] updating countdown to 41273
[05:04:35.933] [SEVERE ] updating countdown to 40774
[05:04:35.948] [SEVERE ] setting player 2 freeze to 2000
[05:04:35.948] [SEVERE ] setting player 1 freeze to 2000
[05:04:36.430] [SEVERE ] updating countdown to 40277
[05:04:36.934] [SEVERE ] updating countdown to 39773
[05:04:36.964] [SEVERE ] setting player 2 freeze to 1000
[05:04:36.964] [SEVERE ] setting player 1 freeze to 1000
[05:04:37.431] [SEVERE ] updating countdown to 39276
[05:04:37.930] [SEVERE ] updating countdown to 38777
[05:04:37.976] [SEVERE ] setting player 2 freeze to 0
[05:04:37.976] [SEVERE ] setting player 1 freeze to 0
[05:04:37.977] [SEVERE ] removing player 2 token from slot 0
[05:04:37.977] [SEVERE ] removing player 1 token from slot 3
[05:04:37.977] [SEVERE ] removing player 2 token from slot 10
[05:04:37.977] [SEVERE ] player 1 placing token on slot 3
[05:04:37.978] [SEVERE ] player 2 placing token on slot 9
[05:04:37.978] [SEVERE ] updating countdown to 38729
[05:04:37.979] [SEVERE ] player 2 placing token on slot 0
[05:04:37.979] [SEVERE ] setting player 1 freeze to 3000
[05:04:37.979] [SEVERE ] updating countdown to 38728
[05:04:37.980] [SEVERE ] setting player 2 freeze to 3000
[05:04:38.488] [SEVERE ] updating countdown to 38219
[05:04:38.989] [SEVERE ] setting player 1 freeze to 2000
[05:04:38.989] [SEVERE ] updating countdown to 37718
[05:04:38.989] [SEVERE ] setting player 2 freeze to 2000
[05:04:39.490] [SEVERE ] updating countdown to 37217
[05:04:39.989] [SEVERE ] updating countdown to 36718
[05:04:40.005] [SEVERE ] setting player 1 freeze to 1000
[05:04:40.005] [SEVERE ] setting player 2 freeze to 1000
[05:04:40.488] [SEVERE ] updating countdown to 36219
[05:04:40.985] [SEVERE ] updating countdown to 35722
[05:04:41.017] [SEVERE ] setting player 1 freeze to 0
[05:04:41.017] [SEVERE ] setting player 2 freeze to 0
[05:04:41.018] [SEVERE ] removing player 2 token from slot 9
[05:04:41.018] [SEVERE ] removing player 1 token from slot 8
[05:04:41.018] [SEVERE ] player 2 placing token on slot 6
[05:04:41.018] [SEVERE ] player 1 placing token on slot 0
[05:04:41.019] [SEVERE ] updating countdown to 35688
[05:04:41.019] [SEVERE ] updating countdown to 35688
[05:04:41.019] [SEVERE ] setting player 2 freeze to 3000
[05:04:41.020] [SEVERE ] setting player 1 freeze to 3000
[05:04:41.515] [SEVERE ] updating countdown to 35192
[05:04:42.015] [SEVERE ] updating countdown to 34692
[05:04:42.031] [SEVERE ] setting player 2 freeze to 2000
[05:04:42.031] [SEVERE ] setting player 1 freeze to 2000
[05:04:42.519] [SEVERE ] updating countdown to 34188
[05:04:43.019] [SEVERE ] updating countdown to 33688
[05:04:43.034] [SEVERE ] setting player 2 freeze to 1000
[05:04:43.034] [SEVERE ] setting player 1 freeze to 1000
[05:04:43.516] [SEVERE ] updating countdown to 33191
[05:04:44.016] [SEVERE ] updating countdown to 32691
[05:04:44.047] [SEVERE ] setting player 1 freeze to 0
[05:04:44.047] [SEVERE ] setting player 2 freeze to 0
[05:04:44.047] [SEVERE ] removing player 1 token from slot 1
[05:04:44.047] [SEVERE ] removing player 2 token from slot 0
[05:04:44.047] [SEVERE ] player 1 placing token on slot 10
[05:04:44.047] [SEVERE ] player 2 placing token on slot 4
[05:04:44.048] [SEVERE ] updating countdown to 32659
[05:04:44.048] [SEVERE ] updating countdown to 32659
[05:04:44.048] [SEVERE ] setting player 1 freeze to 3000
[05:04:44.048] [SEVERE ] setting player 2 freeze to 3000
[05:04:44.545] [SEVERE ] updating countdown to 32162
[05:04:45.043] [SEVERE ] updating countdown to 31664
[05:04:45.059] [SEVERE ] setting player 1 freeze to 2000
[05:04:45.059] [SEVERE ] setting player 2 freeze to 2000
[05:04:45.541] [SEVERE ] updating countdown to 31166
[05:04:46.040] [SEVERE ] updating countdown to 30667
[05:04:46.072] [SEVERE ] setting player 2 freeze to 1000
[05:04:46.072] [SEVERE ] setting player 1 freeze to 1000
[05:04:46.539] [SEVERE ] updating countdown to 30168
[05:04:47.034] [SEVERE ] updating countdown to 29673
[05:04:47.081] [SEVERE ] setting player 1 freeze to 0
[05:04:47.081] [SEVERE ] setting player 2 freeze to 0
[05:04:47.082] [SEVERE ] removing player 1 token from slot 3
[05:04:47.082] [SEVERE ] removing player 2 token from slot 6
[05:04:47.082] [SEVERE ] player 1 placing token on slot 11
[05:04:47.082] [SEVERE ] player 2 placing token on slot 11
[05:04:47.083] [SEVERE ] updating countdown to 29625
[05:04:47.083] [SEVERE ] updating countdown to 29624
[05:04:47.083] [SEVERE ] setting player 1 freeze to 3000
[05:04:47.084] [SEVERE ] setting player 2 freeze to 3000
[05:04:47.582] [SEVERE ] updating countdown to 29125
[05:04:48.080] [SEVERE ] updating countdown to 28627
[05:04:48.095] [SEVERE ] setting player 2 freeze to 2000
[05:04:48.095] [SEVERE ] setting player 1 freeze to 2000
[05:04:48.577] [SEVERE ] updating countdown to 28130
[05:04:49.077] [SEVERE ] updating countdown to 27630
[05:04:49.108] [SEVERE ] setting player 2 freeze to 1000
[05:04:49.108] [SEVERE ] setting player 1 freeze to 1000
[05:04:49.573] [SEVERE ] updating countdown to 27134
[05:04:50.072] [SEVERE ] updating countdown to 26635
[05:04:50.119] [SEVERE ] setting player 2 freeze to 0
[05:04:50.119] [SEVERE ] setting player 1 freeze to 0
[05:04:50.120] [SEVERE ] removing player 2 token from slot 4
[05:04:50.120] [SEVERE ] removing player 1 token from slot 10
[05:04:50.120] [SEVERE ] player 2 placing token on slot 7
[05:04:50.121] [SEVERE ] player 1 placing token on slot 6
[05:04:50.121] [SEVERE ] updating countdown to 26586
[05:04:50.121] [SEVERE ] updating countdown to 26586
[05:04:50.121] [SEVERE ] setting player 2 freeze to 3000
[05:04:50.122] [SEVERE ] setting player 1 freeze to 3000
[05:04:50.632] [SEVERE ] updating countdown to 26075
[05:04:51.130] [SEVERE ] setting player 1 freeze to 2000
[05:04:51.130] [SEVERE ] updating countdown to 25577
[05:04:51.130] [SEVERE ] setting player 2 freeze to 2000
[05:04:51.627] [SEVERE ] updating countdown to 25080
[05:04:52.127] [SEVERE ] updating countdown to 24580
[05:04:52.142] [SEVERE ] setting player 1 freeze to 1000
[05:04:52.142] [SEVERE ] setting player 2 freeze to 1000
[05:04:52.628] [SEVERE ] updating countdown to 24079
[05:04:53.129] [SEVERE ] updating countdown to 23578
[05:04:53.145] [SEVERE ] setting player 1 freeze to 0
[05:04:53.145] [SEVERE ] setting player 2 freeze to 0
[05:04:53.145] [SEVERE ] removing player 1 token from slot 11
[05:04:53.145] [SEVERE ] removing player 2 token from slot 7
[05:04:53.145] [SEVERE ] player 1 placing token on slot 11
[05:04:53.145] [SEVERE ] player 2 placing token on slot 9
[05:04:53.145] [SEVERE ] updating countdown to 23562
[05:04:53.145] [SEVERE ] setting player 1 freeze to 3000
[05:04:53.145] [SEVERE ] updating countdown to 23562
[05:04:53.146] [SEVERE ] setting player 2 freeze to 3000
[05:04:53.643] [SEVERE ] updating countdown to 23064
[05:04:54.144] [SEVERE ] updating countdown to 22563
[05:04:54.159] [SEVERE ] setting player 2 freeze to 2000
[05:04:54.159] [SEVERE ] setting player 1 freeze to 2000
[05:04:54.641] [SEVERE ] updating countdown to 22066
[05:04:55.141] [SEVERE ] updating countdown to 21566
[05:04:55.171] [SEVERE ] setting player 2 freeze to 1000
[05:04:55.171] [SEVERE ] setting player 1 freeze to 1000
[05:04:55.637] [SEVERE ] updating countdown to 21070
[05:04:56.135] [SEVERE ] updating countdown to 20572
[05:04:56.183] [SEVERE ] setting player 2 freeze to 0
[05:04:56.183] [SEVERE ] setting player 1 freeze to 0
[05:04:56.183] [SEVERE ] removing player 2 token from slot 5
[05:04:56.183] [SEVERE ] player 2 placing token on slot 10
[05:04:56.183] [SEVERE ] removing player 1 token from slot 6
[05:04:56.183] [SEVERE ] updating countdown to 20524
[05:04:56.183] [SEVERE ] player 1 placing token on slot 9
[05:04:56.184] [SEVERE ] setting player 2 freeze to 3000
[05:04:56.184] [SEVERE ] updating countdown to 20523
[05:04:56.184] [SEVERE ] setting player 1 freeze to 3000
[05:04:56.679] [SEVERE ] updating countdown to 20028
[05:04:57.178] [SEVERE ] updating countdown to 19529
[05:04:57.194] [SEVERE ] setting player 1 freeze to 2000
[05:04:57.194] [SEVERE ] setting player 2 freeze to 2000
[05:04:57.680] [SEVERE ] updating countdown to 19027
[05:04:58.177] [SEVERE ] updating countdown to 18530
[05:04:58.208] [SEVERE ] setting player 2 freeze to 1000
[05:04:58.208] [SEVERE ] setting player 1 freeze to 1000
[05:04:58.674] [SEVERE ] updating countdown to 18033
[05:04:59.170] [SEVERE ] updating countdown to 17537
[05:04:59.216] [SEVERE ] setting player 2 freeze to 0
[05:04:59.216] [SEVERE ] setting player 1 freeze to 0
[05:04:59.217] [SEVERE ] removing player 2 token from slot 11
[05:04:59.217] [SEVERE ] removing player 1 token from slot 0
[05:04:59.217] [SEVERE ] removing player 2 token from slot 9
[05:04:59.217] [SEVERE ] player 1 placing token on slot 1
[05:04:59.218] [SEVERE ] player 2 placing token on slot 0
[05:04:59.218] [SEVERE ] updating countdown to 17489
[05:04:59.218] [SEVERE ] player 2 placing token on slot 7
[05:04:59.219] [SEVERE ] setting player 1 freeze to 3000
[05:04:59.219] [SEVERE ] updating countdown to 17488
[05:04:59.219] [SEVERE ] setting player 2 freeze to 3000
[05:04:59.715] [SEVERE ] updating countdown to 16992
[05:05:00.220] [SEVERE ] setting player 1 freeze to 2000
[05:05:00.220] [SEVERE ] updating countdown to 16487
[05:05:00.235] [SEVERE ] setting player 2 freeze to 2000
[05:05:00.716] [SEVERE ] updating countdown to 15991
[05:05:01.213] [SEVERE ] updating countdown to 15494
[05:05:01.229] [SEVERE ] setting player 1 freeze to 1000
[05:05:01.244] [SEVERE ] setting player 2 freeze to 1000
[05:05:01.710] [SEVERE ] updating countdown to 14997
[05:05:02.207] [SEVERE ] updating countdown to 14500
[05:05:02.239] [SEVERE ] setting player 1 freeze to 0
[05:05:02.239] [SEVERE ] removing player 1 token from slot 9
[05:05:02.239] [SEVERE ] player 1 placing token on slot 8
[05:05:02.240] [SEVERE ] updating countdown to 14467
[05:05:02.240] [SEVERE ] setting player 1 freeze to 3000
[05:05:02.255] [SEVERE ] setting player 2 freeze to 0
[05:05:02.256] [SEVERE ] removing player 2 token from slot 7
[05:05:02.256] [SEVERE ] removing player 2 token from slot 10
[05:05:02.256] [SEVERE ] player 2 placing token on slot 3
[05:05:02.256] [SEVERE ] player 2 placing token on slot 7
[05:05:02.257] [SEVERE ] updating countdown to 14450
[05:05:02.257] [SEVERE ] setting player 2 freeze to 3000
[05:05:02.755] [SEVERE ] updating countdown to 13952
[05:05:03.254] [SEVERE ] setting player 1 freeze to 2000
[05:05:03.254] [SEVERE ] updating countdown to 13453
[05:05:03.270] [SEVERE ] setting player 2 freeze to 2000
[05:05:03.753] [SEVERE ] updating countdown to 12954
[05:05:04.253] [SEVERE ] updating countdown to 12454
[05:05:04.269] [SEVERE ] setting player 1 freeze to 1000
[05:05:04.284] [SEVERE ] setting player 2 freeze to 1000
[05:05:04.752] [SEVERE ] updating countdown to 11955
[05:05:05.247] [SEVERE ] updating countdown to 11460
[05:05:05.278] [SEVERE ] setting player 1 freeze to 0
[05:05:05.279] [SEVERE ] removing player 1 token from slot 1
[05:05:05.279] [SEVERE ] player 1 placing token on slot 4
[05:05:05.279] [SEVERE ] updating countdown to 11428
[05:05:05.280] [SEVERE ] setting player 1 freeze to 3000
[05:05:05.294] [SEVERE ] setting player 2 freeze to 0
[05:05:05.295] [SEVERE ] removing player 2 token from slot 7
[05:05:05.295] [SEVERE ] player 2 placing token on slot 2
[05:05:05.295] [SEVERE ] updating countdown to 11412
[05:05:05.296] [SEVERE ] setting player 2 freeze to 3000
[05:05:05.793] [SEVERE ] updating countdown to 10914
[05:05:06.292] [SEVERE ] updating countdown to 10415
[05:05:06.292] [SEVERE ] setting player 1 freeze to 2000
[05:05:06.307] [SEVERE ] setting player 2 freeze to 2000
[05:05:06.803] [SEVERE ] updating countdown to 9904
[05:05:07.302] [SEVERE ] updating countdown to 9405
[05:05:07.302] [SEVERE ] setting player 1 freeze to 1000
[05:05:07.317] [SEVERE ] setting player 2 freeze to 1000
[05:05:07.801] [SEVERE ] updating countdown to 8906
[05:05:08.302] [SEVERE ] setting player 1 freeze to 0
[05:05:08.302] [SEVERE ] updating countdown to 8405
[05:05:08.303] [SEVERE ] removing player 1 token from slot 8
[05:05:08.303] [SEVERE ] player 1 placing token on slot 7
[05:05:08.303] [SEVERE ] updating countdown to 8404
[05:05:08.304] [SEVERE ] setting player 1 freeze to 3000
[05:05:08.318] [SEVERE ] setting player 2 freeze to 0
[05:05:08.318] [SEVERE ] removing player 2 token from slot 0
[05:05:08.318] [SEVERE ] player 2 placing token on slot 7
[05:05:08.319] [SEVERE ] updating countdown to 8388
[05:05:08.319] [SEVERE ] setting player 2 freeze to 3000
[05:05:08.817] [SEVERE ] updating countdown to 7890
[05:05:09.315] [SEVERE ] setting player 1 freeze to 2000
[05:05:09.315] [SEVERE ] updating countdown to 7392
[05:05:09.331] [SEVERE ] setting player 2 freeze to 2000
[05:05:09.813] [SEVERE ] updating countdown to 6894
[05:05:10.312] [SEVERE ] updating countdown to 6395
[05:05:10.327] [SEVERE ] setting player 1 freeze to 1000
[05:05:10.343] [SEVERE ] setting player 2 freeze to 1000
[05:05:10.810] [SEVERE ] updating countdown to 5897
[05:05:11.308] [SEVERE ] updating countdown to 5399
[05:05:11.339] [SEVERE ] setting player 1 freeze to 0
[05:05:11.340] [SEVERE ] removing player 1 token from slot 7
[05:05:11.340] [SEVERE ] removing player 1 token from slot 4
[05:05:11.340] [SEVERE ] player 1 placing token on slot 9
[05:05:11.340] [SEVERE ] player 1 placing token on slot 1
[05:05:11.340] [SEVERE ] updating countdown to 5367
[05:05:11.341] [SEVERE ] setting player 1 freeze to 3000
[05:05:11.355] [SEVERE ] setting player 2 freeze to 0
[05:05:11.356] [SEVERE ] removing player 2 token from slot 3
[05:05:11.356] [SEVERE ] removing player 2 token from slot 2
[05:05:11.356] [SEVERE ] player 2 placing token on slot 5
[05:05:11.356] [SEVERE ] player 2 placing token on slot 4
[05:05:11.356] [SEVERE ] updating countdown to 5351
[05:05:11.357] [SEVERE ] setting player 2 freeze to 3000
[05:05:12.354] [SEVERE ] setting player 1 freeze to 2000
[05:05:12.370] [SEVERE ] setting player 2 freeze to 2000
[05:05:13.355] [SEVERE ] setting player 1 freeze to 1000
[05:05:13.372] [SEVERE ] setting player 2 freeze to 1000
[05:05:14.368] [SEVERE ] setting player 1 freeze to 0
[05:05:14.368] [SEVERE ] removing player 1 token from slot 11
[05:05:14.368] [SEVERE ] player 1 placing token on slot 2
[05:05:14.369] [SEVERE ] setting player 1 freeze to 3000
[05:05:14.385] [SEVERE ] setting player 2 freeze to 0
[05:05:14.385] [SEVERE ] removing player 2 token from slot 7
[05:05:14.386] [SEVERE ] player 2 placing token on slot 6
[05:05:14.386] [SEVERE ] setting player 2 freeze to 3000
[05:05:15.381] [SEVERE ] setting player 1 freeze to 2000
[05:05:15.397] [SEVERE ] setting player 2 freeze to 2000
[05:05:16.393] [SEVERE ] setting player 1 freeze to 1000
[05:05:16.408] [SEVERE ] setting player 2 freeze to 1000
[05:05:16.877] [SEVERE ] updating countdown to 0
[05:05:16.877] [SEVERE ] updating countdown to 0
[05:05:16.987] [SEVERE ] removing tokens from slot 10
[05:05:16.987] [SEVERE ] removing card from slot 10
[05:05:17.095] [SEVERE ] removing tokens from slot 0
[05:05:17.095] [SEVERE ] removing card from slot 0
[05:05:17.205] [SEVERE ] removing tokens from slot 1
[05:05:17.205] [SEVERE ] removing card from slot 1
[05:05:17.312] [SEVERE ] removing tokens from slot 11
[05:05:17.312] [SEVERE ] removing card from slot 11
[05:05:17.407] [SEVERE ] setting player 1 freeze to 0
[05:05:17.423] [SEVERE ] setting player 2 freeze to 0
[05:05:17.423] [SEVERE ] removing tokens from slot 9
[05:05:17.423] [SEVERE ] removing card from slot 9
[05:05:17.535] [SEVERE ] removing tokens from slot 4
[05:05:17.535] [SEVERE ] removing card from slot 4
[05:05:17.643] [SEVERE ] removing tokens from slot 8
[05:05:17.643] [SEVERE ] removing card from slot 8
[05:05:17.750] [SEVERE ] removing tokens from slot 2
[05:05:17.750] [SEVERE ] removing card from slot 2
[05:05:17.860] [SEVERE ] removing tokens from slot 6
[05:05:17.860] [SEVERE ] removing card from slot 6
[05:05:17.968] [SEVERE ] removing tokens from slot 5
[05:05:17.968] [SEVERE ] removing card from slot 5
[05:05:18.079] [SEVERE ] removing tokens from slot 7
[05:05:18.079] [SEVERE ] removing card from slot 7
[05:05:18.186] [SEVERE ] removing tokens from slot 3
[05:05:18.186] [SEVERE ] removing card from slot 3
[05:05:18.295] [SEVERE ] placing card 17 in slot 0
[05:05:18.403] [SEVERE ] placing card 9 in slot 1
[05:05:18.513] [SEVERE ] placing card 19 in slot 7
[05:05:18.623] [SEVERE ] placing card 79 in slot 10
[05:05:18.731] [SEVERE ] placing card 52 in slot 5
[05:05:18.841] [SEVERE ] placing card 75 in slot 4
[05:05:18.950] [SEVERE ] placing card 30 in slot 3
[05:05:19.059] [SEVERE ] placing card 69 in slot 11
[05:05:19.170] [SEVERE ] placing card 21 in slot 6
[05:05:19.279] [SEVERE ] placing card 50 in slot 2
[05:05:19.388] [SEVERE ] placing card 47 in slot 9
[05:05:19.495] [SEVERE ] placing card 32 in slot 8
[05:05:19.495] [SEVERE ] player 2 placing token on slot 1
[05:05:19.495] [SEVERE ] player 1 placing token on slot 1
[05:05:19.496] [SEVERE ] player 1 placing token on slot 5
[05:05:19.495] [SEVERE ] player 2 placing token on slot 9
[05:05:19.496] [SEVERE ] player 1 placing token on slot 6
[05:05:19.496] [SEVERE ] player 2 placing token on slot 5
[05:05:19.498] [SEVERE ] updating countdown to 60000
[05:05:19.498] [SEVERE ] updating countdown to 60000
[05:05:19.498] [SEVERE ] setting player 1 freeze to 3000
[05:05:19.498] [SEVERE ] updating countdown to 60000
[05:05:19.498] [SEVERE ] setting player 2 freeze to 3000
[05:05:19.996] [SEVERE ] updating countdown to 59502
[05:05:20.498] [SEVERE ] updating countdown to 59000
[05:05:20.513] [SEVERE ] setting player 1 freeze to 2000
[05:05:20.513] [SEVERE ] setting player 2 freeze to 2000
[05:05:20.996] [SEVERE ] updating countdown to 58502
[05:05:21.505] [SEVERE ] updating countdown to 57993
[05:05:21.520] [SEVERE ] setting player 1 freeze to 1000
[05:05:21.520] [SEVERE ] setting player 2 freeze to 1000
[05:05:22.003] [SEVERE ] updating countdown to 57495
[05:05:22.504] [SEVERE ] updating countdown to 56994
[05:05:22.536] [SEVERE ] setting player 1 freeze to 0
[05:05:22.536] [SEVERE ] setting player 2 freeze to 0
[05:05:22.536] [SEVERE ] removing player 1 token from slot 1
[05:05:22.536] [SEVERE ] removing player 2 token from slot 9
[05:05:22.536] [SEVERE ] player 1 placing token on slot 9
[05:05:22.536] [SEVERE ] player 2 placing token on slot 10
[05:05:22.536] [SEVERE ] updating countdown to 56962
[05:05:22.536] [SEVERE ] setting player 1 freeze to 3000
[05:05:22.537] [SEVERE ] updating countdown to 56961
[05:05:22.537] [SEVERE ] setting player 2 freeze to 3000
[05:05:23.038] [SEVERE ] updating countdown to 56460
[05:05:23.536] [SEVERE ] updating countdown to 55962
[05:05:23.553] [SEVERE ] setting player 2 freeze to 2000
[05:05:23.553] [SEVERE ] setting player 1 freeze to 2000
[05:05:24.036] [SEVERE ] updating countdown to 55462
[05:05:24.534] [SEVERE ] updating countdown to 54964
[05:05:24.566] [SEVERE ] setting player 2 freeze to 1000
[05:05:24.566] [SEVERE ] setting player 1 freeze to 1000
[05:05:25.032] [SEVERE ] updating countdown to 54466
[05:05:25.527] [SEVERE ] updating countdown to 53971
[05:05:25.574] [SEVERE ] setting player 1 freeze to 0
[05:05:25.574] [SEVERE ] setting player 2 freeze to 0
[05:05:25.574] [SEVERE ] removing player 1 token from slot 9
[05:05:25.575] [SEVERE ] removing player 2 token from slot 10
[05:05:25.575] [SEVERE ] player 1 placing token on slot 4
[05:05:25.575] [SEVERE ] player 2 placing token on slot 4
[05:05:25.575] [SEVERE ] updating countdown to 53923
[05:05:25.576] [SEVERE ] updating countdown to 53922
[05:05:25.576] [SEVERE ] setting player 1 freeze to 3000
[05:05:25.576] [SEVERE ] setting player 2 freeze to 3000
[05:05:26.074] [SEVERE ] updating countdown to 53424
[05:05:26.580] [SEVERE ] setting player 1 freeze to 2000
[05:05:26.580] [SEVERE ] updating countdown to 52918
[05:05:26.580] [SEVERE ] setting player 2 freeze to 2000
[05:05:27.078] [SEVERE ] updating countdown to 52420
[05:05:27.575] [SEVERE ] updating countdown to 51923
[05:05:27.591] [SEVERE ] setting player 1 freeze to 1000
[05:05:27.591] [SEVERE ] setting player 2 freeze to 1000
[05:05:28.074] [SEVERE ] updating countdown to 51424
[05:05:28.573] [SEVERE ] updating countdown to 50925
[05:05:28.605] [SEVERE ] setting player 1 freeze to 0
[05:05:28.605] [SEVERE ] setting player 2 freeze to 0
[05:05:28.605] [SEVERE ] removing player 1 token from slot 5
[05:05:28.606] [SEVERE ] removing player 2 token from slot 1
[05:05:28.606] [SEVERE ] player 1 placing token on slot 7
[05:05:28.606] [SEVERE ] removing player 2 token from slot 5
[05:05:28.607] [SEVERE ] player 2 placing token on slot 5
[05:05:28.606] [SEVERE ] updating countdown to 50892
[05:05:28.607] [SEVERE ] player 2 placing token on slot 3
[05:05:28.607] [SEVERE ] setting player 1 freeze to 3000
[05:05:28.607] [SEVERE ] updating countdown to 50891
[05:05:28.608] [SEVERE ] setting player 2 freeze to 3000
[05:05:29.103] [SEVERE ] updating countdown to 50395
[05:05:29.603] [SEVERE ] updating countdown to 49895
[05:05:29.618] [SEVERE ] setting player 1 freeze to 2000
[05:05:29.618] [SEVERE ] setting player 2 freeze to 2000
[05:05:30.100] [SEVERE ] updating countdown to 49398
[05:05:30.600] [SEVERE ] updating countdown to 48898
[05:05:30.631] [SEVERE ] setting player 2 freeze to 1000
[05:05:30.631] [SEVERE ] setting player 1 freeze to 1000
[05:05:31.098] [SEVERE ] updating countdown to 48400
[05:05:31.597] [SEVERE ] updating countdown to 47901
[05:05:31.644] [SEVERE ] setting player 2 freeze to 0
[05:05:31.644] [SEVERE ] setting player 1 freeze to 0
[05:05:31.646] [SEVERE ] removing player 2 token from slot 5
[05:05:31.646] [SEVERE ] removing player 1 token from slot 4
[05:05:31.647] [SEVERE ] player 1 placing token on slot 8
[05:05:31.647] [SEVERE ] player 2 placing token on slot 0
[05:05:31.647] [SEVERE ] updating countdown to 47851
[05:05:31.647] [SEVERE ] updating countdown to 47851
[05:05:31.647] [SEVERE ] setting player 1 freeze to 3000
[05:05:31.647] [SEVERE ] setting player 2 freeze to 3000
[05:05:32.144] [SEVERE ] updating countdown to 47354
[05:05:32.641] [SEVERE ] updating countdown to 46857
[05:05:32.656] [SEVERE ] setting player 1 freeze to 2000
[05:05:32.656] [SEVERE ] setting player 2 freeze to 2000
[05:05:33.138] [SEVERE ] updating countdown to 46360
[05:05:33.638] [SEVERE ] updating countdown to 45860
[05:05:33.669] [SEVERE ] setting player 2 freeze to 1000
[05:05:33.669] [SEVERE ] setting player 1 freeze to 1000
[05:05:34.136] [SEVERE ] updating countdown to 45362
[05:05:34.635] [SEVERE ] updating countdown to 44863
[05:05:34.683] [SEVERE ] setting player 1 freeze to 0
[05:05:34.683] [SEVERE ] setting player 2 freeze to 0
[05:05:34.683] [SEVERE ] removing player 1 token from slot 7
[05:05:34.684] [SEVERE ] player 1 placing token on slot 11
[05:05:34.684] [SEVERE ] removing player 2 token from slot 0
[05:05:34.684] [SEVERE ] updating countdown to 44814
[05:05:34.684] [SEVERE ] removing player 2 token from slot 3
[05:05:34.684] [SEVERE ] setting player 1 freeze to 3000
[05:05:34.684] [SEVERE ] player 2 placing token on slot 2
[05:05:34.685] [SEVERE ] player 2 placing token on slot 11
[05:05:34.685] [SEVERE ] updating countdown to 44813
[05:05:34.685] [SEVERE ] setting player 2 freeze to 3000
[05:05:35.180] [SEVERE ] updating countdown to 44318
[05:05:35.676] [SEVERE ] updating countdown to 43822
[05:05:35.693] [SEVERE ] setting player 1 freeze to 2000
[05:05:35.693] [SEVERE ] setting player 2 freeze to 2000
[05:05:36.178] [SEVERE ] updating countdown to 43320
[05:05:36.674] [SEVERE ] updating countdown to 42824
[05:05:36.705] [SEVERE ] setting player 2 freeze to 1000
[05:05:36.705] [SEVERE ] setting player 1 freeze to 1000
[05:05:37.177] [SEVERE ] updating countdown to 42321
[05:05:37.677] [SEVERE ] updating countdown to 41821
[05:05:37.708] [SEVERE ] setting player 1 freeze to 0
[05:05:37.708] [SEVERE ] setting player 2 freeze to 0
[05:05:37.708] [SEVERE ] removing player 2 token from slot 4
[05:05:37.709] [SEVERE ] removing player 1 token from slot 8
[05:05:37.709] [SEVERE ] player 2 placing token on slot 6
[05:05:37.709] [SEVERE ] removing player 1 token from slot 11
[05:05:37.709] [SEVERE ] updating countdown to 41789
[05:05:37.709] [SEVERE ] player 1 placing token on slot 7
[05:05:37.710] [SEVERE ] setting player 2 freeze to 3000
[05:05:37.710] [SEVERE ] player 1 placing token on slot 4
[05:05:37.710] [SEVERE ] updating countdown to 41788
[05:05:37.710] [SEVERE ] setting player 1 freeze to 3000
[05:05:38.219] [SEVERE ] updating countdown to 41279
[05:05:38.718] [SEVERE ] setting player 1 freeze to 2000
[05:05:38.718] [SEVERE ] setting player 2 freeze to 2000
[05:05:38.718] [SEVERE ] updating countdown to 40780
[05:05:39.215] [SEVERE ] updating countdown to 40283
[05:05:39.712] [SEVERE ] updating countdown to 39786
[05:05:39.728] [SEVERE ] setting player 2 freeze to 1000
[05:05:39.728] [SEVERE ] setting player 1 freeze to 1000
[05:05:40.211] [SEVERE ] updating countdown to 39287
[05:05:40.709] [SEVERE ] updating countdown to 38789
[05:05:40.739] [SEVERE ] setting player 2 freeze to 0
[05:05:40.739] [SEVERE ] setting player 1 freeze to 0
[05:05:40.739] [SEVERE ] removing player 2 token from slot 6
[05:05:40.740] [SEVERE ] removing player 2 token from slot 2
[05:05:40.740] [SEVERE ] player 2 placing token on slot 6
[05:05:40.740] [SEVERE ] player 2 placing token on slot 8
[05:05:40.740] [SEVERE ] removing player 1 token from slot 7
[05:05:40.740] [SEVERE ] updating countdown to 38758
[05:05:40.741] [SEVERE ] removing player 1 token from slot 6
[05:05:40.741] [SEVERE ] setting player 2 freeze to 3000
[05:05:40.741] [SEVERE ] player 1 placing token on slot 3
[05:05:40.742] [SEVERE ] player 1 placing token on slot 6
[05:05:40.742] [SEVERE ] updating countdown to 38756
[05:05:40.742] [SEVERE ] setting player 1 freeze to 3000
[05:05:41.238] [SEVERE ] updating countdown to 38260
[05:05:41.735] [SEVERE ] updating countdown to 37763
[05:05:41.750] [SEVERE ] setting player 1 freeze to 2000
[05:05:41.750] [SEVERE ] setting player 2 freeze to 2000
[05:05:42.231] [SEVERE ] updating countdown to 37267
[05:05:42.734] [SEVERE ] updating countdown to 36764
[05:05:42.765] [SEVERE ] setting player 2 freeze to 1000
[05:05:42.765] [SEVERE ] setting player 1 freeze to 1000
[05:05:43.232] [SEVERE ] updating countdown to 36266
[05:05:43.730] [SEVERE ] updating countdown to 35768
[05:05:43.776] [SEVERE ] setting player 1 freeze to 0
[05:05:43.776] [SEVERE ] setting player 2 freeze to 0
[05:05:43.776] [SEVERE ] removing player 1 token from slot 6
[05:05:43.777] [SEVERE ] removing player 2 token from slot 11
[05:05:43.777] [SEVERE ] player 1 placing token on slot 2
[05:05:43.777] [SEVERE ] removing player 2 token from slot 6
[05:05:43.778] [SEVERE ] player 2 placing token on slot 7
[05:05:43.778] [SEVERE ] player 2 placing token on slot 6
[05:05:43.777] [SEVERE ] updating countdown to 35721
[05:05:43.778] [SEVERE ] updating countdown to 35720
[05:05:43.778] [SEVERE ] setting player 1 freeze to 3000
[05:05:43.778] [SEVERE ] setting player 2 freeze to 3000
[05:05:44.276] [SEVERE ] updating countdown to 35222
[05:05:44.776] [SEVERE ] updating countdown to 34722
[05:05:44.791] [SEVERE ] setting player 1 freeze to 2000
[05:05:44.791] [SEVERE ] setting player 2 freeze to 2000
[05:05:45.272] [SEVERE ] updating countdown to 34226
[05:05:45.783] [SEVERE ] updating countdown to 33715
[05:05:45.799] [SEVERE ] setting player 1 freeze to 1000
[05:05:45.799] [SEVERE ] setting player 2 freeze to 1000
[05:05:46.280] [SEVERE ] updating countdown to 33218
[05:05:46.779] [SEVERE ] updating countdown to 32719
[05:05:46.810] [SEVERE ] setting player 2 freeze to 0
[05:05:46.810] [SEVERE ] setting player 1 freeze to 0
[05:05:46.810] [SEVERE ] removing player 2 token from slot 8
[05:05:46.811] [SEVERE ] removing player 1 token from slot 2
[05:05:46.811] [SEVERE ] player 2 placing token on slot 9
[05:05:46.811] [SEVERE ] player 1 placing token on slot 10
[05:05:46.811] [SEVERE ] updating countdown to 32687
[05:05:46.812] [SEVERE ] updating countdown to 32686
[05:05:46.812] [SEVERE ] setting player 2 freeze to 3000
[05:05:46.812] [SEVERE ] setting player 1 freeze to 3000
[05:05:47.322] [SEVERE ] updating countdown to 32176
[05:05:47.729] [SEVERE ] key 81 was pressed by player 1
[05:05:47.820] [SEVERE ] setting player 2 freeze to 2000
[05:05:47.820] [SEVERE ] updating countdown to 31678
[05:05:47.820] [SEVERE ] setting player 1 freeze to 2000
[05:05:48.317] [SEVERE ] updating countdown to 31181
[05:05:48.814] [SEVERE ] updating countdown to 30684
[05:05:48.830] [SEVERE ] setting player 1 freeze to 1000
[05:05:48.830] [SEVERE ] setting player 2 freeze to 1000
[05:05:49.312] [SEVERE ] updating countdown to 30186
[05:05:49.812] [SEVERE ] updating countdown to 29686
[05:05:49.843] [SEVERE ] setting player 2 freeze to 0
[05:05:49.843] [SEVERE ] setting player 1 freeze to 0
[05:05:49.843] [SEVERE ] removing player 2 token from slot 7
[05:05:49.843] [SEVERE ] player 2 placing token on slot 11
[05:05:49.843] [SEVERE ] updating countdown to 29655
[05:05:49.843] [SEVERE ] setting player 2 freeze to 3000
[05:05:49.845] [SEVERE ] removing player 1 token from slot 10
[05:05:49.845] [SEVERE ] removing player 1 token from slot 4
[05:05:49.845] [SEVERE ] player 1 placing token on slot 8
[05:05:49.845] [SEVERE ] removing player 1 token from slot 3
[05:05:49.845] [SEVERE ] player 1 placing token on slot 4
[05:05:49.845] [SEVERE ] removing player 1 token from slot 8
[05:05:49.845] [SEVERE ] player 1 placing token on slot 8
[05:05:49.845] [SEVERE ] player 1 placing token on slot 7
[05:05:49.845] [SEVERE ] updating countdown to 29653
[05:05:49.845] [SEVERE ] setting player 1 freeze to 3000
[05:05:49.846] [SEVERE ] key 87 was pressed by player 1
[05:05:50.340] [SEVERE ] updating countdown to 29158
[05:05:50.838] [SEVERE ] updating countdown to 28660
[05:05:50.854] [SEVERE ] setting player 1 freeze to 2000
[05:05:50.854] [SEVERE ] setting player 2 freeze to 2000
[05:05:51.334] [SEVERE ] updating countdown to 28164
[05:05:51.831] [SEVERE ] updating countdown to 27667
[05:05:51.862] [SEVERE ] setting player 1 freeze to 1000
[05:05:51.862] [SEVERE ] setting player 2 freeze to 1000
[05:05:52.328] [SEVERE ] updating countdown to 27170
[05:05:52.829] [SEVERE ] updating countdown to 26669
[05:05:52.876] [SEVERE ] setting player 1 freeze to 0
[05:05:52.876] [SEVERE ] setting player 2 freeze to 0
[05:05:52.876] [SEVERE ] removing player 1 token from slot 8
[05:05:52.876] [SEVERE ] player 1 placing token on slot 8
[05:05:52.876] [SEVERE ] removing player 2 token from slot 9
[05:05:52.877] [SEVERE ] updating countdown to 26621
[05:05:52.877] [SEVERE ] player 2 placing token on slot 0
[05:05:52.877] [SEVERE ] setting player 1 freeze to 3000
[05:05:52.877] [SEVERE ] updating countdown to 26621
[05:05:52.877] [SEVERE ] setting player 2 freeze to 3000
[05:05:53.374] [SEVERE ] updating countdown to 26124
[05:05:53.878] [SEVERE ] setting player 1 freeze to 2000
[05:05:53.878] [SEVERE ] updating countdown to 25620
[05:05:53.894] [SEVERE ] setting player 2 freeze to 2000
[05:05:54.373] [SEVERE ] updating countdown to 25125
[05:05:54.869] [SEVERE ] updating countdown to 24629
[05:05:54.885] [SEVERE ] setting player 1 freeze to 1000
[05:05:54.900] [SEVERE ] setting player 2 freeze to 1000
[05:05:55.367] [SEVERE ] updating countdown to 24131
[05:05:55.869] [SEVERE ] updating countdown to 23629
[05:05:55.900] [SEVERE ] setting player 1 freeze to 0
[05:05:55.901] [SEVERE ] removing player 1 token from slot 7
[05:05:55.901] [SEVERE ] player 1 placing token on slot 5
[05:05:55.902] [SEVERE ] updating countdown to 23596
[05:05:55.902] [SEVERE ] setting player 1 freeze to 3000
[05:05:55.906] [SEVERE ] key 69 was pressed by player 1
[05:05:55.915] [SEVERE ] setting player 2 freeze to 0
[05:05:55.916] [SEVERE ] removing player 2 token from slot 6
[05:05:55.916] [SEVERE ] player 2 placing token on slot 6
[05:05:55.916] [SEVERE ] updating countdown to 23582
[05:05:55.917] [SEVERE ] setting player 2 freeze to 3000
[05:05:56.414] [SEVERE ] updating countdown to 23084
[05:05:56.912] [SEVERE ] setting player 1 freeze to 2000
[05:05:56.912] [SEVERE ] updating countdown to 22586
[05:05:56.928] [SEVERE ] setting player 2 freeze to 2000
[05:05:57.411] [SEVERE ] updating countdown to 22087
[05:05:57.910] [SEVERE ] updating countdown to 21588
[05:05:57.926] [SEVERE ] setting player 1 freeze to 1000
[05:05:57.941] [SEVERE ] setting player 2 freeze to 1000
[05:05:58.410] [SEVERE ] updating countdown to 21088
[05:05:58.906] [SEVERE ] updating countdown to 20592
[05:05:58.936] [SEVERE ] setting player 1 freeze to 0
[05:05:58.937] [SEVERE ] removing player 1 token from slot 5
[05:05:58.937] [SEVERE ] removing player 1 token from slot 8
[05:05:58.937] [SEVERE ] player 1 placing token on slot 10
[05:05:58.937] [SEVERE ] player 1 placing token on slot 5
[05:05:58.937] [SEVERE ] updating countdown to 20561
[05:05:58.938] [SEVERE ] setting player 1 freeze to 3000
[05:05:58.951] [SEVERE ] setting player 2 freeze to 0
[05:05:58.951] [SEVERE ] removing player 2 token from slot 6
[05:05:58.951] [SEVERE ] player 2 placing token on slot 10
[05:05:58.952] [SEVERE ] updating countdown to 20546
[05:05:58.952] [SEVERE ] setting player 2 freeze to 3000
[05:05:59.452] [SEVERE ] updating countdown to 20046
[05:05:59.953] [SEVERE ] updating countdown to 19545
[05:05:59.953] [SEVERE ] setting player 1 freeze to 2000
[05:05:59.953] [SEVERE ] setting player 2 freeze to 2000
[05:06:00.457] [SEVERE ] updating countdown to 19041
[05:06:00.954] [SEVERE ] setting player 1 freeze to 1000
[05:06:00.954] [SEVERE ] updating countdown to 18544
[05:06:00.954] [SEVERE ] setting player 2 freeze to 1000
[05:06:01.454] [SEVERE ] updating countdown to 18044
[05:06:01.951] [SEVERE ] updating countdown to 17547
[05:06:01.967] [SEVERE ] setting player 1 freeze to 0
[05:06:01.967] [SEVERE ] setting player 2 freeze to 0
[05:06:01.967] [SEVERE ] removing player 2 token from slot 10
[05:06:01.967] [SEVERE ] removing player 1 token from slot 10
[05:06:01.968] [SEVERE ] removing player 2 token from slot 11
[05:06:01.968] [SEVERE ] player 2 placing token on slot 3
[05:06:01.968] [SEVERE ] player 2 placing token on slot 10
[05:06:01.968] [SEVERE ] removing player 1 token from slot 5
[05:06:01.968] [SEVERE ] player 1 placing token on slot 3
[05:06:01.968] [SEVERE ] updating countdown to 17530
[05:06:01.968] [SEVERE ] player 1 placing token on slot 11
[05:06:01.969] [SEVERE ] updating countdown to 17529
[05:06:01.969] [SEVERE ] setting player 2 freeze to 3000
[05:06:01.969] [SEVERE ] setting player 1 freeze to 3000
[05:06:02.468] [SEVERE ] updating countdown to 17030
[05:06:02.969] [SEVERE ] setting player 1 freeze to 2000
[05:06:02.969] [SEVERE ] updating countdown to 16529
[05:06:02.969] [SEVERE ] setting player 2 freeze to 2000
[05:06:03.466] [SEVERE ] updating countdown to 16032
[05:06:03.963] [SEVERE ] updating countdown to 15535
[05:06:03.978] [SEVERE ] setting player 2 freeze to 1000
[05:06:03.978] [SEVERE ] setting player 1 freeze to 1000
[05:06:04.462] [SEVERE ] updating countdown to 15036
[05:06:04.963] [SEVERE ] updating countdown to 14535
[05:06:04.979] [SEVERE ] setting player 1 freeze to 0
[05:06:04.979] [SEVERE ] setting player 2 freeze to 0
[05:06:04.979] [SEVERE ] removing player 1 token from slot 3
[05:06:04.980] [SEVERE ] player 1 placing token on slot 9
[05:06:04.980] [SEVERE ] removing player 2 token from slot 10
[05:06:04.980] [SEVERE ] player 2 placing token on slot 9
[05:06:04.980] [SEVERE ] updating countdown to 14518
[05:06:04.981] [SEVERE ] updating countdown to 14517
[05:06:04.981] [SEVERE ] setting player 1 freeze to 3000
[05:06:04.981] [SEVERE ] setting player 2 freeze to 3000
[05:06:05.490] [SEVERE ] updating countdown to 14008
[05:06:05.986] [SEVERE ] setting player 2 freeze to 2000
[05:06:05.986] [SEVERE ] updating countdown to 13512
[05:06:05.986] [SEVERE ] setting player 1 freeze to 2000
[05:06:06.484] [SEVERE ] updating countdown to 13014
[05:06:06.982] [SEVERE ] updating countdown to 12516
[05:06:06.998] [SEVERE ] setting player 2 freeze to 1000
[05:06:06.998] [SEVERE ] setting player 1 freeze to 1000
[05:06:07.479] [SEVERE ] updating countdown to 12019
[05:06:07.978] [SEVERE ] updating countdown to 11520
[05:06:08.010] [SEVERE ] setting player 1 freeze to 0
[05:06:08.010] [SEVERE ] setting player 2 freeze to 0
[05:06:08.010] [SEVERE ] removing player 2 token from slot 3
[05:06:08.011] [SEVERE ] player 2 placing token on slot 3
[05:06:08.010] [SEVERE ] removing player 1 token from slot 9
[05:06:08.011] [SEVERE ] updating countdown to 11487
[05:06:08.011] [SEVERE ] player 1 placing token on slot 7
[05:06:08.011] [SEVERE ] setting player 2 freeze to 3000
[05:06:08.012] [SEVERE ] updating countdown to 11486
[05:06:08.012] [SEVERE ] setting player 1 freeze to 3000
[05:06:08.522] [SEVERE ] updating countdown to 10976
[05:06:09.021] [SEVERE ] setting player 1 freeze to 2000
[05:06:09.021] [SEVERE ] updating countdown to 10477
[05:06:09.021] [SEVERE ] setting player 2 freeze to 2000
[05:06:09.517] [SEVERE ] updating countdown to 9981
[05:06:10.012] [SEVERE ] updating countdown to 9486
[05:06:10.028] [SEVERE ] setting player 2 freeze to 1000
[05:06:10.028] [SEVERE ] setting player 1 freeze to 1000
[05:06:10.512] [SEVERE ] updating countdown to 8986
[05:06:11.010] [SEVERE ] updating countdown to 8488
[05:06:11.042] [SEVERE ] setting player 2 freeze to 0
[05:06:11.042] [SEVERE ] setting player 1 freeze to 0
[05:06:11.042] [SEVERE ] removing player 2 token from slot 3
[05:06:11.042] [SEVERE ] removing player 1 token from slot 4
[05:06:11.043] [SEVERE ] player 1 placing token on slot 6
[05:06:11.042] [SEVERE ] player 2 placing token on slot 10
[05:06:11.043] [SEVERE ] updating countdown to 8455
[05:06:11.043] [SEVERE ] updating countdown to 8455
[05:06:11.043] [SEVERE ] setting player 1 freeze to 3000
[05:06:11.044] [SEVERE ] setting player 2 freeze to 3000
[05:06:11.540] [SEVERE ] updating countdown to 7958
[05:06:12.036] [SEVERE ] updating countdown to 7462
[05:06:12.051] [SEVERE ] setting player 2 freeze to 2000
[05:06:12.051] [SEVERE ] setting player 1 freeze to 2000
[05:06:12.539] [SEVERE ] updating countdown to 6959
[05:06:13.036] [SEVERE ] updating countdown to 6462
[05:06:13.052] [SEVERE ] setting player 1 freeze to 1000
[05:06:13.052] [SEVERE ] setting player 2 freeze to 1000
[05:06:13.537] [SEVERE ] updating countdown to 5961
[05:06:14.035] [SEVERE ] updating countdown to 5463
[05:06:14.067] [SEVERE ] setting player 2 freeze to 0
[05:06:14.067] [SEVERE ] setting player 1 freeze to 0
[05:06:14.067] [SEVERE ] removing player 2 token from slot 10
[05:06:14.067] [SEVERE ] removing player 1 token from slot 6
[05:06:14.068] [SEVERE ] player 2 placing token on slot 10
[05:06:14.068] [SEVERE ] player 1 placing token on slot 3
[05:06:14.068] [SEVERE ] updating countdown to 5430
[05:06:14.069] [SEVERE ] setting player 2 freeze to 3000
[05:06:14.069] [SEVERE ] updating countdown to 5429
[05:06:14.069] [SEVERE ] setting player 1 freeze to 3000
[05:06:15.081] [SEVERE ] setting player 2 freeze to 2000
[05:06:15.081] [SEVERE ] setting player 1 freeze to 2000
[05:06:16.093] [SEVERE ] setting player 2 freeze to 1000
[05:06:16.093] [SEVERE ] setting player 1 freeze to 1000
[05:06:17.101] [SEVERE ] setting player 2 freeze to 0
[05:06:17.101] [SEVERE ] setting player 1 freeze to 0
[05:06:17.101] [SEVERE ] removing player 2 token from slot 10
[05:06:17.102] [SEVERE ] removing player 1 token from slot 11
[05:06:17.102] [SEVERE ] removing player 2 token from slot 9
[05:06:17.102] [SEVERE ] player 1 placing token on slot 4
[05:06:17.102] [SEVERE ] player 2 placing token on slot 2
[05:06:17.103] [SEVERE ] player 2 placing token on slot 5
[05:06:17.103] [SEVERE ] setting player 1 freeze to 3000
[05:06:17.103] [SEVERE ] setting player 2 freeze to 3000
[05:06:18.115] [SEVERE ] setting player 2 freeze to 2000
[05:06:18.115] [SEVERE ] setting player 1 freeze to 2000
[05:06:19.126] [SEVERE ] setting player 1 freeze to 1000
[05:06:19.126] [SEVERE ] setting player 2 freeze to 1000
[05:06:19.594] [SEVERE ] updating countdown to 0
[05:06:19.594] [SEVERE ] updating countdown to 0
[05:06:19.704] [SEVERE ] removing tokens from slot 4
[05:06:19.704] [SEVERE ] removing card from slot 4
[05:06:19.813] [SEVERE ] removing tokens from slot 8
[05:06:19.813] [SEVERE ] removing card from slot 8
[05:06:19.922] [SEVERE ] removing tokens from slot 2
[05:06:19.922] [SEVERE ] removing card from slot 2
[05:06:20.031] [SEVERE ] removing tokens from slot 7
[05:06:20.031] [SEVERE ] removing card from slot 7
[05:06:20.141] [SEVERE ] setting player 1 freeze to 0
[05:06:20.141] [SEVERE ] removing tokens from slot 9
[05:06:20.141] [SEVERE ] removing card from slot 9
[05:06:20.141] [SEVERE ] setting player 2 freeze to 0
[05:06:20.250] [SEVERE ] removing tokens from slot 0
[05:06:20.250] [SEVERE ] removing card from slot 0
[05:06:20.360] [SEVERE ] removing tokens from slot 10
[05:06:20.360] [SEVERE ] removing card from slot 10
[05:06:20.468] [SEVERE ] removing tokens from slot 11
[05:06:20.468] [SEVERE ] removing card from slot 11
[05:06:20.576] [SEVERE ] removing tokens from slot 3
[05:06:20.576] [SEVERE ] removing card from slot 3
[05:06:20.686] [SEVERE ] removing tokens from slot 5
[05:06:20.686] [SEVERE ] removing card from slot 5
[05:06:20.796] [SEVERE ] removing tokens from slot 6
[05:06:20.796] [SEVERE ] removing card from slot 6
[05:06:20.904] [SEVERE ] removing tokens from slot 1
[05:06:20.904] [SEVERE ] removing card from slot 1
[05:06:21.014] [SEVERE ] placing card 43 in slot 3
[05:06:21.123] [SEVERE ] placing card 19 in slot 0
[05:06:21.231] [SEVERE ] placing card 9 in slot 1
[05:06:21.340] [SEVERE ] placing card 55 in slot 2
[05:06:21.448] [SEVERE ] placing card 67 in slot 6
[05:06:21.557] [SEVERE ] placing card 4 in slot 10
[05:06:21.667] [SEVERE ] placing card 21 in slot 4
[05:06:21.776] [SEVERE ] placing card 54 in slot 5
[05:06:21.885] [SEVERE ] placing card 51 in slot 11
[05:06:21.994] [SEVERE ] placing card 68 in slot 7
[05:06:22.104] [SEVERE ] placing card 79 in slot 9
[05:06:22.212] [SEVERE ] placing card 44 in slot 8
[05:06:22.212] [SEVERE ] player 2 placing token on slot 10
[05:06:22.212] [SEVERE ] player 1 placing token on slot 3
[05:06:22.212] [SEVERE ] player 1 placing token on slot 11
[05:06:22.212] [SEVERE ] player 1 placing token on slot 0
[05:06:22.212] [SEVERE ] player 2 placing token on slot 6
[05:06:22.212] [SEVERE ] removing player 2 token from slot 10
[05:06:22.212] [SEVERE ] player 2 placing token on slot 4
[05:06:22.212] [SEVERE ] removing player 2 token from slot 6
[05:06:22.213] [SEVERE ] player 2 placing token on slot 1
[05:06:22.213] [SEVERE ] player 2 placing token on slot 6
[05:06:22.217] [SEVERE ] updating countdown to 60000
[05:06:22.217] [SEVERE ] updating countdown to 60000
[05:06:22.217] [SEVERE ] updating countdown to 60000
[05:06:22.217] [SEVERE ] setting player 1 freeze to 3000
[05:06:22.217] [SEVERE ] setting player 2 freeze to 3000
[05:06:22.714] [SEVERE ] updating countdown to 59503
[05:06:23.216] [SEVERE ] updating countdown to 59001
[05:06:23.232] [SEVERE ] setting player 2 freeze to 2000
[05:06:23.232] [SEVERE ] setting player 1 freeze to 2000
[05:06:23.715] [SEVERE ] updating countdown to 58502
[05:06:24.218] [SEVERE ] updating countdown to 57999
[05:06:24.234] [SEVERE ] setting player 2 freeze to 1000
[05:06:24.234] [SEVERE ] setting player 1 freeze to 1000
[05:06:24.719] [SEVERE ] updating countdown to 57498
[05:06:25.217] [SEVERE ] updating countdown to 57000
[05:06:25.248] [SEVERE ] setting player 1 freeze to 0
[05:06:25.248] [SEVERE ] setting player 2 freeze to 0
[05:06:25.248] [SEVERE ] removing player 1 token from slot 11
[05:06:25.248] [SEVERE ] removing player 2 token from slot 4
[05:06:25.249] [SEVERE ] player 1 placing token on slot 10
[05:06:25.249] [SEVERE ] player 2 placing token on slot 11
[05:06:25.249] [SEVERE ] updating countdown to 56968
[05:06:25.250] [SEVERE ] updating countdown to 56967
[05:06:25.250] [SEVERE ] setting player 1 freeze to 3000
[05:06:25.250] [SEVERE ] setting player 2 freeze to 3000
[05:06:25.747] [SEVERE ] updating countdown to 56470
[05:06:26.245] [SEVERE ] updating countdown to 55972
[05:06:26.261] [SEVERE ] setting player 1 freeze to 2000
[05:06:26.261] [SEVERE ] setting player 2 freeze to 2000
[05:06:26.741] [SEVERE ] updating countdown to 55476
[05:06:27.240] [SEVERE ] updating countdown to 54977
[05:06:27.271] [SEVERE ] setting player 1 freeze to 1000
[05:06:27.271] [SEVERE ] setting player 2 freeze to 1000
[05:06:27.738] [SEVERE ] updating countdown to 54479
[05:06:28.247] [SEVERE ] updating countdown to 53970
[05:06:28.278] [SEVERE ] setting player 1 freeze to 0
[05:06:28.278] [SEVERE ] setting player 2 freeze to 0
[05:06:28.278] [SEVERE ] removing player 1 token from slot 3
[05:06:28.279] [SEVERE ] player 1 placing token on slot 9
[05:06:28.279] [SEVERE ] removing player 2 token from slot 1
[05:06:28.279] [SEVERE ] player 2 placing token on slot 1
[05:06:28.279] [SEVERE ] updating countdown to 53938
[05:06:28.279] [SEVERE ] updating countdown to 53938
[05:06:28.279] [SEVERE ] setting player 1 freeze to 3000
[05:06:28.280] [SEVERE ] setting player 2 freeze to 3000
[05:06:28.780] [SEVERE ] updating countdown to 53437
[05:06:29.275] [SEVERE ] updating countdown to 52942
[05:06:29.291] [SEVERE ] setting player 2 freeze to 2000
[05:06:29.291] [SEVERE ] setting player 1 freeze to 2000
[05:06:29.776] [SEVERE ] updating countdown to 52441
[05:06:30.276] [SEVERE ] updating countdown to 51941
[05:06:30.292] [SEVERE ] setting player 2 freeze to 1000
[05:06:30.292] [SEVERE ] setting player 1 freeze to 1000
[05:06:30.771] [SEVERE ] updating countdown to 51446
[05:06:31.268] [SEVERE ] updating countdown to 50949
[05:06:31.300] [SEVERE ] setting player 1 freeze to 0
[05:06:31.300] [SEVERE ] setting player 2 freeze to 0
[05:06:31.300] [SEVERE ] removing player 1 token from slot 0
[05:06:31.300] [SEVERE ] player 1 placing token on slot 11
[05:06:31.300] [SEVERE ] removing player 2 token from slot 11
[05:06:31.301] [SEVERE ] removing player 2 token from slot 1
[05:06:31.300] [SEVERE ] updating countdown to 50917
[05:06:31.301] [SEVERE ] player 2 placing token on slot 1
[05:06:31.301] [SEVERE ] setting player 1 freeze to 3000
[05:06:31.301] [SEVERE ] player 2 placing token on slot 11
[05:06:31.302] [SEVERE ] updating countdown to 50915
[05:06:31.302] [SEVERE ] setting player 2 freeze to 3000
[05:06:31.797] [SEVERE ] updating countdown to 50420
[05:06:32.297] [SEVERE ] updating countdown to 49920
[05:06:32.313] [SEVERE ] setting player 1 freeze to 2000
[05:06:32.313] [SEVERE ] setting player 2 freeze to 2000
[05:06:32.798] [SEVERE ] updating countdown to 49419
[05:06:33.298] [SEVERE ] updating countdown to 48919
[05:06:33.313] [SEVERE ] setting player 1 freeze to 1000
[05:06:33.313] [SEVERE ] setting player 2 freeze to 1000
[05:06:33.795] [SEVERE ] updating countdown to 48422
[05:06:34.296] [SEVERE ] updating countdown to 47921
[05:06:34.328] [SEVERE ] setting player 2 freeze to 0
[05:06:34.328] [SEVERE ] setting player 1 freeze to 0
[05:06:34.328] [SEVERE ] removing player 2 token from slot 1
[05:06:34.329] [SEVERE ] player 2 placing token on slot 9
[05:06:34.329] [SEVERE ] removing player 1 token from slot 11
[05:06:34.329] [SEVERE ] updating countdown to 47888
[05:06:34.329] [SEVERE ] player 1 placing token on slot 0
[05:06:34.329] [SEVERE ] setting player 2 freeze to 3000
[05:06:34.330] [SEVERE ] updating countdown to 47887
[05:06:34.330] [SEVERE ] setting player 1 freeze to 3000
[05:06:34.839] [SEVERE ] updating countdown to 47378
[05:06:35.333] [SEVERE ] updating countdown to 46884
[05:06:35.333] [SEVERE ] setting player 2 freeze to 2000
[05:06:35.333] [SEVERE ] setting player 1 freeze to 2000
[05:06:35.833] [SEVERE ] updating countdown to 46384
[05:06:36.332] [SEVERE ] updating countdown to 45885
[05:06:36.347] [SEVERE ] setting player 2 freeze to 1000
[05:06:36.347] [SEVERE ] setting player 1 freeze to 1000
[05:06:36.831] [SEVERE ] updating countdown to 45386
[05:06:37.333] [SEVERE ] updating countdown to 44884
[05:06:37.348] [SEVERE ] setting player 1 freeze to 0
[05:06:37.348] [SEVERE ] setting player 2 freeze to 0
[05:06:37.348] [SEVERE ] removing player 1 token from slot 0
[05:06:37.348] [SEVERE ] player 1 placing token on slot 7
[05:06:37.348] [SEVERE ] updating countdown to 44869
[05:06:37.348] [SEVERE ] removing player 2 token from slot 9
[05:06:37.348] [SEVERE ] player 2 placing token on slot 8
[05:06:37.348] [SEVERE ] setting player 1 freeze to 3000
[05:06:37.348] [SEVERE ] updating countdown to 44869
[05:06:37.349] [SEVERE ] setting player 2 freeze to 3000
[05:06:37.849] [SEVERE ] updating countdown to 44368
[05:06:38.348] [SEVERE ] updating countdown to 43869
[05:06:38.363] [SEVERE ] setting player 1 freeze to 2000
[05:06:38.363] [SEVERE ] setting player 2 freeze to 2000
[05:06:38.844] [SEVERE ] updating countdown to 43373
[05:06:39.342] [SEVERE ] updating countdown to 42875
[05:06:39.373] [SEVERE ] setting player 2 freeze to 1000
[05:06:39.373] [SEVERE ] setting player 1 freeze to 1000
[05:06:39.842] [SEVERE ] updating countdown to 42375
[05:06:40.341] [SEVERE ] updating countdown to 41876
[05:06:40.388] [SEVERE ] setting player 1 freeze to 0
[05:06:40.388] [SEVERE ] setting player 2 freeze to 0
[05:06:40.388] [SEVERE ] removing player 1 token from slot 10
[05:06:40.388] [SEVERE ] player 1 placing token on slot 3
[05:06:40.388] [SEVERE ] removing player 2 token from slot 11
[05:06:40.389] [SEVERE ] updating countdown to 41828
[05:06:40.389] [SEVERE ] removing player 2 token from slot 8
[05:06:40.389] [SEVERE ] setting player 1 freeze to 3000
[05:06:40.389] [SEVERE ] player 2 placing token on slot 10
[05:06:40.390] [SEVERE ] player 2 placing token on slot 9
[05:06:40.390] [SEVERE ] updating countdown to 41827
[05:06:40.390] [SEVERE ] setting player 2 freeze to 3000
[05:06:40.885] [SEVERE ] updating countdown to 41332
[05:06:41.386] [SEVERE ] updating countdown to 40831
[05:06:41.401] [SEVERE ] setting player 1 freeze to 2000
[05:06:41.401] [SEVERE ] setting player 2 freeze to 2000
[05:06:41.884] [SEVERE ] updating countdown to 40333
[05:06:42.383] [SEVERE ] updating countdown to 39834
[05:06:42.414] [SEVERE ] setting player 2 freeze to 1000
[05:06:42.414] [SEVERE ] setting player 1 freeze to 1000
[05:06:42.884] [SEVERE ] updating countdown to 39333
[05:06:43.388] [SEVERE ] updating countdown to 38829
[05:06:43.420] [SEVERE ] setting player 1 freeze to 0
[05:06:43.420] [SEVERE ] setting player 2 freeze to 0
[05:06:43.420] [SEVERE ] removing player 1 token from slot 7
[05:06:43.420] [SEVERE ] removing player 2 token from slot 9
[05:06:43.420] [SEVERE ] player 1 placing token on slot 6
[05:06:43.420] [SEVERE ] player 2 placing token on slot 11
[05:06:43.420] [SEVERE ] updating countdown to 38797
[05:06:43.421] [SEVERE ] setting player 1 freeze to 3000
[05:06:43.421] [SEVERE ] updating countdown to 38796
[05:06:43.421] [SEVERE ] setting player 2 freeze to 3000
[05:06:43.918] [SEVERE ] updating countdown to 38299
[05:06:44.415] [SEVERE ] updating countdown to 37802
[05:06:44.431] [SEVERE ] setting player 1 freeze to 2000
[05:06:44.431] [SEVERE ] setting player 2 freeze to 2000
[05:06:44.917] [SEVERE ] updating countdown to 37300
[05:06:45.414] [SEVERE ] updating countdown to 36803
[05:06:45.446] [SEVERE ] setting player 1 freeze to 1000
[05:06:45.446] [SEVERE ] setting player 2 freeze to 1000
[05:06:45.910] [SEVERE ] updating countdown to 36307
[05:06:46.409] [SEVERE ] updating countdown to 35808
[05:06:46.455] [SEVERE ] setting player 1 freeze to 0
[05:06:46.455] [SEVERE ] setting player 2 freeze to 0
[05:06:46.455] [SEVERE ] removing player 1 token from slot 3
[05:06:46.456] [SEVERE ] removing player 2 token from slot 11
[05:06:46.456] [SEVERE ] player 2 placing token on slot 11
[05:06:46.456] [SEVERE ] player 1 placing token on slot 7
[05:06:46.456] [SEVERE ] updating countdown to 35761
[05:06:46.456] [SEVERE ] updating countdown to 35761
[05:06:46.456] [SEVERE ] setting player 2 freeze to 3000
[05:06:46.457] [SEVERE ] setting player 1 freeze to 3000
[05:06:46.953] [SEVERE ] updating countdown to 35264
[05:06:47.452] [SEVERE ] updating countdown to 34765
[05:06:47.467] [SEVERE ] setting player 2 freeze to 2000
[05:06:47.467] [SEVERE ] setting player 1 freeze to 2000
[05:06:47.952] [SEVERE ] updating countdown to 34265
[05:06:48.451] [SEVERE ] updating countdown to 33766
[05:06:48.482] [SEVERE ] setting player 2 freeze to 1000
[05:06:48.482] [SEVERE ] setting player 1 freeze to 1000
[05:06:48.949] [SEVERE ] updating countdown to 33268
[05:06:49.447] [SEVERE ] updating countdown to 32770
[05:06:49.493] [SEVERE ] setting player 1 freeze to 0
[05:06:49.493] [SEVERE ] setting player 2 freeze to 0
[05:06:49.493] [SEVERE ] removing player 1 token from slot 6
[05:06:49.493] [SEVERE ] removing player 2 token from slot 10
[05:06:49.493] [SEVERE ] player 1 placing token on slot 11
[05:06:49.494] [SEVERE ] player 2 placing token on slot 5
[05:06:49.494] [SEVERE ] updating countdown to 32723
[05:06:49.494] [SEVERE ] updating countdown to 32723
[05:06:49.494] [SEVERE ] setting player 1 freeze to 3000
[05:06:49.494] [SEVERE ] setting player 2 freeze to 3000
[05:06:49.990] [SEVERE ] updating countdown to 32227
[05:06:50.489] [SEVERE ] updating countdown to 31728
[05:06:50.505] [SEVERE ] setting player 1 freeze to 2000
[05:06:50.505] [SEVERE ] setting player 2 freeze to 2000
[05:06:50.988] [SEVERE ] updating countdown to 31229
[05:06:51.487] [SEVERE ] updating countdown to 30730
[05:06:51.517] [SEVERE ] setting player 2 freeze to 1000
[05:06:51.517] [SEVERE ] setting player 1 freeze to 1000
[05:06:51.983] [SEVERE ] updating countdown to 30234
[05:06:52.480] [SEVERE ] updating countdown to 29737
[05:06:52.527] [SEVERE ] setting player 1 freeze to 0
[05:06:52.527] [SEVERE ] setting player 2 freeze to 0
[05:06:52.527] [SEVERE ] removing player 2 token from slot 11
[05:06:52.527] [SEVERE ] removing player 1 token from slot 9
[05:06:52.527] [SEVERE ] player 2 placing token on slot 11
[05:06:52.527] [SEVERE ] player 1 placing token on slot 3
[05:06:52.527] [SEVERE ] updating countdown to 29690
[05:06:52.527] [SEVERE ] setting player 2 freeze to 3000
[05:06:52.527] [SEVERE ] updating countdown to 29690
[05:06:52.527] [SEVERE ] setting player 1 freeze to 3000
[05:06:53.029] [SEVERE ] updating countdown to 29188
[05:06:53.527] [SEVERE ] updating countdown to 28690
[05:06:53.527] [SEVERE ] setting player 1 freeze to 2000
[05:06:53.527] [SEVERE ] setting player 2 freeze to 2000
[05:06:54.024] [SEVERE ] updating countdown to 28193
[05:06:54.522] [SEVERE ] updating countdown to 27695
[05:06:54.537] [SEVERE ] setting player 2 freeze to 1000
[05:06:54.537] [SEVERE ] setting player 1 freeze to 1000
[05:06:55.018] [SEVERE ] updating countdown to 27199
[05:06:55.520] [SEVERE ] updating countdown to 26697
[05:06:55.551] [SEVERE ] setting player 1 freeze to 0
[05:06:55.551] [SEVERE ] setting player 2 freeze to 0
[05:06:55.551] [SEVERE ] removing player 1 token from slot 11
[05:06:55.552] [SEVERE ] player 1 placing token on slot 4
[05:06:55.552] [SEVERE ] updating countdown to 26665
[05:06:55.552] [SEVERE ] removing player 2 token from slot 6
[05:06:55.552] [SEVERE ] setting player 1 freeze to 3000
[05:06:55.552] [SEVERE ] player 2 placing token on slot 10
[05:06:55.553] [SEVERE ] updating countdown to 26664
[05:06:55.553] [SEVERE ] setting player 2 freeze to 3000
[05:06:56.050] [SEVERE ] updating countdown to 26167
[05:06:56.551] [SEVERE ] updating countdown to 25666
[05:06:56.566] [SEVERE ] setting player 2 freeze to 2000
[05:06:56.566] [SEVERE ] setting player 1 freeze to 2000
[05:06:57.049] [SEVERE ] updating countdown to 25168
[05:06:57.548] [SEVERE ] updating countdown to 24669
[05:06:57.580] [SEVERE ] setting player 2 freeze to 1000
[05:06:57.580] [SEVERE ] setting player 1 freeze to 1000
[05:06:58.048] [SEVERE ] updating countdown to 24169
[05:06:58.546] [SEVERE ] updating countdown to 23671
[05:06:58.592] [SEVERE ] setting player 2 freeze to 0
[05:06:58.592] [SEVERE ] setting player 1 freeze to 0
[05:06:58.592] [SEVERE ] removing player 2 token from slot 11
[05:06:58.592] [SEVERE ] removing player 1 token from slot 4
[05:06:58.593] [SEVERE ] player 2 placing token on slot 11
[05:06:58.593] [SEVERE ] player 1 placing token on slot 1
[05:06:58.593] [SEVERE ] updating countdown to 23624
[05:06:58.594] [SEVERE ] updating countdown to 23623
[05:06:58.594] [SEVERE ] setting player 2 freeze to 3000
[05:06:58.701] [SEVERE ] removing tokens from slot 1
[05:06:58.701] [SEVERE ] removing card from slot 1
[05:06:58.810] [SEVERE ] removing tokens from slot 3
[05:06:58.810] [SEVERE ] removing card from slot 3
[05:06:58.918] [SEVERE ] removing tokens from slot 7
[05:06:58.918] [SEVERE ] removing card from slot 7
[05:06:58.918] [SEVERE ] updating countdown to 60000
[05:06:58.918] [SEVERE ] setting player 1 score to 1
[05:06:58.918] [SEVERE ] setting player 1 freeze to 1000
[05:06:59.026] [SEVERE ] placing card 12 in slot 7
[05:06:59.135] [SEVERE ] placing card 16 in slot 1
[05:06:59.244] [SEVERE ] placing card 78 in slot 3
[05:06:59.601] [SEVERE ] setting player 2 freeze to 2000
[05:06:59.756] [SEVERE ] updating countdown to 59162
[05:06:59.929] [SEVERE ] setting player 1 freeze to 0
[05:06:59.929] [SEVERE ] player 1 placing token on slot 7
[05:06:59.929] [SEVERE ] player 1 placing token on slot 6
[05:06:59.930] [SEVERE ] player 1 placing token on slot 9
[05:06:59.930] [SEVERE ] updating countdown to 58988
[05:06:59.930] [SEVERE ] setting player 1 freeze to 3000
[05:07:00.430] [SEVERE ] updating countdown to 58488
[05:07:00.616] [SEVERE ] setting player 2 freeze to 1000
[05:07:00.928] [SEVERE ] updating countdown to 57990
[05:07:00.943] [SEVERE ] setting player 1 freeze to 2000
[05:07:01.429] [SEVERE ] updating countdown to 57489
[05:07:01.616] [SEVERE ] setting player 2 freeze to 0
[05:07:01.619] [SEVERE ] removing player 2 token from slot 10
[05:07:01.620] [SEVERE ] player 2 placing token on slot 3
[05:07:01.620] [SEVERE ] updating countdown to 57298
[05:07:01.620] [SEVERE ] setting player 2 freeze to 3000
[05:07:01.958] [SEVERE ] setting player 1 freeze to 1000
[05:07:02.129] [SEVERE ] updating countdown to 56789
[05:07:02.629] [SEVERE ] setting player 2 freeze to 2000
[05:07:02.629] [SEVERE ] updating countdown to 56289
[05:07:02.970] [SEVERE ] setting player 1 freeze to 0
[05:07:02.970] [SEVERE ] removing player 1 token from slot 6
[05:07:02.971] [SEVERE ] player 1 placing token on slot 3
[05:07:02.971] [SEVERE ] updating countdown to 55947
[05:07:02.971] [SEVERE ] setting player 1 freeze to 3000
[05:07:03.481] [SEVERE ] updating countdown to 55437
[05:07:03.638] [SEVERE ] setting player 2 freeze to 1000
[05:07:03.982] [SEVERE ] updating countdown to 54936
[05:07:03.982] [SEVERE ] setting player 1 freeze to 2000
[05:07:04.480] [SEVERE ] updating countdown to 54438
[05:07:04.650] [SEVERE ] setting player 2 freeze to 0
[05:07:04.650] [SEVERE ] removing player 2 token from slot 11
[05:07:04.650] [SEVERE ] removing player 2 token from slot 3
[05:07:04.650] [SEVERE ] player 2 placing token on slot 9
[05:07:04.651] [SEVERE ] player 2 placing token on slot 3
[05:07:04.651] [SEVERE ] updating countdown to 54267
[05:07:04.651] [SEVERE ] setting player 2 freeze to 3000
[05:07:04.991] [SEVERE ] setting player 1 freeze to 1000
[05:07:05.147] [SEVERE ] updating countdown to 53771
[05:07:05.645] [SEVERE ] updating countdown to 53273
[05:07:05.661] [SEVERE ] setting player 2 freeze to 2000
[05:07:06.003] [SEVERE ] setting player 1 freeze to 0
[05:07:06.003] [SEVERE ] removing player 1 token from slot 3
[05:07:06.003] [SEVERE ] player 1 placing token on slot 10
[05:07:06.004] [SEVERE ] updating countdown to 52914
[05:07:06.004] [SEVERE ] setting player 1 freeze to 3000
[05:07:06.501] [SEVERE ] updating countdown to 52417
[05:07:06.672] [SEVERE ] setting player 2 freeze to 1000
[05:07:07.001] [SEVERE ] updating countdown to 51917
[05:07:07.016] [SEVERE ] setting player 1 freeze to 2000
[05:07:07.498] [SEVERE ] updating countdown to 51420
[05:07:07.687] [SEVERE ] setting player 2 freeze to 0
[05:07:07.687] [SEVERE ] removing player 2 token from slot 9
[05:07:07.687] [SEVERE ] player 2 placing token on slot 2
[05:07:07.687] [SEVERE ] updating countdown to 51231
[05:07:07.687] [SEVERE ] setting player 2 freeze to 3000
[05:07:08.029] [SEVERE ] setting player 1 freeze to 1000
[05:07:08.185] [SEVERE ] updating countdown to 50733
[05:07:08.684] [SEVERE ] updating countdown to 50234
[05:07:08.700] [SEVERE ] setting player 2 freeze to 2000
[05:07:09.042] [SEVERE ] setting player 1 freeze to 0
[05:07:09.042] [SEVERE ] removing player 1 token from slot 7
[05:07:09.043] [SEVERE ] removing player 1 token from slot 9
[05:07:09.043] [SEVERE ] player 1 placing token on slot 2
[05:07:09.043] [SEVERE ] player 1 placing token on slot 0
[05:07:09.043] [SEVERE ] updating countdown to 49875
[05:07:09.043] [SEVERE ] setting player 1 freeze to 3000
[05:07:09.539] [SEVERE ] updating countdown to 49379
[05:07:09.709] [SEVERE ] setting player 2 freeze to 1000
[05:07:10.035] [SEVERE ] updating countdown to 48883
[05:07:10.051] [SEVERE ] setting player 1 freeze to 2000
[05:07:10.535] [SEVERE ] updating countdown to 48383
[05:07:10.723] [SEVERE ] setting player 2 freeze to 0
[05:07:10.723] [SEVERE ] removing player 2 token from slot 3
[05:07:10.723] [SEVERE ] player 2 placing token on slot 4
[05:07:10.723] [SEVERE ] updating countdown to 48195
[05:07:10.723] [SEVERE ] setting player 2 freeze to 3000
[05:07:11.053] [SEVERE ] setting player 1 freeze to 1000
[05:07:11.225] [SEVERE ] updating countdown to 47693
[05:07:11.725] [SEVERE ] setting player 2 freeze to 2000
[05:07:11.725] [SEVERE ] updating countdown to 47193
[05:07:12.066] [SEVERE ] setting player 1 freeze to 0
[05:07:12.066] [SEVERE ] removing player 1 token from slot 2
[05:07:12.066] [SEVERE ] player 1 placing token on slot 6
[05:07:12.067] [SEVERE ] updating countdown to 46851
[05:07:12.067] [SEVERE ] setting player 1 freeze to 3000
[05:07:12.564] [SEVERE ] updating countdown to 46354
[05:07:12.737] [SEVERE ] setting player 2 freeze to 1000
[05:07:13.066] [SEVERE ] updating countdown to 45852
[05:07:13.081] [SEVERE ] setting player 1 freeze to 2000
[05:07:13.563] [SEVERE ] updating countdown to 45355
[05:07:13.752] [SEVERE ] setting player 2 freeze to 0
[05:07:13.752] [SEVERE ] removing player 2 token from slot 5
[05:07:13.752] [SEVERE ] player 2 placing token on slot 8
[05:07:13.752] [SEVERE ] updating countdown to 45166
[05:07:13.861] [SEVERE ] removing tokens from slot 2
[05:07:13.861] [SEVERE ] removing card from slot 2
[05:07:13.970] [SEVERE ] removing tokens from slot 4
[05:07:13.970] [SEVERE ] removing card from slot 4
[05:07:14.080] [SEVERE ] removing tokens from slot 8
[05:07:14.080] [SEVERE ] removing card from slot 8
[05:07:14.084] [SEVERE ] updating countdown to 60000
[05:07:14.084] [SEVERE ] setting player 2 score to 1
[05:07:14.085] [SEVERE ] setting player 2 freeze to 1000
[05:07:14.096] [SEVERE ] setting player 1 freeze to 1000
[05:07:14.191] [SEVERE ] placing card 76 in slot 4
[05:07:14.301] [SEVERE ] placing card 50 in slot 8
[05:07:14.411] [SEVERE ] placing card 60 in slot 2
[05:07:14.924] [SEVERE ] updating countdown to 59160
[05:07:15.096] [SEVERE ] setting player 2 freeze to 0
[05:07:15.096] [SEVERE ] setting player 1 freeze to 0
[05:07:15.096] [SEVERE ] player 2 placing token on slot 5
[05:07:15.096] [SEVERE ] player 2 placing token on slot 10
[05:07:15.096] [SEVERE ] removing player 1 token from slot 0
[05:07:15.096] [SEVERE ] player 2 placing token on slot 4
[05:07:15.096] [SEVERE ] player 1 placing token on slot 0
[05:07:15.096] [SEVERE ] updating countdown to 58988
[05:07:15.096] [SEVERE ] updating countdown to 58988
[05:07:15.096] [SEVERE ] setting player 2 freeze to 3000
[05:07:15.096] [SEVERE ] setting player 1 freeze to 3000
[05:07:15.595] [SEVERE ] updating countdown to 58489
[05:07:16.093] [SEVERE ] updating countdown to 57991
[05:07:16.108] [SEVERE ] setting player 2 freeze to 2000
[05:07:16.108] [SEVERE ] setting player 1 freeze to 2000
[05:07:16.592] [SEVERE ] updating countdown to 57492
[05:07:17.092] [SEVERE ] updating countdown to 56992
[05:07:17.123] [SEVERE ] setting player 1 freeze to 1000
[05:07:17.123] [SEVERE ] setting player 2 freeze to 1000
[05:07:17.589] [SEVERE ] updating countdown to 56495
[05:07:18.089] [SEVERE ] updating countdown to 55995
[05:07:18.136] [SEVERE ] setting player 1 freeze to 0
[05:07:18.136] [SEVERE ] setting player 2 freeze to 0
[05:07:18.136] [SEVERE ] removing player 1 token from slot 0
[05:07:18.136] [SEVERE ] removing player 2 token from slot 10
[05:07:18.136] [SEVERE ] player 1 placing token on slot 7
[05:07:18.136] [SEVERE ] player 2 placing token on slot 0
[05:07:18.136] [SEVERE ] updating countdown to 55948
[05:07:18.136] [SEVERE ] updating countdown to 55948
[05:07:18.136] [SEVERE ] setting player 1 freeze to 3000
[05:07:18.136] [SEVERE ] setting player 2 freeze to 3000
[05:07:18.635] [SEVERE ] updating countdown to 55449
[05:07:19.137] [SEVERE ] setting player 1 freeze to 2000
[05:07:19.137] [SEVERE ] updating countdown to 54947
[05:07:19.137] [SEVERE ] setting player 2 freeze to 2000
[05:07:19.637] [SEVERE ] updating countdown to 54447
[05:07:20.136] [SEVERE ] updating countdown to 53948
[05:07:20.152] [SEVERE ] setting player 1 freeze to 1000
[05:07:20.152] [SEVERE ] setting player 2 freeze to 1000
[05:07:20.635] [SEVERE ] updating countdown to 53449
[05:07:21.135] [SEVERE ] updating countdown to 52949
[05:07:21.167] [SEVERE ] setting player 1 freeze to 0
[05:07:21.167] [SEVERE ] setting player 2 freeze to 0
[05:07:21.167] [SEVERE ] removing player 2 token from slot 0
[05:07:21.167] [SEVERE ] removing player 1 token from slot 10
[05:07:21.168] [SEVERE ] player 2 placing token on slot 11
[05:07:21.168] [SEVERE ] player 1 placing token on slot 10
[05:07:21.168] [SEVERE ] updating countdown to 52916
[05:07:21.168] [SEVERE ] updating countdown to 52916
[05:07:21.168] [SEVERE ] setting player 2 freeze to 3000
[05:07:21.169] [SEVERE ] setting player 1 freeze to 3000
[05:07:21.665] [SEVERE ] updating countdown to 52419
[05:07:22.164] [SEVERE ] updating countdown to 51920
[05:07:22.180] [SEVERE ] setting player 2 freeze to 2000
[05:07:22.180] [SEVERE ] setting player 1 freeze to 2000
[05:07:22.664] [SEVERE ] updating countdown to 51420
[05:07:23.164] [SEVERE ] updating countdown to 50920
[05:07:23.195] [SEVERE ] setting player 2 freeze to 1000
[05:07:23.195] [SEVERE ] setting player 1 freeze to 1000
[05:07:23.663] [SEVERE ] updating countdown to 50421
[05:07:24.163] [SEVERE ] updating countdown to 49921
[05:07:24.195] [SEVERE ] setting player 2 freeze to 0
[05:07:24.195] [SEVERE ] setting player 1 freeze to 0
[05:07:24.195] [SEVERE ] removing player 2 token from slot 5
[05:07:24.195] [SEVERE ] player 2 placing token on slot 2
[05:07:24.195] [SEVERE ] removing player 1 token from slot 6
[05:07:24.195] [SEVERE ] player 1 placing token on slot 2
[05:07:24.195] [SEVERE ] updating countdown to 49889
[05:07:24.195] [SEVERE ] updating countdown to 49889
[05:07:24.195] [SEVERE ] setting player 2 freeze to 3000
[05:07:24.195] [SEVERE ] setting player 1 freeze to 3000
[05:07:24.694] [SEVERE ] updating countdown to 49390
[05:07:25.196] [SEVERE ] setting player 1 freeze to 2000
[05:07:25.196] [SEVERE ] updating countdown to 48888
[05:07:25.196] [SEVERE ] setting player 2 freeze to 2000
[05:07:25.698] [SEVERE ] updating countdown to 48386
[05:07:26.196] [SEVERE ] setting player 2 freeze to 1000
[05:07:26.196] [SEVERE ] setting player 1 freeze to 1000
[05:07:26.196] [SEVERE ] updating countdown to 47888
[05:07:26.695] [SEVERE ] updating countdown to 47389
[05:07:27.198] [SEVERE ] updating countdown to 46886
[05:07:27.198] [SEVERE ] setting player 2 freeze to 0
[05:07:27.198] [SEVERE ] setting player 1 freeze to 0
[05:07:27.198] [SEVERE ] removing player 2 token from slot 11
[05:07:27.198] [SEVERE ] player 2 placing token on slot 0
[05:07:27.198] [SEVERE ] removing player 1 token from slot 10
[05:07:27.198] [SEVERE ] updating countdown to 46886
[05:07:27.198] [SEVERE ] removing player 1 token from slot 7
[05:07:27.198] [SEVERE ] setting player 2 freeze to 3000
[05:07:27.199] [SEVERE ] player 1 placing token on slot 9
[05:07:27.199] [SEVERE ] player 1 placing token on slot 7
[05:07:27.199] [SEVERE ] updating countdown to 46885
[05:07:27.199] [SEVERE ] setting player 1 freeze to 3000
[05:07:27.702] [SEVERE ] updating countdown to 46382
[05:07:28.205] [SEVERE ] setting player 1 freeze to 2000
[05:07:28.205] [SEVERE ] updating countdown to 45879
[05:07:28.205] [SEVERE ] setting player 2 freeze to 2000
[05:07:28.708] [SEVERE ] updating countdown to 45376
[05:07:29.212] [SEVERE ] setting player 2 freeze to 1000
[05:07:29.212] [SEVERE ] updating countdown to 44872
[05:07:29.212] [SEVERE ] setting player 1 freeze to 1000
[05:07:29.715] [SEVERE ] updating countdown to 44369
[05:07:30.219] [SEVERE ] updating countdown to 43865
[05:07:30.219] [SEVERE ] setting player 2 freeze to 0
[05:07:30.219] [SEVERE ] setting player 1 freeze to 0
[05:07:30.220] [SEVERE ] removing player 2 token from slot 2
[05:07:30.220] [SEVERE ] removing player 1 token from slot 9
[05:07:30.220] [SEVERE ] player 2 placing token on slot 2
[05:07:30.221] [SEVERE ] updating countdown to 43863
[05:07:30.221] [SEVERE ] player 1 placing token on slot 6
[05:07:30.221] [SEVERE ] updating countdown to 43863
[05:07:30.221] [SEVERE ] setting player 2 freeze to 3000
[05:07:30.221] [SEVERE ] setting player 1 freeze to 3000
[05:07:30.720] [SEVERE ] updating countdown to 43364
[05:07:31.221] [SEVERE ] updating countdown to 42863
[05:07:31.236] [SEVERE ] setting player 2 freeze to 2000
[05:07:31.236] [SEVERE ] setting player 1 freeze to 2000
[05:07:31.723] [SEVERE ] updating countdown to 42361
[05:07:32.219] [SEVERE ] updating countdown to 41865
[05:07:32.249] [SEVERE ] setting player 1 freeze to 1000
[05:07:32.249] [SEVERE ] setting player 2 freeze to 1000
[05:07:32.719] [SEVERE ] updating countdown to 41365
[05:07:33.224] [SEVERE ] updating countdown to 40860
[05:07:33.255] [SEVERE ] setting player 2 freeze to 0
[05:07:33.255] [SEVERE ] setting player 1 freeze to 0
[05:07:33.255] [SEVERE ] removing player 1 token from slot 6
[05:07:33.255] [SEVERE ] removing player 2 token from slot 0
[05:07:33.255] [SEVERE ] player 1 placing token on slot 5
[05:07:33.255] [SEVERE ] player 2 placing token on slot 10
[05:07:33.255] [SEVERE ] updating countdown to 40829
[05:07:33.255] [SEVERE ] updating countdown to 40829
[05:07:33.255] [SEVERE ] setting player 1 freeze to 3000
[05:07:33.255] [SEVERE ] setting player 2 freeze to 3000
[05:07:33.756] [SEVERE ] updating countdown to 40328
[05:07:34.258] [SEVERE ] updating countdown to 39826
[05:07:34.258] [SEVERE ] setting player 1 freeze to 2000
[05:07:34.258] [SEVERE ] setting player 2 freeze to 2000
[05:07:34.759] [SEVERE ] updating countdown to 39325
[05:07:35.257] [SEVERE ] updating countdown to 38827
[05:07:35.272] [SEVERE ] setting player 1 freeze to 1000
[05:07:35.272] [SEVERE ] setting player 2 freeze to 1000
[05:07:35.754] [SEVERE ] updating countdown to 38330
[05:07:36.254] [SEVERE ] updating countdown to 37830
[05:07:36.284] [SEVERE ] setting player 1 freeze to 0
[05:07:36.284] [SEVERE ] setting player 2 freeze to 0
[05:07:36.284] [SEVERE ] removing player 1 token from slot 7
[05:07:36.284] [SEVERE ] removing player 2 token from slot 10
[05:07:36.284] [SEVERE ] player 1 placing token on slot 10
[05:07:36.284] [SEVERE ] player 2 placing token on slot 3
[05:07:36.284] [SEVERE ] updating countdown to 37800
[05:07:36.284] [SEVERE ] updating countdown to 37800
[05:07:36.284] [SEVERE ] setting player 1 freeze to 3000
[05:07:36.284] [SEVERE ] setting player 2 freeze to 3000
[05:07:36.784] [SEVERE ] updating countdown to 37300
[05:07:37.280] [SEVERE ] updating countdown to 36804
[05:07:37.296] [SEVERE ] setting player 1 freeze to 2000
[05:07:37.296] [SEVERE ] setting player 2 freeze to 2000
[05:07:37.783] [SEVERE ] updating countdown to 36301
