[06:01:36.802] [INFO   ] thread main starting.
[06:01:36.828] [SEVERE ] cannot read configuration file config.properties trying from resources.
[06:01:36.833] [SEVERE ] configuration file was loaded from resources directory.
[06:01:38.266] [INFO   ] thread dealer starting.
[06:01:38.271] [INFO   ] thread dealer starting.
[06:01:38.404] [SEVERE ] placing card 67 in slot 11
[06:01:38.514] [SEVERE ] placing card 54 in slot 2
[06:01:38.623] [SEVERE ] placing card 64 in slot 1
[06:01:38.733] [SEVERE ] placing card 61 in slot 9
[06:01:38.842] [SEVERE ] placing card 4 in slot 0
[06:01:38.951] [SEVERE ] placing card 69 in slot 4
[06:01:39.060] [SEVERE ] placing card 52 in slot 6
[06:01:39.171] [SEVERE ] placing card 55 in slot 5
[06:01:39.280] [SEVERE ] placing card 51 in slot 3
[06:01:39.390] [SEVERE ] placing card 59 in slot 10
[06:01:39.499] [SEVERE ] placing card 68 in slot 8
[06:01:39.610] [SEVERE ] placing card 19 in slot 7
[06:01:39.663] [SEVERE ] updating countdown to 9990
[06:01:39.668] [INFO   ] thread Player: 01 created.
[06:01:39.669] [INFO   ] thread Player: 01 starting.
[06:01:39.670] [INFO   ] thread Player: 11 created.
[06:01:39.671] [INFO   ] thread Player: 11 starting.
[06:01:40.666] [SEVERE ] updating countdown to 8995
[06:01:41.664] [SEVERE ] updating countdown to 7997
[06:01:42.675] [SEVERE ] updating countdown to 6986
[06:01:43.676] [SEVERE ] updating countdown to 5985
[06:01:49.694] [SEVERE ] updating countdown to 0
[06:01:49.694] [SEVERE ] updating countdown to 0
[06:01:49.806] [SEVERE ] removing tokens from slot 0
[06:01:49.806] [SEVERE ] removing card from slot 0
[06:01:49.918] [SEVERE ] removing tokens from slot 10
[06:01:49.918] [SEVERE ] removing card from slot 10
[06:01:50.029] [SEVERE ] removing tokens from slot 4
[06:01:50.029] [SEVERE ] removing card from slot 4
[06:01:50.140] [SEVERE ] removing tokens from slot 8
[06:01:50.140] [SEVERE ] removing card from slot 8
[06:01:50.251] [SEVERE ] removing tokens from slot 5
[06:01:50.251] [SEVERE ] removing card from slot 5
[06:01:50.361] [SEVERE ] removing tokens from slot 1
[06:01:50.361] [SEVERE ] removing card from slot 1
[06:01:50.473] [SEVERE ] removing tokens from slot 11
[06:01:50.473] [SEVERE ] removing card from slot 11
[06:01:50.583] [SEVERE ] removing tokens from slot 2
[06:01:50.583] [SEVERE ] removing card from slot 2
[06:01:50.695] [SEVERE ] removing tokens from slot 7
[06:01:50.695] [SEVERE ] removing card from slot 7
[06:01:50.805] [SEVERE ] removing tokens from slot 9
[06:01:50.805] [SEVERE ] removing card from slot 9
[06:01:50.915] [SEVERE ] removing tokens from slot 6
[06:01:50.915] [SEVERE ] removing card from slot 6
[06:01:51.027] [SEVERE ] removing tokens from slot 3
[06:01:51.027] [SEVERE ] removing card from slot 3
[06:01:51.139] [SEVERE ] placing card 49 in slot 0
[06:01:51.250] [SEVERE ] placing card 52 in slot 3
[06:01:51.362] [SEVERE ] placing card 37 in slot 10
[06:01:51.474] [SEVERE ] placing card 18 in slot 1
[06:01:51.585] [SEVERE ] placing card 35 in slot 11
[06:01:51.695] [SEVERE ] placing card 0 in slot 8
[06:01:51.803] [SEVERE ] placing card 59 in slot 4
[06:01:51.914] [SEVERE ] placing card 19 in slot 2
[06:01:52.026] [SEVERE ] placing card 2 in slot 5
[06:01:52.138] [SEVERE ] placing card 55 in slot 7
[06:01:52.249] [SEVERE ] placing card 72 in slot 6
[06:01:52.360] [SEVERE ] placing card 79 in slot 9
[06:01:52.366] [SEVERE ] updating countdown to 9990
[06:01:53.374] [SEVERE ] updating countdown to 8991
[06:01:54.375] [SEVERE ] updating countdown to 7990
[06:01:55.371] [SEVERE ] updating countdown to 6994
[06:01:56.368] [SEVERE ] updating countdown to 5997
[06:02:02.371] [SEVERE ] updating countdown to 0
[06:02:02.371] [SEVERE ] updating countdown to 0
[06:02:02.483] [SEVERE ] removing tokens from slot 6
[06:02:02.483] [SEVERE ] removing card from slot 6
[06:02:02.594] [SEVERE ] removing tokens from slot 7
[06:02:02.594] [SEVERE ] removing card from slot 7
[06:02:02.706] [SEVERE ] removing tokens from slot 11
[06:02:02.706] [SEVERE ] removing card from slot 11
[06:02:02.818] [SEVERE ] removing tokens from slot 5
[06:02:02.818] [SEVERE ] removing card from slot 5
[06:02:02.930] [SEVERE ] removing tokens from slot 10
[06:02:02.930] [SEVERE ] removing card from slot 10
[06:02:03.041] [SEVERE ] removing tokens from slot 4
[06:02:03.041] [SEVERE ] removing card from slot 4
[06:02:03.153] [SEVERE ] removing tokens from slot 0
[06:02:03.153] [SEVERE ] removing card from slot 0
[06:02:03.263] [SEVERE ] removing tokens from slot 1
[06:02:03.263] [SEVERE ] removing card from slot 1
[06:02:03.375] [SEVERE ] removing tokens from slot 8
[06:02:03.375] [SEVERE ] removing card from slot 8
[06:02:03.486] [SEVERE ] removing tokens from slot 3
[06:02:03.486] [SEVERE ] removing card from slot 3
[06:02:03.598] [SEVERE ] removing tokens from slot 9
[06:02:03.598] [SEVERE ] removing card from slot 9
[06:02:03.709] [SEVERE ] removing tokens from slot 2
[06:02:03.709] [SEVERE ] removing card from slot 2
[06:02:03.820] [SEVERE ] placing card 53 in slot 4
[06:02:03.932] [SEVERE ] placing card 38 in slot 11
[06:02:04.044] [SEVERE ] placing card 74 in slot 10
[06:02:04.156] [SEVERE ] placing card 63 in slot 8
[06:02:04.267] [SEVERE ] placing card 9 in slot 9
[06:02:04.379] [SEVERE ] placing card 22 in slot 2
[06:02:04.490] [SEVERE ] placing card 60 in slot 0
[06:02:04.601] [SEVERE ] placing card 48 in slot 7
[06:02:04.712] [SEVERE ] placing card 36 in slot 3
[06:02:04.825] [SEVERE ] placing card 39 in slot 6
[06:02:04.937] [SEVERE ] placing card 65 in slot 1
[06:02:05.048] [SEVERE ] placing card 40 in slot 5
[06:02:05.052] [SEVERE ] updating countdown to 9990
[06:02:06.057] [SEVERE ] updating countdown to 8995
[06:02:07.067] [SEVERE ] updating countdown to 7985
[06:02:08.066] [SEVERE ] updating countdown to 6986
[06:02:09.062] [SEVERE ] updating countdown to 5990
[06:02:15.062] [SEVERE ] updating countdown to 0
[06:02:15.062] [SEVERE ] updating countdown to 0
[06:02:15.174] [SEVERE ] removing tokens from slot 0
[06:02:15.174] [SEVERE ] removing card from slot 0
[06:02:15.286] [SEVERE ] removing tokens from slot 2
[06:02:15.286] [SEVERE ] removing card from slot 2
[06:02:15.398] [SEVERE ] removing tokens from slot 5
[06:02:15.398] [SEVERE ] removing card from slot 5
[06:02:15.508] [SEVERE ] removing tokens from slot 11
[06:02:15.508] [SEVERE ] removing card from slot 11
[06:02:15.618] [SEVERE ] removing tokens from slot 6
[06:02:15.618] [SEVERE ] removing card from slot 6
[06:02:15.729] [SEVERE ] removing tokens from slot 1
[06:02:15.729] [SEVERE ] removing card from slot 1
[06:02:15.840] [SEVERE ] removing tokens from slot 4
[06:02:15.840] [SEVERE ] removing card from slot 4
[06:02:15.952] [SEVERE ] removing tokens from slot 9
[06:02:15.952] [SEVERE ] removing card from slot 9
[06:02:16.063] [SEVERE ] removing tokens from slot 3
[06:02:16.063] [SEVERE ] removing card from slot 3
[06:02:16.174] [SEVERE ] removing tokens from slot 8
[06:02:16.174] [SEVERE ] removing card from slot 8
[06:02:16.285] [SEVERE ] removing tokens from slot 10
[06:02:16.285] [SEVERE ] removing card from slot 10
[06:02:16.397] [SEVERE ] removing tokens from slot 7
[06:02:16.397] [SEVERE ] removing card from slot 7
[06:02:16.507] [SEVERE ] placing card 56 in slot 10
[06:02:16.619] [SEVERE ] placing card 55 in slot 11
[06:02:16.731] [SEVERE ] placing card 33 in slot 9
[06:02:16.842] [SEVERE ] placing card 35 in slot 4
[06:02:16.952] [SEVERE ] placing card 21 in slot 6
[06:02:17.063] [SEVERE ] placing card 27 in slot 7
[06:02:17.172] [SEVERE ] placing card 9 in slot 0
[06:02:17.282] [SEVERE ] placing card 71 in slot 5
[06:02:17.394] [SEVERE ] placing card 10 in slot 8
[06:02:17.502] [SEVERE ] placing card 42 in slot 1
[06:02:17.609] [SEVERE ] placing card 49 in slot 3
[06:02:17.719] [SEVERE ] placing card 79 in slot 2
[06:02:17.721] [SEVERE ] updating countdown to 9990
[06:02:18.728] [SEVERE ] updating countdown to 8993
[06:02:19.725] [SEVERE ] updating countdown to 7996
[06:02:20.734] [SEVERE ] updating countdown to 6987
[06:02:21.729] [SEVERE ] updating countdown to 5992
[06:02:27.735] [SEVERE ] updating countdown to 0
[06:02:27.736] [SEVERE ] updating countdown to 0
[06:02:27.846] [SEVERE ] removing tokens from slot 9
[06:02:27.846] [SEVERE ] removing card from slot 9
[06:02:27.956] [SEVERE ] removing tokens from slot 3
[06:02:27.956] [SEVERE ] removing card from slot 3
[06:02:28.067] [SEVERE ] removing tokens from slot 4
[06:02:28.067] [SEVERE ] removing card from slot 4
[06:02:28.175] [SEVERE ] removing tokens from slot 8
[06:02:28.175] [SEVERE ] removing card from slot 8
[06:02:28.286] [SEVERE ] removing tokens from slot 0
[06:02:28.286] [SEVERE ] removing card from slot 0
[06:02:28.396] [SEVERE ] removing tokens from slot 2
[06:02:28.396] [SEVERE ] removing card from slot 2
[06:02:28.505] [SEVERE ] removing tokens from slot 10
[06:02:28.505] [SEVERE ] removing card from slot 10
[06:02:28.614] [SEVERE ] removing tokens from slot 11
[06:02:28.614] [SEVERE ] removing card from slot 11
[06:02:28.725] [SEVERE ] removing tokens from slot 7
[06:02:28.725] [SEVERE ] removing card from slot 7
[06:02:28.833] [SEVERE ] removing tokens from slot 5
[06:02:28.833] [SEVERE ] removing card from slot 5
[06:02:28.941] [SEVERE ] removing tokens from slot 1
[06:02:28.941] [SEVERE ] removing card from slot 1
[06:02:29.051] [SEVERE ] removing tokens from slot 6
[06:02:29.051] [SEVERE ] removing card from slot 6
[06:02:29.160] [SEVERE ] placing card 73 in slot 0
[06:02:29.268] [SEVERE ] placing card 40 in slot 6
[06:02:29.376] [SEVERE ] placing card 39 in slot 1
[06:02:29.485] [SEVERE ] placing card 28 in slot 7
[06:02:29.595] [SEVERE ] placing card 62 in slot 2
[06:02:29.703] [SEVERE ] placing card 78 in slot 3
[06:02:29.811] [SEVERE ] placing card 12 in slot 4
[06:02:29.919] [SEVERE ] placing card 64 in slot 10
[06:02:30.027] [SEVERE ] placing card 23 in slot 9
[06:02:30.135] [SEVERE ] placing card 47 in slot 5
[06:02:30.245] [SEVERE ] placing card 14 in slot 8
[06:02:30.355] [SEVERE ] placing card 0 in slot 11
[06:02:30.360] [SEVERE ] updating countdown to 9990
[06:02:30.360] [SEVERE ] updating countdown to 10000
[06:02:30.360] [SEVERE ] updating countdown to 10000
[06:02:30.361] [SEVERE ] updating countdown to 10000
[06:02:31.369] [SEVERE ] updating countdown to 8991
[06:02:32.365] [SEVERE ] updating countdown to 7995
[06:02:33.366] [SEVERE ] updating countdown to 6994
[06:02:34.374] [SEVERE ] updating countdown to 5986
[06:02:40.390] [SEVERE ] updating countdown to 0
[06:02:40.390] [SEVERE ] updating countdown to 0
[06:02:40.499] [SEVERE ] removing tokens from slot 0
[06:02:40.499] [SEVERE ] removing card from slot 0
[06:02:40.606] [SEVERE ] removing tokens from slot 8
[06:02:40.606] [SEVERE ] removing card from slot 8
[06:02:40.715] [SEVERE ] removing tokens from slot 11
[06:02:40.715] [SEVERE ] removing card from slot 11
[06:02:40.826] [SEVERE ] removing tokens from slot 6
[06:02:40.826] [SEVERE ] removing card from slot 6
[06:02:40.935] [SEVERE ] removing tokens from slot 10
[06:02:40.935] [SEVERE ] removing card from slot 10
[06:02:41.046] [SEVERE ] removing tokens from slot 3
[06:02:41.046] [SEVERE ] removing card from slot 3
[06:02:41.155] [SEVERE ] removing tokens from slot 4
[06:02:41.155] [SEVERE ] removing card from slot 4
[06:02:41.263] [SEVERE ] removing tokens from slot 5
[06:02:41.263] [SEVERE ] removing card from slot 5
[06:02:41.371] [SEVERE ] removing tokens from slot 7
[06:02:41.371] [SEVERE ] removing card from slot 7
[06:02:41.479] [SEVERE ] removing tokens from slot 9
[06:02:41.479] [SEVERE ] removing card from slot 9
[06:02:41.589] [SEVERE ] removing tokens from slot 1
[06:02:41.589] [SEVERE ] removing card from slot 1
[06:02:41.698] [SEVERE ] removing tokens from slot 2
[06:02:41.698] [SEVERE ] removing card from slot 2
[06:02:41.807] [SEVERE ] placing card 42 in slot 2
[06:02:41.917] [SEVERE ] placing card 72 in slot 8
[06:02:42.029] [SEVERE ] placing card 49 in slot 3
[06:02:42.136] [SEVERE ] placing card 7 in slot 10
[06:02:42.245] [SEVERE ] placing card 63 in slot 7
[06:02:42.356] [SEVERE ] placing card 40 in slot 0
[06:02:42.464] [SEVERE ] placing card 3 in slot 11
[06:02:42.575] [SEVERE ] placing card 79 in slot 9
[06:02:42.684] [SEVERE ] placing card 5 in slot 4
[06:02:42.793] [SEVERE ] placing card 61 in slot 5
[06:02:42.903] [SEVERE ] placing card 9 in slot 6
[06:02:43.013] [SEVERE ] placing card 67 in slot 1
[06:02:43.014] [SEVERE ] updating countdown to 9990
[06:02:43.014] [SEVERE ] updating countdown to 10000
[06:02:43.014] [SEVERE ] updating countdown to 10000
[06:02:43.014] [SEVERE ] updating countdown to 10000
[06:02:43.014] [SEVERE ] updating countdown to 10000
[06:02:43.014] [SEVERE ] updating countdown to 10000
[06:02:43.014] [SEVERE ] updating countdown to 10000
[06:02:43.014] [SEVERE ] updating countdown to 10000
[06:02:43.014] [SEVERE ] updating countdown to 10000
[06:02:44.025] [SEVERE ] updating countdown to 8989
[06:02:45.022] [SEVERE ] updating countdown to 7992
[06:02:46.025] [SEVERE ] updating countdown to 6989
[06:02:47.023] [SEVERE ] updating countdown to 5991
[06:02:53.057] [SEVERE ] updating countdown to 0
[06:02:53.057] [SEVERE ] updating countdown to 0
[06:02:53.166] [SEVERE ] removing tokens from slot 2
[06:02:53.166] [SEVERE ] removing card from slot 2
[06:02:53.276] [SEVERE ] removing tokens from slot 5
[06:02:53.276] [SEVERE ] removing card from slot 5
[06:02:53.385] [SEVERE ] removing tokens from slot 4
[06:02:53.385] [SEVERE ] removing card from slot 4
[06:02:53.495] [SEVERE ] removing tokens from slot 7
[06:02:53.495] [SEVERE ] removing card from slot 7
[06:02:53.605] [SEVERE ] removing tokens from slot 6
[06:02:53.605] [SEVERE ] removing card from slot 6
[06:02:53.715] [SEVERE ] removing tokens from slot 11
[06:02:53.715] [SEVERE ] removing card from slot 11
[06:02:53.823] [SEVERE ] removing tokens from slot 9
[06:02:53.823] [SEVERE ] removing card from slot 9
[06:02:53.931] [SEVERE ] removing tokens from slot 3
[06:02:53.931] [SEVERE ] removing card from slot 3
[06:02:54.038] [SEVERE ] removing tokens from slot 0
[06:02:54.038] [SEVERE ] removing card from slot 0
[06:02:54.147] [SEVERE ] removing tokens from slot 10
[06:02:54.147] [SEVERE ] removing card from slot 10
[06:02:54.255] [SEVERE ] removing tokens from slot 1
[06:02:54.255] [SEVERE ] removing card from slot 1
[06:02:54.363] [SEVERE ] removing tokens from slot 8
[06:02:54.363] [SEVERE ] removing card from slot 8
[06:02:54.472] [SEVERE ] placing card 31 in slot 8
[06:02:54.583] [SEVERE ] placing card 46 in slot 4
[06:02:54.691] [SEVERE ] placing card 35 in slot 1
[06:02:54.799] [SEVERE ] placing card 1 in slot 2
[06:02:54.909] [SEVERE ] placing card 11 in slot 3
[06:02:55.016] [SEVERE ] placing card 2 in slot 7
[06:02:55.125] [SEVERE ] placing card 49 in slot 9
[06:02:55.235] [SEVERE ] placing card 18 in slot 5
[06:02:55.344] [SEVERE ] placing card 17 in slot 6
[06:02:55.453] [SEVERE ] placing card 3 in slot 10
[06:02:55.561] [SEVERE ] placing card 16 in slot 11
[06:02:55.671] [SEVERE ] placing card 54 in slot 0
[06:02:55.675] [SEVERE ] updating countdown to 9990
[06:02:55.675] [SEVERE ] updating countdown to 10000
[06:02:55.675] [SEVERE ] updating countdown to 10000
[06:02:55.675] [SEVERE ] updating countdown to 10000
[06:02:55.675] [SEVERE ] updating countdown to 10000
[06:02:55.675] [SEVERE ] updating countdown to 10000
[06:02:55.675] [SEVERE ] updating countdown to 10000
[06:02:55.675] [SEVERE ] updating countdown to 10000
[06:02:55.675] [SEVERE ] updating countdown to 10000
[06:02:55.675] [SEVERE ] updating countdown to 10000
[06:02:55.675] [SEVERE ] updating countdown to 10000
[06:02:55.675] [SEVERE ] updating countdown to 10000
[06:02:56.687] [SEVERE ] updating countdown to 8988
[06:02:57.679] [SEVERE ] updating countdown to 7996
[06:02:58.678] [SEVERE ] updating countdown to 6997
[06:02:59.677] [SEVERE ] updating countdown to 5998
[06:03:05.699] [SEVERE ] updating countdown to 0
[06:03:05.699] [SEVERE ] updating countdown to 0
[06:03:05.808] [SEVERE ] removing tokens from slot 6
[06:03:05.808] [SEVERE ] removing card from slot 6
[06:03:05.918] [SEVERE ] removing tokens from slot 7
[06:03:05.918] [SEVERE ] removing card from slot 7
[06:03:06.026] [SEVERE ] removing tokens from slot 5
[06:03:06.026] [SEVERE ] removing card from slot 5
[06:03:06.135] [SEVERE ] removing tokens from slot 1
[06:03:06.135] [SEVERE ] removing card from slot 1
[06:03:06.242] [SEVERE ] removing tokens from slot 0
[06:03:06.242] [SEVERE ] removing card from slot 0
[06:03:06.351] [SEVERE ] removing tokens from slot 10
[06:03:06.351] [SEVERE ] removing card from slot 10
[06:03:06.461] [SEVERE ] removing tokens from slot 3
[06:03:06.461] [SEVERE ] removing card from slot 3
[06:03:06.570] [SEVERE ] removing tokens from slot 2
[06:03:06.570] [SEVERE ] removing card from slot 2
[06:03:06.679] [SEVERE ] removing tokens from slot 8
[06:03:06.679] [SEVERE ] removing card from slot 8
[06:03:06.787] [SEVERE ] removing tokens from slot 4
[06:03:06.787] [SEVERE ] removing card from slot 4
[06:03:06.897] [SEVERE ] removing tokens from slot 11
[06:03:06.897] [SEVERE ] removing card from slot 11
[06:03:07.007] [SEVERE ] removing tokens from slot 9
[06:03:07.007] [SEVERE ] removing card from slot 9
[06:03:07.116] [SEVERE ] placing card 14 in slot 0
[06:03:07.226] [SEVERE ] placing card 68 in slot 9
[06:03:07.336] [SEVERE ] placing card 35 in slot 8
[06:03:07.444] [SEVERE ] placing card 53 in slot 6
[06:03:07.553] [SEVERE ] placing card 22 in slot 7
[06:03:07.662] [SEVERE ] placing card 41 in slot 5
[06:03:07.771] [SEVERE ] placing card 0 in slot 10
[06:03:07.882] [SEVERE ] placing card 34 in slot 1
[06:03:07.992] [SEVERE ] placing card 32 in slot 4
[06:03:08.101] [SEVERE ] placing card 29 in slot 2
[06:03:08.211] [SEVERE ] placing card 25 in slot 3
[06:03:08.320] [SEVERE ] placing card 48 in slot 11
[06:03:08.325] [SEVERE ] updating countdown to 9990
[06:03:08.325] [SEVERE ] updating countdown to 10000
[06:03:09.331] [SEVERE ] updating countdown to 8994
[06:03:10.326] [SEVERE ] updating countdown to 7999
[06:03:11.337] [SEVERE ] updating countdown to 6988
[06:03:12.335] [SEVERE ] updating countdown to 5990
[06:03:18.351] [SEVERE ] updating countdown to 0
[06:03:18.351] [SEVERE ] updating countdown to 0
[06:03:18.461] [SEVERE ] removing tokens from slot 11
[06:03:18.461] [SEVERE ] removing card from slot 11
[06:03:18.569] [SEVERE ] removing tokens from slot 0
[06:03:18.569] [SEVERE ] removing card from slot 0
[06:03:18.677] [SEVERE ] removing tokens from slot 5
[06:03:18.677] [SEVERE ] removing card from slot 5
[06:03:18.787] [SEVERE ] removing tokens from slot 8
[06:03:18.787] [SEVERE ] removing card from slot 8
[06:03:18.895] [SEVERE ] removing tokens from slot 1
[06:03:18.895] [SEVERE ] removing card from slot 1
[06:03:19.004] [SEVERE ] removing tokens from slot 6
[06:03:19.004] [SEVERE ] removing card from slot 6
[06:03:19.113] [SEVERE ] removing tokens from slot 3
[06:03:19.113] [SEVERE ] removing card from slot 3
[06:03:19.223] [SEVERE ] removing tokens from slot 4
[06:03:19.223] [SEVERE ] removing card from slot 4
[06:03:19.331] [SEVERE ] removing tokens from slot 7
[06:03:19.331] [SEVERE ] removing card from slot 7
[06:03:19.441] [SEVERE ] removing tokens from slot 10
[06:03:19.441] [SEVERE ] removing card from slot 10
[06:03:19.550] [SEVERE ] removing tokens from slot 9
[06:03:19.550] [SEVERE ] removing card from slot 9
[06:03:19.659] [SEVERE ] removing tokens from slot 2
[06:03:19.659] [SEVERE ] removing card from slot 2
[06:03:19.768] [SEVERE ] placing card 0 in slot 7
[06:03:19.876] [SEVERE ] placing card 21 in slot 3
[06:03:19.985] [SEVERE ] placing card 74 in slot 1
[06:03:20.094] [SEVERE ] placing card 65 in slot 11
[06:03:20.203] [SEVERE ] placing card 72 in slot 10
[06:03:20.312] [SEVERE ] placing card 75 in slot 2
[06:03:20.423] [SEVERE ] placing card 48 in slot 4
[06:03:20.532] [SEVERE ] placing card 68 in slot 5
[06:03:20.640] [SEVERE ] placing card 79 in slot 6
[06:03:20.750] [SEVERE ] placing card 67 in slot 0
[06:03:20.858] [SEVERE ] placing card 2 in slot 9
[06:03:20.967] [SEVERE ] placing card 31 in slot 8
[06:03:20.971] [SEVERE ] updating countdown to 9990
[06:03:20.971] [SEVERE ] updating countdown to 10000
[06:03:20.971] [SEVERE ] updating countdown to 10000
[06:03:20.971] [SEVERE ] updating countdown to 10000
[06:03:21.982] [SEVERE ] updating countdown to 8989
[06:03:22.977] [SEVERE ] updating countdown to 7994
[06:03:23.974] [SEVERE ] updating countdown to 6997
[06:03:24.986] [SEVERE ] updating countdown to 5985
[06:03:31.001] [SEVERE ] updating countdown to 0
[06:03:31.001] [SEVERE ] updating countdown to 0
[06:03:31.110] [SEVERE ] removing tokens from slot 10
[06:03:31.110] [SEVERE ] removing card from slot 10
[06:03:31.220] [SEVERE ] removing tokens from slot 3
[06:03:31.220] [SEVERE ] removing card from slot 3
[06:03:31.330] [SEVERE ] removing tokens from slot 1
[06:03:31.330] [SEVERE ] removing card from slot 1
[06:03:31.439] [SEVERE ] removing tokens from slot 6
[06:03:31.439] [SEVERE ] removing card from slot 6
[06:03:31.548] [SEVERE ] removing tokens from slot 7
[06:03:31.548] [SEVERE ] removing card from slot 7
[06:03:31.658] [SEVERE ] removing tokens from slot 2
[06:03:31.658] [SEVERE ] removing card from slot 2
[06:03:31.766] [SEVERE ] removing tokens from slot 0
[06:03:31.766] [SEVERE ] removing card from slot 0
[06:03:31.875] [SEVERE ] removing tokens from slot 9
[06:03:31.875] [SEVERE ] removing card from slot 9
[06:03:31.984] [SEVERE ] removing tokens from slot 5
[06:03:31.984] [SEVERE ] removing card from slot 5
[06:03:32.093] [SEVERE ] removing tokens from slot 11
[06:03:32.093] [SEVERE ] removing card from slot 11
[06:03:32.203] [SEVERE ] removing tokens from slot 8
[06:03:32.203] [SEVERE ] removing card from slot 8
[06:03:32.312] [SEVERE ] removing tokens from slot 4
[06:03:32.312] [SEVERE ] removing card from slot 4
[06:03:32.422] [SEVERE ] placing card 19 in slot 7
[06:03:32.530] [SEVERE ] placing card 28 in slot 1
[06:03:32.638] [SEVERE ] placing card 16 in slot 5
[06:03:32.746] [SEVERE ] placing card 23 in slot 3
[06:03:32.855] [SEVERE ] placing card 41 in slot 10
[06:03:32.965] [SEVERE ] placing card 74 in slot 6
[06:03:33.076] [SEVERE ] placing card 34 in slot 9
[06:03:33.188] [SEVERE ] placing card 64 in slot 4
[06:03:33.296] [SEVERE ] placing card 31 in slot 0
[06:03:33.404] [SEVERE ] placing card 14 in slot 8
[06:03:33.513] [SEVERE ] placing card 20 in slot 11
[06:03:33.621] [SEVERE ] placing card 61 in slot 2
[06:03:33.623] [SEVERE ] updating countdown to 9990
[06:03:34.637] [SEVERE ] updating countdown to 8986
[06:03:35.636] [SEVERE ] updating countdown to 7987
[06:03:36.631] [SEVERE ] updating countdown to 6992
[06:03:37.634] [SEVERE ] updating countdown to 5989
[06:03:43.654] [SEVERE ] updating countdown to 0
[06:03:43.654] [SEVERE ] updating countdown to 0
[06:03:43.762] [SEVERE ] removing tokens from slot 9
[06:03:43.762] [SEVERE ] removing card from slot 9
[06:03:43.870] [SEVERE ] removing tokens from slot 11
[06:03:43.870] [SEVERE ] removing card from slot 11
[06:03:43.979] [SEVERE ] removing tokens from slot 8
[06:03:43.979] [SEVERE ] removing card from slot 8
[06:03:44.088] [SEVERE ] removing tokens from slot 3
[06:03:44.088] [SEVERE ] removing card from slot 3
[06:03:44.197] [SEVERE ] removing tokens from slot 7
[06:03:44.197] [SEVERE ] removing card from slot 7
[06:03:44.307] [SEVERE ] removing tokens from slot 10
[06:03:44.307] [SEVERE ] removing card from slot 10
[06:03:44.415] [SEVERE ] removing tokens from slot 2
[06:03:44.415] [SEVERE ] removing card from slot 2
[06:03:44.525] [SEVERE ] removing tokens from slot 0
[06:03:44.525] [SEVERE ] removing card from slot 0
[06:03:44.635] [SEVERE ] removing tokens from slot 5
[06:03:44.635] [SEVERE ] removing card from slot 5
[06:03:44.744] [SEVERE ] removing tokens from slot 4
[06:03:44.744] [SEVERE ] removing card from slot 4
[06:03:44.852] [SEVERE ] removing tokens from slot 6
[06:03:44.852] [SEVERE ] removing card from slot 6
[06:03:44.962] [SEVERE ] removing tokens from slot 1
[06:03:44.962] [SEVERE ] removing card from slot 1
[06:03:45.072] [SEVERE ] placing card 68 in slot 1
[06:03:45.180] [SEVERE ] placing card 38 in slot 4
[06:03:45.289] [SEVERE ] placing card 5 in slot 6
[06:03:45.397] [SEVERE ] placing card 61 in slot 0
[06:03:45.505] [SEVERE ] placing card 22 in slot 3
[06:03:45.615] [SEVERE ] placing card 19 in slot 8
[06:03:45.725] [SEVERE ] placing card 57 in slot 9
[06:03:45.834] [SEVERE ] placing card 73 in slot 5
[06:03:45.942] [SEVERE ] placing card 0 in slot 7
[06:03:46.050] [SEVERE ] placing card 11 in slot 10
[06:03:46.158] [SEVERE ] placing card 20 in slot 11
[06:03:46.268] [SEVERE ] placing card 4 in slot 2
[06:03:46.271] [SEVERE ] updating countdown to 9990
[06:03:46.271] [SEVERE ] updating countdown to 10000
[06:03:46.271] [SEVERE ] updating countdown to 10000
[06:03:47.279] [SEVERE ] updating countdown to 8992
[06:03:47.969] [SEVERE ] exit button pressed
[06:03:47.970] [INFO   ] thread Player: 01 terminated.
[06:03:47.970] [INFO   ] thread Player: 11 terminated.
[06:03:48.276] [SEVERE ] updating countdown to 7995
[06:03:48.276] [SEVERE ] updating countdown to 7995
[06:03:48.385] [SEVERE ] removing tokens from slot 9
[06:03:48.385] [SEVERE ] removing card from slot 9
[06:03:48.496] [SEVERE ] removing tokens from slot 6
[06:03:48.496] [SEVERE ] removing card from slot 6
[06:03:48.606] [SEVERE ] removing tokens from slot 2
[06:03:48.606] [SEVERE ] removing card from slot 2
[06:03:48.715] [SEVERE ] removing tokens from slot 10
[06:03:48.715] [SEVERE ] removing card from slot 10
[06:03:48.822] [SEVERE ] removing tokens from slot 1
[06:03:48.822] [SEVERE ] removing card from slot 1
[06:03:48.933] [SEVERE ] removing tokens from slot 4
[06:03:48.933] [SEVERE ] removing card from slot 4
[06:03:49.041] [SEVERE ] removing tokens from slot 0
[06:03:49.041] [SEVERE ] removing card from slot 0
[06:03:49.149] [SEVERE ] removing tokens from slot 5
[06:03:49.149] [SEVERE ] removing card from slot 5
[06:03:49.260] [SEVERE ] removing tokens from slot 11
[06:03:49.260] [SEVERE ] removing card from slot 11
[06:03:49.368] [SEVERE ] removing tokens from slot 3
[06:03:49.368] [SEVERE ] removing card from slot 3
[06:03:49.476] [SEVERE ] removing tokens from slot 7
[06:03:49.476] [SEVERE ] removing card from slot 7
[06:03:49.586] [SEVERE ] removing tokens from slot 8
[06:03:49.586] [SEVERE ] removing card from slot 8
[06:03:49.588] [SEVERE ] announcing winner(s): player 2, player 1
[06:03:49.592] [INFO   ] thread dealer terminated.
[06:03:49.592] [INFO   ] thread dealer terminated.
[06:03:49.592] [SEVERE ] thanks for playing... it was fun!
[06:03:49.593] [INFO   ] thread main terminated.
