[06:20:02.559] [INFO   ] thread main starting.
[06:20:02.587] [SEVERE ] cannot read configuration file config.properties trying from resources.
[06:20:02.592] [SEVERE ] configuration file was loaded from resources directory.
[06:20:03.977] [INFO   ] thread dealer starting.
[06:20:03.980] [INFO   ] thread dealer starting.
[06:20:04.120] [SEVERE ] placing card 22 in slot 0
[06:20:04.262] [SEVERE ] placing card 55 in slot 5
[06:20:04.373] [SEVERE ] placing card 35 in slot 3
[06:20:04.481] [SEVERE ] placing card 74 in slot 11
[06:20:04.593] [SEVERE ] placing card 34 in slot 1
[06:20:04.702] [SEVERE ] placing card 78 in slot 4
[06:20:04.812] [SEVERE ] placing card 33 in slot 7
[06:20:04.922] [SEVERE ] placing card 7 in slot 2
[06:20:05.034] [SEVERE ] placing card 51 in slot 10
[06:20:05.144] [SEVERE ] placing card 10 in slot 6
[06:20:05.256] [SEVERE ] placing card 52 in slot 9
[06:20:05.368] [SEVERE ] placing card 79 in slot 8
[06:20:05.369] [SEVERE ] updating countdown to 8000
[06:20:05.375] [INFO   ] thread Player: 01 created.
[06:20:05.377] [INFO   ] thread Player: 11 created.
[06:20:05.379] [INFO   ] thread Player: 01 starting.
[06:20:05.387] [INFO   ] thread Player: 11 starting.
[06:20:06.383] [SEVERE ] updating countdown to 8986
[06:20:07.375] [SEVERE ] updating countdown to 7994
[06:20:08.384] [SEVERE ] updating countdown to 6985
[06:20:09.383] [SEVERE ] updating countdown to 5986
[06:20:15.393] [SEVERE ] updating countdown to 0
[06:20:15.394] [SEVERE ] updating countdown to 0
[06:20:15.501] [SEVERE ] removing tokens from slot 7
[06:20:15.501] [SEVERE ] removing card from slot 7
[06:20:15.610] [SEVERE ] removing tokens from slot 5
[06:20:15.610] [SEVERE ] removing card from slot 5
[06:20:15.718] [SEVERE ] removing tokens from slot 11
[06:20:15.718] [SEVERE ] removing card from slot 11
[06:20:15.827] [SEVERE ] removing tokens from slot 4
[06:20:15.827] [SEVERE ] removing card from slot 4
[06:20:15.936] [SEVERE ] removing tokens from slot 10
[06:20:15.936] [SEVERE ] removing card from slot 10
[06:20:16.045] [SEVERE ] removing tokens from slot 8
[06:20:16.045] [SEVERE ] removing card from slot 8
[06:20:16.154] [SEVERE ] removing tokens from slot 3
[06:20:16.154] [SEVERE ] removing card from slot 3
[06:20:16.264] [SEVERE ] removing tokens from slot 2
[06:20:16.264] [SEVERE ] removing card from slot 2
[06:20:16.373] [SEVERE ] removing tokens from slot 1
[06:20:16.373] [SEVERE ] removing card from slot 1
[06:20:16.480] [SEVERE ] removing tokens from slot 0
[06:20:16.480] [SEVERE ] removing card from slot 0
[06:20:16.590] [SEVERE ] removing tokens from slot 6
[06:20:16.590] [SEVERE ] removing card from slot 6
[06:20:16.700] [SEVERE ] removing tokens from slot 9
[06:20:16.700] [SEVERE ] removing card from slot 9
[06:20:16.810] [SEVERE ] placing card 45 in slot 1
[06:20:16.919] [SEVERE ] placing card 56 in slot 0
[06:20:17.028] [SEVERE ] placing card 53 in slot 8
[06:20:17.137] [SEVERE ] placing card 31 in slot 4
[06:20:17.245] [SEVERE ] placing card 20 in slot 9
[06:20:17.354] [SEVERE ] placing card 50 in slot 2
[06:20:17.462] [SEVERE ] placing card 69 in slot 5
[06:20:17.571] [SEVERE ] placing card 79 in slot 6
[06:20:17.680] [SEVERE ] placing card 0 in slot 10
[06:20:17.789] [SEVERE ] placing card 63 in slot 3
[06:20:17.898] [SEVERE ] placing card 27 in slot 11
[06:20:18.009] [SEVERE ] placing card 52 in slot 7
[06:20:18.009] [SEVERE ] updating countdown to 8000
[06:20:19.018] [SEVERE ] updating countdown to 8991
[06:20:20.022] [SEVERE ] updating countdown to 7987
[06:20:21.018] [SEVERE ] updating countdown to 6991
[06:20:22.012] [SEVERE ] updating countdown to 5997
[06:20:28.018] [SEVERE ] updating countdown to 0
[06:20:28.019] [SEVERE ] updating countdown to 0
[06:20:28.127] [SEVERE ] removing tokens from slot 11
[06:20:28.127] [SEVERE ] removing card from slot 11
[06:20:28.236] [SEVERE ] removing tokens from slot 4
[06:20:28.236] [SEVERE ] removing card from slot 4
[06:20:28.345] [SEVERE ] removing tokens from slot 3
[06:20:28.345] [SEVERE ] removing card from slot 3
[06:20:28.454] [SEVERE ] removing tokens from slot 2
[06:20:28.454] [SEVERE ] removing card from slot 2
[06:20:28.563] [SEVERE ] removing tokens from slot 6
[06:20:28.563] [SEVERE ] removing card from slot 6
[06:20:28.671] [SEVERE ] removing tokens from slot 8
[06:20:28.671] [SEVERE ] removing card from slot 8
[06:20:28.780] [SEVERE ] removing tokens from slot 9
[06:20:28.780] [SEVERE ] removing card from slot 9
[06:20:28.889] [SEVERE ] removing tokens from slot 1
[06:20:28.889] [SEVERE ] removing card from slot 1
[06:20:28.998] [SEVERE ] removing tokens from slot 7
[06:20:28.998] [SEVERE ] removing card from slot 7
[06:20:29.107] [SEVERE ] removing tokens from slot 5
[06:20:29.107] [SEVERE ] removing card from slot 5
[06:20:29.215] [SEVERE ] removing tokens from slot 0
[06:20:29.215] [SEVERE ] removing card from slot 0
[06:20:29.325] [SEVERE ] removing tokens from slot 10
[06:20:29.325] [SEVERE ] removing card from slot 10
[06:20:29.432] [SEVERE ] placing card 6 in slot 4
[06:20:29.544] [SEVERE ] placing card 60 in slot 7
[06:20:29.655] [SEVERE ] placing card 28 in slot 6
[06:20:29.763] [SEVERE ] placing card 77 in slot 11
[06:20:29.872] [SEVERE ] placing card 36 in slot 0
[06:20:29.980] [SEVERE ] placing card 53 in slot 1
[06:20:30.088] [SEVERE ] placing card 2 in slot 8
[06:20:30.196] [SEVERE ] placing card 4 in slot 3
[06:20:30.305] [SEVERE ] placing card 9 in slot 2
[06:20:30.413] [SEVERE ] placing card 1 in slot 5
[06:20:30.521] [SEVERE ] placing card 18 in slot 9
[06:20:30.629] [SEVERE ] placing card 13 in slot 10
[06:20:30.629] [SEVERE ] updating countdown to 8000
[06:20:31.641] [SEVERE ] updating countdown to 8988
[06:20:32.640] [SEVERE ] updating countdown to 7989
[06:20:33.633] [SEVERE ] updating countdown to 6996
[06:20:34.630] [SEVERE ] updating countdown to 5999
[06:20:40.671] [SEVERE ] updating countdown to 0
[06:20:40.671] [SEVERE ] updating countdown to 0
[06:20:40.780] [SEVERE ] removing tokens from slot 0
[06:20:40.780] [SEVERE ] removing card from slot 0
[06:20:40.889] [SEVERE ] removing tokens from slot 7
[06:20:40.889] [SEVERE ] removing card from slot 7
[06:20:40.998] [SEVERE ] removing tokens from slot 10
[06:20:40.998] [SEVERE ] removing card from slot 10
[06:20:41.107] [SEVERE ] removing tokens from slot 8
[06:20:41.107] [SEVERE ] removing card from slot 8
[06:20:41.216] [SEVERE ] removing tokens from slot 1
[06:20:41.216] [SEVERE ] removing card from slot 1
[06:20:41.325] [SEVERE ] removing tokens from slot 9
[06:20:41.325] [SEVERE ] removing card from slot 9
[06:20:41.435] [SEVERE ] removing tokens from slot 2
[06:20:41.435] [SEVERE ] removing card from slot 2
[06:20:41.544] [SEVERE ] removing tokens from slot 11
[06:20:41.544] [SEVERE ] removing card from slot 11
[06:20:41.652] [SEVERE ] removing tokens from slot 5
[06:20:41.652] [SEVERE ] removing card from slot 5
[06:20:41.762] [SEVERE ] removing tokens from slot 3
[06:20:41.762] [SEVERE ] removing card from slot 3
[06:20:41.872] [SEVERE ] removing tokens from slot 4
[06:20:41.872] [SEVERE ] removing card from slot 4
[06:20:41.980] [SEVERE ] removing tokens from slot 6
[06:20:41.980] [SEVERE ] removing card from slot 6
[06:20:42.090] [SEVERE ] placing card 3 in slot 10
[06:20:42.199] [SEVERE ] placing card 42 in slot 2
[06:20:42.311] [SEVERE ] placing card 63 in slot 7
[06:20:42.422] [SEVERE ] placing card 15 in slot 1
[06:20:42.532] [SEVERE ] placing card 22 in slot 9
[06:20:42.642] [SEVERE ] placing card 56 in slot 6
[06:20:42.753] [SEVERE ] placing card 8 in slot 3
[06:20:42.865] [SEVERE ] placing card 5 in slot 5
[06:20:42.977] [SEVERE ] placing card 51 in slot 0
[06:20:43.087] [SEVERE ] placing card 64 in slot 11
[06:20:43.199] [SEVERE ] placing card 13 in slot 4
[06:20:43.309] [SEVERE ] placing card 67 in slot 8
[06:20:43.309] [SEVERE ] updating countdown to 8000
[06:20:44.322] [SEVERE ] updating countdown to 8987
[06:20:45.311] [SEVERE ] updating countdown to 7998
[06:20:46.310] [SEVERE ] updating countdown to 6999
[06:20:47.321] [SEVERE ] updating countdown to 5988
[06:20:53.338] [SEVERE ] updating countdown to 0
[06:20:53.339] [SEVERE ] updating countdown to 0
[06:20:53.447] [SEVERE ] removing tokens from slot 9
[06:20:53.447] [SEVERE ] removing card from slot 9
[06:20:53.555] [SEVERE ] removing tokens from slot 2
[06:20:53.555] [SEVERE ] removing card from slot 2
[06:20:53.664] [SEVERE ] removing tokens from slot 5
[06:20:53.664] [SEVERE ] removing card from slot 5
[06:20:53.773] [SEVERE ] removing tokens from slot 1
[06:20:53.773] [SEVERE ] removing card from slot 1
[06:20:53.883] [SEVERE ] removing tokens from slot 4
[06:20:53.883] [SEVERE ] removing card from slot 4
[06:20:53.993] [SEVERE ] removing tokens from slot 8
[06:20:53.993] [SEVERE ] removing card from slot 8
[06:20:54.101] [SEVERE ] removing tokens from slot 7
[06:20:54.101] [SEVERE ] removing card from slot 7
[06:20:54.210] [SEVERE ] removing tokens from slot 0
[06:20:54.210] [SEVERE ] removing card from slot 0
[06:20:54.321] [SEVERE ] removing tokens from slot 6
[06:20:54.321] [SEVERE ] removing card from slot 6
[06:20:54.432] [SEVERE ] removing tokens from slot 3
[06:20:54.432] [SEVERE ] removing card from slot 3
[06:20:54.540] [SEVERE ] removing tokens from slot 11
[06:20:54.540] [SEVERE ] removing card from slot 11
[06:20:54.652] [SEVERE ] removing tokens from slot 10
[06:20:54.652] [SEVERE ] removing card from slot 10
[06:20:54.761] [SEVERE ] placing card 18 in slot 6
[06:20:54.871] [SEVERE ] placing card 9 in slot 9
[06:20:54.980] [SEVERE ] placing card 31 in slot 2
[06:20:55.088] [SEVERE ] placing card 55 in slot 1
[06:20:55.199] [SEVERE ] placing card 11 in slot 7
[06:20:55.309] [SEVERE ] placing card 60 in slot 5
[06:20:55.418] [SEVERE ] placing card 64 in slot 3
[06:20:55.527] [SEVERE ] placing card 2 in slot 11
[06:20:55.636] [SEVERE ] placing card 53 in slot 0
[06:20:55.745] [SEVERE ] placing card 50 in slot 10
[06:20:55.855] [SEVERE ] placing card 5 in slot 8
[06:20:55.963] [SEVERE ] placing card 58 in slot 4
[06:20:55.963] [SEVERE ] updating countdown to 8000
[06:20:56.972] [SEVERE ] updating countdown to 8991
[06:20:57.972] [SEVERE ] updating countdown to 7991
[06:20:58.971] [SEVERE ] updating countdown to 6992
[06:20:59.968] [SEVERE ] updating countdown to 5995
[06:21:05.981] [SEVERE ] updating countdown to 0
[06:21:05.982] [SEVERE ] updating countdown to 0
[06:21:06.089] [SEVERE ] removing tokens from slot 8
[06:21:06.089] [SEVERE ] removing card from slot 8
[06:21:06.197] [SEVERE ] removing tokens from slot 4
[06:21:06.197] [SEVERE ] removing card from slot 4
[06:21:06.306] [SEVERE ] removing tokens from slot 1
[06:21:06.306] [SEVERE ] removing card from slot 1
[06:21:06.415] [SEVERE ] removing tokens from slot 2
[06:21:06.415] [SEVERE ] removing card from slot 2
[06:21:06.523] [SEVERE ] removing tokens from slot 3
[06:21:06.523] [SEVERE ] removing card from slot 3
[06:21:06.633] [SEVERE ] removing tokens from slot 6
[06:21:06.633] [SEVERE ] removing card from slot 6
[06:21:06.741] [SEVERE ] removing tokens from slot 5
[06:21:06.741] [SEVERE ] removing card from slot 5
[06:21:06.851] [SEVERE ] removing tokens from slot 7
[06:21:06.851] [SEVERE ] removing card from slot 7
[06:21:06.960] [SEVERE ] removing tokens from slot 11
[06:21:06.960] [SEVERE ] removing card from slot 11
[06:21:07.067] [SEVERE ] removing tokens from slot 10
[06:21:07.067] [SEVERE ] removing card from slot 10
[06:21:07.175] [SEVERE ] removing tokens from slot 9
[06:21:07.175] [SEVERE ] removing card from slot 9
[06:21:07.284] [SEVERE ] removing tokens from slot 0
[06:21:07.284] [SEVERE ] removing card from slot 0
[06:21:07.394] [SEVERE ] placing card 46 in slot 11
[06:21:07.503] [SEVERE ] placing card 13 in slot 10
[06:21:07.611] [SEVERE ] placing card 73 in slot 5
[06:21:07.720] [SEVERE ] placing card 75 in slot 1
[06:21:07.829] [SEVERE ] placing card 27 in slot 6
[06:21:07.939] [SEVERE ] placing card 53 in slot 9
[06:21:08.048] [SEVERE ] placing card 25 in slot 2
[06:21:08.157] [SEVERE ] placing card 69 in slot 3
[06:21:08.265] [SEVERE ] placing card 10 in slot 8
[06:21:08.374] [SEVERE ] placing card 32 in slot 7
[06:21:08.483] [SEVERE ] placing card 68 in slot 0
[06:21:08.592] [SEVERE ] placing card 50 in slot 4
[06:21:08.592] [SEVERE ] updating countdown to 8000
[06:21:08.592] [SEVERE ] updating countdown to 10000
[06:21:08.592] [SEVERE ] updating countdown to 10000
[06:21:09.603] [SEVERE ] updating countdown to 8989
[06:21:10.603] [SEVERE ] updating countdown to 7989
[06:21:11.597] [SEVERE ] updating countdown to 6995
[06:21:12.594] [SEVERE ] updating countdown to 5998
[06:21:18.650] [SEVERE ] updating countdown to 0
[06:21:18.650] [SEVERE ] updating countdown to 0
[06:21:18.760] [SEVERE ] removing tokens from slot 3
[06:21:18.760] [SEVERE ] removing card from slot 3
[06:21:18.869] [SEVERE ] removing tokens from slot 1
[06:21:18.869] [SEVERE ] removing card from slot 1
[06:21:18.978] [SEVERE ] removing tokens from slot 5
[06:21:18.978] [SEVERE ] removing card from slot 5
[06:21:19.086] [SEVERE ] removing tokens from slot 6
[06:21:19.086] [SEVERE ] removing card from slot 6
[06:21:19.195] [SEVERE ] removing tokens from slot 11
[06:21:19.195] [SEVERE ] removing card from slot 11
[06:21:19.306] [SEVERE ] removing tokens from slot 4
[06:21:19.306] [SEVERE ] removing card from slot 4
[06:21:19.417] [SEVERE ] removing tokens from slot 10
[06:21:19.417] [SEVERE ] removing card from slot 10
[06:21:19.528] [SEVERE ] removing tokens from slot 0
[06:21:19.528] [SEVERE ] removing card from slot 0
[06:21:19.639] [SEVERE ] removing tokens from slot 2
[06:21:19.639] [SEVERE ] removing card from slot 2
[06:21:19.749] [SEVERE ] removing tokens from slot 7
[06:21:19.749] [SEVERE ] removing card from slot 7
[06:21:19.857] [SEVERE ] removing tokens from slot 9
[06:21:19.857] [SEVERE ] removing card from slot 9
[06:21:19.966] [SEVERE ] removing tokens from slot 8
[06:21:19.966] [SEVERE ] removing card from slot 8
[06:21:20.074] [SEVERE ] placing card 79 in slot 11
[06:21:20.184] [SEVERE ] placing card 8 in slot 8
[06:21:20.294] [SEVERE ] placing card 0 in slot 6
[06:21:20.403] [SEVERE ] placing card 27 in slot 2
[06:21:20.512] [SEVERE ] placing card 58 in slot 0
[06:21:20.619] [SEVERE ] placing card 56 in slot 10
[06:21:20.728] [SEVERE ] placing card 40 in slot 7
[06:21:20.836] [SEVERE ] placing card 80 in slot 9
[06:21:20.946] [SEVERE ] placing card 9 in slot 4
[06:21:21.054] [SEVERE ] placing card 47 in slot 5
[06:21:21.164] [SEVERE ] placing card 31 in slot 3
[06:21:21.273] [SEVERE ] placing card 24 in slot 1
[06:21:21.273] [SEVERE ] updating countdown to 8000
[06:21:22.273] [SEVERE ] updating countdown to 9000
[06:21:23.288] [SEVERE ] updating countdown to 7985
[06:21:24.288] [SEVERE ] updating countdown to 6985
[06:21:25.274] [SEVERE ] updating countdown to 5999
[06:21:25.519] [SEVERE ] exit button pressed
[06:21:25.520] [INFO   ] thread Player: 01 terminated.
[06:21:25.520] [INFO   ] thread Player: 11 terminated.
[06:21:26.394] [SEVERE ] removing tokens from slot 10
[06:21:26.394] [SEVERE ] removing card from slot 10
[06:21:26.503] [SEVERE ] removing tokens from slot 1
[06:21:26.503] [SEVERE ] removing card from slot 1
[06:21:26.612] [SEVERE ] removing tokens from slot 11
[06:21:26.612] [SEVERE ] removing card from slot 11
[06:21:26.721] [SEVERE ] removing tokens from slot 6
[06:21:26.721] [SEVERE ] removing card from slot 6
[06:21:26.830] [SEVERE ] removing tokens from slot 7
[06:21:26.830] [SEVERE ] removing card from slot 7
[06:21:26.940] [SEVERE ] removing tokens from slot 0
[06:21:26.940] [SEVERE ] removing card from slot 0
[06:21:27.050] [SEVERE ] removing tokens from slot 4
[06:21:27.050] [SEVERE ] removing card from slot 4
[06:21:27.160] [SEVERE ] removing tokens from slot 2
[06:21:27.160] [SEVERE ] removing card from slot 2
[06:21:27.269] [SEVERE ] removing tokens from slot 5
[06:21:27.269] [SEVERE ] removing card from slot 5
[06:21:27.378] [SEVERE ] removing tokens from slot 9
[06:21:27.378] [SEVERE ] removing card from slot 9
[06:21:27.488] [SEVERE ] removing tokens from slot 8
[06:21:27.488] [SEVERE ] removing card from slot 8
[06:21:27.595] [SEVERE ] removing tokens from slot 3
[06:21:27.595] [SEVERE ] removing card from slot 3
[06:21:27.596] [SEVERE ] announcing winner(s): player 2, player 1
[06:21:27.602] [INFO   ] thread dealer terminated.
[06:21:27.602] [INFO   ] thread dealer terminated.
[06:21:27.602] [SEVERE ] thanks for playing... it was fun!
[06:21:27.603] [INFO   ] thread main terminated.
