[06:53:02.602] [INFO   ] thread main starting.
[06:53:02.660] [SEVERE ] cannot read configuration file config.properties trying from resources.
[06:53:02.714] [SEVERE ] configuration file was loaded from resources directory.
[06:53:09.106] [INFO   ] thread dealer starting.
[06:53:09.125] [INFO   ] thread dealer starting.
[06:53:09.377] [SEVERE ] placing card 40 in slot 1
[06:53:09.504] [SEVERE ] placing card 17 in slot 8
[06:53:09.629] [SEVERE ] placing card 66 in slot 10
[06:53:09.747] [SEVERE ] placing card 2 in slot 4
[06:53:09.862] [SEVERE ] placing card 23 in slot 0
[06:53:09.969] [SEVERE ] placing card 49 in slot 6
[06:53:10.080] [SEVERE ] placing card 19 in slot 5
[06:53:10.190] [SEVERE ] placing card 48 in slot 7
[06:53:10.301] [SEVERE ] placing card 12 in slot 11
[06:53:10.413] [SEVERE ] placing card 59 in slot 3
[06:53:10.521] [SEVERE ] placing card 0 in slot 9
[06:53:10.632] [SEVERE ] placing card 16 in slot 2
[06:53:10.634] [SEVERE ] updating countdown to 9999
[06:53:10.643] [INFO   ] thread Player: 01 created.
[06:53:10.646] [INFO   ] thread Player: 01 starting.
[06:53:10.652] [INFO   ] thread Player: 11 starting.
[06:53:10.647] [INFO   ] thread Player: 11 created.
[06:53:11.651] [SEVERE ] updating countdown to 8982
[06:53:12.638] [SEVERE ] updating countdown to 7995
[06:53:13.645] [SEVERE ] updating countdown to 6988
[06:53:14.644] [SEVERE ] updating countdown to 5989
[06:53:20.704] [SEVERE ] updating countdown to 0
[06:53:20.706] [SEVERE ] updating countdown to 0
[06:53:20.813] [SEVERE ] removing tokens from slot 0
[06:53:20.814] [SEVERE ] removing card from slot 0
[06:53:20.923] [SEVERE ] removing tokens from slot 6
[06:53:20.924] [SEVERE ] removing card from slot 6
[06:53:21.033] [SEVERE ] removing tokens from slot 11
[06:53:21.034] [SEVERE ] removing card from slot 11
[06:53:21.144] [SEVERE ] removing tokens from slot 2
[06:53:21.145] [SEVERE ] removing card from slot 2
[06:53:21.253] [SEVERE ] removing tokens from slot 9
[06:53:21.254] [SEVERE ] removing card from slot 9
[06:53:21.365] [SEVERE ] removing tokens from slot 3
[06:53:21.366] [SEVERE ] removing card from slot 3
[06:53:21.474] [SEVERE ] removing tokens from slot 10
[06:53:21.475] [SEVERE ] removing card from slot 10
[06:53:21.584] [SEVERE ] removing tokens from slot 5
[06:53:21.585] [SEVERE ] removing card from slot 5
[06:53:21.694] [SEVERE ] removing tokens from slot 7
[06:53:21.695] [SEVERE ] removing card from slot 7
[06:53:21.802] [SEVERE ] removing tokens from slot 1
[06:53:21.803] [SEVERE ] removing card from slot 1
[06:53:21.912] [SEVERE ] removing tokens from slot 4
[06:53:21.913] [SEVERE ] removing card from slot 4
[06:53:22.023] [SEVERE ] removing tokens from slot 8
[06:53:22.025] [SEVERE ] removing card from slot 8
[06:53:22.131] [SEVERE ] placing card 75 in slot 3
[06:53:22.242] [SEVERE ] placing card 64 in slot 5
[06:53:22.352] [SEVERE ] placing card 35 in slot 11
[06:53:22.461] [SEVERE ] placing card 49 in slot 7
[06:53:22.572] [SEVERE ] placing card 13 in slot 8
[06:53:22.683] [SEVERE ] placing card 12 in slot 0
[06:53:22.792] [SEVERE ] placing card 36 in slot 4
[06:53:22.904] [SEVERE ] placing card 74 in slot 6
[06:53:23.015] [SEVERE ] placing card 27 in slot 9
[06:53:23.125] [SEVERE ] placing card 26 in slot 2
[06:53:23.233] [SEVERE ] placing card 67 in slot 1
[06:53:23.343] [SEVERE ] placing card 22 in slot 10
[06:53:23.344] [SEVERE ] updating countdown to 9999
[06:53:24.347] [SEVERE ] updating countdown to 8996
[06:53:25.347] [SEVERE ] updating countdown to 7996
[06:53:26.351] [SEVERE ] updating countdown to 6992
[06:53:27.349] [SEVERE ] updating countdown to 5994
[06:53:33.361] [SEVERE ] updating countdown to 0
[06:53:33.362] [SEVERE ] updating countdown to 0
[06:53:33.469] [SEVERE ] removing tokens from slot 10
[06:53:33.469] [SEVERE ] removing card from slot 10
[06:53:33.577] [SEVERE ] removing tokens from slot 1
[06:53:33.577] [SEVERE ] removing card from slot 1
[06:53:33.687] [SEVERE ] removing tokens from slot 4
[06:53:33.687] [SEVERE ] removing card from slot 4
[06:53:33.795] [SEVERE ] removing tokens from slot 0
[06:53:33.795] [SEVERE ] removing card from slot 0
[06:53:33.904] [SEVERE ] removing tokens from slot 2
[06:53:33.904] [SEVERE ] removing card from slot 2
[06:53:34.013] [SEVERE ] removing tokens from slot 6
[06:53:34.013] [SEVERE ] removing card from slot 6
[06:53:34.120] [SEVERE ] removing tokens from slot 7
[06:53:34.120] [SEVERE ] removing card from slot 7
[06:53:34.229] [SEVERE ] removing tokens from slot 3
[06:53:34.229] [SEVERE ] removing card from slot 3
[06:53:34.338] [SEVERE ] removing tokens from slot 9
[06:53:34.338] [SEVERE ] removing card from slot 9
[06:53:34.447] [SEVERE ] removing tokens from slot 5
[06:53:34.447] [SEVERE ] removing card from slot 5
[06:53:34.558] [SEVERE ] removing tokens from slot 11
[06:53:34.558] [SEVERE ] removing card from slot 11
[06:53:34.667] [SEVERE ] removing tokens from slot 8
[06:53:34.667] [SEVERE ] removing card from slot 8
[06:53:34.774] [SEVERE ] placing card 28 in slot 9
[06:53:34.884] [SEVERE ] placing card 74 in slot 3
[06:53:34.993] [SEVERE ] placing card 61 in slot 1
[06:53:35.102] [SEVERE ] placing card 3 in slot 4
[06:53:35.210] [SEVERE ] placing card 53 in slot 5
[06:53:35.318] [SEVERE ] placing card 75 in slot 6
[06:53:35.426] [SEVERE ] placing card 32 in slot 8
[06:53:35.535] [SEVERE ] placing card 49 in slot 0
[06:53:35.644] [SEVERE ] placing card 62 in slot 11
[06:53:35.753] [SEVERE ] placing card 76 in slot 2
[06:53:35.862] [SEVERE ] placing card 13 in slot 10
[06:53:35.970] [SEVERE ] placing card 65 in slot 7
[06:53:35.970] [SEVERE ] updating countdown to 9999
[06:53:36.983] [SEVERE ] updating countdown to 8986
[06:53:37.979] [SEVERE ] updating countdown to 7990
[06:53:38.973] [SEVERE ] updating countdown to 6996
[06:53:39.981] [SEVERE ] updating countdown to 5988
[06:53:45.987] [SEVERE ] updating countdown to 0
[06:53:45.988] [SEVERE ] updating countdown to 0
[06:53:46.094] [SEVERE ] removing tokens from slot 3
[06:53:46.094] [SEVERE ] removing card from slot 3
[06:53:46.204] [SEVERE ] removing tokens from slot 7
[06:53:46.204] [SEVERE ] removing card from slot 7
[06:53:46.315] [SEVERE ] removing tokens from slot 8
[06:53:46.315] [SEVERE ] removing card from slot 8
[06:53:46.423] [SEVERE ] removing tokens from slot 6
[06:53:46.423] [SEVERE ] removing card from slot 6
[06:53:46.533] [SEVERE ] removing tokens from slot 5
[06:53:46.533] [SEVERE ] removing card from slot 5
[06:53:46.640] [SEVERE ] removing tokens from slot 4
[06:53:46.640] [SEVERE ] removing card from slot 4
[06:53:46.749] [SEVERE ] removing tokens from slot 2
[06:53:46.749] [SEVERE ] removing card from slot 2
[06:53:46.858] [SEVERE ] removing tokens from slot 0
[06:53:46.858] [SEVERE ] removing card from slot 0
[06:53:46.967] [SEVERE ] removing tokens from slot 1
[06:53:46.967] [SEVERE ] removing card from slot 1
[06:53:47.076] [SEVERE ] removing tokens from slot 11
[06:53:47.076] [SEVERE ] removing card from slot 11
[06:53:47.184] [SEVERE ] removing tokens from slot 9
[06:53:47.184] [SEVERE ] removing card from slot 9
[06:53:47.292] [SEVERE ] removing tokens from slot 10
[06:53:47.292] [SEVERE ] removing card from slot 10
[06:53:47.401] [SEVERE ] placing card 20 in slot 5
[06:53:47.510] [SEVERE ] placing card 57 in slot 1
[06:53:47.621] [SEVERE ] placing card 13 in slot 11
[06:53:47.731] [SEVERE ] placing card 22 in slot 2
[06:53:47.840] [SEVERE ] placing card 2 in slot 0
[06:53:47.948] [SEVERE ] placing card 3 in slot 9
[06:53:48.057] [SEVERE ] placing card 68 in slot 3
[06:53:48.167] [SEVERE ] placing card 59 in slot 4
[06:53:48.275] [SEVERE ] placing card 15 in slot 10
[06:53:48.383] [SEVERE ] placing card 40 in slot 8
[06:53:48.492] [SEVERE ] placing card 64 in slot 7
[06:53:48.602] [SEVERE ] placing card 44 in slot 6
[06:53:48.602] [SEVERE ] updating countdown to 9999
[06:53:48.602] [SEVERE ] updating countdown to 9999
[06:53:49.611] [SEVERE ] updating countdown to 8990
[06:53:50.610] [SEVERE ] updating countdown to 7991
[06:53:51.605] [SEVERE ] updating countdown to 6996
[06:53:52.609] [SEVERE ] updating countdown to 5992
[06:53:58.633] [SEVERE ] updating countdown to 0
[06:53:58.634] [SEVERE ] updating countdown to 0
[06:53:58.741] [SEVERE ] removing tokens from slot 10
[06:53:58.741] [SEVERE ] removing card from slot 10
[06:53:58.851] [SEVERE ] removing tokens from slot 3
[06:53:58.851] [SEVERE ] removing card from slot 3
[06:53:58.959] [SEVERE ] removing tokens from slot 6
[06:53:58.959] [SEVERE ] removing card from slot 6
[06:53:59.068] [SEVERE ] removing tokens from slot 11
[06:53:59.068] [SEVERE ] removing card from slot 11
[06:53:59.177] [SEVERE ] removing tokens from slot 0
[06:53:59.177] [SEVERE ] removing card from slot 0
[06:53:59.285] [SEVERE ] removing tokens from slot 8
[06:53:59.285] [SEVERE ] removing card from slot 8
[06:53:59.393] [SEVERE ] removing tokens from slot 4
[06:53:59.393] [SEVERE ] removing card from slot 4
[06:53:59.502] [SEVERE ] removing tokens from slot 1
[06:53:59.502] [SEVERE ] removing card from slot 1
[06:53:59.611] [SEVERE ] removing tokens from slot 5
[06:53:59.611] [SEVERE ] removing card from slot 5
[06:53:59.721] [SEVERE ] removing tokens from slot 2
[06:53:59.721] [SEVERE ] removing card from slot 2
[06:53:59.829] [SEVERE ] removing tokens from slot 9
[06:53:59.829] [SEVERE ] removing card from slot 9
[06:53:59.937] [SEVERE ] removing tokens from slot 7
[06:53:59.937] [SEVERE ] removing card from slot 7
[06:54:00.046] [SEVERE ] placing card 6 in slot 4
[06:54:00.156] [SEVERE ] placing card 16 in slot 7
[06:54:00.266] [SEVERE ] placing card 20 in slot 11
[06:54:00.376] [SEVERE ] placing card 56 in slot 10
[06:54:00.484] [SEVERE ] placing card 30 in slot 9
[06:54:00.593] [SEVERE ] placing card 45 in slot 8
[06:54:00.703] [SEVERE ] placing card 13 in slot 6
[06:54:00.812] [SEVERE ] placing card 73 in slot 3
[06:54:00.922] [SEVERE ] placing card 11 in slot 2
[06:54:01.031] [SEVERE ] placing card 9 in slot 0
[06:54:01.140] [SEVERE ] placing card 26 in slot 1
[06:54:01.248] [SEVERE ] placing card 41 in slot 5
[06:54:01.248] [SEVERE ] updating countdown to 9999
[06:54:02.257] [SEVERE ] updating countdown to 8990
[06:54:03.257] [SEVERE ] updating countdown to 7990
[06:54:04.253] [SEVERE ] updating countdown to 6994
[06:54:05.248] [SEVERE ] updating countdown to 5999
[06:54:05.248] [SEVERE ] updating countdown to 5999
[06:54:11.256] [SEVERE ] updating countdown to 0
[06:54:11.257] [SEVERE ] updating countdown to 0
[06:54:11.365] [SEVERE ] removing tokens from slot 9
[06:54:11.365] [SEVERE ] removing card from slot 9
[06:54:11.474] [SEVERE ] removing tokens from slot 3
[06:54:11.474] [SEVERE ] removing card from slot 3
[06:54:11.582] [SEVERE ] removing tokens from slot 2
[06:54:11.582] [SEVERE ] removing card from slot 2
[06:54:11.692] [SEVERE ] removing tokens from slot 6
[06:54:11.692] [SEVERE ] removing card from slot 6
[06:54:11.802] [SEVERE ] removing tokens from slot 4
[06:54:11.802] [SEVERE ] removing card from slot 4
[06:54:11.910] [SEVERE ] removing tokens from slot 10
[06:54:11.910] [SEVERE ] removing card from slot 10
[06:54:12.017] [SEVERE ] removing tokens from slot 11
[06:54:12.017] [SEVERE ] removing card from slot 11
[06:54:12.126] [SEVERE ] removing tokens from slot 7
[06:54:12.126] [SEVERE ] removing card from slot 7
[06:54:12.235] [SEVERE ] removing tokens from slot 1
[06:54:12.235] [SEVERE ] removing card from slot 1
[06:54:12.345] [SEVERE ] removing tokens from slot 5
[06:54:12.345] [SEVERE ] removing card from slot 5
[06:54:12.454] [SEVERE ] removing tokens from slot 8
[06:54:12.454] [SEVERE ] removing card from slot 8
[06:54:12.563] [SEVERE ] removing tokens from slot 0
[06:54:12.563] [SEVERE ] removing card from slot 0
[06:54:12.673] [SEVERE ] placing card 25 in slot 4
[06:54:12.782] [SEVERE ] placing card 1 in slot 10
[06:54:12.891] [SEVERE ] placing card 71 in slot 11
[06:54:12.999] [SEVERE ] placing card 22 in slot 1
[06:54:13.107] [SEVERE ] placing card 28 in slot 3
[06:54:13.215] [SEVERE ] placing card 14 in slot 6
[06:54:13.323] [SEVERE ] placing card 23 in slot 7
[06:54:13.432] [SEVERE ] placing card 69 in slot 2
[06:54:13.541] [SEVERE ] placing card 17 in slot 9
[06:54:13.651] [SEVERE ] placing card 35 in slot 8
[06:54:13.761] [SEVERE ] placing card 0 in slot 5
[06:54:13.870] [SEVERE ] placing card 33 in slot 0
[06:54:13.870] [SEVERE ] updating countdown to 9999
[06:54:14.879] [SEVERE ] updating countdown to 8990
[06:54:15.874] [SEVERE ] updating countdown to 7995
[06:54:16.874] [SEVERE ] updating countdown to 6995
[06:54:17.872] [SEVERE ] updating countdown to 5997
[06:54:23.901] [SEVERE ] updating countdown to 0
[06:54:23.902] [SEVERE ] updating countdown to 0
[06:54:24.010] [SEVERE ] removing tokens from slot 8
[06:54:24.010] [SEVERE ] removing card from slot 8
[06:54:24.118] [SEVERE ] removing tokens from slot 6
[06:54:24.118] [SEVERE ] removing card from slot 6
[06:54:24.228] [SEVERE ] removing tokens from slot 9
[06:54:24.228] [SEVERE ] removing card from slot 9
[06:54:24.336] [SEVERE ] removing tokens from slot 5
[06:54:24.336] [SEVERE ] removing card from slot 5
[06:54:24.446] [SEVERE ] removing tokens from slot 10
[06:54:24.446] [SEVERE ] removing card from slot 10
[06:54:24.554] [SEVERE ] removing tokens from slot 2
[06:54:24.554] [SEVERE ] removing card from slot 2
[06:54:24.661] [SEVERE ] removing tokens from slot 1
[06:54:24.661] [SEVERE ] removing card from slot 1
[06:54:24.770] [SEVERE ] removing tokens from slot 0
[06:54:24.770] [SEVERE ] removing card from slot 0
[06:54:24.882] [SEVERE ] removing tokens from slot 4
[06:54:24.882] [SEVERE ] removing card from slot 4
[06:54:24.991] [SEVERE ] removing tokens from slot 7
[06:54:24.991] [SEVERE ] removing card from slot 7
[06:54:25.100] [SEVERE ] removing tokens from slot 11
[06:54:25.100] [SEVERE ] removing card from slot 11
[06:54:25.210] [SEVERE ] removing tokens from slot 3
[06:54:25.210] [SEVERE ] removing card from slot 3
[06:54:25.318] [SEVERE ] placing card 61 in slot 11
[06:54:25.426] [SEVERE ] placing card 24 in slot 2
[06:54:25.534] [SEVERE ] placing card 11 in slot 10
[06:54:25.643] [SEVERE ] placing card 0 in slot 5
[06:54:25.752] [SEVERE ] placing card 39 in slot 3
[06:54:25.860] [SEVERE ] placing card 43 in slot 8
[06:54:25.970] [SEVERE ] placing card 18 in slot 9
[06:54:26.077] [SEVERE ] placing card 48 in slot 7
[06:54:26.186] [SEVERE ] placing card 71 in slot 0
[06:54:26.294] [SEVERE ] placing card 74 in slot 6
[06:54:26.404] [SEVERE ] placing card 78 in slot 4
[06:54:26.513] [SEVERE ] placing card 2 in slot 1
[06:54:26.513] [SEVERE ] updating countdown to 9999
[06:54:27.524] [SEVERE ] updating countdown to 8988
[06:54:28.525] [SEVERE ] updating countdown to 7987
[06:54:29.521] [SEVERE ] updating countdown to 6991
[06:54:30.515] [SEVERE ] updating countdown to 5997
[06:54:36.541] [SEVERE ] updating countdown to 0
[06:54:36.541] [SEVERE ] updating countdown to 0
[06:54:36.649] [SEVERE ] removing tokens from slot 6
[06:54:36.649] [SEVERE ] removing card from slot 6
[06:54:36.758] [SEVERE ] removing tokens from slot 4
[06:54:36.758] [SEVERE ] removing card from slot 4
[06:54:36.867] [SEVERE ] removing tokens from slot 10
[06:54:36.867] [SEVERE ] removing card from slot 10
[06:54:36.978] [SEVERE ] removing tokens from slot 11
[06:54:36.978] [SEVERE ] removing card from slot 11
[06:54:37.088] [SEVERE ] removing tokens from slot 2
[06:54:37.088] [SEVERE ] removing card from slot 2
[06:54:37.197] [SEVERE ] removing tokens from slot 1
[06:54:37.197] [SEVERE ] removing card from slot 1
[06:54:37.305] [SEVERE ] removing tokens from slot 9
[06:54:37.305] [SEVERE ] removing card from slot 9
[06:54:37.413] [SEVERE ] removing tokens from slot 0
[06:54:37.413] [SEVERE ] removing card from slot 0
[06:54:37.522] [SEVERE ] removing tokens from slot 3
[06:54:37.522] [SEVERE ] removing card from slot 3
[06:54:37.632] [SEVERE ] removing tokens from slot 8
[06:54:37.632] [SEVERE ] removing card from slot 8
[06:54:37.742] [SEVERE ] removing tokens from slot 5
[06:54:37.742] [SEVERE ] removing card from slot 5
[06:54:37.851] [SEVERE ] removing tokens from slot 7
[06:54:37.851] [SEVERE ] removing card from slot 7
[06:54:37.960] [SEVERE ] placing card 62 in slot 10
[06:54:38.067] [SEVERE ] placing card 46 in slot 8
[06:54:38.176] [SEVERE ] placing card 52 in slot 11
[06:54:38.287] [SEVERE ] placing card 70 in slot 1
[06:54:38.398] [SEVERE ] placing card 19 in slot 2
[06:54:38.507] [SEVERE ] placing card 50 in slot 3
[06:54:38.618] [SEVERE ] placing card 4 in slot 0
[06:54:38.727] [SEVERE ] placing card 0 in slot 9
[06:54:38.836] [SEVERE ] placing card 5 in slot 6
[06:54:38.945] [SEVERE ] placing card 45 in slot 5
[06:54:39.053] [SEVERE ] placing card 47 in slot 4
[06:54:39.163] [SEVERE ] placing card 12 in slot 7
[06:54:39.163] [SEVERE ] updating countdown to 9999
[06:54:40.164] [SEVERE ] updating countdown to 8998
[06:54:41.178] [SEVERE ] updating countdown to 7984
[06:54:42.174] [SEVERE ] updating countdown to 6988
[06:54:43.164] [SEVERE ] updating countdown to 5998
[06:54:49.188] [SEVERE ] updating countdown to 0
[06:54:49.188] [SEVERE ] updating countdown to 0
[06:54:49.296] [SEVERE ] removing tokens from slot 2
[06:54:49.296] [SEVERE ] removing card from slot 2
[06:54:49.405] [SEVERE ] removing tokens from slot 3
[06:54:49.405] [SEVERE ] removing card from slot 3
[06:54:49.514] [SEVERE ] removing tokens from slot 0
[06:54:49.514] [SEVERE ] removing card from slot 0
[06:54:49.623] [SEVERE ] removing tokens from slot 4
[06:54:49.623] [SEVERE ] removing card from slot 4
[06:54:49.732] [SEVERE ] removing tokens from slot 7
[06:54:49.732] [SEVERE ] removing card from slot 7
[06:54:49.842] [SEVERE ] removing tokens from slot 6
[06:54:49.842] [SEVERE ] removing card from slot 6
[06:54:49.949] [SEVERE ] removing tokens from slot 8
[06:54:49.949] [SEVERE ] removing card from slot 8
[06:54:50.058] [SEVERE ] removing tokens from slot 5
[06:54:50.058] [SEVERE ] removing card from slot 5
[06:54:50.168] [SEVERE ] removing tokens from slot 1
[06:54:50.168] [SEVERE ] removing card from slot 1
[06:54:50.277] [SEVERE ] removing tokens from slot 11
[06:54:50.277] [SEVERE ] removing card from slot 11
[06:54:50.387] [SEVERE ] removing tokens from slot 9
[06:54:50.387] [SEVERE ] removing card from slot 9
[06:54:50.496] [SEVERE ] removing tokens from slot 10
[06:54:50.496] [SEVERE ] removing card from slot 10
[06:54:50.604] [SEVERE ] placing card 77 in slot 6
[06:54:50.713] [SEVERE ] placing card 8 in slot 5
[06:54:50.820] [SEVERE ] placing card 39 in slot 9
[06:54:50.929] [SEVERE ] placing card 63 in slot 2
[06:54:51.038] [SEVERE ] placing card 80 in slot 1
[06:54:51.149] [SEVERE ] placing card 75 in slot 0
[06:54:51.258] [SEVERE ] placing card 10 in slot 10
[06:54:51.367] [SEVERE ] placing card 61 in slot 11
[06:54:51.475] [SEVERE ] placing card 1 in slot 4
[06:54:51.584] [SEVERE ] placing card 52 in slot 3
[06:54:51.693] [SEVERE ] placing card 67 in slot 7
[06:54:51.802] [SEVERE ] placing card 22 in slot 8
[06:54:51.802] [SEVERE ] updating countdown to 9999
[06:54:52.816] [SEVERE ] updating countdown to 8985
[06:54:53.817] [SEVERE ] updating countdown to 7984
[06:54:54.803] [SEVERE ] updating countdown to 6998
[06:54:55.818] [SEVERE ] updating countdown to 5983
[06:55:01.818] [SEVERE ] updating countdown to 0
[06:55:01.819] [SEVERE ] updating countdown to 0
[06:55:01.927] [SEVERE ] removing tokens from slot 11
[06:55:01.927] [SEVERE ] removing card from slot 11
[06:55:02.036] [SEVERE ] removing tokens from slot 8
[06:55:02.036] [SEVERE ] removing card from slot 8
[06:55:02.145] [SEVERE ] removing tokens from slot 7
[06:55:02.145] [SEVERE ] removing card from slot 7
[06:55:02.253] [SEVERE ] removing tokens from slot 3
[06:55:02.253] [SEVERE ] removing card from slot 3
[06:55:02.362] [SEVERE ] removing tokens from slot 0
[06:55:02.362] [SEVERE ] removing card from slot 0
[06:55:02.471] [SEVERE ] removing tokens from slot 6
[06:55:02.471] [SEVERE ] removing card from slot 6
[06:55:02.580] [SEVERE ] removing tokens from slot 5
[06:55:02.580] [SEVERE ] removing card from slot 5
[06:55:02.689] [SEVERE ] removing tokens from slot 9
[06:55:02.689] [SEVERE ] removing card from slot 9
[06:55:02.800] [SEVERE ] removing tokens from slot 1
[06:55:02.800] [SEVERE ] removing card from slot 1
[06:55:02.908] [SEVERE ] removing tokens from slot 10
[06:55:02.908] [SEVERE ] removing card from slot 10
[06:55:03.017] [SEVERE ] removing tokens from slot 2
[06:55:03.017] [SEVERE ] removing card from slot 2
[06:55:03.128] [SEVERE ] removing tokens from slot 4
[06:55:03.128] [SEVERE ] removing card from slot 4
[06:55:03.236] [SEVERE ] placing card 7 in slot 4
[06:55:03.345] [SEVERE ] placing card 54 in slot 9
[06:55:03.454] [SEVERE ] placing card 33 in slot 10
[06:55:03.562] [SEVERE ] placing card 0 in slot 8
[06:55:03.672] [SEVERE ] placing card 23 in slot 5
[06:55:03.779] [SEVERE ] placing card 3 in slot 7
[06:55:03.882] [SEVERE ] placing card 8 in slot 1
[06:55:03.991] [SEVERE ] placing card 37 in slot 3
[06:55:04.099] [SEVERE ] placing card 56 in slot 2
[06:55:04.207] [SEVERE ] placing card 72 in slot 11
[06:55:04.315] [SEVERE ] placing card 51 in slot 0
[06:55:04.424] [SEVERE ] placing card 14 in slot 6
[06:55:04.424] [SEVERE ] updating countdown to 9999
[06:55:05.437] [SEVERE ] updating countdown to 8986
[06:55:06.428] [SEVERE ] updating countdown to 7995
[06:55:07.424] [SEVERE ] updating countdown to 6999
[06:55:08.438] [SEVERE ] updating countdown to 5985
[06:55:14.442] [SEVERE ] updating countdown to 0
[06:55:14.442] [SEVERE ] updating countdown to 0
[06:55:14.550] [SEVERE ] removing tokens from slot 9
[06:55:14.550] [SEVERE ] removing card from slot 9
[06:55:14.658] [SEVERE ] removing tokens from slot 0
[06:55:14.658] [SEVERE ] removing card from slot 0
[06:55:14.769] [SEVERE ] removing tokens from slot 6
[06:55:14.769] [SEVERE ] removing card from slot 6
[06:55:14.877] [SEVERE ] removing tokens from slot 8
[06:55:14.877] [SEVERE ] removing card from slot 8
[06:55:14.987] [SEVERE ] removing tokens from slot 4
[06:55:14.987] [SEVERE ] removing card from slot 4
[06:55:15.096] [SEVERE ] removing tokens from slot 7
[06:55:15.096] [SEVERE ] removing card from slot 7
[06:55:15.204] [SEVERE ] removing tokens from slot 3
[06:55:15.204] [SEVERE ] removing card from slot 3
[06:55:15.311] [SEVERE ] removing tokens from slot 10
[06:55:15.311] [SEVERE ] removing card from slot 10
[06:55:15.419] [SEVERE ] removing tokens from slot 5
[06:55:15.419] [SEVERE ] removing card from slot 5
[06:55:15.529] [SEVERE ] removing tokens from slot 1
[06:55:15.529] [SEVERE ] removing card from slot 1
[06:55:15.637] [SEVERE ] removing tokens from slot 11
[06:55:15.637] [SEVERE ] removing card from slot 11
[06:55:15.747] [SEVERE ] removing tokens from slot 2
[06:55:15.747] [SEVERE ] removing card from slot 2
[06:55:15.857] [SEVERE ] placing card 8 in slot 5
[06:55:15.967] [SEVERE ] placing card 51 in slot 0
[06:55:16.077] [SEVERE ] placing card 57 in slot 7
[06:55:16.186] [SEVERE ] placing card 4 in slot 4
[06:55:16.295] [SEVERE ] placing card 67 in slot 11
[06:55:16.404] [SEVERE ] placing card 3 in slot 8
[06:55:16.512] [SEVERE ] placing card 6 in slot 2
[06:55:16.621] [SEVERE ] placing card 65 in slot 3
[06:55:16.731] [SEVERE ] placing card 40 in slot 1
[06:55:16.839] [SEVERE ] placing card 55 in slot 9
[06:55:16.947] [SEVERE ] placing card 32 in slot 10
[06:55:17.056] [SEVERE ] placing card 73 in slot 6
[06:55:17.056] [SEVERE ] updating countdown to 9999
[06:55:18.070] [SEVERE ] updating countdown to 8985
[06:55:19.057] [SEVERE ] updating countdown to 7998
[06:55:20.068] [SEVERE ] updating countdown to 6987
[06:55:21.068] [SEVERE ] updating countdown to 5987
[06:55:27.073] [SEVERE ] updating countdown to 0
[06:55:27.073] [SEVERE ] updating countdown to 0
[06:55:27.181] [SEVERE ] removing tokens from slot 6
[06:55:27.181] [SEVERE ] removing card from slot 6
[06:55:27.289] [SEVERE ] removing tokens from slot 7
[06:55:27.289] [SEVERE ] removing card from slot 7
[06:55:27.397] [SEVERE ] removing tokens from slot 0
[06:55:27.397] [SEVERE ] removing card from slot 0
[06:55:27.505] [SEVERE ] removing tokens from slot 11
[06:55:27.505] [SEVERE ] removing card from slot 11
[06:55:27.616] [SEVERE ] removing tokens from slot 3
[06:55:27.616] [SEVERE ] removing card from slot 3
[06:55:27.727] [SEVERE ] removing tokens from slot 8
[06:55:27.727] [SEVERE ] removing card from slot 8
[06:55:27.838] [SEVERE ] removing tokens from slot 5
[06:55:27.838] [SEVERE ] removing card from slot 5
[06:55:27.947] [SEVERE ] removing tokens from slot 10
[06:55:27.947] [SEVERE ] removing card from slot 10
[06:55:28.056] [SEVERE ] removing tokens from slot 1
[06:55:28.056] [SEVERE ] removing card from slot 1
[06:55:28.164] [SEVERE ] removing tokens from slot 9
[06:55:28.164] [SEVERE ] removing card from slot 9
[06:55:28.273] [SEVERE ] removing tokens from slot 4
[06:55:28.273] [SEVERE ] removing card from slot 4
[06:55:28.382] [SEVERE ] removing tokens from slot 2
[06:55:28.382] [SEVERE ] removing card from slot 2
[06:55:28.490] [SEVERE ] placing card 43 in slot 2
[06:55:28.600] [SEVERE ] placing card 6 in slot 10
[06:55:28.708] [SEVERE ] placing card 4 in slot 1
[06:55:28.817] [SEVERE ] placing card 59 in slot 3
[06:55:28.924] [SEVERE ] placing card 12 in slot 0
[06:55:29.035] [SEVERE ] placing card 31 in slot 8
[06:55:29.144] [SEVERE ] placing card 51 in slot 7
[06:55:29.253] [SEVERE ] placing card 57 in slot 5
[06:55:29.362] [SEVERE ] placing card 29 in slot 4
[06:55:29.472] [SEVERE ] placing card 62 in slot 6
[06:55:29.580] [SEVERE ] placing card 50 in slot 11
[06:55:29.690] [SEVERE ] placing card 5 in slot 9
[06:55:29.690] [SEVERE ] updating countdown to 9999
[06:55:29.690] [SEVERE ] updating countdown to 9999
[06:55:30.700] [SEVERE ] updating countdown to 8989
[06:55:30.896] [SEVERE ] exit button pressed
[06:55:30.896] [INFO   ] thread Player: 01 terminated.
[06:55:30.897] [INFO   ] thread Player: 11 terminated.
[06:55:31.697] [SEVERE ] updating countdown to 7992
[06:55:31.697] [SEVERE ] updating countdown to 7992
[06:55:31.806] [SEVERE ] removing tokens from slot 2
[06:55:31.806] [SEVERE ] removing card from slot 2
[06:55:31.915] [SEVERE ] removing tokens from slot 6
[06:55:31.915] [SEVERE ] removing card from slot 6
[06:55:32.025] [SEVERE ] removing tokens from slot 0
[06:55:32.025] [SEVERE ] removing card from slot 0
[06:55:32.133] [SEVERE ] removing tokens from slot 10
[06:55:32.133] [SEVERE ] removing card from slot 10
[06:55:32.241] [SEVERE ] removing tokens from slot 5
[06:55:32.241] [SEVERE ] removing card from slot 5
[06:55:32.349] [SEVERE ] removing tokens from slot 8
[06:55:32.349] [SEVERE ] removing card from slot 8
[06:55:32.458] [SEVERE ] removing tokens from slot 3
[06:55:32.458] [SEVERE ] removing card from slot 3
[06:55:32.566] [SEVERE ] removing tokens from slot 1
[06:55:32.566] [SEVERE ] removing card from slot 1
[06:55:32.675] [SEVERE ] removing tokens from slot 11
[06:55:32.675] [SEVERE ] removing card from slot 11
[06:55:32.783] [SEVERE ] removing tokens from slot 9
[06:55:32.783] [SEVERE ] removing card from slot 9
[06:55:32.893] [SEVERE ] removing tokens from slot 4
[06:55:32.893] [SEVERE ] removing card from slot 4
[06:55:33.001] [SEVERE ] removing tokens from slot 7
[06:55:33.001] [SEVERE ] removing card from slot 7
[06:55:33.003] [SEVERE ] announcing winner(s): player 2, player 1
[06:55:33.008] [INFO   ] thread dealer terminated.
[06:55:33.008] [INFO   ] thread dealer terminated.
[06:55:33.009] [SEVERE ] thanks for playing... it was fun!
[06:55:33.009] [INFO   ] thread main terminated.
