[03:17:06.392] [INFO   ] thread main starting.
[03:17:06.433] [SEVERE ] cannot read configuration file config.properties trying from resources.
[03:17:06.441] [SEVERE ] configuration file was loaded from resources directory.
[03:17:08.353] [INFO   ] thread dealer starting.
[03:17:08.406] [INFO   ] thread dealer starting.
[03:17:08.563] [SEVERE ] placing card 75 in slot 6
[03:17:08.688] [SEVERE ] placing card 36 in slot 2
[03:17:08.798] [SEVERE ] placing card 52 in slot 5
[03:17:08.909] [SEVERE ] placing card 61 in slot 0
[03:17:09.020] [SEVERE ] placing card 72 in slot 4
[03:17:09.131] [SEVERE ] placing card 77 in slot 8
[03:17:09.242] [SEVERE ] placing card 19 in slot 3
[03:17:09.354] [SEVERE ] placing card 53 in slot 9
[03:17:09.466] [SEVERE ] placing card 15 in slot 1
[03:17:09.578] [SEVERE ] placing card 58 in slot 10
[03:17:09.690] [SEVERE ] placing card 39 in slot 7
[03:17:09.799] [SEVERE ] placing card 59 in slot 11
[03:17:09.832] [SEVERE ] updating countdown to 10000
[03:17:09.837] [INFO   ] thread Player: 01 created.
[03:17:09.838] [INFO   ] thread Player: 01 starting.
[03:17:09.839] [INFO   ] thread Player: 11 starting.
[03:17:09.839] [INFO   ] thread Player: 11 created.
[03:17:09.842] [INFO   ] thread Player: 21 created.
[03:17:09.842] [INFO   ] thread computer-0 starting.
[03:17:09.844] [INFO   ] thread computer-1 starting.
[03:17:09.844] [INFO   ] thread Player: 31 created.
[03:17:09.847] [INFO   ] thread Player: 21 starting.
[03:17:09.847] [SEVERE ] player 2 placing token on slot 5
[03:17:09.846] [SEVERE ] player 1 placing token on slot 1
[03:17:09.851] [SEVERE ] player 2 placing token on slot 0
[03:17:09.849] [INFO   ] thread Player: 31 starting.
[03:17:09.848] [INFO   ] thread Player: 41 created.
[03:17:09.852] [INFO   ] thread computer-2 starting.
[03:17:09.852] [SEVERE ] player 2 placing token on slot 7
[03:17:09.852] [INFO   ] thread Player: 41 starting.
[03:17:09.851] [SEVERE ] player 1 placing token on slot 0
[03:17:09.862] [INFO   ] thread computer-4 starting.
[03:17:09.864] [SEVERE ] player 5 placing token on slot 7
[03:17:09.856] [INFO   ] thread Player: 51 starting.
[03:17:09.856] [SEVERE ] player 3 placing token on slot 11
[03:17:09.855] [INFO   ] thread Player: 51 created.
[03:17:09.855] [INFO   ] thread computer-3 starting.
[03:17:09.906] [SEVERE ] removing player 3 token from slot 11
[03:17:09.905] [INFO   ] thread computer-5 starting.
[03:17:09.865] [SEVERE ] player 5 placing token on slot 11
[03:17:09.863] [SEVERE ] player 1 placing token on slot 10
[03:17:09.913] [SEVERE ] player 5 placing token on slot 3
[03:17:09.912] [SEVERE ] player 6 placing token on slot 2
[03:17:09.910] [SEVERE ] player 3 placing token on slot 7
[03:17:09.909] [SEVERE ] player 4 placing token on slot 4
[03:17:09.917] [SEVERE ] player 3 placing token on slot 6
[03:17:09.916] [SEVERE ] player 6 placing token on slot 7
[03:17:09.915] [SEVERE ] updating countdown to 9917
[03:17:09.920] [SEVERE ] player 6 placing token on slot 0
[03:17:09.919] [SEVERE ] player 3 placing token on slot 9
[03:17:09.918] [SEVERE ] player 4 placing token on slot 7
[03:17:09.923] [SEVERE ] removing player 4 token from slot 7
[03:17:09.924] [SEVERE ] player 4 placing token on slot 3
[03:17:09.925] [SEVERE ] player 4 placing token on slot 8
