[07:00:24.109] [INFO   ] thread main starting.
[07:00:24.118] [SEVERE ] cannot read configuration file config.properties trying from resources.
[07:00:24.119] [SEVERE ] configuration file was loaded from resources directory.
[07:00:24.593] [INFO   ] thread dealer starting.
[07:00:24.594] [INFO   ] thread dealer starting.
[07:00:24.716] [SEVERE ] placing card 78 in slot 9
[07:00:24.826] [SEVERE ] placing card 3 in slot 11
[07:00:24.934] [SEVERE ] placing card 43 in slot 8
[07:00:25.045] [SEVERE ] placing card 22 in slot 7
[07:00:25.154] [SEVERE ] placing card 56 in slot 6
[07:00:25.263] [SEVERE ] placing card 52 in slot 5
[07:00:25.371] [SEVERE ] placing card 72 in slot 4
[07:00:25.480] [SEVERE ] placing card 27 in slot 10
[07:00:25.588] [SEVERE ] placing card 46 in slot 0
[07:00:25.695] [SEVERE ] placing card 37 in slot 3
[07:00:25.804] [SEVERE ] placing card 68 in slot 1
[07:00:25.915] [SEVERE ] placing card 32 in slot 2
[07:00:25.916] [INFO   ] thread Player: 01 created.
[07:00:25.916] [INFO   ] thread Player: 11 created.
[07:00:25.917] [INFO   ] thread Player: 11 starting.
[07:00:25.916] [INFO   ] thread Player: 01 starting.
[07:00:26.926] [SEVERE ] updating countdown to 3988
[07:00:30.979] [SEVERE ] updating countdown to 0
[07:00:30.980] [SEVERE ] updating countdown to 0
[07:00:31.090] [SEVERE ] removing tokens from slot 11
[07:00:31.090] [SEVERE ] removing card from slot 11
[07:00:31.200] [SEVERE ] removing tokens from slot 7
[07:00:31.200] [SEVERE ] removing card from slot 7
[07:00:31.311] [SEVERE ] removing tokens from slot 4
[07:00:31.311] [SEVERE ] removing card from slot 4
[07:00:31.419] [SEVERE ] removing tokens from slot 5
[07:00:31.419] [SEVERE ] removing card from slot 5
[07:00:31.527] [SEVERE ] removing tokens from slot 6
[07:00:31.527] [SEVERE ] removing card from slot 6
[07:00:31.637] [SEVERE ] removing tokens from slot 9
[07:00:31.637] [SEVERE ] removing card from slot 9
[07:00:31.747] [SEVERE ] removing tokens from slot 3
[07:00:31.747] [SEVERE ] removing card from slot 3
[07:00:31.855] [SEVERE ] removing tokens from slot 0
[07:00:31.855] [SEVERE ] removing card from slot 0
[07:00:31.963] [SEVERE ] removing tokens from slot 8
[07:00:31.965] [SEVERE ] removing card from slot 8
[07:00:32.072] [SEVERE ] removing tokens from slot 2
[07:00:32.072] [SEVERE ] removing card from slot 2
[07:00:32.181] [SEVERE ] removing tokens from slot 1
[07:00:32.182] [SEVERE ] removing card from slot 1
[07:00:32.289] [SEVERE ] removing tokens from slot 10
[07:00:32.289] [SEVERE ] removing card from slot 10
[07:00:32.399] [SEVERE ] placing card 78 in slot 7
[07:00:32.508] [SEVERE ] placing card 32 in slot 8
[07:00:32.618] [SEVERE ] placing card 59 in slot 10
[07:00:32.725] [SEVERE ] placing card 63 in slot 0
[07:00:32.833] [SEVERE ] placing card 18 in slot 4
[07:00:32.943] [SEVERE ] placing card 49 in slot 3
[07:00:33.051] [SEVERE ] placing card 40 in slot 6
[07:00:33.161] [SEVERE ] placing card 77 in slot 11
[07:00:33.272] [SEVERE ] placing card 37 in slot 1
[07:00:33.381] [SEVERE ] placing card 35 in slot 9
[07:00:33.490] [SEVERE ] placing card 15 in slot 2
[07:00:33.599] [SEVERE ] placing card 13 in slot 5
[07:00:33.599] [SEVERE ] updating countdown to 4999
[07:00:34.611] [SEVERE ] updating countdown to 3987
[07:00:38.659] [SEVERE ] updating countdown to 0
[07:00:38.660] [SEVERE ] updating countdown to 0
[07:00:38.767] [SEVERE ] removing tokens from slot 2
[07:00:38.770] [SEVERE ] removing card from slot 2
[07:00:38.876] [SEVERE ] removing tokens from slot 10
[07:00:38.876] [SEVERE ] removing card from slot 10
[07:00:38.985] [SEVERE ] removing tokens from slot 5
[07:00:38.985] [SEVERE ] removing card from slot 5
[07:00:39.093] [SEVERE ] removing tokens from slot 4
[07:00:39.093] [SEVERE ] removing card from slot 4
[07:00:39.202] [SEVERE ] removing tokens from slot 11
[07:00:39.202] [SEVERE ] removing card from slot 11
[07:00:39.310] [SEVERE ] removing tokens from slot 7
[07:00:39.310] [SEVERE ] removing card from slot 7
[07:00:39.419] [SEVERE ] removing tokens from slot 9
[07:00:39.420] [SEVERE ] removing card from slot 9
[07:00:39.528] [SEVERE ] removing tokens from slot 3
[07:00:39.528] [SEVERE ] removing card from slot 3
[07:00:39.635] [SEVERE ] removing tokens from slot 6
[07:00:39.635] [SEVERE ] removing card from slot 6
[07:00:39.744] [SEVERE ] removing tokens from slot 0
[07:00:39.744] [SEVERE ] removing card from slot 0
[07:00:39.853] [SEVERE ] removing tokens from slot 8
[07:00:39.853] [SEVERE ] removing card from slot 8
[07:00:39.961] [SEVERE ] removing tokens from slot 1
[07:00:39.961] [SEVERE ] removing card from slot 1
[07:00:40.071] [SEVERE ] placing card 9 in slot 8
[07:00:40.180] [SEVERE ] placing card 17 in slot 4
[07:00:40.288] [SEVERE ] placing card 21 in slot 0
[07:00:40.397] [SEVERE ] placing card 78 in slot 10
[07:00:40.506] [SEVERE ] placing card 56 in slot 6
[07:00:40.615] [SEVERE ] placing card 74 in slot 3
[07:00:40.724] [SEVERE ] placing card 37 in slot 1
[07:00:40.831] [SEVERE ] placing card 75 in slot 11
[07:00:40.939] [SEVERE ] placing card 61 in slot 9
[07:00:41.050] [SEVERE ] placing card 80 in slot 7
[07:00:41.158] [SEVERE ] placing card 67 in slot 2
[07:00:41.267] [SEVERE ] placing card 18 in slot 5
[07:00:41.267] [SEVERE ] updating countdown to 4999
[07:00:42.280] [SEVERE ] updating countdown to 3986
[07:00:45.123] [SEVERE ] exit button pressed
[07:00:45.123] [INFO   ] thread Player: 01 terminated.
[07:00:45.124] [INFO   ] thread Player: 11 terminated.
[07:00:45.246] [SEVERE ] removing tokens from slot 9
[07:00:45.246] [SEVERE ] removing card from slot 9
[07:00:45.355] [SEVERE ] removing tokens from slot 7
[07:00:45.355] [SEVERE ] removing card from slot 7
[07:00:45.464] [SEVERE ] removing tokens from slot 5
[07:00:45.464] [SEVERE ] removing card from slot 5
[07:00:45.573] [SEVERE ] removing tokens from slot 6
[07:00:45.573] [SEVERE ] removing card from slot 6
[07:00:45.680] [SEVERE ] removing tokens from slot 4
[07:00:45.680] [SEVERE ] removing card from slot 4
[07:00:45.789] [SEVERE ] removing tokens from slot 0
[07:00:45.789] [SEVERE ] removing card from slot 0
[07:00:45.898] [SEVERE ] removing tokens from slot 2
[07:00:45.898] [SEVERE ] removing card from slot 2
[07:00:46.007] [SEVERE ] removing tokens from slot 1
[07:00:46.007] [SEVERE ] removing card from slot 1
[07:00:46.118] [SEVERE ] removing tokens from slot 3
[07:00:46.118] [SEVERE ] removing card from slot 3
[07:00:46.227] [SEVERE ] removing tokens from slot 8
[07:00:46.227] [SEVERE ] removing card from slot 8
[07:00:46.336] [SEVERE ] removing tokens from slot 11
[07:00:46.336] [SEVERE ] removing card from slot 11
[07:00:46.445] [SEVERE ] removing tokens from slot 10
[07:00:46.446] [SEVERE ] removing card from slot 10
[07:00:46.447] [SEVERE ] announcing winner(s): player 2, player 1
[07:00:46.452] [INFO   ] thread dealer terminated.
[07:00:46.452] [INFO   ] thread dealer terminated.
[07:00:46.452] [SEVERE ] thanks for playing... it was fun!
[07:00:46.453] [INFO   ] thread main terminated.
