[06:56:05.040] [INFO   ] thread main starting.
[06:56:05.065] [SEVERE ] cannot read configuration file config.properties trying from resources.
[06:56:05.070] [SEVERE ] configuration file was loaded from resources directory.
[06:56:06.493] [INFO   ] thread dealer starting.
[06:56:06.497] [INFO   ] thread dealer starting.
[06:56:06.636] [SEVERE ] placing card 18 in slot 10
[06:56:06.763] [SEVERE ] placing card 53 in slot 5
[06:56:06.873] [SEVERE ] placing card 66 in slot 8
[06:56:06.984] [SEVERE ] placing card 60 in slot 7
[06:56:07.095] [SEVERE ] placing card 19 in slot 3
[06:56:07.205] [SEVERE ] placing card 32 in slot 2
[06:56:07.317] [SEVERE ] placing card 71 in slot 6
[06:56:07.428] [SEVERE ] placing card 58 in slot 9
[06:56:07.539] [SEVERE ] placing card 36 in slot 0
[06:56:07.650] [SEVERE ] placing card 24 in slot 11
[06:56:07.760] [SEVERE ] placing card 48 in slot 1
[06:56:07.868] [SEVERE ] placing card 26 in slot 4
[06:56:07.869] [SEVERE ] updating countdown to 9999
[06:56:07.943] [INFO   ] thread Player: 01 created.
[06:56:07.944] [INFO   ] thread Player: 01 starting.
[06:56:07.945] [INFO   ] thread Player: 11 created.
[06:56:07.946] [INFO   ] thread Player: 11 starting.
[06:56:08.874] [SEVERE ] updating countdown to 3994
[06:56:09.988] [SEVERE ] exit button pressed
[06:56:09.988] [INFO   ] thread Player: 01 terminated.
[06:56:09.989] [INFO   ] thread Player: 11 terminated.
[06:56:10.102] [SEVERE ] removing tokens from slot 1
[06:56:10.102] [SEVERE ] removing card from slot 1
[06:56:10.209] [SEVERE ] removing tokens from slot 7
[06:56:10.209] [SEVERE ] removing card from slot 7
[06:56:10.316] [SEVERE ] removing tokens from slot 2
[06:56:10.317] [SEVERE ] removing card from slot 2
[06:56:10.424] [SEVERE ] removing tokens from slot 0
[06:56:10.424] [SEVERE ] removing card from slot 0
[06:56:10.534] [SEVERE ] removing tokens from slot 5
[06:56:10.534] [SEVERE ] removing card from slot 5
[06:56:10.641] [SEVERE ] removing tokens from slot 6
[06:56:10.641] [SEVERE ] removing card from slot 6
[06:56:10.752] [SEVERE ] removing tokens from slot 11
[06:56:10.752] [SEVERE ] removing card from slot 11
[06:56:10.862] [SEVERE ] removing tokens from slot 9
[06:56:10.862] [SEVERE ] removing card from slot 9
[06:56:10.972] [SEVERE ] removing tokens from slot 4
[06:56:10.972] [SEVERE ] removing card from slot 4
[06:56:11.081] [SEVERE ] removing tokens from slot 3
[06:56:11.081] [SEVERE ] removing card from slot 3
[06:56:11.190] [SEVERE ] removing tokens from slot 8
[06:56:11.190] [SEVERE ] removing card from slot 8
[06:56:11.301] [SEVERE ] removing tokens from slot 10
[06:56:11.301] [SEVERE ] removing card from slot 10
[06:56:11.303] [SEVERE ] announcing winner(s): player 2, player 1
[06:56:11.306] [INFO   ] thread dealer terminated.
[06:56:11.307] [INFO   ] thread dealer terminated.
[06:56:11.307] [SEVERE ] thanks for playing... it was fun!
[06:56:11.308] [INFO   ] thread main terminated.
