[16:15:34.574] [INFO   ] thread main starting.
[16:15:34.582] [SEVERE ] cannot read configuration file config.properties trying from resources.
[16:15:34.583] [SEVERE ] configuration file was loaded from resources directory.
[16:15:34.894] [INFO   ] thread dealer starting.
[16:15:34.894] [INFO   ] thread dealer starting.
[16:15:35.019] [SEVERE ] placing card 44 in slot 8
[16:15:35.128] [SEVERE ] placing card 39 in slot 11
[16:15:35.237] [SEVERE ] placing card 70 in slot 7
[16:15:35.347] [SEVERE ] placing card 8 in slot 2
[16:15:35.455] [SEVERE ] placing card 37 in slot 3
[16:15:35.564] [SEVERE ] placing card 11 in slot 1
[16:15:35.672] [SEVERE ] placing card 61 in slot 4
[16:15:35.781] [SEVERE ] placing card 35 in slot 9
[16:15:35.892] [SEVERE ] placing card 75 in slot 6
[16:15:36.000] [SEVERE ] placing card 10 in slot 10
[16:15:36.108] [SEVERE ] placing card 57 in slot 5
[16:15:36.217] [SEVERE ] placing card 4 in slot 0
[16:15:36.225] [SEVERE ] updating countdown to 29999
[16:15:36.226] [INFO   ] thread Player: 01 created.
[16:15:36.226] [INFO   ] thread Player: 11 created.
[16:15:36.227] [INFO   ] thread Player: 11 starting.
[16:15:36.227] [INFO   ] thread Player: 01 starting.
[16:15:36.228] [INFO   ] thread computer-1 starting.
[16:15:36.228] [SEVERE ] player 2 placing token on slot 10
[16:15:36.229] [SEVERE ] player 2 placing token on slot 5
[16:15:36.229] [SEVERE ] player 2 placing token on slot 8
[16:15:36.230] [SEVERE ] updating countdown to 29994
[16:15:36.231] [SEVERE ] setting player 2 freeze to 3000
[16:15:37.231] [SEVERE ] setting player 2 freeze to 2000
[16:15:37.231] [SEVERE ] updating countdown to 28993
[16:15:38.236] [SEVERE ] updating countdown to 27988
[16:15:38.236] [SEVERE ] setting player 2 freeze to 1000
[16:15:39.237] [SEVERE ] updating countdown to 26987
[16:15:39.237] [SEVERE ] setting player 2 freeze to 0
[16:15:39.239] [SEVERE ] removing player 2 token from slot 5
[16:15:39.239] [SEVERE ] player 2 placing token on slot 7
[16:15:39.240] [SEVERE ] updating countdown to 26984
[16:15:39.241] [SEVERE ] setting player 2 freeze to 3000
[16:15:40.231] [SEVERE ] updating countdown to 25993
[16:15:40.247] [SEVERE ] setting player 2 freeze to 2000
[16:15:41.232] [SEVERE ] updating countdown to 24992
[16:15:41.247] [SEVERE ] setting player 2 freeze to 1000
[16:15:41.797] [SEVERE ] key 65 was pressed by player 1
[16:15:41.798] [SEVERE ] player 1 placing token on slot 4
[16:15:42.229] [SEVERE ] updating countdown to 23995
[16:15:42.261] [SEVERE ] setting player 2 freeze to 0
[16:15:42.262] [SEVERE ] removing player 2 token from slot 8
[16:15:42.263] [SEVERE ] removing player 2 token from slot 10
[16:15:42.263] [SEVERE ] removing player 2 token from slot 7
[16:15:42.264] [SEVERE ] player 2 placing token on slot 1
[16:15:42.264] [SEVERE ] player 2 placing token on slot 10
[16:15:42.265] [SEVERE ] player 2 placing token on slot 11
[16:15:42.265] [SEVERE ] updating countdown to 23959
[16:15:42.266] [SEVERE ] setting player 2 freeze to 3000
[16:15:42.760] [SEVERE ] key 83 was pressed by player 1
[16:15:42.760] [SEVERE ] player 1 placing token on slot 5
[16:15:43.204] [SEVERE ] key 81 was pressed by player 1
[16:15:43.204] [SEVERE ] player 1 placing token on slot 0
[16:15:43.204] [SEVERE ] updating countdown to 23020
[16:15:43.205] [SEVERE ] setting player 1 freeze to 3000
[16:15:43.227] [SEVERE ] updating countdown to 22997
[16:15:43.275] [SEVERE ] setting player 2 freeze to 2000
[16:15:44.208] [SEVERE ] setting player 1 freeze to 2000
[16:15:44.239] [SEVERE ] updating countdown to 21985
[16:15:44.286] [SEVERE ] setting player 2 freeze to 1000
[16:15:44.344] [SEVERE ] key 90 was pressed by player 1
[16:15:44.562] [SEVERE ] key 90 was pressed by player 1
[16:15:44.711] [SEVERE ] key 90 was pressed by player 1
[16:15:44.880] [SEVERE ] key 90 was pressed by player 1
[16:15:45.049] [SEVERE ] key 90 was pressed by player 1
[16:15:45.203] [SEVERE ] key 90 was pressed by player 1
[16:15:45.219] [SEVERE ] setting player 1 freeze to 1000
[16:15:45.234] [SEVERE ] updating countdown to 20990
[16:15:45.297] [SEVERE ] setting player 2 freeze to 0
[16:15:45.299] [SEVERE ] removing player 2 token from slot 10
[16:15:45.299] [SEVERE ] removing player 2 token from slot 1
[16:15:45.300] [SEVERE ] removing player 2 token from slot 11
[16:15:45.300] [SEVERE ] player 2 placing token on slot 3
[16:15:45.301] [SEVERE ] player 2 placing token on slot 10
[16:15:45.301] [SEVERE ] player 2 placing token on slot 11
[16:15:45.302] [SEVERE ] updating countdown to 20922
[16:15:45.303] [SEVERE ] setting player 2 freeze to 3000
[16:15:45.364] [SEVERE ] key 90 was pressed by player 1
[16:15:45.524] [SEVERE ] key 90 was pressed by player 1
[16:15:45.671] [SEVERE ] key 90 was pressed by player 1
[16:15:45.848] [SEVERE ] key 90 was pressed by player 1
[16:15:46.026] [SEVERE ] key 90 was pressed by player 1
[16:15:46.233] [SEVERE ] updating countdown to 19991
[16:15:46.233] [SEVERE ] setting player 1 freeze to 0
[16:15:46.283] [SEVERE ] key 88 was pressed by player 1
[16:15:46.311] [SEVERE ] setting player 2 freeze to 2000
[16:15:46.328] [SEVERE ] key 90 was pressed by player 1
[16:15:46.441] [SEVERE ] key 88 was pressed by player 1
[16:15:46.556] [SEVERE ] key 90 was pressed by player 1
[16:15:46.653] [SEVERE ] key 88 was pressed by player 1
[16:15:46.736] [SEVERE ] key 90 was pressed by player 1
[16:15:46.825] [SEVERE ] key 88 was pressed by player 1
[16:15:46.908] [SEVERE ] key 90 was pressed by player 1
[16:15:47.007] [SEVERE ] key 88 was pressed by player 1
[16:15:47.105] [SEVERE ] key 90 was pressed by player 1
[16:15:47.186] [SEVERE ] key 88 was pressed by player 1
[16:15:47.225] [SEVERE ] updating countdown to 18999
[16:15:47.301] [SEVERE ] key 90 was pressed by player 1
[16:15:47.319] [SEVERE ] setting player 2 freeze to 1000
[16:15:47.361] [SEVERE ] key 88 was pressed by player 1
[16:15:47.760] [SEVERE ] key 88 was pressed by player 1
[16:15:47.771] [SEVERE ] key 90 was pressed by player 1
[16:15:47.840] [SEVERE ] key 88 was pressed by player 1
[16:15:47.988] [SEVERE ] key 90 was pressed by player 1
[16:15:48.004] [SEVERE ] key 88 was pressed by player 1
[16:15:48.118] [SEVERE ] key 67 was pressed by player 1
[16:15:48.208] [SEVERE ] key 90 was pressed by player 1
[16:15:48.240] [SEVERE ] updating countdown to 17984
[16:15:48.309] [SEVERE ] key 67 was pressed by player 1
[16:15:48.333] [SEVERE ] setting player 2 freeze to 0
[16:15:48.334] [SEVERE ] removing player 2 token from slot 11
[16:15:48.334] [SEVERE ] player 2 placing token on slot 6
[16:15:48.335] [SEVERE ] updating countdown to 17889
[16:15:48.336] [SEVERE ] setting player 2 freeze to 3000
[16:15:48.474] [SEVERE ] key 68 was pressed by player 1
[16:15:48.552] [SEVERE ] key 67 was pressed by player 1
[16:15:48.785] [SEVERE ] key 68 was pressed by player 1
[16:15:48.952] [SEVERE ] key 68 was pressed by player 1
[16:15:48.987] [SEVERE ] key 65 was pressed by player 1
[16:15:48.989] [SEVERE ] removing player 1 token from slot 4
[16:15:48.997] [SEVERE ] key 83 was pressed by player 1
[16:15:48.997] [SEVERE ] removing player 1 token from slot 5
[16:15:49.094] [SEVERE ] key 70 was pressed by player 1
[16:15:49.094] [SEVERE ] player 1 placing token on slot 7
[16:15:49.136] [SEVERE ] key 67 was pressed by player 1
[16:15:49.136] [SEVERE ] player 1 placing token on slot 10
[16:15:49.136] [SEVERE ] updating countdown to 17088
[16:15:49.137] [SEVERE ] setting player 1 freeze to 3000
[16:15:49.239] [SEVERE ] updating countdown to 16985
[16:15:49.348] [SEVERE ] key 67 was pressed by player 1
[16:15:49.350] [SEVERE ] setting player 2 freeze to 2000
[16:15:49.409] [SEVERE ] key 68 was pressed by player 1
[16:15:49.433] [SEVERE ] key 83 was pressed by player 1
[16:15:49.765] [SEVERE ] key 68 was pressed by player 1
[16:15:50.046] [SEVERE ] key 70 was pressed by player 1
[16:15:50.144] [SEVERE ] setting player 1 freeze to 2000
[16:15:50.236] [SEVERE ] updating countdown to 15988
[16:15:50.273] [SEVERE ] key 68 was pressed by player 1
[16:15:50.298] [SEVERE ] key 70 was pressed by player 1
[16:15:50.362] [SEVERE ] setting player 2 freeze to 1000
[16:15:50.552] [SEVERE ] key 70 was pressed by player 1
[16:15:50.722] [SEVERE ] key 65 was pressed by player 1
[16:15:50.757] [SEVERE ] key 83 was pressed by player 1
[16:15:50.825] [SEVERE ] key 70 was pressed by player 1
[16:15:51.065] [SEVERE ] key 70 was pressed by player 1
[16:15:51.152] [SEVERE ] setting player 1 freeze to 1000
[16:15:51.233] [SEVERE ] updating countdown to 14991
[16:15:51.372] [SEVERE ] setting player 2 freeze to 0
[16:15:51.373] [SEVERE ] removing player 2 token from slot 3
[16:15:51.373] [SEVERE ] player 2 placing token on slot 0
[16:15:51.374] [SEVERE ] updating countdown to 14850
[16:15:51.374] [SEVERE ] setting player 2 freeze to 3000
[16:15:51.496] [SEVERE ] key 65 was pressed by player 1
[16:15:51.504] [SEVERE ] key 83 was pressed by player 1
[16:15:51.524] [SEVERE ] key 76 was pressed by player 2
[16:15:51.535] [SEVERE ] key 75 was pressed by player 2
[16:15:51.550] [SEVERE ] key 68 was pressed by player 1
[16:15:51.591] [SEVERE ] key 70 was pressed by player 1
[16:15:51.921] [SEVERE ] key 59 was pressed by player 2
[16:15:51.941] [SEVERE ] key 68 was pressed by player 1
[16:15:51.951] [SEVERE ] key 76 was pressed by player 2
[16:15:51.970] [SEVERE ] key 70 was pressed by player 1
[16:15:52.066] [SEVERE ] key 74 was pressed by player 2
[16:15:52.076] [SEVERE ] key 73 was pressed by player 2
[16:15:52.166] [SEVERE ] setting player 1 freeze to 0
[16:15:52.228] [SEVERE ] updating countdown to 13996
[16:15:52.242] [SEVERE ] key 65 was pressed by player 1
[16:15:52.274] [SEVERE ] key 83 was pressed by player 1
[16:15:52.283] [SEVERE ] key 68 was pressed by player 1
[16:15:52.336] [SEVERE ] key 70 was pressed by player 1
[16:15:52.336] [SEVERE ] removing player 1 token from slot 7
[16:15:52.344] [SEVERE ] key 76 was pressed by player 2
[16:15:52.383] [SEVERE ] setting player 2 freeze to 2000
[16:15:52.571] [SEVERE ] key 67 was pressed by player 1
[16:15:52.572] [SEVERE ] removing player 1 token from slot 10
[16:15:52.642] [SEVERE ] key 75 was pressed by player 2
[16:15:52.696] [SEVERE ] key 76 was pressed by player 2
[16:15:53.032] [SEVERE ] key 67 was pressed by player 1
[16:15:53.032] [SEVERE ] player 1 placing token on slot 10
[16:15:53.226] [SEVERE ] updating countdown to 12998
[16:15:53.240] [SEVERE ] key 83 was pressed by player 1
[16:15:53.241] [SEVERE ] player 1 placing token on slot 5
[16:15:53.241] [SEVERE ] updating countdown to 12983
[16:15:53.242] [SEVERE ] setting player 1 freeze to 3000
[16:15:53.249] [SEVERE ] key 68 was pressed by player 1
[16:15:53.398] [SEVERE ] setting player 2 freeze to 1000
[16:15:53.612] [SEVERE ] key 76 was pressed by player 2
[16:15:53.813] [SEVERE ] key 74 was pressed by player 2
[16:15:53.846] [SEVERE ] key 67 was pressed by player 1
[16:15:54.067] [SEVERE ] key 83 was pressed by player 1
[16:15:54.079] [SEVERE ] key 68 was pressed by player 1
[16:15:54.238] [SEVERE ] updating countdown to 11986
[16:15:54.242] [SEVERE ] key 75 was pressed by player 2
[16:15:54.253] [SEVERE ] setting player 1 freeze to 2000
[16:15:54.409] [SEVERE ] setting player 2 freeze to 0
[16:15:54.410] [SEVERE ] removing player 2 token from slot 6
[16:15:54.410] [SEVERE ] player 2 placing token on slot 5
[16:15:54.411] [SEVERE ] updating countdown to 11813
[16:15:54.411] [SEVERE ] setting player 2 freeze to 3000
[16:15:54.570] [SEVERE ] key 86 was pressed by player 1
[16:15:54.581] [SEVERE ] key 74 was pressed by player 2
[16:15:54.781] [SEVERE ] key 83 was pressed by player 1
[16:15:54.791] [SEVERE ] key 65 was pressed by player 1
[16:15:54.892] [SEVERE ] key 68 was pressed by player 1
[16:15:55.003] [SEVERE ] key 79 was pressed by player 2
[16:15:55.043] [SEVERE ] key 67 was pressed by player 1
[16:15:55.234] [SEVERE ] updating countdown to 10990
[16:15:55.265] [SEVERE ] setting player 1 freeze to 1000
[16:15:55.316] [SEVERE ] key 46 was pressed by player 2
[16:15:55.422] [SEVERE ] setting player 2 freeze to 2000
[16:15:55.777] [SEVERE ] key 90 was pressed by player 1
[16:15:55.788] [SEVERE ] key 77 was pressed by player 2
[16:15:55.838] [SEVERE ] key 86 was pressed by player 1
[16:15:56.229] [SEVERE ] updating countdown to 9995
[16:15:56.276] [SEVERE ] setting player 1 freeze to 0
[16:15:56.351] [SEVERE ] key 86 was pressed by player 1
[16:15:56.383] [SEVERE ] key 86 was pressed by player 1
[16:15:56.412] [SEVERE ] key 86 was pressed by player 1
[16:15:56.432] [SEVERE ] setting player 2 freeze to 1000
[16:15:56.442] [SEVERE ] key 86 was pressed by player 1
[16:15:56.473] [SEVERE ] key 86 was pressed by player 1
[16:15:56.504] [SEVERE ] key 86 was pressed by player 1
[16:15:56.534] [SEVERE ] key 86 was pressed by player 1
[16:15:56.645] [SEVERE ] key 86 was pressed by player 1
[16:15:56.660] [SEVERE ] key 73 was pressed by player 2
[16:15:56.728] [SEVERE ] key 70 was pressed by player 1
[16:15:57.240] [SEVERE ] updating countdown to 8984
[16:15:57.443] [SEVERE ] setting player 2 freeze to 0
[16:15:57.444] [SEVERE ] removing player 2 token from slot 5
[16:15:57.444] [SEVERE ] player 2 placing token on slot 9
[16:15:57.444] [SEVERE ] updating countdown to 8780
[16:15:57.445] [SEVERE ] setting player 2 freeze to 3000
[16:15:57.753] [SEVERE ] key 90 was pressed by player 1
[16:15:57.762] [SEVERE ] key 74 was pressed by player 2
[16:15:57.773] [SEVERE ] key 75 was pressed by player 2
[16:15:57.783] [SEVERE ] key 68 was pressed by player 1
[16:15:58.240] [SEVERE ] updating countdown to 7984
[16:15:58.399] [SEVERE ] key 86 was pressed by player 1
[16:15:58.418] [SEVERE ] key 74 was pressed by player 2
[16:15:58.458] [SEVERE ] setting player 2 freeze to 2000
[16:15:58.611] [SEVERE ] key 70 was pressed by player 1
[16:15:58.632] [SEVERE ] key 86 was pressed by player 1
[16:15:58.908] [SEVERE ] key 74 was pressed by player 2
[16:15:58.918] [SEVERE ] key 46 was pressed by player 2
[16:15:58.928] [SEVERE ] key 75 was pressed by player 2
[16:15:58.938] [SEVERE ] key 68 was pressed by player 1
[16:15:58.978] [SEVERE ] key 65 was pressed by player 1
[16:15:59.206] [SEVERE ] key 65 was pressed by player 1
[16:15:59.216] [SEVERE ] key 46 was pressed by player 2
[16:15:59.235] [SEVERE ] updating countdown to 6989
[16:15:59.330] [SEVERE ] key 83 was pressed by player 1
[16:15:59.330] [SEVERE ] removing player 1 token from slot 5
[16:15:59.470] [SEVERE ] setting player 2 freeze to 1000
[16:15:59.509] [SEVERE ] key 86 was pressed by player 1
[16:15:59.510] [SEVERE ] player 1 placing token on slot 11
[16:15:59.510] [SEVERE ] updating countdown to 6714
[16:15:59.511] [SEVERE ] setting player 1 freeze to 3000
[16:15:59.539] [SEVERE ] key 73 was pressed by player 2
[16:15:59.547] [SEVERE ] key 68 was pressed by player 1
[16:15:59.792] [SEVERE ] key 46 was pressed by player 2
[16:15:59.858] [SEVERE ] key 76 was pressed by player 2
[16:16:00.085] [SEVERE ] key 86 was pressed by player 1
[16:16:00.094] [SEVERE ] key 74 was pressed by player 2
[16:16:00.105] [SEVERE ] key 75 was pressed by player 2
[16:16:00.231] [SEVERE ] updating countdown to 5993
[16:16:00.475] [SEVERE ] setting player 2 freeze to 0
[16:16:00.475] [SEVERE ] removing player 2 token from slot 9
[16:16:00.475] [SEVERE ] player 2 placing token on slot 4
[16:16:00.476] [SEVERE ] updating countdown to 5748
[16:16:00.476] [SEVERE ] setting player 2 freeze to 3000
[16:16:00.505] [SEVERE ] key 46 was pressed by player 2
[16:16:00.521] [SEVERE ] setting player 1 freeze to 2000
[16:16:00.566] [SEVERE ] key 68 was pressed by player 1
[16:16:00.774] [SEVERE ] key 86 was pressed by player 1
[16:16:00.784] [SEVERE ] key 74 was pressed by player 2
[16:16:01.265] [SEVERE ] key 68 was pressed by player 1
[16:16:01.274] [SEVERE ] key 75 was pressed by player 2
[16:16:01.484] [SEVERE ] setting player 2 freeze to 2000
[16:16:01.530] [SEVERE ] setting player 1 freeze to 1000
[16:16:01.601] [SEVERE ] key 86 was pressed by player 1
[16:16:01.622] [SEVERE ] key 74 was pressed by player 2
[16:16:01.849] [SEVERE ] key 76 was pressed by player 2
[16:16:01.864] [SEVERE ] key 83 was pressed by player 1
[16:16:01.875] [SEVERE ] key 46 was pressed by player 2
[16:16:02.151] [SEVERE ] key 86 was pressed by player 1
[16:16:02.196] [SEVERE ] key 74 was pressed by player 2
[16:16:02.484] [SEVERE ] setting player 2 freeze to 1000
[16:16:02.530] [SEVERE ] setting player 1 freeze to 0
[16:16:02.534] [SEVERE ] key 68 was pressed by player 1
[16:16:02.570] [SEVERE ] key 75 was pressed by player 2
[16:16:02.589] [SEVERE ] key 83 was pressed by player 1
[16:16:02.631] [SEVERE ] key 74 was pressed by player 2
[16:16:02.652] [SEVERE ] key 69 was pressed by player 1
[16:16:02.676] [SEVERE ] key 86 was pressed by player 1
[16:16:02.677] [SEVERE ] removing player 1 token from slot 11
[16:16:03.132] [SEVERE ] key 75 was pressed by player 2
[16:16:03.152] [SEVERE ] key 46 was pressed by player 2
[16:16:03.171] [SEVERE ] key 83 was pressed by player 1
[16:16:03.171] [SEVERE ] player 1 placing token on slot 5
[16:16:03.173] [SEVERE ] setting player 1 freeze to 3000
[16:16:03.182] [SEVERE ] key 68 was pressed by player 1
[16:16:03.485] [SEVERE ] setting player 2 freeze to 0
[16:16:03.485] [SEVERE ] removing player 2 token from slot 10
[16:16:03.485] [SEVERE ] player 2 placing token on slot 9
[16:16:03.486] [SEVERE ] setting player 2 freeze to 3000
[16:16:03.810] [SEVERE ] key 68 was pressed by player 1
[16:16:03.825] [SEVERE ] key 75 was pressed by player 2
[16:16:03.834] [SEVERE ] key 83 was pressed by player 1
[16:16:03.855] [SEVERE ] key 74 was pressed by player 2
[16:16:03.865] [SEVERE ] key 76 was pressed by player 2
[16:16:03.890] [SEVERE ] key 86 was pressed by player 1
[16:16:04.187] [SEVERE ] setting player 1 freeze to 2000
[16:16:04.413] [SEVERE ] key 68 was pressed by player 1
[16:16:04.424] [SEVERE ] key 47 was pressed by player 2
[16:16:04.433] [SEVERE ] key 83 was pressed by player 1
[16:16:04.460] [SEVERE ] key 76 was pressed by player 2
[16:16:04.498] [SEVERE ] setting player 2 freeze to 2000
[16:16:04.500] [SEVERE ] key 75 was pressed by player 2
[16:16:04.510] [SEVERE ] key 74 was pressed by player 2
[16:16:04.578] [SEVERE ] key 86 was pressed by player 1
[16:16:05.048] [SEVERE ] key 68 was pressed by player 1
[16:16:05.062] [SEVERE ] key 76 was pressed by player 2
[16:16:05.179] [SEVERE ] key 74 was pressed by player 2
[16:16:05.199] [SEVERE ] setting player 1 freeze to 1000
[16:16:05.199] [SEVERE ] key 75 was pressed by player 2
[16:16:05.500] [SEVERE ] key 86 was pressed by player 1
[16:16:05.511] [SEVERE ] setting player 2 freeze to 1000
[16:16:05.741] [SEVERE ] key 65 was pressed by player 1
[16:16:05.761] [SEVERE ] key 83 was pressed by player 1
[16:16:05.832] [SEVERE ] key 74 was pressed by player 2
[16:16:05.842] [SEVERE ] key 46 was pressed by player 2
[16:16:05.862] [SEVERE ] key 68 was pressed by player 1
[16:16:05.872] [SEVERE ] key 75 was pressed by player 2
[16:16:05.917] [SEVERE ] key 86 was pressed by player 1
[16:16:06.199] [SEVERE ] setting player 1 freeze to 0
[16:16:06.268] [SEVERE ] key 65 was pressed by player 1
[16:16:06.325] [SEVERE ] updating countdown to 0
[16:16:06.325] [SEVERE ] updating countdown to 0
[16:16:06.351] [SEVERE ] key 83 was pressed by player 1
[16:16:06.367] [SEVERE ] key 68 was pressed by player 1
[16:16:06.414] [SEVERE ] key 46 was pressed by player 2
[16:16:06.424] [SEVERE ] key 86 was pressed by player 1
[16:16:06.435] [SEVERE ] removing tokens from slot 8
[16:16:06.435] [SEVERE ] removing card from slot 8
[16:16:06.499] [SEVERE ] key 74 was pressed by player 2
[16:16:06.508] [SEVERE ] key 75 was pressed by player 2
[16:16:06.512] [SEVERE ] setting player 2 freeze to 0
[16:16:06.544] [SEVERE ] removing tokens from slot 10
[16:16:06.544] [SEVERE ] removing card from slot 10
[16:16:06.654] [SEVERE ] removing tokens from slot 11
[16:16:06.654] [SEVERE ] removing card from slot 11
[16:16:06.763] [SEVERE ] removing tokens from slot 3
[16:16:06.763] [SEVERE ] removing card from slot 3
[16:16:06.873] [SEVERE ] removing tokens from slot 4
[16:16:06.873] [SEVERE ] removing card from slot 4
[16:16:06.981] [SEVERE ] removing tokens from slot 5
[16:16:06.981] [SEVERE ] removing card from slot 5
[16:16:07.089] [SEVERE ] removing tokens from slot 6
[16:16:07.089] [SEVERE ] removing card from slot 6
[16:16:07.199] [SEVERE ] removing tokens from slot 7
[16:16:07.199] [SEVERE ] removing card from slot 7
[16:16:07.308] [SEVERE ] removing tokens from slot 9
[16:16:07.308] [SEVERE ] removing card from slot 9
[16:16:07.416] [SEVERE ] removing tokens from slot 1
[16:16:07.416] [SEVERE ] removing card from slot 1
[16:16:07.525] [SEVERE ] removing tokens from slot 2
[16:16:07.525] [SEVERE ] removing card from slot 2
[16:16:07.635] [SEVERE ] removing tokens from slot 0
[16:16:07.635] [SEVERE ] removing card from slot 0
[16:16:07.744] [SEVERE ] placing card 17 in slot 7
[16:16:07.854] [SEVERE ] placing card 55 in slot 2
[16:16:07.964] [SEVERE ] placing card 18 in slot 0
[16:16:08.074] [SEVERE ] placing card 15 in slot 3
[16:16:08.184] [SEVERE ] placing card 52 in slot 10
[16:16:08.293] [SEVERE ] placing card 0 in slot 1
[16:16:08.401] [SEVERE ] placing card 74 in slot 11
[16:16:08.512] [SEVERE ] placing card 70 in slot 8
[16:16:08.560] [SEVERE ] exit button pressed
[16:16:08.560] [INFO   ] thread Player: 01 terminated.
[16:16:08.561] [INFO   ] thread Player: 11 terminated.
[16:16:08.620] [SEVERE ] placing card 39 in slot 5
[16:16:08.728] [SEVERE ] placing card 64 in slot 6
[16:16:08.837] [SEVERE ] placing card 6 in slot 9
[16:16:08.948] [SEVERE ] placing card 1 in slot 4
[16:16:08.950] [SEVERE ] updating countdown to 29999
[16:16:08.950] [SEVERE ] updating countdown to 29999
[16:16:09.057] [SEVERE ] removing tokens from slot 3
[16:16:09.057] [SEVERE ] removing card from slot 3
[16:16:09.167] [SEVERE ] removing tokens from slot 6
[16:16:09.167] [SEVERE ] removing card from slot 6
[16:16:09.275] [SEVERE ] removing tokens from slot 11
[16:16:09.275] [SEVERE ] removing card from slot 11
[16:16:09.385] [SEVERE ] removing tokens from slot 9
[16:16:09.385] [SEVERE ] removing card from slot 9
[16:16:09.495] [SEVERE ] removing tokens from slot 1
[16:16:09.495] [SEVERE ] removing card from slot 1
[16:16:09.604] [SEVERE ] removing tokens from slot 2
[16:16:09.604] [SEVERE ] removing card from slot 2
[16:16:09.711] [SEVERE ] removing tokens from slot 10
[16:16:09.711] [SEVERE ] removing card from slot 10
[16:16:09.820] [SEVERE ] removing tokens from slot 8
[16:16:09.820] [SEVERE ] removing card from slot 8
[16:16:09.930] [SEVERE ] removing tokens from slot 5
[16:16:09.930] [SEVERE ] removing card from slot 5
[16:16:10.040] [SEVERE ] removing tokens from slot 0
[16:16:10.040] [SEVERE ] removing card from slot 0
[16:16:10.150] [SEVERE ] removing tokens from slot 4
[16:16:10.150] [SEVERE ] removing card from slot 4
[16:16:10.260] [SEVERE ] removing tokens from slot 7
[16:16:10.260] [SEVERE ] removing card from slot 7
[16:16:10.262] [SEVERE ] announcing winner(s): player 2, player 1
[16:16:10.264] [INFO   ] thread dealer terminated.
[16:16:10.264] [INFO   ] thread dealer terminated.
[16:16:10.264] [SEVERE ] thanks for playing... it was fun!
[16:16:10.265] [INFO   ] thread main terminated.
