[16:05:30.149] [INFO   ] thread main starting.
[16:05:30.154] [SEVERE ] cannot read configuration file config.properties trying from resources.
[16:05:30.155] [SEVERE ] configuration file was loaded from resources directory.
[16:05:30.474] [INFO   ] thread dealer starting.
[16:05:30.474] [INFO   ] thread dealer starting.
[16:05:30.597] [SEVERE ] placing card 31 in slot 7
[16:05:30.706] [SEVERE ] placing card 65 in slot 0
[16:05:30.815] [SEVERE ] placing card 54 in slot 2
[16:05:30.923] [SEVERE ] placing card 15 in slot 3
[16:05:31.033] [SEVERE ] placing card 48 in slot 4
[16:05:31.143] [SEVERE ] placing card 40 in slot 1
[16:05:31.251] [SEVERE ] placing card 78 in slot 5
[16:05:31.361] [SEVERE ] placing card 13 in slot 8
[16:05:31.469] [SEVERE ] placing card 80 in slot 9
[16:05:31.581] [SEVERE ] placing card 52 in slot 6
[16:05:31.690] [SEVERE ] placing card 41 in slot 11
[16:05:31.799] [SEVERE ] placing card 4 in slot 10
[16:05:31.806] [SEVERE ] updating countdown to 29999
[16:05:31.807] [INFO   ] thread Player: 01 created.
[16:05:31.807] [INFO   ] thread Player: 01 starting.
[16:05:31.807] [INFO   ] thread Player: 11 created.
[16:05:31.808] [INFO   ] thread Player: 11 starting.
[16:05:32.809] [SEVERE ] updating countdown to 28996
[16:05:33.819] [SEVERE ] updating countdown to 27986
[16:05:34.198] [SEVERE ] key 65 was pressed by player 1
[16:05:34.199] [SEVERE ] player 1 placing token on slot 4
[16:05:34.559] [SEVERE ] key 65 was pressed by player 1
[16:05:34.561] [SEVERE ] removing player 1 token from slot 4
[16:05:34.817] [SEVERE ] updating countdown to 26988
[16:05:35.111] [SEVERE ] key 65 was pressed by player 1
[16:05:35.111] [SEVERE ] player 1 placing token on slot 4
[16:05:35.401] [SEVERE ] key 83 was pressed by player 1
[16:05:35.402] [SEVERE ] player 1 placing token on slot 5
[16:05:35.624] [SEVERE ] key 68 was pressed by player 1
[16:05:35.624] [SEVERE ] player 1 placing token on slot 6
[16:05:35.628] [SEVERE ] updating countdown to 26177
[16:05:35.629] [SEVERE ] setting player 1 freeze to 3000
[16:05:35.816] [SEVERE ] updating countdown to 25989
[16:05:36.643] [SEVERE ] setting player 1 freeze to 2000
[16:05:36.815] [SEVERE ] updating countdown to 24990
[16:05:37.126] [SEVERE ] key 87 was pressed by player 1
[16:05:37.292] [SEVERE ] key 87 was pressed by player 1
[16:05:37.431] [SEVERE ] key 87 was pressed by player 1
[16:05:37.583] [SEVERE ] key 87 was pressed by player 1
[16:05:37.646] [SEVERE ] setting player 1 freeze to 1000
[16:05:37.739] [SEVERE ] key 87 was pressed by player 1
[16:05:37.815] [SEVERE ] updating countdown to 23990
[16:05:37.897] [SEVERE ] key 87 was pressed by player 1
[16:05:38.066] [SEVERE ] key 87 was pressed by player 1
[16:05:38.219] [SEVERE ] key 87 was pressed by player 1
[16:05:38.371] [SEVERE ] key 87 was pressed by player 1
[16:05:38.533] [SEVERE ] key 87 was pressed by player 1
[16:05:38.657] [SEVERE ] setting player 1 freeze to 0
[16:05:38.700] [SEVERE ] key 87 was pressed by player 1
[16:05:38.812] [SEVERE ] updating countdown to 22993
[16:05:38.884] [SEVERE ] key 87 was pressed by player 1
[16:05:39.035] [SEVERE ] key 87 was pressed by player 1
[16:05:39.227] [SEVERE ] key 87 was pressed by player 1
[16:05:39.414] [SEVERE ] key 81 was pressed by player 1
[16:05:39.622] [SEVERE ] key 81 was pressed by player 1
[16:05:39.809] [SEVERE ] updating countdown to 21996
[16:05:39.815] [SEVERE ] key 81 was pressed by player 1
[16:05:39.902] [SEVERE ] key 87 was pressed by player 1
[16:05:40.039] [SEVERE ] key 81 was pressed by player 1
[16:05:40.111] [SEVERE ] key 87 was pressed by player 1
[16:05:40.273] [SEVERE ] key 81 was pressed by player 1
[16:05:40.487] [SEVERE ] key 81 was pressed by player 1
[16:05:40.568] [SEVERE ] key 87 was pressed by player 1
[16:05:40.694] [SEVERE ] key 81 was pressed by player 1
[16:05:40.741] [SEVERE ] key 87 was pressed by player 1
[16:05:40.809] [SEVERE ] updating countdown to 20996
[16:05:40.928] [SEVERE ] key 81 was pressed by player 1
[16:05:40.968] [SEVERE ] key 87 was pressed by player 1
[16:05:41.175] [SEVERE ] key 87 was pressed by player 1
[16:05:41.185] [SEVERE ] key 81 was pressed by player 1
[16:05:41.386] [SEVERE ] key 87 was pressed by player 1
[16:05:41.415] [SEVERE ] key 81 was pressed by player 1
[16:05:41.623] [SEVERE ] key 81 was pressed by player 1
[16:05:41.808] [SEVERE ] updating countdown to 19997
[16:05:41.855] [SEVERE ] key 81 was pressed by player 1
[16:05:41.923] [SEVERE ] key 87 was pressed by player 1
[16:05:42.101] [SEVERE ] key 81 was pressed by player 1
[16:05:42.157] [SEVERE ] key 87 was pressed by player 1
[16:05:42.370] [SEVERE ] key 81 was pressed by player 1
[16:05:42.631] [SEVERE ] key 87 was pressed by player 1
[16:05:42.661] [SEVERE ] key 81 was pressed by player 1
[16:05:42.821] [SEVERE ] updating countdown to 18984
[16:05:42.897] [SEVERE ] key 69 was pressed by player 1
[16:05:43.111] [SEVERE ] key 69 was pressed by player 1
[16:05:43.255] [SEVERE ] key 81 was pressed by player 1
[16:05:43.264] [SEVERE ] key 87 was pressed by player 1
[16:05:43.345] [SEVERE ] key 69 was pressed by player 1
[16:05:43.462] [SEVERE ] key 81 was pressed by player 1
[16:05:43.527] [SEVERE ] key 69 was pressed by player 1
[16:05:43.684] [SEVERE ] key 87 was pressed by player 1
[16:05:43.720] [SEVERE ] key 69 was pressed by player 1
[16:05:43.815] [SEVERE ] updating countdown to 17990
[16:05:43.847] [SEVERE ] key 87 was pressed by player 1
[16:05:43.868] [SEVERE ] key 81 was pressed by player 1
[16:05:43.940] [SEVERE ] key 69 was pressed by player 1
[16:05:44.104] [SEVERE ] key 87 was pressed by player 1
[16:05:44.164] [SEVERE ] key 69 was pressed by player 1
[16:05:44.272] [SEVERE ] key 81 was pressed by player 1
[16:05:44.282] [SEVERE ] key 87 was pressed by player 1
[16:05:44.348] [SEVERE ] key 69 was pressed by player 1
[16:05:44.813] [SEVERE ] updating countdown to 16992
[16:05:45.810] [SEVERE ] updating countdown to 15995
[16:05:46.823] [SEVERE ] updating countdown to 14982
[16:05:47.119] [SEVERE ] key 81 was pressed by player 1
[16:05:47.242] [SEVERE ] key 69 was pressed by player 1
[16:05:47.445] [SEVERE ] key 69 was pressed by player 1
[16:05:47.809] [SEVERE ] updating countdown to 13996
[16:05:47.908] [SEVERE ] key 68 was pressed by player 1
[16:05:47.909] [SEVERE ] removing player 1 token from slot 6
[16:05:48.765] [SEVERE ] key 68 was pressed by player 1
[16:05:48.766] [SEVERE ] player 1 placing token on slot 6
[16:05:48.766] [SEVERE ] updating countdown to 13039
[16:05:48.767] [SEVERE ] setting player 1 freeze to 3000
[16:05:48.821] [SEVERE ] updating countdown to 12984
[16:05:48.955] [SEVERE ] key 87 was pressed by player 1
[16:05:48.980] [SEVERE ] key 81 was pressed by player 1
[16:05:49.092] [SEVERE ] key 69 was pressed by player 1
[16:05:49.147] [SEVERE ] key 81 was pressed by player 1
[16:05:49.178] [SEVERE ] key 87 was pressed by player 1
[16:05:49.247] [SEVERE ] key 69 was pressed by player 1
[16:05:49.324] [SEVERE ] key 81 was pressed by player 1
[16:05:49.360] [SEVERE ] key 87 was pressed by player 1
[16:05:49.437] [SEVERE ] key 69 was pressed by player 1
[16:05:49.514] [SEVERE ] key 81 was pressed by player 1
[16:05:49.597] [SEVERE ] key 69 was pressed by player 1
[16:05:49.690] [SEVERE ] key 81 was pressed by player 1
[16:05:49.701] [SEVERE ] key 87 was pressed by player 1
[16:05:49.775] [SEVERE ] setting player 1 freeze to 2000
[16:05:49.782] [SEVERE ] key 69 was pressed by player 1
[16:05:49.821] [SEVERE ] updating countdown to 11984
[16:05:49.881] [SEVERE ] key 81 was pressed by player 1
[16:05:49.897] [SEVERE ] key 87 was pressed by player 1
[16:05:49.969] [SEVERE ] key 69 was pressed by player 1
[16:05:50.081] [SEVERE ] key 81 was pressed by player 1
[16:05:50.110] [SEVERE ] key 87 was pressed by player 1
[16:05:50.176] [SEVERE ] key 69 was pressed by player 1
[16:05:50.278] [SEVERE ] key 81 was pressed by player 1
[16:05:50.288] [SEVERE ] key 87 was pressed by player 1
[16:05:50.345] [SEVERE ] key 69 was pressed by player 1
[16:05:50.555] [SEVERE ] key 82 was pressed by player 1
[16:05:50.642] [SEVERE ] key 69 was pressed by player 1
[16:05:50.662] [SEVERE ] key 87 was pressed by player 1
[16:05:50.764] [SEVERE ] key 82 was pressed by player 1
[16:05:50.775] [SEVERE ] setting player 1 freeze to 1000
[16:05:50.822] [SEVERE ] updating countdown to 10983
[16:05:50.824] [SEVERE ] key 81 was pressed by player 1
[16:05:50.851] [SEVERE ] key 87 was pressed by player 1
[16:05:50.945] [SEVERE ] key 69 was pressed by player 1
[16:05:51.026] [SEVERE ] key 87 was pressed by player 1
[16:05:51.047] [SEVERE ] key 81 was pressed by player 1
[16:05:51.117] [SEVERE ] key 69 was pressed by player 1
[16:05:51.290] [SEVERE ] key 69 was pressed by player 1
[16:05:51.381] [SEVERE ] key 81 was pressed by player 1
[16:05:51.391] [SEVERE ] key 87 was pressed by player 1
[16:05:51.495] [SEVERE ] key 69 was pressed by player 1
[16:05:51.592] [SEVERE ] key 81 was pressed by player 1
[16:05:51.775] [SEVERE ] setting player 1 freeze to 0
[16:05:51.821] [SEVERE ] updating countdown to 9984
[16:05:51.833] [SEVERE ] key 76 was pressed by player 2
[16:05:51.833] [SEVERE ] player 2 placing token on slot 6
[16:05:51.846] [SEVERE ] key 75 was pressed by player 2
[16:05:51.848] [SEVERE ] player 2 placing token on slot 5
[16:05:52.001] [SEVERE ] key 81 was pressed by player 1
[16:05:52.016] [SEVERE ] key 76 was pressed by player 2
[16:05:52.016] [SEVERE ] removing player 2 token from slot 6
[16:05:52.071] [SEVERE ] key 69 was pressed by player 1
[16:05:52.081] [SEVERE ] key 75 was pressed by player 2
[16:05:52.081] [SEVERE ] removing player 2 token from slot 5
[16:05:52.199] [SEVERE ] key 76 was pressed by player 2
[16:05:52.200] [SEVERE ] player 2 placing token on slot 6
[16:05:52.210] [SEVERE ] key 81 was pressed by player 1
[16:05:52.223] [SEVERE ] key 87 was pressed by player 1
[16:05:52.280] [SEVERE ] key 77 was pressed by player 2
[16:05:52.281] [SEVERE ] player 2 placing token on slot 8
[16:05:52.326] [SEVERE ] key 44 was pressed by player 2
[16:05:52.326] [SEVERE ] player 2 placing token on slot 9
[16:05:52.327] [SEVERE ] updating countdown to 9478
[16:05:52.327] [SEVERE ] setting player 2 freeze to 3000
[16:05:52.436] [SEVERE ] key 76 was pressed by player 2
[16:05:52.447] [SEVERE ] key 75 was pressed by player 2
[16:05:52.508] [SEVERE ] key 77 was pressed by player 2
[16:05:52.615] [SEVERE ] key 76 was pressed by player 2
[16:05:52.624] [SEVERE ] key 75 was pressed by player 2
[16:05:52.646] [SEVERE ] key 81 was pressed by player 1
[16:05:52.689] [SEVERE ] key 77 was pressed by player 2
[16:05:52.727] [SEVERE ] key 69 was pressed by player 1
[16:05:52.742] [SEVERE ] key 76 was pressed by player 2
[16:05:52.810] [SEVERE ] updating countdown to 8995
[16:05:52.813] [SEVERE ] key 87 was pressed by player 1
[16:05:52.823] [SEVERE ] key 81 was pressed by player 1
[16:05:52.833] [SEVERE ] key 75 was pressed by player 2
[16:05:52.901] [SEVERE ] key 77 was pressed by player 2
[16:05:53.030] [SEVERE ] key 81 was pressed by player 1
[16:05:53.041] [SEVERE ] key 76 was pressed by player 2
[16:05:53.051] [SEVERE ] key 87 was pressed by player 1
[16:05:53.060] [SEVERE ] key 75 was pressed by player 2
[16:05:53.125] [SEVERE ] key 68 was pressed by player 1
[16:05:53.126] [SEVERE ] removing player 1 token from slot 6
[16:05:53.135] [SEVERE ] key 77 was pressed by player 2
[16:05:53.248] [SEVERE ] key 75 was pressed by player 2
[16:05:53.268] [SEVERE ] key 76 was pressed by player 2
[16:05:53.336] [SEVERE ] setting player 2 freeze to 2000
[16:05:53.369] [SEVERE ] key 77 was pressed by player 2
[16:05:53.394] [SEVERE ] key 83 was pressed by player 1
[16:05:53.395] [SEVERE ] removing player 1 token from slot 5
[16:05:53.471] [SEVERE ] key 75 was pressed by player 2
[16:05:53.486] [SEVERE ] key 74 was pressed by player 2
[16:05:53.518] [SEVERE ] key 86 was pressed by player 1
[16:05:53.518] [SEVERE ] player 1 placing token on slot 11
[16:05:53.717] [SEVERE ] key 75 was pressed by player 2
[16:05:53.802] [SEVERE ] key 68 was pressed by player 1
[16:05:53.803] [SEVERE ] player 1 placing token on slot 6
[16:05:53.803] [SEVERE ] updating countdown to 8002
[16:05:53.804] [SEVERE ] setting player 1 freeze to 3000
[16:05:53.821] [SEVERE ] updating countdown to 7984
[16:05:53.831] [SEVERE ] key 83 was pressed by player 1
[16:05:53.901] [SEVERE ] key 67 was pressed by player 1
[16:05:53.932] [SEVERE ] key 75 was pressed by player 2
[16:05:53.966] [SEVERE ] key 46 was pressed by player 2
[16:05:54.017] [SEVERE ] key 83 was pressed by player 1
[16:05:54.039] [SEVERE ] key 68 was pressed by player 1
[16:05:54.063] [SEVERE ] key 77 was pressed by player 2
[16:05:54.135] [SEVERE ] key 67 was pressed by player 1
[16:05:54.238] [SEVERE ] key 83 was pressed by player 1
[16:05:54.248] [SEVERE ] key 76 was pressed by player 2
[16:05:54.258] [SEVERE ] key 68 was pressed by player 1
[16:05:54.308] [SEVERE ] key 75 was pressed by player 2
[16:05:54.340] [SEVERE ] key 77 was pressed by player 2
[16:05:54.349] [SEVERE ] setting player 2 freeze to 1000
[16:05:54.407] [SEVERE ] key 67 was pressed by player 1
[16:05:54.513] [SEVERE ] key 76 was pressed by player 2
[16:05:54.532] [SEVERE ] key 87 was pressed by player 1
[16:05:54.544] [SEVERE ] key 59 was pressed by player 2
[16:05:54.554] [SEVERE ] key 68 was pressed by player 1
[16:05:54.600] [SEVERE ] key 67 was pressed by player 1
[16:05:54.640] [SEVERE ] key 77 was pressed by player 2
[16:05:54.818] [SEVERE ] updating countdown to 6987
[16:05:54.818] [SEVERE ] setting player 1 freeze to 2000
[16:05:54.875] [SEVERE ] key 77 was pressed by player 2
[16:05:54.884] [SEVERE ] key 68 was pressed by player 1
[16:05:55.279] [SEVERE ] key 67 was pressed by player 1
[16:05:55.362] [SEVERE ] setting player 2 freeze to 0
[16:05:55.380] [SEVERE ] key 77 was pressed by player 2
[16:05:55.380] [SEVERE ] removing player 2 token from slot 8
[16:05:55.404] [SEVERE ] key 68 was pressed by player 1
[16:05:55.490] [SEVERE ] key 76 was pressed by player 2
[16:05:55.491] [SEVERE ] removing player 2 token from slot 6
[16:05:55.501] [SEVERE ] key 75 was pressed by player 2
[16:05:55.502] [SEVERE ] player 2 placing token on slot 5
[16:05:55.655] [SEVERE ] key 77 was pressed by player 2
[16:05:55.656] [SEVERE ] player 2 placing token on slot 8
[16:05:55.656] [SEVERE ] updating countdown to 6149
[16:05:55.657] [SEVERE ] setting player 2 freeze to 3000
[16:05:55.684] [SEVERE ] key 67 was pressed by player 1
[16:05:55.760] [SEVERE ] key 76 was pressed by player 2
[16:05:55.771] [SEVERE ] key 75 was pressed by player 2
[16:05:55.791] [SEVERE ] key 83 was pressed by player 1
[16:05:55.817] [SEVERE ] updating countdown to 5988
[16:05:55.832] [SEVERE ] setting player 1 freeze to 1000
[16:05:55.878] [SEVERE ] key 67 was pressed by player 1
[16:05:55.973] [SEVERE ] key 77 was pressed by player 2
[16:05:56.012] [SEVERE ] key 75 was pressed by player 2
[16:05:56.106] [SEVERE ] key 83 was pressed by player 1
[16:05:56.660] [SEVERE ] setting player 2 freeze to 2000
[16:05:56.847] [SEVERE ] setting player 1 freeze to 0
[16:05:57.660] [SEVERE ] setting player 2 freeze to 1000
[16:05:57.967] [SEVERE ] exit button pressed
[16:05:57.968] [INFO   ] thread Player: 01 terminated.
[16:05:57.968] [INFO   ] thread Player: 11 terminated.
[16:05:58.128] [SEVERE ] removing tokens from slot 10
[16:05:58.128] [SEVERE ] removing card from slot 10
[16:05:58.236] [SEVERE ] removing tokens from slot 3
[16:05:58.236] [SEVERE ] removing card from slot 3
[16:05:58.346] [SEVERE ] removing tokens from slot 5
[16:05:58.346] [SEVERE ] removing card from slot 5
[16:05:58.455] [SEVERE ] removing tokens from slot 9
[16:05:58.455] [SEVERE ] removing card from slot 9
[16:05:58.564] [SEVERE ] removing tokens from slot 11
[16:05:58.564] [SEVERE ] removing card from slot 11
[16:05:58.674] [SEVERE ] removing tokens from slot 4
[16:05:58.674] [SEVERE ] removing card from slot 4
[16:05:58.781] [SEVERE ] removing tokens from slot 2
[16:05:58.781] [SEVERE ] removing card from slot 2
[16:05:58.891] [SEVERE ] removing tokens from slot 8
[16:05:58.891] [SEVERE ] removing card from slot 8
[16:05:59.001] [SEVERE ] removing tokens from slot 1
[16:05:59.001] [SEVERE ] removing card from slot 1
[16:05:59.110] [SEVERE ] removing tokens from slot 6
[16:05:59.110] [SEVERE ] removing card from slot 6
[16:05:59.219] [SEVERE ] removing tokens from slot 7
[16:05:59.219] [SEVERE ] removing card from slot 7
[16:05:59.328] [SEVERE ] removing tokens from slot 0
[16:05:59.328] [SEVERE ] removing card from slot 0
[16:05:59.329] [SEVERE ] announcing winner(s): player 2, player 1
[16:05:59.331] [INFO   ] thread dealer terminated.
[16:05:59.332] [INFO   ] thread dealer terminated.
[16:05:59.332] [SEVERE ] thanks for playing... it was fun!
[16:05:59.332] [INFO   ] thread main terminated.
