[15:00:21.357] [INFO   ] thread main starting.
[15:00:21.362] [SEVERE ] cannot read configuration file config.properties trying from resources.
[15:00:21.364] [SEVERE ] configuration file was loaded from resources directory.
[15:00:21.676] [INFO   ] thread dealer starting.
[15:00:21.677] [INFO   ] thread dealer starting.
[15:00:21.791] [SEVERE ] placing card 70 in slot 5
[15:00:21.901] [SEVERE ] placing card 42 in slot 6
[15:00:22.008] [SEVERE ] placing card 71 in slot 10
[15:00:22.116] [SEVERE ] placing card 17 in slot 8
[15:00:22.225] [SEVERE ] placing card 32 in slot 0
[15:00:22.334] [SEVERE ] placing card 56 in slot 1
[15:00:22.442] [SEVERE ] placing card 34 in slot 9
[15:00:22.552] [SEVERE ] placing card 55 in slot 3
[15:00:22.662] [SEVERE ] placing card 38 in slot 11
[15:00:22.772] [SEVERE ] placing card 23 in slot 2
[15:00:22.880] [SEVERE ] placing card 58 in slot 7
[15:00:22.990] [SEVERE ] placing card 39 in slot 4
[15:00:22.998] [SEVERE ] updating countdown to 29999
[15:00:22.998] [INFO   ] thread Player: 01 created.
[15:00:22.999] [INFO   ] thread Player: 11 created.
[15:00:22.999] [INFO   ] thread Player: 01 starting.
[15:00:23.000] [INFO   ] thread computer-0 starting.
[15:00:23.000] [INFO   ] thread Player: 11 starting.
[15:00:23.000] [SEVERE ] player 1 placing token on slot 2
[15:00:23.000] [INFO   ] thread computer-1 starting.
[15:00:23.000] [SEVERE ] player 1 placing token on slot 11
[15:00:23.001] [SEVERE ] player 2 placing token on slot 1
[15:00:23.001] [SEVERE ] player 1 placing token on slot 8
[15:00:23.001] [SEVERE ] player 2 placing token on slot 10
[15:00:23.002] [SEVERE ] player 2 placing token on slot 4
[15:00:23.003] [SEVERE ] updating countdown to 29994
[15:00:23.004] [SEVERE ] updating countdown to 29993
[15:00:23.004] [SEVERE ] setting player 2 freeze to 3000
[15:00:23.004] [SEVERE ] setting player 1 freeze to 3000
[15:00:24.002] [SEVERE ] updating countdown to 28995
[15:00:24.018] [SEVERE ] setting player 1 freeze to 2000
[15:00:24.018] [SEVERE ] setting player 2 freeze to 2000
[15:00:24.765] [SEVERE ] key 83 was pressed by player 1
[15:00:25.000] [SEVERE ] updating countdown to 27997
[15:00:25.032] [SEVERE ] setting player 2 freeze to 1000
[15:00:25.032] [SEVERE ] setting player 1 freeze to 1000
[15:00:26.000] [SEVERE ] updating countdown to 26997
[15:00:26.046] [SEVERE ] setting player 2 freeze to 0
[15:00:26.046] [SEVERE ] setting player 1 freeze to 0
[15:00:26.048] [SEVERE ] removing player 2 token from slot 1
[15:00:26.049] [SEVERE ] player 2 placing token on slot 2
[15:00:26.049] [SEVERE ] updating countdown to 26948
[15:00:26.049] [SEVERE ] removing player 1 token from slot 11
[15:00:26.050] [SEVERE ] setting player 2 freeze to 3000
[15:00:26.051] [SEVERE ] player 1 placing token on slot 6
[15:00:26.051] [SEVERE ] key 83 was pressed by player 1
[15:00:26.051] [SEVERE ] updating countdown to 26946
[15:00:26.051] [SEVERE ] setting player 1 freeze to 3000
[15:00:27.014] [SEVERE ] updating countdown to 25983
[15:00:27.060] [SEVERE ] setting player 2 freeze to 2000
[15:00:27.060] [SEVERE ] setting player 1 freeze to 2000
[15:00:28.011] [SEVERE ] updating countdown to 24986
[15:00:28.074] [SEVERE ] setting player 2 freeze to 1000
[15:00:28.074] [SEVERE ] setting player 1 freeze to 1000
[15:00:29.010] [SEVERE ] updating countdown to 23987
[15:00:29.089] [SEVERE ] setting player 2 freeze to 0
[15:00:29.089] [SEVERE ] setting player 1 freeze to 0
[15:00:29.090] [SEVERE ] removing player 2 token from slot 2
[15:00:29.091] [SEVERE ] removing player 1 token from slot 6
[15:00:29.091] [SEVERE ] removing player 2 token from slot 10
[15:00:29.092] [SEVERE ] player 2 placing token on slot 6
[15:00:29.092] [SEVERE ] player 1 placing token on slot 0
[15:00:29.093] [SEVERE ] player 2 placing token on slot 2
[15:00:29.093] [SEVERE ] updating countdown to 23904
[15:00:29.094] [SEVERE ] updating countdown to 23903
[15:00:29.094] [SEVERE ] setting player 2 freeze to 3000
[15:00:29.094] [SEVERE ] setting player 1 freeze to 3000
[15:00:29.100] [SEVERE ] key 83 was pressed by player 1
[15:00:30.008] [SEVERE ] updating countdown to 22989
[15:00:30.100] [SEVERE ] setting player 2 freeze to 2000
[15:00:30.100] [SEVERE ] setting player 1 freeze to 2000
[15:00:31.008] [SEVERE ] updating countdown to 21989
[15:00:31.101] [SEVERE ] setting player 2 freeze to 1000
[15:00:31.117] [SEVERE ] setting player 1 freeze to 1000
[15:00:32.005] [SEVERE ] updating countdown to 20992
[15:00:32.114] [SEVERE ] setting player 2 freeze to 0
[15:00:32.115] [SEVERE ] removing player 2 token from slot 6
[15:00:32.115] [SEVERE ] player 2 placing token on slot 10
[15:00:32.115] [SEVERE ] updating countdown to 20882
[15:00:32.116] [SEVERE ] setting player 2 freeze to 3000
[15:00:32.130] [SEVERE ] setting player 1 freeze to 0
[15:00:32.130] [SEVERE ] removing player 1 token from slot 2
[15:00:32.130] [SEVERE ] player 1 placing token on slot 5
[15:00:32.130] [SEVERE ] updating countdown to 20867
[15:00:32.130] [SEVERE ] key 83 was pressed by player 1
[15:00:32.130] [SEVERE ] setting player 1 freeze to 3000
[15:00:33.004] [SEVERE ] updating countdown to 19993
[15:00:33.129] [SEVERE ] setting player 2 freeze to 2000
[15:00:33.145] [SEVERE ] setting player 1 freeze to 2000
[15:00:33.999] [SEVERE ] updating countdown to 18998
[15:00:34.137] [SEVERE ] setting player 2 freeze to 1000
[15:00:34.153] [SEVERE ] setting player 1 freeze to 1000
[15:00:35.010] [SEVERE ] updating countdown to 17987
[15:00:35.150] [SEVERE ] setting player 2 freeze to 0
[15:00:35.151] [SEVERE ] removing player 2 token from slot 2
[15:00:35.151] [SEVERE ] removing player 2 token from slot 10
[15:00:35.151] [SEVERE ] player 2 placing token on slot 3
[15:00:35.152] [SEVERE ] player 2 placing token on slot 7
[15:00:35.152] [SEVERE ] updating countdown to 17845
[15:00:35.153] [SEVERE ] setting player 2 freeze to 3000
[15:00:35.166] [SEVERE ] setting player 1 freeze to 0
[15:00:35.169] [SEVERE ] removing player 1 token from slot 5
[15:00:35.169] [SEVERE ] player 1 placing token on slot 11
[15:00:35.170] [SEVERE ] updating countdown to 17827
[15:00:35.170] [SEVERE ] key 83 was pressed by player 1
[15:00:35.170] [SEVERE ] setting player 1 freeze to 3000
[15:00:36.008] [SEVERE ] updating countdown to 16989
[15:00:36.167] [SEVERE ] setting player 2 freeze to 2000
[15:00:36.182] [SEVERE ] setting player 1 freeze to 2000
[15:00:37.011] [SEVERE ] updating countdown to 15986
[15:00:37.181] [SEVERE ] setting player 2 freeze to 1000
[15:00:37.196] [SEVERE ] setting player 1 freeze to 1000
[15:00:38.009] [SEVERE ] updating countdown to 14988
[15:00:38.195] [SEVERE ] setting player 2 freeze to 0
[15:00:38.195] [SEVERE ] removing player 2 token from slot 7
[15:00:38.195] [SEVERE ] player 2 placing token on slot 6
[15:00:38.196] [SEVERE ] updating countdown to 14801
[15:00:38.196] [SEVERE ] setting player 2 freeze to 3000
[15:00:38.211] [SEVERE ] setting player 1 freeze to 0
[15:00:38.211] [SEVERE ] removing player 1 token from slot 0
[15:00:38.211] [SEVERE ] player 1 placing token on slot 3
[15:00:38.211] [SEVERE ] updating countdown to 14786
[15:00:38.211] [SEVERE ] setting player 1 freeze to 3000
[15:00:39.005] [SEVERE ] updating countdown to 13992
[15:00:39.207] [SEVERE ] setting player 2 freeze to 2000
[15:00:39.222] [SEVERE ] setting player 1 freeze to 2000
[15:00:40.007] [SEVERE ] updating countdown to 12990
[15:00:40.212] [SEVERE ] setting player 2 freeze to 1000
[15:00:40.228] [SEVERE ] setting player 1 freeze to 1000
[15:00:41.003] [SEVERE ] updating countdown to 11994
[15:00:41.221] [SEVERE ] setting player 2 freeze to 0
[15:00:41.223] [SEVERE ] removing player 2 token from slot 3
[15:00:41.224] [SEVERE ] player 2 placing token on slot 1
[15:00:41.224] [SEVERE ] updating countdown to 11773
[15:00:41.225] [SEVERE ] setting player 2 freeze to 3000
[15:00:41.237] [SEVERE ] setting player 1 freeze to 0
[15:00:41.237] [SEVERE ] removing player 1 token from slot 11
[15:00:41.237] [SEVERE ] player 1 placing token on slot 4
[15:00:41.239] [SEVERE ] updating countdown to 11758
[15:00:41.239] [SEVERE ] key 83 was pressed by player 1
[15:00:41.239] [SEVERE ] setting player 1 freeze to 3000
[15:00:42.009] [SEVERE ] updating countdown to 10988
[15:00:42.227] [SEVERE ] setting player 2 freeze to 2000
[15:00:42.243] [SEVERE ] setting player 1 freeze to 2000
[15:00:43.007] [SEVERE ] updating countdown to 9990
[15:00:43.241] [SEVERE ] setting player 2 freeze to 1000
[15:00:43.256] [SEVERE ] setting player 1 freeze to 1000
[15:00:44.006] [SEVERE ] updating countdown to 8991
[15:00:44.256] [SEVERE ] setting player 2 freeze to 0
[15:00:44.256] [SEVERE ] removing player 2 token from slot 6
[15:00:44.256] [SEVERE ] player 2 placing token on slot 3
[15:00:44.256] [SEVERE ] updating countdown to 8741
[15:00:44.257] [SEVERE ] setting player 2 freeze to 3000
[15:00:44.271] [SEVERE ] setting player 1 freeze to 0
[15:00:44.271] [SEVERE ] removing player 1 token from slot 8
[15:00:44.271] [SEVERE ] removing player 1 token from slot 3
[15:00:44.272] [SEVERE ] player 1 placing token on slot 8
[15:00:44.272] [SEVERE ] key 83 was pressed by player 1
[15:00:44.272] [SEVERE ] player 1 placing token on slot 3
[15:00:44.272] [SEVERE ] updating countdown to 8725
[15:00:44.272] [SEVERE ] setting player 1 freeze to 3000
[15:00:45.007] [SEVERE ] updating countdown to 7990
[15:00:45.272] [SEVERE ] setting player 2 freeze to 2000
[15:00:45.287] [SEVERE ] setting player 1 freeze to 2000
[15:00:46.004] [SEVERE ] updating countdown to 6993
[15:00:46.283] [SEVERE ] setting player 2 freeze to 1000
[15:00:46.299] [SEVERE ] setting player 1 freeze to 1000
[15:00:47.012] [SEVERE ] updating countdown to 5985
[15:00:47.293] [SEVERE ] setting player 2 freeze to 0
[15:00:47.294] [SEVERE ] removing player 2 token from slot 4
[15:00:47.295] [SEVERE ] player 2 placing token on slot 2
[15:00:47.295] [SEVERE ] updating countdown to 5702
[15:00:47.295] [SEVERE ] setting player 2 freeze to 3000
[15:00:47.309] [SEVERE ] setting player 1 freeze to 0
[15:00:47.309] [SEVERE ] removing player 1 token from slot 3
[15:00:47.310] [SEVERE ] player 1 placing token on slot 0
[15:00:47.310] [SEVERE ] updating countdown to 5687
[15:00:47.311] [SEVERE ] setting player 1 freeze to 3000
[15:00:47.311] [SEVERE ] key 83 was pressed by player 1
[15:00:48.308] [SEVERE ] setting player 2 freeze to 2000
[15:00:48.323] [SEVERE ] setting player 1 freeze to 2000
[15:00:49.316] [SEVERE ] setting player 2 freeze to 1000
[15:00:49.332] [SEVERE ] setting player 1 freeze to 1000
[15:00:50.330] [SEVERE ] setting player 2 freeze to 0
[15:00:50.330] [SEVERE ] removing player 2 token from slot 3
[15:00:50.330] [SEVERE ] removing player 2 token from slot 2
[15:00:50.331] [SEVERE ] player 2 placing token on slot 7
[15:00:50.331] [SEVERE ] player 2 placing token on slot 0
[15:00:50.331] [SEVERE ] setting player 2 freeze to 3000
[15:00:50.346] [SEVERE ] setting player 1 freeze to 0
[15:00:50.346] [SEVERE ] removing player 1 token from slot 0
[15:00:50.347] [SEVERE ] player 1 placing token on slot 5
[15:00:50.347] [SEVERE ] key 83 was pressed by player 1
[15:00:50.347] [SEVERE ] setting player 1 freeze to 3000
[15:00:51.332] [SEVERE ] setting player 2 freeze to 2000
[15:00:51.348] [SEVERE ] setting player 1 freeze to 2000
[15:00:52.347] [SEVERE ] setting player 2 freeze to 1000
[15:00:52.362] [SEVERE ] setting player 1 freeze to 1000
[15:00:53.094] [SEVERE ] updating countdown to 0
[15:00:53.094] [SEVERE ] updating countdown to 0
[15:00:53.204] [SEVERE ] removing tokens from slot 7
[15:00:53.204] [SEVERE ] removing card from slot 7
[15:00:53.313] [SEVERE ] removing tokens from slot 9
[15:00:53.313] [SEVERE ] removing card from slot 9
[15:00:53.361] [SEVERE ] setting player 2 freeze to 0
[15:00:53.376] [SEVERE ] setting player 1 freeze to 0
[15:00:53.376] [SEVERE ] key 83 was pressed by player 1
[15:00:53.423] [SEVERE ] removing tokens from slot 2
[15:00:53.423] [SEVERE ] removing card from slot 2
[15:00:53.532] [SEVERE ] removing tokens from slot 0
[15:00:53.532] [SEVERE ] removing card from slot 0
[15:00:53.643] [SEVERE ] removing tokens from slot 1
[15:00:53.643] [SEVERE ] removing card from slot 1
[15:00:53.751] [SEVERE ] removing tokens from slot 10
[15:00:53.751] [SEVERE ] removing card from slot 10
[15:00:53.861] [SEVERE ] removing tokens from slot 5
[15:00:53.861] [SEVERE ] removing card from slot 5
[15:00:53.969] [SEVERE ] removing tokens from slot 4
[15:00:53.969] [SEVERE ] removing card from slot 4
[15:00:54.077] [SEVERE ] removing tokens from slot 11
[15:00:54.080] [SEVERE ] removing card from slot 11
[15:00:54.185] [SEVERE ] removing tokens from slot 8
[15:00:54.185] [SEVERE ] removing card from slot 8
[15:00:54.294] [SEVERE ] removing tokens from slot 6
[15:00:54.294] [SEVERE ] removing card from slot 6
[15:00:54.403] [SEVERE ] removing tokens from slot 3
[15:00:54.403] [SEVERE ] removing card from slot 3
[15:00:54.512] [SEVERE ] placing card 5 in slot 11
[15:00:54.621] [SEVERE ] placing card 23 in slot 8
[15:00:54.728] [SEVERE ] placing card 28 in slot 2
[15:00:54.838] [SEVERE ] placing card 72 in slot 7
[15:00:54.947] [SEVERE ] placing card 59 in slot 5
[15:00:55.057] [SEVERE ] placing card 62 in slot 4
[15:00:55.167] [SEVERE ] placing card 45 in slot 6
[15:00:55.277] [SEVERE ] placing card 63 in slot 0
[15:00:55.385] [SEVERE ] placing card 25 in slot 9
[15:00:55.494] [SEVERE ] placing card 61 in slot 3
[15:00:55.603] [SEVERE ] placing card 12 in slot 10
[15:00:55.714] [SEVERE ] placing card 70 in slot 1
[15:00:55.714] [SEVERE ] player 2 placing token on slot 2
[15:00:55.714] [SEVERE ] player 1 placing token on slot 1
[15:00:55.714] [SEVERE ] player 2 placing token on slot 10
[15:00:55.714] [SEVERE ] player 1 placing token on slot 5
[15:00:55.714] [SEVERE ] removing player 2 token from slot 10
[15:00:55.714] [SEVERE ] player 2 placing token on slot 1
[15:00:55.714] [SEVERE ] removing player 2 token from slot 2
[15:00:55.715] [SEVERE ] player 2 placing token on slot 9
[15:00:55.714] [SEVERE ] player 1 placing token on slot 7
[15:00:55.715] [SEVERE ] key 83 was pressed by player 1
[15:00:55.715] [SEVERE ] player 2 placing token on slot 5
[15:00:55.717] [SEVERE ] updating countdown to 29999
[15:00:55.717] [SEVERE ] updating countdown to 29999
[15:00:55.823] [SEVERE ] removing tokens from slot 1
[15:00:55.823] [SEVERE ] removing card from slot 1
[15:00:55.932] [SEVERE ] removing tokens from slot 5
[15:00:55.932] [SEVERE ] removing card from slot 5
[15:00:56.041] [SEVERE ] removing tokens from slot 7
[15:00:56.041] [SEVERE ] removing card from slot 7
[15:00:56.041] [SEVERE ] updating countdown to 29999
[15:00:56.042] [SEVERE ] setting player 1 score to 1
[15:00:56.042] [SEVERE ] setting player 1 freeze to 1000
[15:00:56.151] [SEVERE ] placing card 75 in slot 1
[15:00:56.261] [SEVERE ] placing card 38 in slot 7
[15:00:56.371] [SEVERE ] placing card 67 in slot 5
[15:00:56.374] [SEVERE ] updating countdown to 29666
[15:00:56.374] [SEVERE ] player 2 placing token on slot 11
[15:00:56.374] [SEVERE ] player 2 placing token on slot 7
[15:00:56.375] [SEVERE ] updating countdown to 29665
[15:00:56.375] [SEVERE ] setting player 2 freeze to 3000
[15:00:57.054] [SEVERE ] setting player 1 freeze to 0
[15:00:57.054] [SEVERE ] updating countdown to 28986
[15:00:57.054] [SEVERE ] player 1 placing token on slot 6
[15:00:57.054] [SEVERE ] player 1 placing token on slot 11
[15:00:57.054] [SEVERE ] removing player 1 token from slot 6
[15:00:57.054] [SEVERE ] player 1 placing token on slot 2
[15:00:57.054] [SEVERE ] player 1 placing token on slot 5
[15:00:57.054] [SEVERE ] updating countdown to 28986
[15:00:57.055] [SEVERE ] setting player 1 freeze to 3000
[15:00:57.060] [SEVERE ] exit button pressed
[15:00:57.060] [INFO   ] thread Player: 01 terminated.
[15:00:57.061] [INFO   ] thread Player: 11 terminated.
[15:00:58.049] [SEVERE ] updating countdown to 27991
[15:00:58.049] [SEVERE ] updating countdown to 27991
[15:00:58.158] [SEVERE ] removing tokens from slot 2
[15:00:58.158] [SEVERE ] removing card from slot 2
[15:00:58.265] [SEVERE ] removing tokens from slot 7
[15:00:58.265] [SEVERE ] removing card from slot 7
[15:00:58.376] [SEVERE ] removing tokens from slot 5
[15:00:58.376] [SEVERE ] removing card from slot 5
[15:00:58.484] [SEVERE ] removing tokens from slot 11
[15:00:58.484] [SEVERE ] removing card from slot 11
[15:00:58.592] [SEVERE ] removing tokens from slot 9
[15:00:58.592] [SEVERE ] removing card from slot 9
[15:00:58.702] [SEVERE ] removing tokens from slot 6
[15:00:58.702] [SEVERE ] removing card from slot 6
[15:00:58.811] [SEVERE ] removing tokens from slot 1
[15:00:58.811] [SEVERE ] removing card from slot 1
[15:00:58.920] [SEVERE ] removing tokens from slot 8
[15:00:58.920] [SEVERE ] removing card from slot 8
[15:00:59.030] [SEVERE ] removing tokens from slot 4
[15:00:59.030] [SEVERE ] removing card from slot 4
[15:00:59.138] [SEVERE ] removing tokens from slot 0
[15:00:59.138] [SEVERE ] removing card from slot 0
[15:00:59.247] [SEVERE ] removing tokens from slot 3
[15:00:59.247] [SEVERE ] removing card from slot 3
[15:00:59.356] [SEVERE ] removing tokens from slot 10
[15:00:59.356] [SEVERE ] removing card from slot 10
[15:00:59.357] [SEVERE ] announcing winner(s): player 1
[15:00:59.359] [INFO   ] thread dealer terminated.
[15:00:59.359] [INFO   ] thread dealer terminated.
[15:00:59.359] [SEVERE ] thanks for playing... it was fun!
[15:00:59.360] [INFO   ] thread main terminated.
