[15:23:59.316] [INFO   ] thread main starting.
[15:23:59.322] [SEVERE ] cannot read configuration file config.properties trying from resources.
[15:23:59.324] [SEVERE ] configuration file was loaded from resources directory.
[15:23:59.760] [INFO   ] thread dealer starting.
[15:23:59.761] [INFO   ] thread dealer starting.
[15:23:59.872] [SEVERE ] placing card 7 in slot 6
[15:23:59.981] [SEVERE ] placing card 42 in slot 0
[15:24:00.091] [SEVERE ] placing card 68 in slot 11
[15:24:00.201] [SEVERE ] placing card 60 in slot 2
[15:24:00.311] [SEVERE ] placing card 46 in slot 5
[15:24:00.421] [SEVERE ] placing card 24 in slot 10
[15:24:00.530] [SEVERE ] placing card 61 in slot 3
[15:24:00.639] [SEVERE ] placing card 8 in slot 9
[15:24:00.748] [SEVERE ] placing card 58 in slot 7
[15:24:00.858] [SEVERE ] placing card 22 in slot 1
[15:24:00.968] [SEVERE ] placing card 75 in slot 4
[15:24:01.077] [SEVERE ] placing card 52 in slot 8
[15:24:01.084] [SEVERE ] updating countdown to 29999
[15:24:01.085] [INFO   ] thread Player: 01 created.
[15:24:01.085] [INFO   ] thread Player: 11 created.
[15:24:01.085] [INFO   ] thread Player: 01 starting.
[15:24:01.085] [INFO   ] thread Player: 11 starting.
[15:24:02.092] [SEVERE ] updating countdown to 28991
[15:24:08.733] [SEVERE ] exit button pressed
[15:24:08.733] [INFO   ] thread Player: 01 terminated.
[15:24:08.734] [INFO   ] thread Player: 11 terminated.
[15:24:23.014] [SEVERE ] updating countdown to 8069
[15:24:23.120] [SEVERE ] removing tokens from slot 7
[15:24:23.120] [SEVERE ] removing card from slot 7
[15:24:23.228] [SEVERE ] removing tokens from slot 10
[15:24:23.228] [SEVERE ] removing card from slot 10
[15:24:23.337] [SEVERE ] removing tokens from slot 6
[15:24:23.337] [SEVERE ] removing card from slot 6
[15:24:23.449] [SEVERE ] removing tokens from slot 5
[15:24:23.449] [SEVERE ] removing card from slot 5
[15:24:23.556] [SEVERE ] removing tokens from slot 4
[15:24:23.556] [SEVERE ] removing card from slot 4
[15:24:23.665] [SEVERE ] removing tokens from slot 11
[15:24:23.665] [SEVERE ] removing card from slot 11
[15:24:23.775] [SEVERE ] removing tokens from slot 1
[15:24:23.775] [SEVERE ] removing card from slot 1
[15:24:23.883] [SEVERE ] removing tokens from slot 8
[15:24:23.883] [SEVERE ] removing card from slot 8
[15:24:23.993] [SEVERE ] removing tokens from slot 0
[15:24:23.993] [SEVERE ] removing card from slot 0
[15:24:24.102] [SEVERE ] removing tokens from slot 3
[15:24:24.102] [SEVERE ] removing card from slot 3
[15:24:24.211] [SEVERE ] removing tokens from slot 2
[15:24:24.211] [SEVERE ] removing card from slot 2
[15:24:24.320] [SEVERE ] removing tokens from slot 9
[15:24:24.320] [SEVERE ] removing card from slot 9
[15:24:24.322] [SEVERE ] announcing winner(s): player 2, player 1
[15:24:24.326] [INFO   ] thread dealer terminated.
[15:24:24.326] [INFO   ] thread dealer terminated.
[15:24:24.327] [SEVERE ] thanks for playing... it was fun!
[15:24:24.327] [INFO   ] thread main terminated.
