[15:01:01.925] [INFO   ] thread main starting.
[15:01:01.931] [SEVERE ] cannot read configuration file config.properties trying from resources.
[15:01:01.932] [SEVERE ] configuration file was loaded from resources directory.
[15:01:02.240] [INFO   ] thread dealer starting.
[15:01:02.241] [INFO   ] thread dealer starting.
[15:01:02.359] [SEVERE ] placing card 27 in slot 3
[15:01:02.470] [SEVERE ] placing card 15 in slot 11
[15:01:02.578] [SEVERE ] placing card 19 in slot 8
[15:01:02.688] [SEVERE ] placing card 46 in slot 6
[15:01:02.796] [SEVERE ] placing card 26 in slot 1
[15:01:02.904] [SEVERE ] placing card 5 in slot 5
[15:01:03.015] [SEVERE ] placing card 11 in slot 2
[15:01:03.125] [SEVERE ] placing card 25 in slot 9
[15:01:03.234] [SEVERE ] placing card 31 in slot 4
[15:01:03.344] [SEVERE ] placing card 6 in slot 7
[15:01:03.453] [SEVERE ] placing card 29 in slot 0
[15:01:03.562] [SEVERE ] placing card 33 in slot 10
[15:01:03.569] [SEVERE ] updating countdown to 29999
[15:01:03.570] [INFO   ] thread Player: 01 created.
[15:01:03.570] [INFO   ] thread Player: 11 created.
[15:01:03.570] [INFO   ] thread Player: 01 starting.
[15:01:03.571] [INFO   ] thread Player: 11 starting.
[15:01:03.572] [INFO   ] thread computer-0 starting.
[15:01:03.572] [INFO   ] thread computer-1 starting.
[15:01:03.572] [SEVERE ] player 1 placing token on slot 7
[15:01:03.572] [SEVERE ] player 2 placing token on slot 9
[15:01:03.573] [SEVERE ] player 1 placing token on slot 8
[15:01:03.573] [SEVERE ] player 2 placing token on slot 8
[15:01:03.573] [SEVERE ] player 1 placing token on slot 4
[15:01:03.573] [SEVERE ] player 2 placing token on slot 0
[15:01:03.575] [SEVERE ] updating countdown to 29993
[15:01:03.576] [SEVERE ] setting player 2 freeze to 3000
[15:01:03.576] [SEVERE ] updating countdown to 29992
[15:01:03.576] [SEVERE ] setting player 1 freeze to 3000
[15:01:04.575] [SEVERE ] updating countdown to 28993
[15:01:04.591] [SEVERE ] setting player 1 freeze to 2000
[15:01:04.591] [SEVERE ] setting player 2 freeze to 2000
[15:01:05.572] [SEVERE ] updating countdown to 27996
[15:01:05.603] [SEVERE ] setting player 1 freeze to 1000
[15:01:05.603] [SEVERE ] setting player 2 freeze to 1000
[15:01:06.584] [SEVERE ] updating countdown to 26984
[15:01:06.614] [SEVERE ] setting player 2 freeze to 0
[15:01:06.614] [SEVERE ] setting player 1 freeze to 0
[15:01:06.615] [SEVERE ] removing player 2 token from slot 8
[15:01:06.616] [SEVERE ] removing player 2 token from slot 9
[15:01:06.616] [SEVERE ] player 2 placing token on slot 8
[15:01:06.616] [SEVERE ] player 2 placing token on slot 4
[15:01:06.616] [SEVERE ] removing player 1 token from slot 7
[15:01:06.617] [SEVERE ] updating countdown to 26951
[15:01:06.617] [SEVERE ] player 1 placing token on slot 10
[15:01:06.617] [SEVERE ] setting player 2 freeze to 3000
[15:01:06.617] [SEVERE ] updating countdown to 26951
[15:01:06.618] [SEVERE ] setting player 1 freeze to 3000
[15:01:07.571] [SEVERE ] updating countdown to 25997
[15:01:07.619] [SEVERE ] setting player 2 freeze to 2000
[15:01:07.619] [SEVERE ] setting player 1 freeze to 2000
[15:01:08.583] [SEVERE ] updating countdown to 24985
[15:01:08.629] [SEVERE ] setting player 1 freeze to 1000
[15:01:08.629] [SEVERE ] setting player 2 freeze to 1000
[15:01:09.572] [SEVERE ] updating countdown to 23996
[15:01:09.635] [SEVERE ] setting player 2 freeze to 0
[15:01:09.635] [SEVERE ] setting player 1 freeze to 0
[15:01:09.636] [SEVERE ] removing player 2 token from slot 4
[15:01:09.636] [SEVERE ] removing player 1 token from slot 4
[15:01:09.637] [SEVERE ] player 1 placing token on slot 4
[15:01:09.637] [SEVERE ] player 2 placing token on slot 5
[15:01:09.638] [SEVERE ] updating countdown to 23930
[15:01:09.638] [SEVERE ] setting player 1 freeze to 3000
[15:01:09.638] [SEVERE ] updating countdown to 23930
[15:01:09.638] [SEVERE ] setting player 2 freeze to 3000
[15:01:10.571] [SEVERE ] updating countdown to 22997
[15:01:10.649] [SEVERE ] setting player 2 freeze to 2000
[15:01:10.649] [SEVERE ] setting player 1 freeze to 2000
[15:01:11.584] [SEVERE ] updating countdown to 21984
[15:01:11.663] [SEVERE ] setting player 2 freeze to 1000
[15:01:11.663] [SEVERE ] setting player 1 freeze to 1000
[15:01:12.570] [SEVERE ] updating countdown to 20998
[15:01:12.665] [SEVERE ] setting player 2 freeze to 0
[15:01:12.665] [SEVERE ] setting player 1 freeze to 0
[15:01:12.666] [SEVERE ] removing player 2 token from slot 8
[15:01:12.666] [SEVERE ] removing player 1 token from slot 4
[15:01:12.667] [SEVERE ] player 2 placing token on slot 10
[15:01:12.667] [SEVERE ] player 1 placing token on slot 0
[15:01:12.668] [SEVERE ] updating countdown to 20900
[15:01:12.670] [SEVERE ] setting player 2 freeze to 3000
[15:01:12.670] [SEVERE ] updating countdown to 20898
[15:01:12.670] [SEVERE ] setting player 1 freeze to 3000
[15:01:13.582] [SEVERE ] updating countdown to 19986
[15:01:13.676] [SEVERE ] setting player 1 freeze to 2000
[15:01:13.676] [SEVERE ] setting player 2 freeze to 2000
[15:01:14.108] [SEVERE ] key 80 was pressed by player 2
[15:01:14.569] [SEVERE ] updating countdown to 18999
[15:01:14.678] [SEVERE ] setting player 2 freeze to 1000
[15:01:14.678] [SEVERE ] setting player 1 freeze to 1000
[15:01:15.582] [SEVERE ] updating countdown to 17986
[15:01:15.691] [SEVERE ] setting player 1 freeze to 0
[15:01:15.691] [SEVERE ] setting player 2 freeze to 0
[15:01:15.692] [SEVERE ] removing player 1 token from slot 0
[15:01:15.693] [SEVERE ] player 1 placing token on slot 11
[15:01:15.692] [SEVERE ] removing player 2 token from slot 10
[15:01:15.693] [SEVERE ] updating countdown to 17875
[15:01:15.694] [SEVERE ] player 2 placing token on slot 3
[15:01:15.694] [SEVERE ] setting player 1 freeze to 3000
[15:01:15.694] [SEVERE ] updating countdown to 17874
[15:01:15.695] [SEVERE ] setting player 2 freeze to 3000
[15:01:16.579] [SEVERE ] updating countdown to 16989
[15:01:16.705] [SEVERE ] setting player 1 freeze to 2000
[15:01:16.705] [SEVERE ] setting player 2 freeze to 2000
[15:01:17.579] [SEVERE ] updating countdown to 15989
[15:01:17.720] [SEVERE ] setting player 1 freeze to 1000
[15:01:17.720] [SEVERE ] setting player 2 freeze to 1000
[15:01:18.577] [SEVERE ] updating countdown to 14991
[15:01:18.732] [SEVERE ] setting player 1 freeze to 0
[15:01:18.732] [SEVERE ] setting player 2 freeze to 0
[15:01:18.732] [SEVERE ] removing player 1 token from slot 11
[15:01:18.732] [SEVERE ] removing player 2 token from slot 5
[15:01:18.732] [SEVERE ] player 1 placing token on slot 6
[15:01:18.733] [SEVERE ] removing player 2 token from slot 0
[15:01:18.733] [SEVERE ] updating countdown to 14835
[15:01:18.733] [SEVERE ] removing player 2 token from slot 3
[15:01:18.733] [SEVERE ] setting player 1 freeze to 3000
[15:01:18.733] [SEVERE ] player 2 placing token on slot 10
[15:01:18.733] [SEVERE ] player 2 placing token on slot 3
[15:01:18.734] [SEVERE ] player 2 placing token on slot 9
[15:01:18.734] [SEVERE ] updating countdown to 14834
[15:01:18.734] [SEVERE ] setting player 2 freeze to 3000
[15:01:19.575] [SEVERE ] updating countdown to 13993
[15:01:19.748] [SEVERE ] setting player 1 freeze to 2000
[15:01:19.748] [SEVERE ] setting player 2 freeze to 2000
[15:01:20.579] [SEVERE ] updating countdown to 12989
[15:01:20.751] [SEVERE ] setting player 2 freeze to 1000
[15:01:20.751] [SEVERE ] setting player 1 freeze to 1000
[15:01:21.577] [SEVERE ] updating countdown to 11991
[15:01:21.763] [SEVERE ] setting player 2 freeze to 0
[15:01:21.763] [SEVERE ] setting player 1 freeze to 0
[15:01:21.764] [SEVERE ] removing player 2 token from slot 9
[15:01:21.764] [SEVERE ] player 2 placing token on slot 1
[15:01:21.764] [SEVERE ] removing player 1 token from slot 8
[15:01:21.765] [SEVERE ] removing player 1 token from slot 6
[15:01:21.765] [SEVERE ] removing player 1 token from slot 10
[15:01:21.765] [SEVERE ] player 1 placing token on slot 4
[15:01:21.766] [SEVERE ] updating countdown to 11802
[15:01:21.766] [SEVERE ] removing player 1 token from slot 4
[15:01:21.766] [SEVERE ] setting player 2 freeze to 3000
[15:01:21.766] [SEVERE ] player 1 placing token on slot 10
[15:01:21.767] [SEVERE ] player 1 placing token on slot 8
[15:01:21.768] [SEVERE ] player 1 placing token on slot 11
[15:01:21.768] [SEVERE ] updating countdown to 11800
[15:01:21.769] [SEVERE ] setting player 1 freeze to 3000
[15:01:22.574] [SEVERE ] updating countdown to 10994
[15:01:22.777] [SEVERE ] setting player 2 freeze to 2000
[15:01:22.777] [SEVERE ] setting player 1 freeze to 2000
[15:01:23.572] [SEVERE ] updating countdown to 9996
[15:01:23.791] [SEVERE ] setting player 1 freeze to 1000
[15:01:23.791] [SEVERE ] setting player 2 freeze to 1000
[15:01:23.881] [SEVERE ] key 80 was pressed by player 2
[15:01:24.572] [SEVERE ] updating countdown to 8996
[15:01:24.807] [SEVERE ] setting player 2 freeze to 0
[15:01:24.807] [SEVERE ] setting player 1 freeze to 0
[15:01:24.808] [SEVERE ] removing player 2 token from slot 3
[15:01:24.809] [SEVERE ] removing player 1 token from slot 10
[15:01:24.809] [SEVERE ] removing player 2 token from slot 10
[15:01:24.810] [SEVERE ] player 2 placing token on slot 2
[15:01:24.811] [SEVERE ] player 2 placing token on slot 11
[15:01:24.812] [SEVERE ] updating countdown to 8756
[15:01:24.809] [SEVERE ] removing player 1 token from slot 11
[15:01:24.812] [SEVERE ] player 1 placing token on slot 2
[15:01:24.812] [SEVERE ] removing player 1 token from slot 8
[15:01:24.813] [SEVERE ] player 1 placing token on slot 10
[15:01:24.813] [SEVERE ] player 1 placing token on slot 9
[15:01:24.813] [SEVERE ] updating countdown to 8755
[15:01:24.812] [SEVERE ] setting player 2 freeze to 3000
[15:01:24.814] [SEVERE ] setting player 1 freeze to 3000
[15:01:25.571] [SEVERE ] updating countdown to 7997
[15:01:25.820] [SEVERE ] setting player 1 freeze to 2000
[15:01:25.820] [SEVERE ] setting player 2 freeze to 2000
[15:01:26.581] [SEVERE ] updating countdown to 6987
[15:01:26.829] [SEVERE ] setting player 1 freeze to 1000
[15:01:26.829] [SEVERE ] setting player 2 freeze to 1000
[15:01:27.576] [SEVERE ] updating countdown to 5992
[15:01:27.844] [SEVERE ] setting player 2 freeze to 0
[15:01:27.844] [SEVERE ] setting player 1 freeze to 0
[15:01:27.844] [SEVERE ] removing player 2 token from slot 2
[15:01:27.844] [SEVERE ] removing player 1 token from slot 9
[15:01:27.844] [SEVERE ] player 2 placing token on slot 10
[15:01:27.844] [SEVERE ] removing player 1 token from slot 2
[15:01:27.844] [SEVERE ] updating countdown to 5724
[15:01:27.844] [SEVERE ] player 1 placing token on slot 3
[15:01:27.845] [SEVERE ] setting player 2 freeze to 3000
[15:01:27.846] [SEVERE ] removing player 1 token from slot 3
[15:01:27.846] [SEVERE ] player 1 placing token on slot 9
[15:01:27.847] [SEVERE ] removing player 1 token from slot 10
[15:01:27.847] [SEVERE ] player 1 placing token on slot 5
[15:01:27.847] [SEVERE ] player 1 placing token on slot 1
[15:01:27.850] [SEVERE ] updating countdown to 5718
[15:01:27.851] [SEVERE ] setting player 1 freeze to 3000
[15:01:28.858] [SEVERE ] setting player 1 freeze to 2000
[15:01:28.858] [SEVERE ] setting player 2 freeze to 2000
[15:01:29.871] [SEVERE ] setting player 1 freeze to 1000
[15:01:29.871] [SEVERE ] setting player 2 freeze to 1000
[15:01:30.872] [SEVERE ] setting player 1 freeze to 0
[15:01:30.872] [SEVERE ] setting player 2 freeze to 0
[15:01:30.872] [SEVERE ] removing player 1 token from slot 5
[15:01:30.873] [SEVERE ] removing player 2 token from slot 10
[15:01:30.873] [SEVERE ] player 1 placing token on slot 6
[15:01:30.873] [SEVERE ] player 2 placing token on slot 2
[15:01:30.874] [SEVERE ] setting player 1 freeze to 3000
[15:01:30.874] [SEVERE ] setting player 2 freeze to 3000
[15:01:31.886] [SEVERE ] setting player 1 freeze to 2000
[15:01:31.886] [SEVERE ] setting player 2 freeze to 2000
[15:01:32.901] [SEVERE ] setting player 1 freeze to 1000
[15:01:32.901] [SEVERE ] setting player 2 freeze to 1000
[15:01:33.605] [SEVERE ] updating countdown to 0
[15:01:33.606] [SEVERE ] updating countdown to 0
[15:01:33.713] [SEVERE ] removing tokens from slot 7
[15:01:33.713] [SEVERE ] removing card from slot 7
[15:01:33.822] [SEVERE ] removing tokens from slot 2
[15:01:33.822] [SEVERE ] removing card from slot 2
[15:01:33.914] [SEVERE ] setting player 1 freeze to 0
[15:01:33.914] [SEVERE ] setting player 2 freeze to 0
[15:01:33.930] [SEVERE ] removing tokens from slot 4
[15:01:33.930] [SEVERE ] removing card from slot 4
[15:01:34.039] [SEVERE ] removing tokens from slot 3
[15:01:34.039] [SEVERE ] removing card from slot 3
[15:01:34.150] [SEVERE ] removing tokens from slot 5
[15:01:34.150] [SEVERE ] removing card from slot 5
[15:01:34.259] [SEVERE ] removing tokens from slot 8
[15:01:34.259] [SEVERE ] removing card from slot 8
[15:01:34.368] [SEVERE ] removing tokens from slot 6
[15:01:34.368] [SEVERE ] removing card from slot 6
[15:01:34.476] [SEVERE ] removing tokens from slot 9
[15:01:34.476] [SEVERE ] removing card from slot 9
[15:01:34.585] [SEVERE ] removing tokens from slot 10
[15:01:34.585] [SEVERE ] removing card from slot 10
[15:01:34.693] [SEVERE ] removing tokens from slot 11
[15:01:34.693] [SEVERE ] removing card from slot 11
[15:01:34.802] [SEVERE ] removing tokens from slot 1
[15:01:34.802] [SEVERE ] removing card from slot 1
[15:01:34.910] [SEVERE ] removing tokens from slot 0
[15:01:34.910] [SEVERE ] removing card from slot 0
[15:01:35.020] [SEVERE ] placing card 24 in slot 9
[15:01:35.128] [SEVERE ] placing card 78 in slot 11
[15:01:35.239] [SEVERE ] placing card 6 in slot 8
[15:01:35.346] [SEVERE ] placing card 1 in slot 10
[15:01:35.456] [SEVERE ] placing card 8 in slot 4
[15:01:35.565] [SEVERE ] placing card 3 in slot 1
[15:01:35.674] [SEVERE ] placing card 47 in slot 6
[15:01:35.784] [SEVERE ] placing card 16 in slot 3
[15:01:35.893] [SEVERE ] placing card 34 in slot 7
[15:01:36.002] [SEVERE ] placing card 54 in slot 2
[15:01:36.112] [SEVERE ] placing card 2 in slot 0
[15:01:36.221] [SEVERE ] placing card 12 in slot 5
[15:01:36.221] [SEVERE ] player 2 placing token on slot 6
[15:01:36.221] [SEVERE ] player 1 placing token on slot 5
[15:01:36.222] [SEVERE ] player 2 placing token on slot 10
[15:01:36.222] [SEVERE ] player 2 placing token on slot 3
[15:01:36.222] [SEVERE ] player 1 placing token on slot 1
[15:01:36.223] [SEVERE ] player 1 placing token on slot 11
[15:01:36.227] [SEVERE ] updating countdown to 29999
[15:01:36.228] [SEVERE ] updating countdown to 29998
[15:01:36.228] [SEVERE ] updating countdown to 29998
[15:01:36.228] [SEVERE ] setting player 2 freeze to 3000
[15:01:36.228] [SEVERE ] setting player 1 freeze to 3000
[15:01:36.553] [SEVERE ] key 80 was pressed by player 2
[15:01:37.235] [SEVERE ] updating countdown to 28991
[15:01:37.235] [SEVERE ] setting player 1 freeze to 2000
[15:01:37.235] [SEVERE ] setting player 2 freeze to 2000
[15:01:38.230] [SEVERE ] updating countdown to 27996
[15:01:38.246] [SEVERE ] setting player 2 freeze to 1000
[15:01:38.246] [SEVERE ] setting player 1 freeze to 1000
[15:01:39.243] [SEVERE ] updating countdown to 26983
[15:01:39.258] [SEVERE ] setting player 2 freeze to 0
[15:01:39.258] [SEVERE ] setting player 1 freeze to 0
[15:01:39.259] [SEVERE ] removing player 1 token from slot 5
[15:01:39.259] [SEVERE ] removing player 2 token from slot 10
[15:01:39.259] [SEVERE ] player 1 placing token on slot 10
[15:01:39.259] [SEVERE ] player 2 placing token on slot 0
[15:01:39.259] [SEVERE ] updating countdown to 26967
[15:01:39.260] [SEVERE ] updating countdown to 26966
[15:01:39.260] [SEVERE ] setting player 1 freeze to 3000
[15:01:39.260] [SEVERE ] setting player 2 freeze to 3000
[15:01:40.235] [SEVERE ] updating countdown to 25991
[15:01:40.266] [SEVERE ] setting player 2 freeze to 2000
[15:01:40.266] [SEVERE ] setting player 1 freeze to 2000
[15:01:41.230] [SEVERE ] updating countdown to 24996
[15:01:41.277] [SEVERE ] setting player 1 freeze to 1000
[15:01:41.277] [SEVERE ] setting player 2 freeze to 1000
[15:01:42.241] [SEVERE ] updating countdown to 23985
[15:01:42.289] [SEVERE ] setting player 1 freeze to 0
[15:01:42.289] [SEVERE ] setting player 2 freeze to 0
[15:01:42.289] [SEVERE ] removing player 1 token from slot 1
[15:01:42.289] [SEVERE ] removing player 2 token from slot 3
[15:01:42.289] [SEVERE ] player 1 placing token on slot 4
[15:01:42.289] [SEVERE ] removing player 2 token from slot 6
[15:01:42.289] [SEVERE ] updating countdown to 23937
[15:01:42.289] [SEVERE ] key 80 was pressed by player 2
[15:01:42.290] [SEVERE ] setting player 1 freeze to 3000
[15:01:42.289] [SEVERE ] player 2 placing token on slot 9
[15:01:42.290] [SEVERE ] player 2 placing token on slot 4
[15:01:42.290] [SEVERE ] updating countdown to 23936
[15:01:42.291] [SEVERE ] setting player 2 freeze to 3000
[15:01:43.242] [SEVERE ] updating countdown to 22984
[15:01:43.303] [SEVERE ] setting player 1 freeze to 2000
[15:01:43.303] [SEVERE ] setting player 2 freeze to 2000
[15:01:44.236] [SEVERE ] updating countdown to 21990
[15:01:44.314] [SEVERE ] setting player 1 freeze to 1000
[15:01:44.314] [SEVERE ] setting player 2 freeze to 1000
[15:01:45.237] [SEVERE ] updating countdown to 20989
[15:01:45.330] [SEVERE ] setting player 1 freeze to 0
[15:01:45.330] [SEVERE ] setting player 2 freeze to 0
[15:01:45.330] [SEVERE ] removing player 1 token from slot 11
[15:01:45.331] [SEVERE ] player 1 placing token on slot 6
[15:01:45.331] [SEVERE ] removing player 2 token from slot 4
[15:01:45.331] [SEVERE ] key 80 was pressed by player 2
[15:01:45.331] [SEVERE ] updating countdown to 20895
[15:01:45.332] [SEVERE ] player 2 placing token on slot 1
[15:01:45.332] [SEVERE ] setting player 1 freeze to 3000
[15:01:45.332] [SEVERE ] updating countdown to 20894
[15:01:45.333] [SEVERE ] setting player 2 freeze to 3000
[15:01:46.232] [SEVERE ] updating countdown to 19994
[15:01:46.340] [SEVERE ] setting player 2 freeze to 2000
[15:01:46.340] [SEVERE ] setting player 1 freeze to 2000
[15:01:47.228] [SEVERE ] updating countdown to 18998
[15:01:47.354] [SEVERE ] setting player 1 freeze to 1000
[15:01:47.354] [SEVERE ] setting player 2 freeze to 1000
[15:01:48.233] [SEVERE ] updating countdown to 17993
[15:01:48.357] [SEVERE ] setting player 2 freeze to 0
[15:01:48.357] [SEVERE ] setting player 1 freeze to 0
[15:01:48.357] [SEVERE ] removing player 2 token from slot 9
[15:01:48.358] [SEVERE ] removing player 2 token from slot 1
[15:01:48.358] [SEVERE ] player 2 placing token on slot 4
[15:01:48.358] [SEVERE ] key 80 was pressed by player 2
[15:01:48.358] [SEVERE ] removing player 2 token from slot 0
[15:01:48.358] [SEVERE ] player 2 placing token on slot 3
[15:01:48.358] [SEVERE ] removing player 1 token from slot 10
[15:01:48.359] [SEVERE ] player 1 placing token on slot 9
[15:01:48.359] [SEVERE ] updating countdown to 17867
[15:01:48.359] [SEVERE ] removing player 2 token from slot 3
[15:01:48.359] [SEVERE ] player 2 placing token on slot 10
[15:01:48.359] [SEVERE ] player 2 placing token on slot 9
[15:01:48.359] [SEVERE ] setting player 1 freeze to 3000
[15:01:48.360] [SEVERE ] updating countdown to 17866
[15:01:48.360] [SEVERE ] setting player 2 freeze to 3000
[15:01:49.234] [SEVERE ] updating countdown to 16992
[15:01:49.361] [SEVERE ] setting player 2 freeze to 2000
[15:01:49.361] [SEVERE ] setting player 1 freeze to 2000
[15:01:50.237] [SEVERE ] updating countdown to 15989
[15:01:50.362] [SEVERE ] setting player 2 freeze to 1000
[15:01:50.362] [SEVERE ] setting player 1 freeze to 1000
[15:01:51.236] [SEVERE ] updating countdown to 14990
[15:01:51.377] [SEVERE ] setting player 2 freeze to 0
[15:01:51.377] [SEVERE ] setting player 1 freeze to 0
[15:01:51.377] [SEVERE ] removing player 2 token from slot 4
[15:01:51.377] [SEVERE ] removing player 1 token from slot 9
[15:01:51.377] [SEVERE ] player 2 placing token on slot 3
[15:01:51.377] [SEVERE ] player 1 placing token on slot 1
[15:01:51.377] [SEVERE ] updating countdown to 14849
[15:01:51.377] [SEVERE ] setting player 2 freeze to 3000
[15:01:51.377] [SEVERE ] updating countdown to 14849
[15:01:51.378] [SEVERE ] setting player 1 freeze to 3000
[15:01:52.234] [SEVERE ] updating countdown to 13992
[15:01:52.388] [SEVERE ] setting player 1 freeze to 2000
[15:01:52.388] [SEVERE ] setting player 2 freeze to 2000
[15:01:53.229] [SEVERE ] updating countdown to 12997
[15:01:53.403] [SEVERE ] setting player 2 freeze to 1000
[15:01:53.403] [SEVERE ] setting player 1 freeze to 1000
[15:01:54.240] [SEVERE ] updating countdown to 11986
[15:01:54.412] [SEVERE ] setting player 2 freeze to 0
[15:01:54.412] [SEVERE ] setting player 1 freeze to 0
[15:01:54.412] [SEVERE ] removing player 2 token from slot 10
[15:01:54.413] [SEVERE ] removing player 2 token from slot 3
[15:01:54.413] [SEVERE ] removing player 2 token from slot 9
[15:01:54.413] [SEVERE ] player 2 placing token on slot 1
[15:01:54.413] [SEVERE ] removing player 1 token from slot 1
[15:01:54.414] [SEVERE ] player 1 placing token on slot 5
[15:01:54.414] [SEVERE ] player 2 placing token on slot 6
[15:01:54.414] [SEVERE ] updating countdown to 11812
[15:01:54.414] [SEVERE ] player 2 placing token on slot 2
[15:01:54.415] [SEVERE ] setting player 1 freeze to 3000
[15:01:54.415] [SEVERE ] updating countdown to 11811
[15:01:54.415] [SEVERE ] setting player 2 freeze to 3000
[15:01:55.241] [SEVERE ] updating countdown to 10985
[15:01:55.428] [SEVERE ] setting player 1 freeze to 2000
[15:01:55.428] [SEVERE ] setting player 2 freeze to 2000
[15:01:56.239] [SEVERE ] updating countdown to 9987
[15:01:56.442] [SEVERE ] setting player 1 freeze to 1000
[15:01:56.442] [SEVERE ] setting player 2 freeze to 1000
[15:01:57.235] [SEVERE ] updating countdown to 8991
[15:01:57.452] [SEVERE ] setting player 2 freeze to 0
[15:01:57.452] [SEVERE ] setting player 1 freeze to 0
[15:01:57.452] [SEVERE ] removing player 2 token from slot 6
[15:01:57.453] [SEVERE ] removing player 1 token from slot 4
[15:01:57.453] [SEVERE ] player 2 placing token on slot 9
[15:01:57.453] [SEVERE ] player 1 placing token on slot 8
[15:01:57.453] [SEVERE ] updating countdown to 8773
[15:01:57.454] [SEVERE ] setting player 2 freeze to 3000
[15:01:57.454] [SEVERE ] updating countdown to 8772
[15:01:57.454] [SEVERE ] setting player 1 freeze to 3000
[15:01:58.234] [SEVERE ] updating countdown to 7992
[15:01:58.467] [SEVERE ] setting player 1 freeze to 2000
[15:01:58.467] [SEVERE ] setting player 2 freeze to 2000
[15:01:59.234] [SEVERE ] updating countdown to 6992
[15:01:59.482] [SEVERE ] setting player 2 freeze to 1000
[15:01:59.482] [SEVERE ] setting player 1 freeze to 1000
[15:02:00.230] [SEVERE ] updating countdown to 5996
[15:02:00.493] [SEVERE ] setting player 2 freeze to 0
[15:02:00.493] [SEVERE ] setting player 1 freeze to 0
[15:02:00.494] [SEVERE ] removing player 2 token from slot 2
[15:02:00.494] [SEVERE ] player 2 placing token on slot 5
[15:02:00.494] [SEVERE ] removing player 1 token from slot 6
[15:02:00.494] [SEVERE ] updating countdown to 5732
[15:02:00.494] [SEVERE ] player 1 placing token on slot 6
[15:02:00.495] [SEVERE ] setting player 2 freeze to 3000
[15:02:00.495] [SEVERE ] updating countdown to 5731
[15:02:00.495] [SEVERE ] setting player 1 freeze to 3000
[15:02:01.508] [SEVERE ] setting player 1 freeze to 2000
[15:02:01.508] [SEVERE ] setting player 2 freeze to 2000
[15:02:02.523] [SEVERE ] setting player 1 freeze to 1000
[15:02:02.523] [SEVERE ] setting player 2 freeze to 1000
[15:02:03.535] [SEVERE ] setting player 2 freeze to 0
[15:02:03.535] [SEVERE ] setting player 1 freeze to 0
[15:02:03.535] [SEVERE ] removing player 2 token from slot 9
[15:02:03.536] [SEVERE ] removing player 1 token from slot 8
[15:02:03.536] [SEVERE ] player 2 placing token on slot 8
[15:02:03.536] [SEVERE ] removing player 1 token from slot 6
[15:02:03.536] [SEVERE ] player 1 placing token on slot 10
[15:02:03.536] [SEVERE ] player 1 placing token on slot 8
[15:02:03.536] [SEVERE ] setting player 2 freeze to 3000
[15:02:03.537] [SEVERE ] setting player 1 freeze to 3000
[15:02:04.546] [SEVERE ] setting player 2 freeze to 2000
[15:02:04.546] [SEVERE ] setting player 1 freeze to 2000
[15:02:05.556] [SEVERE ] setting player 1 freeze to 1000
[15:02:05.556] [SEVERE ] setting player 2 freeze to 1000
[15:02:06.254] [SEVERE ] updating countdown to 0
[15:02:06.254] [SEVERE ] updating countdown to 0
[15:02:06.362] [SEVERE ] removing tokens from slot 9
[15:02:06.362] [SEVERE ] removing card from slot 9
[15:02:06.471] [SEVERE ] removing tokens from slot 8
[15:02:06.471] [SEVERE ] removing card from slot 8
[15:02:06.564] [SEVERE ] setting player 2 freeze to 0
[15:02:06.564] [SEVERE ] setting player 1 freeze to 0
[15:02:06.580] [SEVERE ] removing tokens from slot 0
[15:02:06.580] [SEVERE ] removing card from slot 0
[15:02:06.690] [SEVERE ] removing tokens from slot 11
[15:02:06.690] [SEVERE ] removing card from slot 11
[15:02:06.798] [SEVERE ] removing tokens from slot 3
[15:02:06.798] [SEVERE ] removing card from slot 3
[15:02:06.907] [SEVERE ] removing tokens from slot 6
[15:02:06.907] [SEVERE ] removing card from slot 6
[15:02:07.016] [SEVERE ] removing tokens from slot 4
[15:02:07.016] [SEVERE ] removing card from slot 4
[15:02:07.125] [SEVERE ] removing tokens from slot 2
[15:02:07.125] [SEVERE ] removing card from slot 2
[15:02:07.236] [SEVERE ] removing tokens from slot 7
[15:02:07.236] [SEVERE ] removing card from slot 7
[15:02:07.345] [SEVERE ] removing tokens from slot 10
[15:02:07.345] [SEVERE ] removing card from slot 10
[15:02:07.455] [SEVERE ] removing tokens from slot 1
[15:02:07.455] [SEVERE ] removing card from slot 1
[15:02:07.563] [SEVERE ] removing tokens from slot 5
[15:02:07.563] [SEVERE ] removing card from slot 5
[15:02:07.674] [SEVERE ] placing card 67 in slot 7
[15:02:07.784] [SEVERE ] placing card 60 in slot 11
[15:02:07.892] [SEVERE ] placing card 23 in slot 9
[15:02:08.002] [SEVERE ] placing card 6 in slot 4
[15:02:08.111] [SEVERE ] placing card 26 in slot 3
[15:02:08.222] [SEVERE ] placing card 27 in slot 8
[15:02:08.331] [SEVERE ] placing card 69 in slot 0
[15:02:08.439] [SEVERE ] placing card 80 in slot 10
[15:02:08.547] [SEVERE ] placing card 45 in slot 5
[15:02:08.659] [SEVERE ] placing card 61 in slot 6
[15:02:08.768] [SEVERE ] placing card 25 in slot 2
[15:02:08.876] [SEVERE ] placing card 57 in slot 1
[15:02:08.876] [SEVERE ] player 1 placing token on slot 6
[15:02:08.876] [SEVERE ] player 2 placing token on slot 10
[15:02:08.876] [SEVERE ] player 1 placing token on slot 3
[15:02:08.877] [SEVERE ] player 2 placing token on slot 5
[15:02:08.877] [SEVERE ] player 2 placing token on slot 2
[15:02:08.877] [SEVERE ] player 1 placing token on slot 1
[15:02:08.882] [SEVERE ] updating countdown to 29999
[15:02:08.882] [SEVERE ] updating countdown to 29999
[15:02:08.882] [SEVERE ] setting player 2 freeze to 3000
[15:02:08.882] [SEVERE ] updating countdown to 29999
[15:02:08.882] [SEVERE ] updating countdown to 29999
[15:02:08.883] [SEVERE ] setting player 1 freeze to 3000
[15:02:09.891] [SEVERE ] setting player 2 freeze to 2000
[15:02:09.891] [SEVERE ] updating countdown to 28990
[15:02:09.891] [SEVERE ] setting player 1 freeze to 2000
[15:02:10.885] [SEVERE ] updating countdown to 27996
[15:02:10.901] [SEVERE ] setting player 2 freeze to 1000
[15:02:10.901] [SEVERE ] setting player 1 freeze to 1000
[15:02:11.896] [SEVERE ] updating countdown to 26985
[15:02:11.911] [SEVERE ] setting player 2 freeze to 0
[15:02:11.911] [SEVERE ] setting player 1 freeze to 0
[15:02:11.911] [SEVERE ] removing player 2 token from slot 10
[15:02:11.912] [SEVERE ] removing player 1 token from slot 1
[15:02:11.912] [SEVERE ] player 2 placing token on slot 1
[15:02:11.912] [SEVERE ] removing player 1 token from slot 6
[15:02:11.912] [SEVERE ] updating countdown to 26969
[15:02:11.912] [SEVERE ] player 1 placing token on slot 11
[15:02:11.912] [SEVERE ] removing player 1 token from slot 11
[15:02:11.913] [SEVERE ] player 1 placing token on slot 1
[15:02:11.913] [SEVERE ] setting player 2 freeze to 3000
[15:02:11.913] [SEVERE ] player 1 placing token on slot 7
[15:02:11.913] [SEVERE ] updating countdown to 26968
[15:02:11.913] [SEVERE ] setting player 1 freeze to 3000
[15:02:12.883] [SEVERE ] updating countdown to 25998
[15:02:12.914] [SEVERE ] setting player 2 freeze to 2000
[15:02:12.929] [SEVERE ] setting player 1 freeze to 2000
[15:02:13.893] [SEVERE ] updating countdown to 24988
[15:02:13.924] [SEVERE ] setting player 2 freeze to 1000
[15:02:13.939] [SEVERE ] setting player 1 freeze to 1000
[15:02:14.890] [SEVERE ] updating countdown to 23991
[15:02:14.938] [SEVERE ] setting player 2 freeze to 0
[15:02:14.938] [SEVERE ] removing player 2 token from slot 1
[15:02:14.938] [SEVERE ] player 2 placing token on slot 9
[15:02:14.938] [SEVERE ] updating countdown to 23943
[15:02:14.938] [SEVERE ] setting player 2 freeze to 3000
[15:02:14.953] [SEVERE ] setting player 1 freeze to 0
[15:02:14.953] [SEVERE ] removing player 1 token from slot 7
[15:02:14.953] [SEVERE ] removing player 1 token from slot 3
[15:02:14.953] [SEVERE ] player 1 placing token on slot 9
[15:02:14.953] [SEVERE ] player 1 placing token on slot 11
[15:02:14.953] [SEVERE ] updating countdown to 23928
[15:02:14.953] [SEVERE ] setting player 1 freeze to 3000
[15:02:15.890] [SEVERE ] updating countdown to 22991
[15:02:15.952] [SEVERE ] setting player 2 freeze to 2000
[15:02:15.967] [SEVERE ] setting player 1 freeze to 2000
[15:02:16.886] [SEVERE ] updating countdown to 21995
[15:02:16.963] [SEVERE ] setting player 2 freeze to 1000
[15:02:16.978] [SEVERE ] setting player 1 freeze to 1000
[15:02:17.888] [SEVERE ] updating countdown to 20993
[15:02:17.966] [SEVERE ] setting player 2 freeze to 0
[15:02:17.966] [SEVERE ] removing player 2 token from slot 2
[15:02:17.967] [SEVERE ] player 2 placing token on slot 8
[15:02:17.967] [SEVERE ] updating countdown to 20914
[15:02:17.967] [SEVERE ] setting player 2 freeze to 3000
[15:02:17.982] [SEVERE ] setting player 1 freeze to 0
[15:02:17.983] [SEVERE ] removing player 1 token from slot 11
[15:02:17.983] [SEVERE ] removing player 1 token from slot 9
[15:02:17.983] [SEVERE ] player 1 placing token on slot 11
[15:02:17.983] [SEVERE ] removing player 1 token from slot 11
[15:02:17.983] [SEVERE ] player 1 placing token on slot 4
[15:02:17.983] [SEVERE ] player 1 placing token on slot 0
[15:02:17.983] [SEVERE ] updating countdown to 20898
[15:02:17.984] [SEVERE ] setting player 1 freeze to 3000
[15:02:18.889] [SEVERE ] updating countdown to 19992
[15:02:18.982] [SEVERE ] setting player 2 freeze to 2000
[15:02:18.998] [SEVERE ] setting player 1 freeze to 2000
[15:02:19.888] [SEVERE ] updating countdown to 18993
[15:02:19.983] [SEVERE ] setting player 2 freeze to 1000
[15:02:19.999] [SEVERE ] setting player 1 freeze to 1000
[15:02:20.890] [SEVERE ] updating countdown to 17991
[15:02:20.984] [SEVERE ] setting player 2 freeze to 0
[15:02:20.984] [SEVERE ] removing player 2 token from slot 5
[15:02:20.984] [SEVERE ] player 2 placing token on slot 3
[15:02:20.985] [SEVERE ] updating countdown to 17896
[15:02:20.985] [SEVERE ] setting player 2 freeze to 3000
[15:02:21.015] [SEVERE ] setting player 1 freeze to 0
[15:02:21.016] [SEVERE ] removing player 1 token from slot 1
[15:02:21.016] [SEVERE ] removing player 1 token from slot 4
[15:02:21.016] [SEVERE ] player 1 placing token on slot 11
[15:02:21.016] [SEVERE ] player 1 placing token on slot 7
[15:02:21.017] [SEVERE ] updating countdown to 17864
[15:02:21.017] [SEVERE ] setting player 1 freeze to 3000
[15:02:21.888] [SEVERE ] updating countdown to 16993
[15:02:21.996] [SEVERE ] setting player 2 freeze to 2000
[15:02:22.027] [SEVERE ] setting player 1 freeze to 2000
[15:02:22.883] [SEVERE ] updating countdown to 15998
[15:02:23.008] [SEVERE ] setting player 2 freeze to 1000
[15:02:23.039] [SEVERE ] setting player 1 freeze to 1000
[15:02:23.894] [SEVERE ] updating countdown to 14987
[15:02:24.017] [SEVERE ] setting player 2 freeze to 0
[15:02:24.017] [SEVERE ] removing player 2 token from slot 3
[15:02:24.017] [SEVERE ] player 2 placing token on slot 6
[15:02:24.018] [SEVERE ] updating countdown to 14863
[15:02:24.018] [SEVERE ] setting player 2 freeze to 3000
[15:02:24.048] [SEVERE ] setting player 1 freeze to 0
[15:02:24.048] [SEVERE ] removing player 1 token from slot 11
[15:02:24.049] [SEVERE ] player 1 placing token on slot 9
[15:02:24.049] [SEVERE ] updating countdown to 14832
[15:02:24.049] [SEVERE ] setting player 1 freeze to 3000
[15:02:24.888] [SEVERE ] updating countdown to 13993
[15:02:25.028] [SEVERE ] setting player 2 freeze to 2000
[15:02:25.059] [SEVERE ] setting player 1 freeze to 2000
[15:02:25.884] [SEVERE ] updating countdown to 12997
[15:02:26.040] [SEVERE ] setting player 2 freeze to 1000
[15:02:26.070] [SEVERE ] setting player 1 freeze to 1000
[15:02:26.893] [SEVERE ] updating countdown to 11988
[15:02:27.052] [SEVERE ] setting player 2 freeze to 0
[15:02:27.052] [SEVERE ] removing player 2 token from slot 8
[15:02:27.052] [SEVERE ] player 2 placing token on slot 5
[15:02:27.052] [SEVERE ] updating countdown to 11829
[15:02:27.052] [SEVERE ] setting player 2 freeze to 3000
[15:02:27.082] [SEVERE ] setting player 1 freeze to 0
[15:02:27.082] [SEVERE ] removing player 1 token from slot 0
[15:02:27.083] [SEVERE ] player 1 placing token on slot 11
[15:02:27.083] [SEVERE ] updating countdown to 11798
[15:02:27.083] [SEVERE ] setting player 1 freeze to 3000
[15:02:27.889] [SEVERE ] updating countdown to 10992
[15:02:28.059] [SEVERE ] setting player 2 freeze to 2000
[15:02:28.091] [SEVERE ] setting player 1 freeze to 2000
[15:02:28.889] [SEVERE ] updating countdown to 9992
[15:02:29.061] [SEVERE ] setting player 2 freeze to 1000
[15:02:29.093] [SEVERE ] setting player 1 freeze to 1000
[15:02:29.889] [SEVERE ] updating countdown to 8992
[15:02:30.061] [SEVERE ] setting player 2 freeze to 0
[15:02:30.061] [SEVERE ] removing player 2 token from slot 6
[15:02:30.062] [SEVERE ] player 2 placing token on slot 11
[15:02:30.062] [SEVERE ] updating countdown to 8819
[15:02:30.062] [SEVERE ] setting player 2 freeze to 3000
[15:02:30.094] [SEVERE ] setting player 1 freeze to 0
[15:02:30.094] [SEVERE ] removing player 1 token from slot 11
[15:02:30.094] [SEVERE ] player 1 placing token on slot 3
[15:02:30.094] [SEVERE ] updating countdown to 8787
[15:02:30.094] [SEVERE ] setting player 1 freeze to 3000
[15:02:30.891] [SEVERE ] updating countdown to 7990
[15:02:31.063] [SEVERE ] setting player 2 freeze to 2000
[15:02:31.109] [SEVERE ] setting player 1 freeze to 2000
[15:02:31.890] [SEVERE ] updating countdown to 6991
[15:02:32.078] [SEVERE ] setting player 2 freeze to 1000
[15:02:32.109] [SEVERE ] setting player 1 freeze to 1000
[15:02:32.884] [SEVERE ] updating countdown to 5997
[15:02:33.085] [SEVERE ] setting player 2 freeze to 0
[15:02:33.085] [SEVERE ] removing player 2 token from slot 5
[15:02:33.085] [SEVERE ] player 2 placing token on slot 3
[15:02:33.086] [SEVERE ] updating countdown to 5795
[15:02:33.086] [SEVERE ] setting player 2 freeze to 3000
[15:02:33.117] [SEVERE ] setting player 1 freeze to 0
[15:02:33.117] [SEVERE ] removing player 1 token from slot 7
[15:02:33.118] [SEVERE ] player 1 placing token on slot 7
[15:02:33.118] [SEVERE ] updating countdown to 5763
[15:02:33.118] [SEVERE ] setting player 1 freeze to 3000
[15:02:34.088] [SEVERE ] setting player 2 freeze to 2000
[15:02:34.119] [SEVERE ] setting player 1 freeze to 2000
[15:02:35.101] [SEVERE ] setting player 2 freeze to 1000
[15:02:35.132] [SEVERE ] setting player 1 freeze to 1000
[15:02:36.112] [SEVERE ] setting player 2 freeze to 0
[15:02:36.112] [SEVERE ] removing player 2 token from slot 3
[15:02:36.112] [SEVERE ] removing player 2 token from slot 11
[15:02:36.113] [SEVERE ] player 2 placing token on slot 11
[15:02:36.113] [SEVERE ] player 2 placing token on slot 10
[15:02:36.113] [SEVERE ] setting player 2 freeze to 3000
[15:02:36.143] [SEVERE ] setting player 1 freeze to 0
[15:02:36.143] [SEVERE ] removing player 1 token from slot 3
[15:02:36.143] [SEVERE ] player 1 placing token on slot 1
[15:02:36.143] [SEVERE ] setting player 1 freeze to 3000
[15:02:37.123] [SEVERE ] setting player 2 freeze to 2000
[15:02:37.154] [SEVERE ] setting player 1 freeze to 2000
[15:02:38.136] [SEVERE ] setting player 2 freeze to 1000
[15:02:38.168] [SEVERE ] setting player 1 freeze to 1000
[15:02:38.985] [SEVERE ] updating countdown to 0
[15:02:38.985] [SEVERE ] updating countdown to 0
[15:02:39.095] [SEVERE ] removing tokens from slot 8
[15:02:39.095] [SEVERE ] removing card from slot 8
[15:02:39.141] [SEVERE ] setting player 2 freeze to 0
[15:02:39.172] [SEVERE ] setting player 1 freeze to 0
[15:02:39.203] [SEVERE ] removing tokens from slot 9
[15:02:39.205] [SEVERE ] removing card from slot 9
[15:02:39.313] [SEVERE ] removing tokens from slot 6
[15:02:39.313] [SEVERE ] removing card from slot 6
[15:02:39.422] [SEVERE ] removing tokens from slot 10
[15:02:39.422] [SEVERE ] removing card from slot 10
[15:02:39.532] [SEVERE ] removing tokens from slot 5
[15:02:39.532] [SEVERE ] removing card from slot 5
[15:02:39.640] [SEVERE ] removing tokens from slot 1
[15:02:39.640] [SEVERE ] removing card from slot 1
[15:02:39.748] [SEVERE ] removing tokens from slot 3
[15:02:39.748] [SEVERE ] removing card from slot 3
[15:02:39.858] [SEVERE ] removing tokens from slot 7
[15:02:39.858] [SEVERE ] removing card from slot 7
[15:02:39.969] [SEVERE ] removing tokens from slot 2
[15:02:39.969] [SEVERE ] removing card from slot 2
[15:02:40.080] [SEVERE ] removing tokens from slot 0
[15:02:40.080] [SEVERE ] removing card from slot 0
[15:02:40.189] [SEVERE ] removing tokens from slot 4
[15:02:40.189] [SEVERE ] removing card from slot 4
[15:02:40.298] [SEVERE ] removing tokens from slot 11
[15:02:40.298] [SEVERE ] removing card from slot 11
[15:02:40.407] [SEVERE ] placing card 35 in slot 9
[15:02:40.515] [SEVERE ] placing card 70 in slot 0
[15:02:40.626] [SEVERE ] placing card 10 in slot 8
[15:02:40.734] [SEVERE ] placing card 3 in slot 3
[15:02:40.843] [SEVERE ] placing card 65 in slot 11
[15:02:40.951] [SEVERE ] placing card 7 in slot 7
[15:02:41.058] [SEVERE ] placing card 62 in slot 10
[15:02:41.167] [SEVERE ] placing card 56 in slot 2
[15:02:41.276] [SEVERE ] placing card 80 in slot 1
[15:02:41.384] [SEVERE ] placing card 14 in slot 5
[15:02:41.495] [SEVERE ] placing card 40 in slot 4
[15:02:41.603] [SEVERE ] placing card 23 in slot 6
[15:02:41.603] [SEVERE ] player 1 placing token on slot 7
[15:02:41.604] [SEVERE ] player 1 placing token on slot 0
[15:02:41.604] [SEVERE ] player 1 placing token on slot 4
[15:02:41.604] [SEVERE ] player 2 placing token on slot 1
[15:02:41.604] [SEVERE ] player 2 placing token on slot 0
[15:02:41.604] [SEVERE ] removing player 2 token from slot 0
[15:02:41.604] [SEVERE ] player 2 placing token on slot 10
[15:02:41.605] [SEVERE ] player 2 placing token on slot 3
[15:02:41.608] [SEVERE ] updating countdown to 29999
[15:02:41.608] [SEVERE ] updating countdown to 29999
[15:02:41.608] [SEVERE ] updating countdown to 29999
[15:02:41.608] [SEVERE ] setting player 1 freeze to 3000
[15:02:41.608] [SEVERE ] setting player 2 freeze to 3000
[15:02:41.608] [SEVERE ] updating countdown to 29999
[15:02:42.614] [SEVERE ] updating countdown to 28993
[15:02:42.614] [SEVERE ] setting player 2 freeze to 2000
[15:02:42.614] [SEVERE ] setting player 1 freeze to 2000
[15:02:43.611] [SEVERE ] updating countdown to 27996
[15:02:43.627] [SEVERE ] setting player 1 freeze to 1000
[15:02:43.627] [SEVERE ] setting player 2 freeze to 1000
[15:02:44.622] [SEVERE ] updating countdown to 26985
[15:02:44.637] [SEVERE ] setting player 1 freeze to 0
[15:02:44.637] [SEVERE ] setting player 2 freeze to 0
[15:02:44.637] [SEVERE ] removing player 2 token from slot 10
[15:02:44.638] [SEVERE ] removing player 1 token from slot 0
[15:02:44.638] [SEVERE ] player 1 placing token on slot 6
[15:02:44.638] [SEVERE ] updating countdown to 26969
[15:02:44.638] [SEVERE ] player 2 placing token on slot 5
[15:02:44.638] [SEVERE ] updating countdown to 26969
[15:02:44.638] [SEVERE ] setting player 1 freeze to 3000
[15:02:44.639] [SEVERE ] setting player 2 freeze to 3000
[15:02:45.622] [SEVERE ] updating countdown to 25985
[15:02:45.654] [SEVERE ] setting player 2 freeze to 2000
[15:02:45.654] [SEVERE ] setting player 1 freeze to 2000
[15:02:46.621] [SEVERE ] updating countdown to 24986
[15:02:46.668] [SEVERE ] setting player 2 freeze to 1000
[15:02:46.668] [SEVERE ] setting player 1 freeze to 1000
[15:02:47.616] [SEVERE ] updating countdown to 23991
[15:02:47.678] [SEVERE ] setting player 1 freeze to 0
[15:02:47.678] [SEVERE ] setting player 2 freeze to 0
[15:02:47.678] [SEVERE ] removing player 1 token from slot 4
[15:02:47.679] [SEVERE ] removing player 2 token from slot 1
[15:02:47.679] [SEVERE ] removing player 1 token from slot 7
[15:02:47.679] [SEVERE ] player 2 placing token on slot 11
[15:02:47.679] [SEVERE ] player 1 placing token on slot 10
[15:02:47.679] [SEVERE ] updating countdown to 23928
[15:02:47.679] [SEVERE ] removing player 1 token from slot 6
[15:02:47.680] [SEVERE ] setting player 2 freeze to 3000
[15:02:47.680] [SEVERE ] player 1 placing token on slot 4
[15:02:47.680] [SEVERE ] player 1 placing token on slot 7
[15:02:47.680] [SEVERE ] updating countdown to 23927
[15:02:47.681] [SEVERE ] setting player 1 freeze to 3000
[15:02:48.615] [SEVERE ] updating countdown to 22992
[15:02:48.692] [SEVERE ] setting player 2 freeze to 2000
[15:02:48.692] [SEVERE ] setting player 1 freeze to 2000
[15:02:49.618] [SEVERE ] updating countdown to 21989
[15:02:49.697] [SEVERE ] setting player 2 freeze to 1000
[15:02:49.697] [SEVERE ] setting player 1 freeze to 1000
[15:02:50.617] [SEVERE ] updating countdown to 20990
[15:02:50.710] [SEVERE ] setting player 2 freeze to 0
[15:02:50.710] [SEVERE ] setting player 1 freeze to 0
[15:02:50.710] [SEVERE ] removing player 1 token from slot 7
[15:02:50.711] [SEVERE ] player 1 placing token on slot 3
[15:02:50.711] [SEVERE ] updating countdown to 20896
[15:02:50.711] [SEVERE ] setting player 1 freeze to 3000
[15:02:50.711] [SEVERE ] removing player 2 token from slot 11
[15:02:50.712] [SEVERE ] player 2 placing token on slot 7
[15:02:50.712] [SEVERE ] updating countdown to 20895
[15:02:50.712] [SEVERE ] setting player 2 freeze to 3000
[15:02:51.614] [SEVERE ] updating countdown to 19993
[15:02:51.723] [SEVERE ] setting player 1 freeze to 2000
[15:02:51.723] [SEVERE ] setting player 2 freeze to 2000
[15:02:52.609] [SEVERE ] updating countdown to 18998
[15:02:52.734] [SEVERE ] setting player 2 freeze to 1000
[15:02:52.734] [SEVERE ] setting player 1 freeze to 1000
[15:02:53.612] [SEVERE ] updating countdown to 17995
[15:02:53.737] [SEVERE ] setting player 2 freeze to 0
[15:02:53.737] [SEVERE ] setting player 1 freeze to 0
[15:02:53.738] [SEVERE ] removing player 2 token from slot 5
[15:02:53.738] [SEVERE ] player 2 placing token on slot 0
[15:02:53.738] [SEVERE ] removing player 1 token from slot 10
[15:02:53.738] [SEVERE ] updating countdown to 17869
[15:02:53.738] [SEVERE ] player 1 placing token on slot 9
[15:02:53.739] [SEVERE ] setting player 2 freeze to 3000
[15:02:53.739] [SEVERE ] updating countdown to 17868
[15:02:53.739] [SEVERE ] setting player 1 freeze to 3000
[15:02:54.610] [SEVERE ] updating countdown to 16997
[15:02:54.750] [SEVERE ] setting player 2 freeze to 2000
[15:02:54.750] [SEVERE ] setting player 1 freeze to 2000
[15:02:55.609] [SEVERE ] updating countdown to 15998
[15:02:55.752] [SEVERE ] setting player 1 freeze to 1000
[15:02:55.752] [SEVERE ] setting player 2 freeze to 1000
[15:02:56.614] [SEVERE ] updating countdown to 14993
[15:02:56.754] [SEVERE ] setting player 1 freeze to 0
[15:02:56.754] [SEVERE ] setting player 2 freeze to 0
[15:02:56.754] [SEVERE ] removing player 1 token from slot 3
[15:02:56.754] [SEVERE ] removing player 2 token from slot 7
[15:02:56.755] [SEVERE ] player 1 placing token on slot 10
[15:02:56.755] [SEVERE ] player 2 placing token on slot 6
[15:02:56.755] [SEVERE ] updating countdown to 14852
[15:02:56.755] [SEVERE ] setting player 1 freeze to 3000
[15:02:56.755] [SEVERE ] updating countdown to 14852
[15:02:56.756] [SEVERE ] setting player 2 freeze to 3000
[15:02:57.608] [SEVERE ] updating countdown to 13999
[15:02:57.608] [SEVERE ] updating countdown to 13999
[15:02:57.608] [SEVERE ] updating countdown to 13999
[15:02:57.608] [SEVERE ] updating countdown to 13999
[15:02:57.764] [SEVERE ] setting player 2 freeze to 2000
[15:02:57.764] [SEVERE ] setting player 1 freeze to 2000
[15:02:58.609] [SEVERE ] updating countdown to 12998
[15:02:58.766] [SEVERE ] setting player 2 freeze to 1000
[15:02:58.766] [SEVERE ] setting player 1 freeze to 1000
[15:02:59.621] [SEVERE ] updating countdown to 11986
[15:02:59.778] [SEVERE ] setting player 1 freeze to 0
[15:02:59.778] [SEVERE ] setting player 2 freeze to 0
[15:02:59.778] [SEVERE ] removing player 1 token from slot 9
[15:02:59.779] [SEVERE ] removing player 1 token from slot 4
[15:02:59.779] [SEVERE ] removing player 2 token from slot 0
[15:02:59.779] [SEVERE ] player 1 placing token on slot 5
[15:02:59.779] [SEVERE ] removing player 1 token from slot 10
[15:02:59.779] [SEVERE ] player 2 placing token on slot 8
[15:02:59.779] [SEVERE ] player 1 placing token on slot 11
[15:02:59.779] [SEVERE ] updating countdown to 11828
[15:02:59.780] [SEVERE ] player 1 placing token on slot 4
[15:02:59.780] [SEVERE ] setting player 2 freeze to 3000
[15:02:59.780] [SEVERE ] updating countdown to 11827
[15:02:59.782] [SEVERE ] setting player 1 freeze to 3000
[15:03:00.620] [SEVERE ] updating countdown to 10987
[15:03:00.792] [SEVERE ] setting player 2 freeze to 2000
[15:03:00.792] [SEVERE ] setting player 1 freeze to 2000
[15:03:01.614] [SEVERE ] updating countdown to 9993
[15:03:01.801] [SEVERE ] setting player 2 freeze to 1000
[15:03:01.801] [SEVERE ] setting player 1 freeze to 1000
[15:03:02.617] [SEVERE ] updating countdown to 8990
[15:03:02.804] [SEVERE ] setting player 2 freeze to 0
[15:03:02.804] [SEVERE ] setting player 1 freeze to 0
[15:03:02.804] [SEVERE ] removing player 2 token from slot 6
[15:03:02.805] [SEVERE ] removing player 1 token from slot 11
[15:03:02.805] [SEVERE ] player 2 placing token on slot 11
[15:03:02.805] [SEVERE ] removing player 1 token from slot 4
[15:03:02.805] [SEVERE ] player 1 placing token on slot 4
[15:03:02.805] [SEVERE ] removing player 1 token from slot 4
[15:03:02.806] [SEVERE ] player 1 placing token on slot 11
[15:03:02.806] [SEVERE ] player 1 placing token on slot 4
[15:03:02.805] [SEVERE ] updating countdown to 8802
[15:03:02.806] [SEVERE ] updating countdown to 8801
[15:03:02.806] [SEVERE ] setting player 2 freeze to 3000
[15:03:02.806] [SEVERE ] setting player 1 freeze to 3000
[15:03:03.614] [SEVERE ] updating countdown to 7993
[15:03:03.816] [SEVERE ] setting player 2 freeze to 2000
[15:03:03.816] [SEVERE ] setting player 1 freeze to 2000
[15:03:04.612] [SEVERE ] updating countdown to 6995
[15:03:04.830] [SEVERE ] setting player 1 freeze to 1000
[15:03:04.830] [SEVERE ] setting player 2 freeze to 1000
[15:03:05.609] [SEVERE ] updating countdown to 5998
[15:03:05.842] [SEVERE ] setting player 1 freeze to 0
[15:03:05.842] [SEVERE ] setting player 2 freeze to 0
[15:03:05.842] [SEVERE ] removing player 2 token from slot 11
[15:03:05.842] [SEVERE ] player 2 placing token on slot 1
[15:03:05.842] [SEVERE ] updating countdown to 5765
[15:03:05.842] [SEVERE ] setting player 2 freeze to 3000
[15:03:05.842] [SEVERE ] removing player 1 token from slot 5
[15:03:05.842] [SEVERE ] player 1 placing token on slot 8
[15:03:05.842] [SEVERE ] updating countdown to 5765
[15:03:05.842] [SEVERE ] setting player 1 freeze to 3000
[15:03:06.857] [SEVERE ] setting player 2 freeze to 2000
[15:03:06.857] [SEVERE ] setting player 1 freeze to 2000
[15:03:07.869] [SEVERE ] setting player 1 freeze to 1000
[15:03:07.869] [SEVERE ] setting player 2 freeze to 1000
[15:03:08.882] [SEVERE ] setting player 1 freeze to 0
[15:03:08.882] [SEVERE ] setting player 2 freeze to 0
[15:03:08.882] [SEVERE ] removing player 2 token from slot 8
[15:03:08.882] [SEVERE ] removing player 1 token from slot 11
[15:03:08.883] [SEVERE ] player 1 placing token on slot 9
[15:03:08.883] [SEVERE ] player 2 placing token on slot 5
[15:03:08.884] [SEVERE ] setting player 1 freeze to 3000
[15:03:08.884] [SEVERE ] setting player 2 freeze to 3000
[15:03:09.894] [SEVERE ] setting player 1 freeze to 2000
[15:03:09.894] [SEVERE ] setting player 2 freeze to 2000
[15:03:10.905] [SEVERE ] setting player 2 freeze to 1000
[15:03:10.905] [SEVERE ] setting player 1 freeze to 1000
[15:03:11.612] [SEVERE ] updating countdown to 0
[15:03:11.612] [SEVERE ] updating countdown to 0
[15:03:11.721] [SEVERE ] removing tokens from slot 7
[15:03:11.721] [SEVERE ] removing card from slot 7
[15:03:11.831] [SEVERE ] removing tokens from slot 6
[15:03:11.831] [SEVERE ] removing card from slot 6
[15:03:11.910] [SEVERE ] setting player 2 freeze to 0
[15:03:11.910] [SEVERE ] setting player 1 freeze to 0
[15:03:11.940] [SEVERE ] removing tokens from slot 0
[15:03:11.940] [SEVERE ] removing card from slot 0
[15:03:12.048] [SEVERE ] removing tokens from slot 9
[15:03:12.048] [SEVERE ] removing card from slot 9
[15:03:12.157] [SEVERE ] removing tokens from slot 1
[15:03:12.157] [SEVERE ] removing card from slot 1
[15:03:12.267] [SEVERE ] removing tokens from slot 10
[15:03:12.267] [SEVERE ] removing card from slot 10
[15:03:12.375] [SEVERE ] removing tokens from slot 11
[15:03:12.375] [SEVERE ] removing card from slot 11
[15:03:12.484] [SEVERE ] removing tokens from slot 8
[15:03:12.484] [SEVERE ] removing card from slot 8
[15:03:12.593] [SEVERE ] removing tokens from slot 3
[15:03:12.593] [SEVERE ] removing card from slot 3
[15:03:12.703] [SEVERE ] removing tokens from slot 2
[15:03:12.703] [SEVERE ] removing card from slot 2
[15:03:12.810] [SEVERE ] removing tokens from slot 4
[15:03:12.810] [SEVERE ] removing card from slot 4
[15:03:12.918] [SEVERE ] removing tokens from slot 5
[15:03:12.918] [SEVERE ] removing card from slot 5
[15:03:13.028] [SEVERE ] placing card 63 in slot 0
[15:03:13.136] [SEVERE ] placing card 32 in slot 3
[15:03:13.244] [SEVERE ] placing card 64 in slot 4
[15:03:13.353] [SEVERE ] placing card 6 in slot 1
[15:03:13.462] [SEVERE ] placing card 58 in slot 11
[15:03:13.570] [SEVERE ] placing card 20 in slot 9
[15:03:13.678] [SEVERE ] placing card 67 in slot 6
[15:03:13.787] [SEVERE ] placing card 10 in slot 10
[15:03:13.896] [SEVERE ] placing card 21 in slot 5
[15:03:14.006] [SEVERE ] placing card 12 in slot 8
[15:03:14.113] [SEVERE ] placing card 75 in slot 7
[15:03:14.221] [SEVERE ] placing card 39 in slot 2
[15:03:14.222] [SEVERE ] player 1 placing token on slot 3
[15:03:14.222] [SEVERE ] player 1 placing token on slot 11
[15:03:14.222] [SEVERE ] player 1 placing token on slot 4
[15:03:14.222] [SEVERE ] player 2 placing token on slot 1
[15:03:14.222] [SEVERE ] player 2 placing token on slot 7
[15:03:14.222] [SEVERE ] player 2 placing token on slot 10
[15:03:14.224] [SEVERE ] updating countdown to 29999
[15:03:14.224] [SEVERE ] updating countdown to 29999
[15:03:14.225] [SEVERE ] updating countdown to 29998
[15:03:14.225] [SEVERE ] setting player 1 freeze to 3000
[15:03:14.225] [SEVERE ] setting player 2 freeze to 3000
[15:03:15.236] [SEVERE ] updating countdown to 28987
[15:03:15.236] [SEVERE ] setting player 2 freeze to 2000
[15:03:15.236] [SEVERE ] setting player 1 freeze to 2000
[15:03:16.233] [SEVERE ] updating countdown to 27990
[15:03:16.248] [SEVERE ] setting player 1 freeze to 1000
[15:03:16.248] [SEVERE ] setting player 2 freeze to 1000
[15:03:17.227] [SEVERE ] updating countdown to 26996
[15:03:17.258] [SEVERE ] setting player 1 freeze to 0
[15:03:17.258] [SEVERE ] setting player 2 freeze to 0
[15:03:17.258] [SEVERE ] removing player 1 token from slot 4
[15:03:17.258] [SEVERE ] player 1 placing token on slot 2
[15:03:17.258] [SEVERE ] updating countdown to 26965
[15:03:17.258] [SEVERE ] setting player 1 freeze to 3000
[15:03:17.259] [SEVERE ] removing player 2 token from slot 7
[15:03:17.259] [SEVERE ] player 2 placing token on slot 5
[15:03:17.259] [SEVERE ] updating countdown to 26964
[15:03:17.259] [SEVERE ] setting player 2 freeze to 3000
[15:03:18.237] [SEVERE ] updating countdown to 25986
[15:03:18.268] [SEVERE ] setting player 1 freeze to 2000
[15:03:18.268] [SEVERE ] setting player 2 freeze to 2000
[15:03:19.237] [SEVERE ] updating countdown to 24986
[15:03:19.268] [SEVERE ] setting player 1 freeze to 1000
[15:03:19.268] [SEVERE ] setting player 2 freeze to 1000
[15:03:20.236] [SEVERE ] updating countdown to 23987
[15:03:20.283] [SEVERE ] setting player 1 freeze to 0
[15:03:20.283] [SEVERE ] setting player 2 freeze to 0
[15:03:20.283] [SEVERE ] removing player 1 token from slot 2
[15:03:20.283] [SEVERE ] removing player 1 token from slot 3
[15:03:20.283] [SEVERE ] player 1 placing token on slot 3
[15:03:20.283] [SEVERE ] player 1 placing token on slot 8
[15:03:20.283] [SEVERE ] removing player 2 token from slot 1
[15:03:20.283] [SEVERE ] updating countdown to 23940
[15:03:20.283] [SEVERE ] removing player 2 token from slot 5
[15:03:20.283] [SEVERE ] removing player 2 token from slot 10
[15:03:20.283] [SEVERE ] setting player 1 freeze to 3000
[15:03:20.284] [SEVERE ] player 2 placing token on slot 8
[15:03:20.284] [SEVERE ] removing player 2 token from slot 8
[15:03:20.284] [SEVERE ] player 2 placing token on slot 1
[15:03:20.284] [SEVERE ] player 2 placing token on slot 7
[15:03:20.284] [SEVERE ] player 2 placing token on slot 3
[15:03:20.284] [SEVERE ] updating countdown to 23939
[15:03:20.284] [SEVERE ] setting player 2 freeze to 3000
[15:03:21.235] [SEVERE ] updating countdown to 22988
[15:03:21.297] [SEVERE ] setting player 1 freeze to 2000
[15:03:21.297] [SEVERE ] setting player 2 freeze to 2000
[15:03:22.230] [SEVERE ] updating countdown to 21993
[15:03:22.308] [SEVERE ] setting player 1 freeze to 1000
[15:03:22.308] [SEVERE ] setting player 2 freeze to 1000
[15:03:23.231] [SEVERE ] updating countdown to 20992
[15:03:23.309] [SEVERE ] setting player 1 freeze to 0
[15:03:23.309] [SEVERE ] setting player 2 freeze to 0
[15:03:23.309] [SEVERE ] removing player 1 token from slot 3
[15:03:23.309] [SEVERE ] player 1 placing token on slot 3
[15:03:23.310] [SEVERE ] removing player 2 token from slot 3
[15:03:23.310] [SEVERE ] updating countdown to 20913
[15:03:23.310] [SEVERE ] player 2 placing token on slot 4
[15:03:23.310] [SEVERE ] setting player 1 freeze to 3000
[15:03:23.310] [SEVERE ] updating countdown to 20913
[15:03:23.310] [SEVERE ] setting player 2 freeze to 3000
[15:03:24.230] [SEVERE ] updating countdown to 19993
[15:03:24.311] [SEVERE ] setting player 1 freeze to 2000
[15:03:24.326] [SEVERE ] setting player 2 freeze to 2000
[15:03:25.233] [SEVERE ] updating countdown to 18990
[15:03:25.311] [SEVERE ] setting player 1 freeze to 1000
[15:03:25.327] [SEVERE ] setting player 2 freeze to 1000
[15:03:26.227] [SEVERE ] updating countdown to 17996
[15:03:26.320] [SEVERE ] setting player 1 freeze to 0
[15:03:26.320] [SEVERE ] removing player 1 token from slot 11
[15:03:26.320] [SEVERE ] player 1 placing token on slot 4
[15:03:26.321] [SEVERE ] updating countdown to 17902
[15:03:26.321] [SEVERE ] setting player 1 freeze to 3000
[15:03:26.335] [SEVERE ] setting player 2 freeze to 0
[15:03:26.335] [SEVERE ] removing player 2 token from slot 1
[15:03:26.335] [SEVERE ] player 2 placing token on slot 6
[15:03:26.335] [SEVERE ] updating countdown to 17888
[15:03:26.335] [SEVERE ] setting player 2 freeze to 3000
[15:03:27.227] [SEVERE ] updating countdown to 16996
[15:03:27.335] [SEVERE ] setting player 1 freeze to 2000
[15:03:27.350] [SEVERE ] setting player 2 freeze to 2000
[15:03:28.239] [SEVERE ] updating countdown to 15984
[15:03:28.347] [SEVERE ] setting player 1 freeze to 1000
[15:03:28.362] [SEVERE ] setting player 2 freeze to 1000
[15:03:29.232] [SEVERE ] updating countdown to 14991
[15:03:29.356] [SEVERE ] setting player 1 freeze to 0
[15:03:29.356] [SEVERE ] removing player 1 token from slot 3
[15:03:29.356] [SEVERE ] player 1 placing token on slot 0
[15:03:29.357] [SEVERE ] updating countdown to 14866
[15:03:29.357] [SEVERE ] setting player 1 freeze to 3000
[15:03:29.371] [SEVERE ] setting player 2 freeze to 0
[15:03:29.371] [SEVERE ] removing player 2 token from slot 7
[15:03:29.371] [SEVERE ] player 2 placing token on slot 1
[15:03:29.371] [SEVERE ] updating countdown to 14852
[15:03:29.372] [SEVERE ] setting player 2 freeze to 3000
[15:03:30.231] [SEVERE ] updating countdown to 13992
[15:03:30.371] [SEVERE ] setting player 1 freeze to 2000
[15:03:30.387] [SEVERE ] setting player 2 freeze to 2000
[15:03:31.230] [SEVERE ] updating countdown to 12993
[15:03:31.386] [SEVERE ] setting player 1 freeze to 1000
[15:03:31.402] [SEVERE ] setting player 2 freeze to 1000
[15:03:32.227] [SEVERE ] updating countdown to 11996
[15:03:32.400] [SEVERE ] setting player 1 freeze to 0
[15:03:32.400] [SEVERE ] removing player 1 token from slot 8
[15:03:32.400] [SEVERE ] player 1 placing token on slot 3
[15:03:32.401] [SEVERE ] updating countdown to 11822
[15:03:32.401] [SEVERE ] setting player 1 freeze to 3000
[15:03:32.416] [SEVERE ] setting player 2 freeze to 0
[15:03:32.416] [SEVERE ] removing player 2 token from slot 4
[15:03:32.416] [SEVERE ] player 2 placing token on slot 5
[15:03:32.417] [SEVERE ] updating countdown to 11806
[15:03:32.417] [SEVERE ] setting player 2 freeze to 3000
[15:03:33.227] [SEVERE ] updating countdown to 10996
[15:03:33.414] [SEVERE ] setting player 1 freeze to 2000
[15:03:33.430] [SEVERE ] setting player 2 freeze to 2000
[15:03:34.237] [SEVERE ] updating countdown to 9986
[15:03:34.423] [SEVERE ] setting player 1 freeze to 1000
[15:03:34.439] [SEVERE ] setting player 2 freeze to 1000
[15:03:35.233] [SEVERE ] updating countdown to 8990
[15:03:35.437] [SEVERE ] setting player 1 freeze to 0
[15:03:35.437] [SEVERE ] removing player 1 token from slot 0
[15:03:35.438] [SEVERE ] player 1 placing token on slot 6
[15:03:35.438] [SEVERE ] updating countdown to 8785
[15:03:35.438] [SEVERE ] setting player 1 freeze to 3000
[15:03:35.453] [SEVERE ] setting player 2 freeze to 0
[15:03:35.454] [SEVERE ] removing player 2 token from slot 5
[15:03:35.454] [SEVERE ] player 2 placing token on slot 3
[15:03:35.454] [SEVERE ] updating countdown to 8769
[15:03:35.454] [SEVERE ] setting player 2 freeze to 3000
[15:03:36.230] [SEVERE ] updating countdown to 7993
[15:03:36.448] [SEVERE ] setting player 1 freeze to 2000
[15:03:36.463] [SEVERE ] setting player 2 freeze to 2000
[15:03:37.225] [SEVERE ] updating countdown to 6998
[15:03:37.459] [SEVERE ] setting player 1 freeze to 1000
[15:03:37.474] [SEVERE ] setting player 2 freeze to 1000
[15:03:38.233] [SEVERE ] updating countdown to 5990
[15:03:38.464] [SEVERE ] setting player 1 freeze to 0
[15:03:38.464] [SEVERE ] removing player 1 token from slot 4
[15:03:38.464] [SEVERE ] removing player 1 token from slot 6
[15:03:38.465] [SEVERE ] player 1 placing token on slot 10
[15:03:38.465] [SEVERE ] player 1 placing token on slot 5
[15:03:38.465] [SEVERE ] updating countdown to 5758
[15:03:38.465] [SEVERE ] setting player 1 freeze to 3000
[15:03:38.480] [SEVERE ] setting player 2 freeze to 0
[15:03:38.480] [SEVERE ] removing player 2 token from slot 6
[15:03:38.480] [SEVERE ] player 2 placing token on slot 8
[15:03:38.480] [SEVERE ] updating countdown to 5743
[15:03:38.481] [SEVERE ] setting player 2 freeze to 3000
[15:03:39.480] [SEVERE ] setting player 1 freeze to 2000
[15:03:39.496] [SEVERE ] setting player 2 freeze to 2000
[15:03:40.491] [SEVERE ] setting player 1 freeze to 1000
[15:03:40.507] [SEVERE ] setting player 2 freeze to 1000
[15:03:41.497] [SEVERE ] setting player 1 freeze to 0
[15:03:41.497] [SEVERE ] removing player 1 token from slot 3
[15:03:41.497] [SEVERE ] removing player 1 token from slot 10
[15:03:41.498] [SEVERE ] player 1 placing token on slot 7
[15:03:41.498] [SEVERE ] player 1 placing token on slot 2
[15:03:41.499] [SEVERE ] setting player 1 freeze to 3000
[15:03:41.513] [SEVERE ] setting player 2 freeze to 0
[15:03:41.513] [SEVERE ] removing player 2 token from slot 3
[15:03:41.513] [SEVERE ] player 2 placing token on slot 10
[15:03:41.513] [SEVERE ] setting player 2 freeze to 3000
[15:03:42.512] [SEVERE ] setting player 1 freeze to 2000
[15:03:42.528] [SEVERE ] setting player 2 freeze to 2000
[15:03:43.527] [SEVERE ] setting player 1 freeze to 1000
[15:03:43.542] [SEVERE ] setting player 2 freeze to 1000
[15:03:44.244] [SEVERE ] updating countdown to 0
[15:03:44.244] [SEVERE ] updating countdown to 0
[15:03:44.353] [SEVERE ] removing tokens from slot 1
[15:03:44.353] [SEVERE ] removing card from slot 1
[15:03:44.461] [SEVERE ] removing tokens from slot 6
[15:03:44.461] [SEVERE ] removing card from slot 6
[15:03:44.540] [SEVERE ] setting player 1 freeze to 0
[15:03:44.556] [SEVERE ] setting player 2 freeze to 0
[15:03:44.571] [SEVERE ] removing tokens from slot 9
[15:03:44.571] [SEVERE ] removing card from slot 9
[15:03:44.679] [SEVERE ] removing tokens from slot 11
[15:03:44.679] [SEVERE ] removing card from slot 11
[15:03:44.788] [SEVERE ] removing tokens from slot 3
[15:03:44.788] [SEVERE ] removing card from slot 3
[15:03:44.897] [SEVERE ] removing tokens from slot 8
[15:03:44.897] [SEVERE ] removing card from slot 8
[15:03:45.007] [SEVERE ] removing tokens from slot 0
[15:03:45.007] [SEVERE ] removing card from slot 0
[15:03:45.115] [SEVERE ] removing tokens from slot 4
[15:03:45.115] [SEVERE ] removing card from slot 4
[15:03:45.224] [SEVERE ] removing tokens from slot 5
[15:03:45.224] [SEVERE ] removing card from slot 5
[15:03:45.337] [SEVERE ] removing tokens from slot 2
[15:03:45.337] [SEVERE ] removing card from slot 2
[15:03:45.445] [SEVERE ] removing tokens from slot 7
[15:03:45.445] [SEVERE ] removing card from slot 7
[15:03:45.554] [SEVERE ] removing tokens from slot 10
[15:03:45.554] [SEVERE ] removing card from slot 10
[15:03:45.664] [SEVERE ] placing card 67 in slot 0
[15:03:45.774] [SEVERE ] placing card 69 in slot 10
[15:03:45.883] [SEVERE ] placing card 52 in slot 1
[15:03:45.993] [SEVERE ] placing card 29 in slot 4
[15:03:46.102] [SEVERE ] placing card 71 in slot 7
[15:03:46.211] [SEVERE ] placing card 37 in slot 8
[15:03:46.319] [SEVERE ] placing card 45 in slot 5
[15:03:46.428] [SEVERE ] placing card 12 in slot 2
[15:03:46.536] [SEVERE ] placing card 70 in slot 9
[15:03:46.644] [SEVERE ] placing card 28 in slot 3
[15:03:46.753] [SEVERE ] placing card 44 in slot 6
[15:03:46.863] [SEVERE ] placing card 59 in slot 11
[15:03:46.863] [SEVERE ] player 1 placing token on slot 1
[15:03:46.863] [SEVERE ] player 2 placing token on slot 3
[15:03:46.863] [SEVERE ] player 2 placing token on slot 0
[15:03:46.863] [SEVERE ] player 1 placing token on slot 3
[15:03:46.863] [SEVERE ] player 2 placing token on slot 5
[15:03:46.866] [SEVERE ] player 1 placing token on slot 5
[15:03:46.868] [SEVERE ] updating countdown to 29999
[15:03:46.868] [SEVERE ] updating countdown to 29999
[15:03:46.869] [SEVERE ] updating countdown to 29998
[15:03:46.869] [SEVERE ] setting player 2 freeze to 3000
[15:03:46.869] [SEVERE ] setting player 1 freeze to 3000
[15:03:47.872] [SEVERE ] setting player 2 freeze to 2000
[15:03:47.872] [SEVERE ] updating countdown to 28995
[15:03:47.872] [SEVERE ] setting player 1 freeze to 2000
[15:03:48.873] [SEVERE ] setting player 2 freeze to 1000
[15:03:48.873] [SEVERE ] updating countdown to 27994
[15:03:48.888] [SEVERE ] setting player 1 freeze to 1000
[15:03:49.880] [SEVERE ] updating countdown to 26987
[15:03:49.880] [SEVERE ] setting player 2 freeze to 0
[15:03:49.880] [SEVERE ] removing player 2 token from slot 5
[15:03:49.880] [SEVERE ] player 2 placing token on slot 2
[15:03:49.880] [SEVERE ] updating countdown to 26987
[15:03:49.880] [SEVERE ] setting player 2 freeze to 3000
[15:03:49.895] [SEVERE ] setting player 1 freeze to 0
[15:03:49.895] [SEVERE ] removing player 1 token from slot 5
[15:03:49.895] [SEVERE ] player 1 placing token on slot 9
[15:03:49.895] [SEVERE ] updating countdown to 26972
[15:03:49.895] [SEVERE ] setting player 1 freeze to 3000
[15:03:50.875] [SEVERE ] updating countdown to 25992
[15:03:50.890] [SEVERE ] setting player 2 freeze to 2000
[15:03:50.906] [SEVERE ] setting player 1 freeze to 2000
[15:03:51.871] [SEVERE ] updating countdown to 24996
[15:03:51.903] [SEVERE ] setting player 2 freeze to 1000
[15:03:51.918] [SEVERE ] setting player 1 freeze to 1000
[15:03:52.871] [SEVERE ] updating countdown to 23996
[15:03:52.917] [SEVERE ] setting player 2 freeze to 0
[15:03:52.917] [SEVERE ] removing player 2 token from slot 0
[15:03:52.917] [SEVERE ] player 2 placing token on slot 1
[15:03:52.917] [SEVERE ] updating countdown to 23950
[15:03:52.917] [SEVERE ] setting player 2 freeze to 3000
[15:03:52.933] [SEVERE ] setting player 1 freeze to 0
[15:03:52.933] [SEVERE ] removing player 1 token from slot 3
[15:03:52.933] [SEVERE ] player 1 placing token on slot 2
[15:03:52.933] [SEVERE ] updating countdown to 23934
[15:03:52.933] [SEVERE ] setting player 1 freeze to 3000
[15:03:53.884] [SEVERE ] updating countdown to 22983
[15:03:53.931] [SEVERE ] setting player 2 freeze to 2000
[15:03:53.947] [SEVERE ] setting player 1 freeze to 2000
[15:03:54.869] [SEVERE ] updating countdown to 21998
[15:03:54.946] [SEVERE ] setting player 2 freeze to 1000
[15:03:54.962] [SEVERE ] setting player 1 freeze to 1000
[15:03:55.880] [SEVERE ] updating countdown to 20987
[15:03:55.958] [SEVERE ] setting player 2 freeze to 0
[15:03:55.958] [SEVERE ] removing player 2 token from slot 3
[15:03:55.958] [SEVERE ] player 2 placing token on slot 7
[15:03:55.959] [SEVERE ] updating countdown to 20908
[15:03:55.959] [SEVERE ] setting player 2 freeze to 3000
[15:03:55.973] [SEVERE ] setting player 1 freeze to 0
[15:03:55.973] [SEVERE ] removing player 1 token from slot 9
[15:03:55.973] [SEVERE ] player 1 placing token on slot 5
[15:03:55.973] [SEVERE ] updating countdown to 20894
[15:03:55.974] [SEVERE ] setting player 1 freeze to 3000
[15:03:56.869] [SEVERE ] updating countdown to 19998
[15:03:56.964] [SEVERE ] setting player 2 freeze to 2000
[15:03:56.979] [SEVERE ] setting player 1 freeze to 2000
[15:03:57.870] [SEVERE ] updating countdown to 18997
[15:03:57.978] [SEVERE ] setting player 2 freeze to 1000
[15:03:57.994] [SEVERE ] setting player 1 freeze to 1000
[15:03:58.882] [SEVERE ] updating countdown to 17985
[15:03:58.993] [SEVERE ] setting player 2 freeze to 0
[15:03:58.993] [SEVERE ] removing player 2 token from slot 1
[15:03:58.993] [SEVERE ] player 2 placing token on slot 0
[15:03:58.993] [SEVERE ] updating countdown to 17874
[15:03:58.994] [SEVERE ] setting player 2 freeze to 3000
[15:03:59.008] [SEVERE ] setting player 1 freeze to 0
[15:03:59.008] [SEVERE ] removing player 1 token from slot 2
[15:03:59.008] [SEVERE ] player 1 placing token on slot 9
[15:03:59.008] [SEVERE ] updating countdown to 17859
[15:03:59.009] [SEVERE ] setting player 1 freeze to 3000
[15:03:59.882] [SEVERE ] updating countdown to 16985
[15:04:00.007] [SEVERE ] setting player 2 freeze to 2000
[15:04:00.022] [SEVERE ] setting player 1 freeze to 2000
[15:04:00.882] [SEVERE ] updating countdown to 15985
[15:04:01.022] [SEVERE ] setting player 1 freeze to 1000
[15:04:01.022] [SEVERE ] setting player 2 freeze to 1000
[15:04:01.873] [SEVERE ] updating countdown to 14994
[15:04:02.027] [SEVERE ] setting player 1 freeze to 0
[15:04:02.027] [SEVERE ] setting player 2 freeze to 0
[15:04:02.027] [SEVERE ] removing player 2 token from slot 2
[15:04:02.027] [SEVERE ] player 2 placing token on slot 10
[15:04:02.028] [SEVERE ] updating countdown to 14839
[15:04:02.028] [SEVERE ] setting player 2 freeze to 3000
[15:04:02.027] [SEVERE ] removing player 1 token from slot 5
[15:04:02.028] [SEVERE ] player 1 placing token on slot 2
[15:04:02.029] [SEVERE ] updating countdown to 14838
[15:04:02.029] [SEVERE ] setting player 1 freeze to 3000
[15:04:02.873] [SEVERE ] updating countdown to 13994
[15:04:03.043] [SEVERE ] setting player 2 freeze to 2000
[15:04:03.043] [SEVERE ] setting player 1 freeze to 2000
[15:04:03.870] [SEVERE ] updating countdown to 12997
[15:04:04.057] [SEVERE ] setting player 2 freeze to 1000
[15:04:04.057] [SEVERE ] setting player 1 freeze to 1000
[15:04:04.883] [SEVERE ] updating countdown to 11984
[15:04:05.069] [SEVERE ] setting player 2 freeze to 0
[15:04:05.069] [SEVERE ] setting player 1 freeze to 0
[15:04:05.069] [SEVERE ] removing player 2 token from slot 7
[15:04:05.069] [SEVERE ] player 2 placing token on slot 1
[15:04:05.069] [SEVERE ] removing player 1 token from slot 9
[15:04:05.070] [SEVERE ] player 1 placing token on slot 5
[15:04:05.069] [SEVERE ] updating countdown to 11798
[15:04:05.070] [SEVERE ] updating countdown to 11797
[15:04:05.070] [SEVERE ] setting player 2 freeze to 3000
[15:04:05.070] [SEVERE ] setting player 1 freeze to 3000
[15:04:05.882] [SEVERE ] updating countdown to 10985
[15:04:06.083] [SEVERE ] setting player 1 freeze to 2000
[15:04:06.083] [SEVERE ] setting player 2 freeze to 2000
[15:04:06.882] [SEVERE ] updating countdown to 9985
[15:04:07.085] [SEVERE ] setting player 2 freeze to 1000
[15:04:07.085] [SEVERE ] setting player 1 freeze to 1000
[15:04:07.881] [SEVERE ] updating countdown to 8986
[15:04:08.094] [SEVERE ] setting player 2 freeze to 0
[15:04:08.094] [SEVERE ] setting player 1 freeze to 0
[15:04:08.094] [SEVERE ] removing player 1 token from slot 5
[15:04:08.094] [SEVERE ] removing player 2 token from slot 10
[15:04:08.094] [SEVERE ] player 1 placing token on slot 8
[15:04:08.094] [SEVERE ] player 2 placing token on slot 4
[15:04:08.094] [SEVERE ] updating countdown to 8773
[15:04:08.095] [SEVERE ] updating countdown to 8772
[15:04:08.095] [SEVERE ] setting player 1 freeze to 3000
[15:04:08.095] [SEVERE ] setting player 2 freeze to 3000
[15:04:08.883] [SEVERE ] updating countdown to 7984
[15:04:09.100] [SEVERE ] setting player 2 freeze to 2000
[15:04:09.100] [SEVERE ] setting player 1 freeze to 2000
[15:04:09.876] [SEVERE ] updating countdown to 6991
[15:04:10.110] [SEVERE ] setting player 2 freeze to 1000
[15:04:10.110] [SEVERE ] setting player 1 freeze to 1000
[15:04:10.874] [SEVERE ] updating countdown to 5993
[15:04:11.122] [SEVERE ] setting player 1 freeze to 0
[15:04:11.123] [SEVERE ] setting player 2 freeze to 0
[15:04:11.124] [SEVERE ] removing player 1 token from slot 1
[15:04:11.124] [SEVERE ] player 1 placing token on slot 6
[15:04:11.124] [SEVERE ] updating countdown to 5743
[15:04:11.124] [SEVERE ] removing player 2 token from slot 1
[15:04:11.124] [SEVERE ] player 2 placing token on slot 3
[15:04:11.124] [SEVERE ] updating countdown to 5743
[15:04:11.124] [SEVERE ] setting player 1 freeze to 3000
[15:04:11.125] [SEVERE ] setting player 2 freeze to 3000
[15:04:12.133] [SEVERE ] setting player 1 freeze to 2000
[15:04:12.133] [SEVERE ] setting player 2 freeze to 2000
[15:04:13.146] [SEVERE ] setting player 1 freeze to 1000
[15:04:13.146] [SEVERE ] setting player 2 freeze to 1000
[15:04:14.161] [SEVERE ] setting player 1 freeze to 0
[15:04:14.161] [SEVERE ] setting player 2 freeze to 0
[15:04:14.161] [SEVERE ] removing player 1 token from slot 2
[15:04:14.161] [SEVERE ] removing player 2 token from slot 4
[15:04:14.162] [SEVERE ] player 1 placing token on slot 2
[15:04:14.162] [SEVERE ] player 2 placing token on slot 6
[15:04:14.162] [SEVERE ] setting player 1 freeze to 3000
[15:04:14.162] [SEVERE ] setting player 2 freeze to 3000
[15:04:15.176] [SEVERE ] setting player 1 freeze to 2000
[15:04:15.176] [SEVERE ] setting player 2 freeze to 2000
[15:04:16.189] [SEVERE ] setting player 1 freeze to 1000
[15:04:16.189] [SEVERE ] setting player 2 freeze to 1000
[15:04:16.893] [SEVERE ] updating countdown to 0
[15:04:16.893] [SEVERE ] updating countdown to 0
[15:04:17.002] [SEVERE ] removing tokens from slot 9
[15:04:17.002] [SEVERE ] removing card from slot 9
[15:04:17.110] [SEVERE ] removing tokens from slot 3
[15:04:17.110] [SEVERE ] removing card from slot 3
[15:04:17.204] [SEVERE ] setting player 1 freeze to 0
[15:04:17.204] [SEVERE ] setting player 2 freeze to 0
[15:04:17.219] [SEVERE ] removing tokens from slot 11
[15:04:17.219] [SEVERE ] removing card from slot 11
[15:04:17.327] [SEVERE ] removing tokens from slot 7
[15:04:17.327] [SEVERE ] removing card from slot 7
[15:04:17.438] [SEVERE ] removing tokens from slot 10
[15:04:17.438] [SEVERE ] removing card from slot 10
[15:04:17.547] [SEVERE ] removing tokens from slot 5
[15:04:17.547] [SEVERE ] removing card from slot 5
[15:04:17.656] [SEVERE ] removing tokens from slot 0
[15:04:17.656] [SEVERE ] removing card from slot 0
[15:04:17.763] [SEVERE ] removing tokens from slot 4
[15:04:17.763] [SEVERE ] removing card from slot 4
[15:04:17.873] [SEVERE ] removing tokens from slot 6
[15:04:17.873] [SEVERE ] removing card from slot 6
[15:04:17.982] [SEVERE ] removing tokens from slot 2
[15:04:17.982] [SEVERE ] removing card from slot 2
[15:04:18.089] [SEVERE ] removing tokens from slot 8
[15:04:18.089] [SEVERE ] removing card from slot 8
[15:04:18.197] [SEVERE ] removing tokens from slot 1
[15:04:18.197] [SEVERE ] removing card from slot 1
[15:04:18.306] [SEVERE ] placing card 14 in slot 8
[15:04:18.415] [SEVERE ] placing card 78 in slot 11
[15:04:18.525] [SEVERE ] placing card 70 in slot 5
[15:04:18.634] [SEVERE ] placing card 75 in slot 0
[15:04:18.743] [SEVERE ] placing card 3 in slot 9
[15:04:18.852] [SEVERE ] placing card 8 in slot 1
[15:04:18.964] [SEVERE ] placing card 76 in slot 10
[15:04:19.073] [SEVERE ] placing card 5 in slot 7
[15:04:19.183] [SEVERE ] placing card 25 in slot 6
[15:04:19.293] [SEVERE ] placing card 67 in slot 4
[15:04:19.402] [SEVERE ] placing card 16 in slot 3
[15:04:19.513] [SEVERE ] placing card 12 in slot 2
[15:04:19.513] [SEVERE ] player 1 placing token on slot 8
[15:04:19.513] [SEVERE ] player 2 placing token on slot 5
[15:04:19.513] [SEVERE ] player 1 placing token on slot 3
[15:04:19.513] [SEVERE ] player 2 placing token on slot 4
[15:04:19.513] [SEVERE ] player 1 placing token on slot 4
[15:04:19.513] [SEVERE ] player 2 placing token on slot 8
[15:04:19.514] [SEVERE ] updating countdown to 29999
[15:04:19.514] [SEVERE ] updating countdown to 29999
[15:04:19.514] [SEVERE ] updating countdown to 29999
[15:04:19.514] [SEVERE ] updating countdown to 29999
[15:04:19.515] [SEVERE ] setting player 1 freeze to 3000
[15:04:19.515] [SEVERE ] setting player 2 freeze to 3000
[15:04:20.527] [SEVERE ] updating countdown to 28986
[15:04:20.527] [SEVERE ] setting player 1 freeze to 2000
[15:04:20.527] [SEVERE ] setting player 2 freeze to 2000
[15:04:21.524] [SEVERE ] updating countdown to 27989
[15:04:21.540] [SEVERE ] setting player 2 freeze to 1000
[15:04:21.540] [SEVERE ] setting player 1 freeze to 1000
[15:04:22.522] [SEVERE ] updating countdown to 26991
[15:04:22.553] [SEVERE ] setting player 2 freeze to 0
[15:04:22.553] [SEVERE ] setting player 1 freeze to 0
[15:04:22.553] [SEVERE ] removing player 2 token from slot 8
[15:04:22.553] [SEVERE ] player 2 placing token on slot 2
[15:04:22.554] [SEVERE ] removing player 1 token from slot 3
[15:04:22.554] [SEVERE ] updating countdown to 26959
[15:04:22.554] [SEVERE ] player 1 placing token on slot 3
[15:04:22.554] [SEVERE ] setting player 2 freeze to 3000
[15:04:22.554] [SEVERE ] updating countdown to 26959
[15:04:22.555] [SEVERE ] setting player 1 freeze to 3000
[15:04:23.518] [SEVERE ] updating countdown to 25995
[15:04:23.565] [SEVERE ] setting player 1 freeze to 2000
[15:04:23.565] [SEVERE ] setting player 2 freeze to 2000
[15:04:24.514] [SEVERE ] updating countdown to 24999
[15:04:24.514] [SEVERE ] updating countdown to 24999
[15:04:24.514] [SEVERE ] updating countdown to 24999
[15:04:24.514] [SEVERE ] updating countdown to 24999
[15:04:24.576] [SEVERE ] setting player 1 freeze to 1000
[15:04:24.576] [SEVERE ] setting player 2 freeze to 1000
[15:04:25.529] [SEVERE ] updating countdown to 23984
[15:04:25.591] [SEVERE ] setting player 2 freeze to 0
[15:04:25.591] [SEVERE ] setting player 1 freeze to 0
[15:04:25.591] [SEVERE ] removing player 2 token from slot 5
[15:04:25.591] [SEVERE ] player 2 placing token on slot 9
[15:04:25.591] [SEVERE ] removing player 1 token from slot 3
[15:04:25.591] [SEVERE ] player 1 placing token on slot 9
[15:04:25.591] [SEVERE ] updating countdown to 23922
[15:04:25.592] [SEVERE ] updating countdown to 23921
[15:04:25.592] [SEVERE ] setting player 2 freeze to 3000
[15:04:25.592] [SEVERE ] setting player 1 freeze to 3000
[15:04:26.522] [SEVERE ] updating countdown to 22991
[15:04:26.601] [SEVERE ] setting player 1 freeze to 2000
[15:04:26.601] [SEVERE ] setting player 2 freeze to 2000
[15:04:27.520] [SEVERE ] updating countdown to 21993
[15:04:27.613] [SEVERE ] setting player 2 freeze to 1000
[15:04:27.613] [SEVERE ] setting player 1 freeze to 1000
[15:04:28.520] [SEVERE ] updating countdown to 20993
[15:04:28.613] [SEVERE ] setting player 2 freeze to 0
[15:04:28.613] [SEVERE ] setting player 1 freeze to 0
[15:04:28.613] [SEVERE ] removing player 2 token from slot 4
[15:04:28.613] [SEVERE ] removing player 2 token from slot 9
[15:04:28.613] [SEVERE ] player 2 placing token on slot 6
[15:04:28.613] [SEVERE ] player 2 placing token on slot 4
[15:04:28.613] [SEVERE ] updating countdown to 20900
[15:04:28.613] [SEVERE ] removing player 1 token from slot 4
[15:04:28.613] [SEVERE ] setting player 2 freeze to 3000
[15:04:28.613] [SEVERE ] player 1 placing token on slot 5
[15:04:28.613] [SEVERE ] updating countdown to 20900
[15:04:28.614] [SEVERE ] setting player 1 freeze to 3000
[15:04:29.515] [SEVERE ] updating countdown to 19998
[15:04:29.625] [SEVERE ] setting player 1 freeze to 2000
[15:04:29.625] [SEVERE ] setting player 2 freeze to 2000
[15:04:30.516] [SEVERE ] updating countdown to 18997
[15:04:30.626] [SEVERE ] setting player 2 freeze to 1000
[15:04:30.626] [SEVERE ] setting player 1 freeze to 1000
[15:04:31.526] [SEVERE ] updating countdown to 17987
[15:04:31.634] [SEVERE ] setting player 1 freeze to 0
[15:04:31.634] [SEVERE ] setting player 2 freeze to 0
[15:04:31.634] [SEVERE ] removing player 1 token from slot 9
[15:04:31.635] [SEVERE ] player 1 placing token on slot 4
[15:04:31.635] [SEVERE ] updating countdown to 17878
[15:04:31.635] [SEVERE ] setting player 1 freeze to 3000
[15:04:31.635] [SEVERE ] removing player 2 token from slot 6
[15:04:31.635] [SEVERE ] player 2 placing token on slot 11
[15:04:31.636] [SEVERE ] updating countdown to 17877
[15:04:31.636] [SEVERE ] setting player 2 freeze to 3000
[15:04:32.523] [SEVERE ] updating countdown to 16990
[15:04:32.647] [SEVERE ] setting player 2 freeze to 2000
[15:04:32.647] [SEVERE ] setting player 1 freeze to 2000
[15:04:33.522] [SEVERE ] updating countdown to 15991
[15:04:33.662] [SEVERE ] setting player 2 freeze to 1000
[15:04:33.662] [SEVERE ] setting player 1 freeze to 1000
[15:04:34.522] [SEVERE ] updating countdown to 14991
[15:04:34.677] [SEVERE ] setting player 1 freeze to 0
[15:04:34.677] [SEVERE ] setting player 2 freeze to 0
[15:04:34.677] [SEVERE ] removing player 1 token from slot 4
[15:04:34.677] [SEVERE ] removing player 1 token from slot 8
[15:04:34.677] [SEVERE ] player 1 placing token on slot 10
[15:04:34.678] [SEVERE ] player 1 placing token on slot 11
[15:04:34.678] [SEVERE ] updating countdown to 14835
[15:04:34.678] [SEVERE ] setting player 1 freeze to 3000
[15:04:34.678] [SEVERE ] removing player 2 token from slot 2
[15:04:34.678] [SEVERE ] player 2 placing token on slot 1
[15:04:34.678] [SEVERE ] updating countdown to 14835
[15:04:34.678] [SEVERE ] setting player 2 freeze to 3000
[15:04:35.520] [SEVERE ] updating countdown to 13993
[15:04:35.691] [SEVERE ] setting player 1 freeze to 2000
[15:04:35.691] [SEVERE ] setting player 2 freeze to 2000
[15:04:36.521] [SEVERE ] updating countdown to 12992
[15:04:36.692] [SEVERE ] setting player 1 freeze to 1000
[15:04:36.692] [SEVERE ] setting player 2 freeze to 1000
[15:04:37.515] [SEVERE ] updating countdown to 11998
[15:04:37.701] [SEVERE ] setting player 2 freeze to 0
[15:04:37.701] [SEVERE ] setting player 1 freeze to 0
[15:04:37.701] [SEVERE ] removing player 1 token from slot 11
[15:04:37.701] [SEVERE ] player 1 placing token on slot 9
[15:04:37.702] [SEVERE ] updating countdown to 11811
[15:04:37.702] [SEVERE ] setting player 1 freeze to 3000
[15:04:37.702] [SEVERE ] removing player 2 token from slot 11
[15:04:37.702] [SEVERE ] player 2 placing token on slot 8
[15:04:37.702] [SEVERE ] updating countdown to 11811
[15:04:37.702] [SEVERE ] setting player 2 freeze to 3000
[15:04:38.522] [SEVERE ] updating countdown to 10991
[15:04:38.709] [SEVERE ] setting player 2 freeze to 2000
[15:04:38.709] [SEVERE ] setting player 1 freeze to 2000
[15:04:39.522] [SEVERE ] updating countdown to 9991
[15:04:39.722] [SEVERE ] setting player 1 freeze to 1000
[15:04:39.722] [SEVERE ] setting player 2 freeze to 1000
[15:04:40.521] [SEVERE ] updating countdown to 8992
[15:04:40.737] [SEVERE ] setting player 1 freeze to 0
[15:04:40.737] [SEVERE ] setting player 2 freeze to 0
[15:04:40.737] [SEVERE ] removing player 2 token from slot 4
[15:04:40.737] [SEVERE ] removing player 1 token from slot 10
[15:04:40.737] [SEVERE ] player 2 placing token on slot 9
[15:04:40.738] [SEVERE ] player 1 placing token on slot 7
[15:04:40.738] [SEVERE ] updating countdown to 8775
[15:04:40.738] [SEVERE ] updating countdown to 8775
[15:04:40.738] [SEVERE ] setting player 2 freeze to 3000
[15:04:40.738] [SEVERE ] setting player 1 freeze to 3000
[15:04:41.530] [SEVERE ] updating countdown to 7983
[15:04:41.747] [SEVERE ] setting player 1 freeze to 2000
[15:04:41.747] [SEVERE ] setting player 2 freeze to 2000
[15:04:42.528] [SEVERE ] updating countdown to 6985
[15:04:42.760] [SEVERE ] setting player 2 freeze to 1000
[15:04:42.760] [SEVERE ] setting player 1 freeze to 1000
[15:04:43.524] [SEVERE ] updating countdown to 5989
[15:04:43.775] [SEVERE ] setting player 2 freeze to 0
[15:04:43.775] [SEVERE ] setting player 1 freeze to 0
[15:04:43.775] [SEVERE ] removing player 2 token from slot 1
[15:04:43.775] [SEVERE ] removing player 2 token from slot 8
[15:04:43.775] [SEVERE ] player 2 placing token on slot 1
[15:04:43.775] [SEVERE ] player 2 placing token on slot 11
[15:04:43.775] [SEVERE ] updating countdown to 5738
[15:04:43.775] [SEVERE ] setting player 2 freeze to 3000
[15:04:43.776] [SEVERE ] removing player 1 token from slot 7
[15:04:43.776] [SEVERE ] player 1 placing token on slot 10
[15:04:43.776] [SEVERE ] updating countdown to 5737
[15:04:43.776] [SEVERE ] setting player 1 freeze to 3000
[15:04:44.776] [SEVERE ] setting player 2 freeze to 2000
[15:04:44.776] [SEVERE ] setting player 1 freeze to 2000
[15:04:45.789] [SEVERE ] setting player 2 freeze to 1000
[15:04:45.789] [SEVERE ] setting player 1 freeze to 1000
[15:04:46.802] [SEVERE ] setting player 1 freeze to 0
[15:04:46.802] [SEVERE ] setting player 2 freeze to 0
[15:04:46.802] [SEVERE ] removing player 2 token from slot 1
[15:04:46.803] [SEVERE ] player 2 placing token on slot 2
[15:04:46.803] [SEVERE ] removing player 1 token from slot 5
[15:04:46.803] [SEVERE ] player 1 placing token on slot 11
[15:04:46.804] [SEVERE ] setting player 1 freeze to 3000
[15:04:46.804] [SEVERE ] setting player 2 freeze to 3000
[15:04:47.814] [SEVERE ] setting player 2 freeze to 2000
[15:04:47.814] [SEVERE ] setting player 1 freeze to 2000
[15:04:48.825] [SEVERE ] setting player 1 freeze to 1000
[15:04:48.825] [SEVERE ] setting player 2 freeze to 1000
[15:04:49.530] [SEVERE ] updating countdown to 0
[15:04:49.530] [SEVERE ] updating countdown to 0
[15:04:49.639] [SEVERE ] removing tokens from slot 0
[15:04:49.639] [SEVERE ] removing card from slot 0
[15:04:49.750] [SEVERE ] removing tokens from slot 10
[15:04:49.750] [SEVERE ] removing card from slot 10
[15:04:49.828] [SEVERE ] setting player 2 freeze to 0
[15:04:49.828] [SEVERE ] setting player 1 freeze to 0
[15:04:49.859] [SEVERE ] removing tokens from slot 7
[15:04:49.859] [SEVERE ] removing card from slot 7
[15:04:49.967] [SEVERE ] removing tokens from slot 6
[15:04:49.967] [SEVERE ] removing card from slot 6
[15:04:50.075] [SEVERE ] removing tokens from slot 11
[15:04:50.075] [SEVERE ] removing card from slot 11
[15:04:50.185] [SEVERE ] removing tokens from slot 4
[15:04:50.185] [SEVERE ] removing card from slot 4
[15:04:50.297] [SEVERE ] removing tokens from slot 1
[15:04:50.297] [SEVERE ] removing card from slot 1
[15:04:50.407] [SEVERE ] removing tokens from slot 3
[15:04:50.407] [SEVERE ] removing card from slot 3
[15:04:50.516] [SEVERE ] removing tokens from slot 9
[15:04:50.516] [SEVERE ] removing card from slot 9
[15:04:50.624] [SEVERE ] removing tokens from slot 8
[15:04:50.624] [SEVERE ] removing card from slot 8
[15:04:50.733] [SEVERE ] removing tokens from slot 5
[15:04:50.733] [SEVERE ] removing card from slot 5
[15:04:50.842] [SEVERE ] removing tokens from slot 2
[15:04:50.842] [SEVERE ] removing card from slot 2
[15:04:50.951] [SEVERE ] placing card 75 in slot 6
[15:04:51.060] [SEVERE ] placing card 19 in slot 10
[15:04:51.172] [SEVERE ] placing card 57 in slot 5
[15:04:51.283] [SEVERE ] placing card 60 in slot 0
[15:04:51.392] [SEVERE ] placing card 80 in slot 1
[15:04:51.501] [SEVERE ] placing card 36 in slot 4
[15:04:51.610] [SEVERE ] placing card 45 in slot 3
[15:04:51.719] [SEVERE ] placing card 61 in slot 9
[15:04:51.829] [SEVERE ] placing card 7 in slot 8
[15:04:51.938] [SEVERE ] placing card 29 in slot 7
[15:04:52.046] [SEVERE ] placing card 28 in slot 11
[15:04:52.154] [SEVERE ] placing card 41 in slot 2
[15:04:52.156] [SEVERE ] player 1 placing token on slot 5
[15:04:52.156] [SEVERE ] player 1 placing token on slot 11
[15:04:52.156] [SEVERE ] removing player 1 token from slot 5
[15:04:52.156] [SEVERE ] player 1 placing token on slot 9
[15:04:52.156] [SEVERE ] player 2 placing token on slot 10
[15:04:52.156] [SEVERE ] player 2 placing token on slot 3
[15:04:52.156] [SEVERE ] removing player 2 token from slot 3
[15:04:52.157] [SEVERE ] player 2 placing token on slot 6
[15:04:52.157] [SEVERE ] removing player 2 token from slot 10
[15:04:52.157] [SEVERE ] player 1 placing token on slot 4
[15:04:52.157] [SEVERE ] removing player 2 token from slot 6
[15:04:52.157] [SEVERE ] player 2 placing token on slot 8
[15:04:52.157] [SEVERE ] player 2 placing token on slot 9
[15:04:52.157] [SEVERE ] player 2 placing token on slot 5
[15:04:52.158] [SEVERE ] updating countdown to 29999
[15:04:52.158] [SEVERE ] updating countdown to 29999
[15:04:52.158] [SEVERE ] updating countdown to 29999
[15:04:52.158] [SEVERE ] setting player 1 freeze to 3000
[15:04:52.159] [SEVERE ] setting player 2 freeze to 3000
[15:04:53.165] [SEVERE ] updating countdown to 28992
[15:04:53.165] [SEVERE ] setting player 2 freeze to 2000
[15:04:53.165] [SEVERE ] setting player 1 freeze to 2000
[15:04:54.165] [SEVERE ] updating countdown to 27992
[15:04:54.165] [SEVERE ] setting player 2 freeze to 1000
[15:04:54.165] [SEVERE ] setting player 1 freeze to 1000
[15:04:55.164] [SEVERE ] updating countdown to 26993
[15:04:55.180] [SEVERE ] setting player 2 freeze to 0
[15:04:55.180] [SEVERE ] setting player 1 freeze to 0
[15:04:55.180] [SEVERE ] removing player 2 token from slot 9
[15:04:55.180] [SEVERE ] player 2 placing token on slot 2
[15:04:55.180] [SEVERE ] removing player 1 token from slot 11
[15:04:55.180] [SEVERE ] updating countdown to 26977
[15:04:55.180] [SEVERE ] player 1 placing token on slot 2
[15:04:55.180] [SEVERE ] updating countdown to 26977
[15:04:55.180] [SEVERE ] setting player 2 freeze to 3000
[15:04:55.180] [SEVERE ] setting player 1 freeze to 3000
[15:04:56.172] [SEVERE ] updating countdown to 25985
[15:04:56.188] [SEVERE ] setting player 1 freeze to 2000
[15:04:56.188] [SEVERE ] setting player 2 freeze to 2000
[15:04:57.170] [SEVERE ] updating countdown to 24987
[15:04:57.201] [SEVERE ] setting player 1 freeze to 1000
[15:04:57.201] [SEVERE ] setting player 2 freeze to 1000
[15:04:58.168] [SEVERE ] updating countdown to 23989
[15:04:58.214] [SEVERE ] setting player 2 freeze to 0
[15:04:58.214] [SEVERE ] setting player 1 freeze to 0
[15:04:58.214] [SEVERE ] removing player 1 token from slot 9
[15:04:58.214] [SEVERE ] removing player 2 token from slot 2
[15:04:58.214] [SEVERE ] removing player 2 token from slot 8
[15:04:58.214] [SEVERE ] player 1 placing token on slot 8
[15:04:58.214] [SEVERE ] updating countdown to 23943
[15:04:58.214] [SEVERE ] setting player 1 freeze to 3000
[15:04:58.214] [SEVERE ] player 2 placing token on slot 7
[15:04:58.214] [SEVERE ] player 2 placing token on slot 11
[15:04:58.214] [SEVERE ] updating countdown to 23943
[15:04:58.214] [SEVERE ] setting player 2 freeze to 3000
[15:04:59.166] [SEVERE ] updating countdown to 22991
[15:04:59.227] [SEVERE ] setting player 2 freeze to 2000
[15:04:59.227] [SEVERE ] setting player 1 freeze to 2000
[15:05:00.163] [SEVERE ] updating countdown to 21994
[15:05:00.242] [SEVERE ] setting player 1 freeze to 1000
[15:05:00.242] [SEVERE ] setting player 2 freeze to 1000
[15:05:01.160] [SEVERE ] updating countdown to 20997
[15:05:01.253] [SEVERE ] setting player 1 freeze to 0
[15:05:01.253] [SEVERE ] setting player 2 freeze to 0
[15:05:01.253] [SEVERE ] removing player 2 token from slot 7
[15:05:01.253] [SEVERE ] player 2 placing token on slot 8
[15:05:01.254] [SEVERE ] removing player 1 token from slot 4
[15:05:01.254] [SEVERE ] updating countdown to 20903
[15:05:01.254] [SEVERE ] removing player 1 token from slot 2
[15:05:01.254] [SEVERE ] setting player 2 freeze to 3000
[15:05:01.254] [SEVERE ] player 1 placing token on slot 5
[15:05:01.254] [SEVERE ] player 1 placing token on slot 4
[15:05:01.254] [SEVERE ] updating countdown to 20903
[15:05:01.255] [SEVERE ] setting player 1 freeze to 3000
[15:05:02.170] [SEVERE ] updating countdown to 19987
[15:05:02.262] [SEVERE ] setting player 2 freeze to 2000
[15:05:02.262] [SEVERE ] setting player 1 freeze to 2000
[15:05:03.165] [SEVERE ] updating countdown to 18992
[15:05:03.273] [SEVERE ] setting player 1 freeze to 1000
[15:05:03.273] [SEVERE ] setting player 2 freeze to 1000
[15:05:04.159] [SEVERE ] updating countdown to 17998
[15:05:04.285] [SEVERE ] setting player 2 freeze to 0
[15:05:04.285] [SEVERE ] setting player 1 freeze to 0
[15:05:04.285] [SEVERE ] removing player 2 token from slot 11
[15:05:04.285] [SEVERE ] player 2 placing token on slot 10
[15:05:04.285] [SEVERE ] removing player 1 token from slot 5
[15:05:04.286] [SEVERE ] updating countdown to 17871
[15:05:04.286] [SEVERE ] player 1 placing token on slot 7
[15:05:04.286] [SEVERE ] setting player 2 freeze to 3000
[15:05:04.286] [SEVERE ] updating countdown to 17871
[15:05:04.286] [SEVERE ] setting player 1 freeze to 3000
[15:05:05.170] [SEVERE ] updating countdown to 16987
[15:05:05.297] [SEVERE ] setting player 1 freeze to 2000
[15:05:05.297] [SEVERE ] setting player 2 freeze to 2000
[15:05:06.167] [SEVERE ] updating countdown to 15990
[15:05:06.307] [SEVERE ] setting player 2 freeze to 1000
[15:05:06.307] [SEVERE ] setting player 1 freeze to 1000
[15:05:07.162] [SEVERE ] updating countdown to 14995
[15:05:07.318] [SEVERE ] setting player 2 freeze to 0
[15:05:07.318] [SEVERE ] setting player 1 freeze to 0
[15:05:07.318] [SEVERE ] removing player 2 token from slot 10
[15:05:07.318] [SEVERE ] removing player 1 token from slot 8
[15:05:07.318] [SEVERE ] player 2 placing token on slot 11
[15:05:07.318] [SEVERE ] player 1 placing token on slot 10
[15:05:07.318] [SEVERE ] updating countdown to 14839
[15:05:07.319] [SEVERE ] updating countdown to 14838
[15:05:07.319] [SEVERE ] setting player 2 freeze to 3000
[15:05:07.319] [SEVERE ] setting player 1 freeze to 3000
[15:05:08.172] [SEVERE ] updating countdown to 13985
[15:05:08.329] [SEVERE ] setting player 1 freeze to 2000
[15:05:08.329] [SEVERE ] setting player 2 freeze to 2000
[15:05:09.172] [SEVERE ] updating countdown to 12985
[15:05:09.342] [SEVERE ] setting player 2 freeze to 1000
[15:05:09.342] [SEVERE ] setting player 1 freeze to 1000
[15:05:10.172] [SEVERE ] updating countdown to 11985
[15:05:10.344] [SEVERE ] setting player 2 freeze to 0
[15:05:10.344] [SEVERE ] setting player 1 freeze to 0
[15:05:10.344] [SEVERE ] removing player 2 token from slot 11
[15:05:10.344] [SEVERE ] removing player 1 token from slot 4
[15:05:10.344] [SEVERE ] removing player 2 token from slot 5
[15:05:10.344] [SEVERE ] player 1 placing token on slot 0
[15:05:10.344] [SEVERE ] player 2 placing token on slot 10
[15:05:10.344] [SEVERE ] updating countdown to 11813
[15:05:10.344] [SEVERE ] removing player 2 token from slot 8
[15:05:10.344] [SEVERE ] player 2 placing token on slot 3
[15:05:10.344] [SEVERE ] player 2 placing token on slot 6
[15:05:10.344] [SEVERE ] setting player 1 freeze to 3000
[15:05:10.344] [SEVERE ] updating countdown to 11813
[15:05:10.344] [SEVERE ] setting player 2 freeze to 3000
[15:05:11.171] [SEVERE ] updating countdown to 10986
[15:05:11.357] [SEVERE ] setting player 2 freeze to 2000
[15:05:11.357] [SEVERE ] setting player 1 freeze to 2000
[15:05:12.168] [SEVERE ] updating countdown to 9989
[15:05:12.371] [SEVERE ] setting player 1 freeze to 1000
[15:05:12.371] [SEVERE ] setting player 2 freeze to 1000
[15:05:13.165] [SEVERE ] updating countdown to 8992
[15:05:13.386] [SEVERE ] setting player 1 freeze to 0
[15:05:13.386] [SEVERE ] setting player 2 freeze to 0
[15:05:13.386] [SEVERE ] removing player 1 token from slot 10
[15:05:13.386] [SEVERE ] player 1 placing token on slot 10
[15:05:13.386] [SEVERE ] removing player 2 token from slot 3
[15:05:13.387] [SEVERE ] updating countdown to 8770
[15:05:13.387] [SEVERE ] player 2 placing token on slot 7
[15:05:13.387] [SEVERE ] setting player 1 freeze to 3000
[15:05:13.387] [SEVERE ] updating countdown to 8770
[15:05:13.387] [SEVERE ] setting player 2 freeze to 3000
[15:05:14.165] [SEVERE ] updating countdown to 7992
[15:05:14.396] [SEVERE ] setting player 1 freeze to 2000
[15:05:14.396] [SEVERE ] setting player 2 freeze to 2000
[15:05:15.161] [SEVERE ] updating countdown to 6996
[15:05:15.397] [SEVERE ] setting player 2 freeze to 1000
[15:05:15.397] [SEVERE ] setting player 1 freeze to 1000
[15:05:16.166] [SEVERE ] updating countdown to 5991
[15:05:16.400] [SEVERE ] setting player 1 freeze to 0
[15:05:16.400] [SEVERE ] setting player 2 freeze to 0
[15:05:16.400] [SEVERE ] removing player 1 token from slot 10
[15:05:16.400] [SEVERE ] removing player 2 token from slot 7
[15:05:16.400] [SEVERE ] player 1 placing token on slot 11
[15:05:16.401] [SEVERE ] player 2 placing token on slot 4
[15:05:16.401] [SEVERE ] updating countdown to 5756
[15:05:16.401] [SEVERE ] updating countdown to 5756
[15:05:16.401] [SEVERE ] setting player 1 freeze to 3000
[15:05:16.401] [SEVERE ] setting player 2 freeze to 3000
[15:05:17.409] [SEVERE ] setting player 2 freeze to 2000
[15:05:17.409] [SEVERE ] setting player 1 freeze to 2000
[15:05:18.410] [SEVERE ] setting player 2 freeze to 1000
[15:05:18.410] [SEVERE ] setting player 1 freeze to 1000
[15:05:19.411] [SEVERE ] setting player 1 freeze to 0
[15:05:19.411] [SEVERE ] setting player 2 freeze to 0
[15:05:19.411] [SEVERE ] removing player 1 token from slot 0
[15:05:19.411] [SEVERE ] removing player 2 token from slot 4
[15:05:19.411] [SEVERE ] player 1 placing token on slot 6
[15:05:19.411] [SEVERE ] player 2 placing token on slot 7
[15:05:19.411] [SEVERE ] setting player 1 freeze to 3000
[15:05:19.411] [SEVERE ] setting player 2 freeze to 3000
[15:05:20.413] [SEVERE ] setting player 2 freeze to 2000
[15:05:20.413] [SEVERE ] setting player 1 freeze to 2000
[15:05:21.417] [SEVERE ] setting player 2 freeze to 1000
[15:05:21.417] [SEVERE ] setting player 1 freeze to 1000
[15:05:22.243] [SEVERE ] updating countdown to 0
[15:05:22.243] [SEVERE ] updating countdown to 0
[15:05:22.352] [SEVERE ] removing tokens from slot 1
[15:05:22.352] [SEVERE ] removing card from slot 1
[15:05:22.431] [SEVERE ] setting player 1 freeze to 0
[15:05:22.431] [SEVERE ] setting player 2 freeze to 0
[15:05:22.462] [SEVERE ] removing tokens from slot 0
[15:05:22.462] [SEVERE ] removing card from slot 0
[15:05:22.571] [SEVERE ] removing tokens from slot 4
[15:05:22.571] [SEVERE ] removing card from slot 4
[15:05:22.681] [SEVERE ] removing tokens from slot 7
[15:05:22.681] [SEVERE ] removing card from slot 7
[15:05:22.791] [SEVERE ] removing tokens from slot 11
[15:05:22.791] [SEVERE ] removing card from slot 11
[15:05:22.900] [SEVERE ] removing tokens from slot 2
[15:05:22.900] [SEVERE ] removing card from slot 2
[15:05:23.008] [SEVERE ] removing tokens from slot 8
[15:05:23.008] [SEVERE ] removing card from slot 8
[15:05:23.117] [SEVERE ] removing tokens from slot 10
[15:05:23.117] [SEVERE ] removing card from slot 10
[15:05:23.226] [SEVERE ] removing tokens from slot 5
[15:05:23.226] [SEVERE ] removing card from slot 5
[15:05:23.335] [SEVERE ] removing tokens from slot 9
[15:05:23.335] [SEVERE ] removing card from slot 9
[15:05:23.443] [SEVERE ] removing tokens from slot 6
[15:05:23.443] [SEVERE ] removing card from slot 6
[15:05:23.553] [SEVERE ] removing tokens from slot 3
[15:05:23.553] [SEVERE ] removing card from slot 3
[15:05:23.662] [SEVERE ] placing card 56 in slot 5
[15:05:23.771] [SEVERE ] placing card 44 in slot 6
[15:05:23.882] [SEVERE ] placing card 4 in slot 11
[15:05:23.990] [SEVERE ] placing card 26 in slot 9
[15:05:24.097] [SEVERE ] placing card 61 in slot 0
[15:05:24.206] [SEVERE ] placing card 55 in slot 2
[15:05:24.314] [SEVERE ] placing card 34 in slot 8
[15:05:24.410] [SEVERE ] exit button pressed
[15:05:24.410] [INFO   ] thread Player: 01 terminated.
[15:05:24.411] [INFO   ] thread Player: 11 terminated.
[15:05:24.422] [SEVERE ] placing card 27 in slot 3
[15:05:24.532] [SEVERE ] placing card 69 in slot 1
[15:05:24.641] [SEVERE ] placing card 0 in slot 7
[15:05:24.750] [SEVERE ] placing card 14 in slot 4
[15:05:24.858] [SEVERE ] placing card 70 in slot 10
[15:05:24.859] [SEVERE ] updating countdown to 29999
[15:05:24.859] [SEVERE ] updating countdown to 29999
[15:05:24.966] [SEVERE ] removing tokens from slot 7
[15:05:24.966] [SEVERE ] removing card from slot 7
[15:05:25.076] [SEVERE ] removing tokens from slot 6
[15:05:25.076] [SEVERE ] removing card from slot 6
[15:05:25.187] [SEVERE ] removing tokens from slot 10
[15:05:25.187] [SEVERE ] removing card from slot 10
[15:05:25.297] [SEVERE ] removing tokens from slot 8
[15:05:25.297] [SEVERE ] removing card from slot 8
[15:05:25.407] [SEVERE ] removing tokens from slot 2
[15:05:25.407] [SEVERE ] removing card from slot 2
[15:05:25.517] [SEVERE ] removing tokens from slot 0
[15:05:25.517] [SEVERE ] removing card from slot 0
[15:05:25.626] [SEVERE ] removing tokens from slot 3
[15:05:25.626] [SEVERE ] removing card from slot 3
[15:05:25.736] [SEVERE ] removing tokens from slot 4
[15:05:25.736] [SEVERE ] removing card from slot 4
[15:05:25.843] [SEVERE ] removing tokens from slot 5
[15:05:25.843] [SEVERE ] removing card from slot 5
[15:05:25.953] [SEVERE ] removing tokens from slot 1
[15:05:25.953] [SEVERE ] removing card from slot 1
[15:05:26.062] [SEVERE ] removing tokens from slot 9
[15:05:26.062] [SEVERE ] removing card from slot 9
[15:05:26.171] [SEVERE ] removing tokens from slot 11
[15:05:26.171] [SEVERE ] removing card from slot 11
[15:05:26.172] [SEVERE ] announcing winner(s): player 2, player 1
[15:05:26.174] [INFO   ] thread dealer terminated.
[15:05:26.174] [INFO   ] thread dealer terminated.
[15:05:26.174] [SEVERE ] thanks for playing... it was fun!
[15:05:26.174] [INFO   ] thread main terminated.
