[14:58:18.897] [INFO   ] thread main starting.
[14:58:18.902] [SEVERE ] cannot read configuration file config.properties trying from resources.
[14:58:18.904] [SEVERE ] configuration file was loaded from resources directory.
[14:58:19.354] [INFO   ] thread dealer starting.
[14:58:19.355] [INFO   ] thread dealer starting.
[14:58:19.471] [SEVERE ] placing card 78 in slot 6
[14:58:19.580] [SEVERE ] placing card 23 in slot 7
[14:58:19.692] [SEVERE ] placing card 22 in slot 8
[14:58:19.802] [SEVERE ] placing card 61 in slot 9
[14:58:19.910] [SEVERE ] placing card 21 in slot 0
[14:58:20.019] [SEVERE ] placing card 49 in slot 10
[14:58:20.129] [SEVERE ] placing card 7 in slot 3
[14:58:20.237] [SEVERE ] placing card 3 in slot 2
[14:58:20.347] [SEVERE ] placing card 41 in slot 1
[14:58:20.455] [SEVERE ] placing card 68 in slot 4
[14:58:20.566] [SEVERE ] placing card 24 in slot 11
[14:58:20.676] [SEVERE ] placing card 48 in slot 5
[14:58:20.684] [SEVERE ] updating countdown to 29999
[14:58:20.685] [INFO   ] thread Player: 01 created.
[14:58:20.685] [INFO   ] thread Player: 11 created.
[14:58:20.685] [INFO   ] thread Player: 01 starting.
[14:58:20.685] [INFO   ] thread Player: 11 starting.
[14:58:20.686] [INFO   ] thread computer-1 starting.
[14:58:21.686] [SEVERE ] updating countdown to 28997
[14:58:22.698] [SEVERE ] updating countdown to 27985
[14:58:23.695] [SEVERE ] updating countdown to 26988
[14:58:24.690] [SEVERE ] updating countdown to 25993
[14:58:25.700] [SEVERE ] updating countdown to 24983
[14:58:26.700] [SEVERE ] updating countdown to 23983
[14:58:27.699] [SEVERE ] updating countdown to 22984
[14:58:28.699] [SEVERE ] updating countdown to 21984
[14:58:29.300] [SEVERE ] key 65 was pressed by player 1
[14:58:29.301] [SEVERE ] player 1 placing token on slot 4
[14:58:29.685] [SEVERE ] updating countdown to 20998
[14:58:30.700] [SEVERE ] updating countdown to 19983
[14:58:31.075] [SEVERE ] key 75 was pressed by player 2
[14:58:31.075] [SEVERE ] player 2 placing token on slot 5
[14:58:31.698] [SEVERE ] updating countdown to 18985
[14:58:32.699] [SEVERE ] updating countdown to 17984
[14:58:32.985] [SEVERE ] key 77 was pressed by player 2
[14:58:32.985] [SEVERE ] player 2 placing token on slot 8
[14:58:33.686] [SEVERE ] updating countdown to 16997
[14:58:34.007] [SEVERE ] key 44 was pressed by player 2
[14:58:34.007] [SEVERE ] player 2 placing token on slot 9
[14:58:34.012] [SEVERE ] updating countdown to 16671
[14:58:34.013] [SEVERE ] setting player 2 freeze to 3000
[14:58:34.699] [SEVERE ] updating countdown to 15984
[14:58:35.016] [SEVERE ] setting player 2 freeze to 2000
[14:58:35.149] [SEVERE ] key 85 was pressed by player 2
[14:58:35.549] [SEVERE ] key 73 was pressed by player 2
[14:58:35.699] [SEVERE ] updating countdown to 14984
[14:58:35.981] [SEVERE ] key 79 was pressed by player 2
[14:58:36.017] [SEVERE ] setting player 2 freeze to 1000
[14:58:36.457] [SEVERE ] key 80 was pressed by player 2
[14:58:36.696] [SEVERE ] updating countdown to 13987
[14:58:37.028] [SEVERE ] setting player 2 freeze to 0
[14:58:37.695] [SEVERE ] updating countdown to 12988
[14:58:38.050] [SEVERE ] key 65 was pressed by player 1
[14:58:38.050] [SEVERE ] removing player 1 token from slot 4
[14:58:38.490] [SEVERE ] key 65 was pressed by player 1
[14:58:38.491] [SEVERE ] player 1 placing token on slot 4
[14:58:38.696] [SEVERE ] updating countdown to 11987
[14:58:38.840] [SEVERE ] key 83 was pressed by player 1
[14:58:38.840] [SEVERE ] player 1 placing token on slot 5
[14:58:39.366] [SEVERE ] key 83 was pressed by player 1
[14:58:39.367] [SEVERE ] removing player 1 token from slot 5
[14:58:39.692] [SEVERE ] updating countdown to 10991
[14:58:39.806] [SEVERE ] key 81 was pressed by player 1
[14:58:39.806] [SEVERE ] player 1 placing token on slot 0
[14:58:40.246] [SEVERE ] key 81 was pressed by player 1
[14:58:40.246] [SEVERE ] removing player 1 token from slot 0
[14:58:40.690] [SEVERE ] updating countdown to 9993
[14:58:40.742] [SEVERE ] key 69 was pressed by player 1
[14:58:40.743] [SEVERE ] player 1 placing token on slot 2
[14:58:41.295] [SEVERE ] key 69 was pressed by player 1
[14:58:41.295] [SEVERE ] removing player 1 token from slot 2
[14:58:41.549] [SEVERE ] key 81 was pressed by player 1
[14:58:41.550] [SEVERE ] player 1 placing token on slot 0
[14:58:41.689] [SEVERE ] updating countdown to 8994
[14:58:42.136] [SEVERE ] key 81 was pressed by player 1
[14:58:42.137] [SEVERE ] removing player 1 token from slot 0
[14:58:42.607] [SEVERE ] key 87 was pressed by player 1
[14:58:42.608] [SEVERE ] player 1 placing token on slot 1
[14:58:42.689] [SEVERE ] updating countdown to 7994
[14:58:43.074] [SEVERE ] key 87 was pressed by player 1
[14:58:43.075] [SEVERE ] removing player 1 token from slot 1
[14:58:43.317] [SEVERE ] key 81 was pressed by player 1
[14:58:43.318] [SEVERE ] player 1 placing token on slot 0
[14:58:43.689] [SEVERE ] updating countdown to 6994
[14:58:43.925] [SEVERE ] key 90 was pressed by player 1
[14:58:43.927] [SEVERE ] player 1 placing token on slot 8
[14:58:43.927] [SEVERE ] updating countdown to 6756
[14:58:43.928] [SEVERE ] setting player 1 freeze to 3000
[14:58:44.388] [SEVERE ] key 90 was pressed by player 1
[14:58:44.686] [SEVERE ] updating countdown to 5997
[14:58:44.759] [SEVERE ] key 88 was pressed by player 1
[14:58:44.940] [SEVERE ] setting player 1 freeze to 2000
[14:58:45.108] [SEVERE ] key 83 was pressed by player 1
[14:58:45.437] [SEVERE ] key 68 was pressed by player 1
[14:58:45.954] [SEVERE ] setting player 1 freeze to 1000
[14:58:46.956] [SEVERE ] setting player 1 freeze to 0
[14:58:46.959] [SEVERE ] key 69 was pressed by player 1
[14:58:46.960] [SEVERE ] key 87 was pressed by player 1
[14:58:46.960] [SEVERE ] key 81 was pressed by player 1
[14:58:46.961] [SEVERE ] removing player 1 token from slot 0
[14:58:47.392] [SEVERE ] key 81 was pressed by player 1
[14:58:47.393] [SEVERE ] player 1 placing token on slot 0
[14:58:47.393] [SEVERE ] setting player 1 freeze to 3000
[14:58:48.156] [SEVERE ] key 81 was pressed by player 1
[14:58:48.239] [SEVERE ] key 87 was pressed by player 1
[14:58:48.401] [SEVERE ] setting player 1 freeze to 2000
[14:58:48.538] [SEVERE ] key 69 was pressed by player 1
[14:58:48.862] [SEVERE ] key 69 was pressed by player 1
[14:58:49.402] [SEVERE ] setting player 1 freeze to 1000
[14:58:50.413] [SEVERE ] setting player 1 freeze to 0
[14:58:50.416] [SEVERE ] key 82 was pressed by player 1
[14:58:50.713] [SEVERE ] updating countdown to 0
[14:58:50.713] [SEVERE ] updating countdown to 0
[14:58:50.822] [SEVERE ] removing tokens from slot 6
[14:58:50.822] [SEVERE ] removing card from slot 6
[14:58:50.931] [SEVERE ] removing tokens from slot 8
[14:58:50.931] [SEVERE ] removing card from slot 8
[14:58:51.040] [SEVERE ] removing tokens from slot 0
[14:58:51.040] [SEVERE ] removing card from slot 0
[14:58:51.151] [SEVERE ] removing tokens from slot 1
[14:58:51.151] [SEVERE ] removing card from slot 1
[14:58:51.261] [SEVERE ] removing tokens from slot 10
[14:58:51.261] [SEVERE ] removing card from slot 10
[14:58:51.371] [SEVERE ] removing tokens from slot 7
[14:58:51.371] [SEVERE ] removing card from slot 7
[14:58:51.483] [SEVERE ] removing tokens from slot 5
[14:58:51.483] [SEVERE ] removing card from slot 5
[14:58:51.593] [SEVERE ] removing tokens from slot 2
[14:58:51.593] [SEVERE ] removing card from slot 2
[14:58:51.702] [SEVERE ] removing tokens from slot 3
[14:58:51.702] [SEVERE ] removing card from slot 3
[14:58:51.814] [SEVERE ] removing tokens from slot 4
[14:58:51.814] [SEVERE ] removing card from slot 4
[14:58:51.925] [SEVERE ] removing tokens from slot 11
[14:58:51.925] [SEVERE ] removing card from slot 11
[14:58:52.036] [SEVERE ] removing tokens from slot 9
[14:58:52.036] [SEVERE ] removing card from slot 9
[14:58:52.148] [SEVERE ] placing card 4 in slot 1
[14:58:52.258] [SEVERE ] placing card 8 in slot 4
[14:58:52.370] [SEVERE ] placing card 60 in slot 5
[14:58:52.481] [SEVERE ] placing card 40 in slot 2
[14:58:52.593] [SEVERE ] placing card 57 in slot 6
[14:58:52.704] [SEVERE ] placing card 16 in slot 8
[14:58:52.816] [SEVERE ] placing card 21 in slot 11
[14:58:52.926] [SEVERE ] placing card 23 in slot 10
[14:58:53.037] [SEVERE ] placing card 72 in slot 3
[14:58:53.149] [SEVERE ] placing card 37 in slot 9
[14:58:53.261] [SEVERE ] placing card 69 in slot 0
[14:58:53.373] [SEVERE ] placing card 49 in slot 7
[14:58:53.382] [SEVERE ] updating countdown to 29999
[14:58:53.382] [SEVERE ] updating countdown to 29999
[14:58:54.387] [SEVERE ] updating countdown to 28994
[14:58:55.387] [SEVERE ] updating countdown to 27994
[14:58:56.281] [SEVERE ] key 69 was pressed by player 1
[14:58:56.282] [SEVERE ] player 1 placing token on slot 2
[14:58:56.395] [SEVERE ] updating countdown to 26986
[14:58:57.030] [SEVERE ] key 87 was pressed by player 1
[14:58:57.030] [SEVERE ] player 1 placing token on slot 1
[14:58:57.324] [SEVERE ] key 81 was pressed by player 1
[14:58:57.324] [SEVERE ] player 1 placing token on slot 0
[14:58:57.325] [SEVERE ] updating countdown to 26056
[14:58:57.325] [SEVERE ] setting player 1 freeze to 3000
[14:58:57.394] [SEVERE ] updating countdown to 25987
[14:58:58.326] [SEVERE ] setting player 1 freeze to 2000
[14:58:58.389] [SEVERE ] updating countdown to 24992
[14:58:59.230] [SEVERE ] key 59 was pressed by player 2
[14:58:59.230] [SEVERE ] player 2 placing token on slot 7
[14:58:59.336] [SEVERE ] setting player 1 freeze to 1000
[14:58:59.384] [SEVERE ] updating countdown to 23997
[14:58:59.517] [SEVERE ] key 59 was pressed by player 2
[14:58:59.517] [SEVERE ] removing player 2 token from slot 7
[14:58:59.711] [SEVERE ] key 59 was pressed by player 2
[14:58:59.712] [SEVERE ] player 2 placing token on slot 7
[14:58:59.955] [SEVERE ] key 59 was pressed by player 2
[14:58:59.955] [SEVERE ] removing player 2 token from slot 7
[14:59:00.239] [SEVERE ] key 46 was pressed by player 2
[14:59:00.240] [SEVERE ] player 2 placing token on slot 10
[14:59:00.339] [SEVERE ] setting player 1 freeze to 0
[14:59:00.386] [SEVERE ] updating countdown to 22995
[14:59:00.517] [SEVERE ] key 59 was pressed by player 2
[14:59:00.518] [SEVERE ] player 2 placing token on slot 7
[14:59:00.941] [SEVERE ] key 59 was pressed by player 2
[14:59:00.942] [SEVERE ] removing player 2 token from slot 7
[14:59:01.234] [SEVERE ] key 80 was pressed by player 2
[14:59:01.235] [SEVERE ] player 2 placing token on slot 3
[14:59:01.385] [SEVERE ] updating countdown to 21996
[14:59:01.651] [SEVERE ] key 59 was pressed by player 2
[14:59:01.651] [SEVERE ] player 2 placing token on slot 7
[14:59:01.651] [SEVERE ] updating countdown to 21730
[14:59:01.652] [SEVERE ] setting player 2 freeze to 3000
[14:59:01.931] [SEVERE ] key 46 was pressed by player 2
[14:59:02.398] [SEVERE ] updating countdown to 20983
[14:59:02.666] [SEVERE ] setting player 2 freeze to 2000
[14:59:03.395] [SEVERE ] updating countdown to 19986
[14:59:03.681] [SEVERE ] setting player 2 freeze to 1000
[14:59:04.392] [SEVERE ] updating countdown to 18989
[14:59:04.695] [SEVERE ] setting player 2 freeze to 0
[14:59:05.392] [SEVERE ] updating countdown to 17989
[14:59:06.393] [SEVERE ] updating countdown to 16988
[14:59:07.390] [SEVERE ] updating countdown to 15991
[14:59:08.387] [SEVERE ] updating countdown to 14994
[14:59:09.384] [SEVERE ] updating countdown to 13997
[14:59:10.383] [SEVERE ] updating countdown to 12998
[14:59:11.394] [SEVERE ] updating countdown to 11987
[14:59:12.390] [SEVERE ] updating countdown to 10991
[14:59:13.385] [SEVERE ] updating countdown to 9996
[14:59:14.386] [SEVERE ] updating countdown to 8995
[14:59:15.384] [SEVERE ] updating countdown to 7997
[14:59:16.035] [SEVERE ] exit button pressed
[14:59:16.035] [INFO   ] thread Player: 01 terminated.
[14:59:16.036] [INFO   ] thread computer-1 terminated.
[14:59:16.036] [INFO   ] thread Player: 11 terminated.
[14:59:16.395] [SEVERE ] updating countdown to 6986
[14:59:16.395] [SEVERE ] updating countdown to 6986
[14:59:16.505] [SEVERE ] removing tokens from slot 7
[14:59:16.505] [SEVERE ] removing card from slot 7
[14:59:16.615] [SEVERE ] removing tokens from slot 6
[14:59:16.615] [SEVERE ] removing card from slot 6
[14:59:16.723] [SEVERE ] removing tokens from slot 5
[14:59:16.723] [SEVERE ] removing card from slot 5
[14:59:16.831] [SEVERE ] removing tokens from slot 10
[14:59:16.831] [SEVERE ] removing card from slot 10
[14:59:16.941] [SEVERE ] removing tokens from slot 8
[14:59:16.941] [SEVERE ] removing card from slot 8
[14:59:17.049] [SEVERE ] removing tokens from slot 9
[14:59:17.049] [SEVERE ] removing card from slot 9
[14:59:17.159] [SEVERE ] removing tokens from slot 0
[14:59:17.159] [SEVERE ] removing card from slot 0
[14:59:17.267] [SEVERE ] removing tokens from slot 2
[14:59:17.267] [SEVERE ] removing card from slot 2
[14:59:17.375] [SEVERE ] removing tokens from slot 11
[14:59:17.375] [SEVERE ] removing card from slot 11
[14:59:17.484] [SEVERE ] removing tokens from slot 3
[14:59:17.484] [SEVERE ] removing card from slot 3
[14:59:17.594] [SEVERE ] removing tokens from slot 4
[14:59:17.594] [SEVERE ] removing card from slot 4
[14:59:17.705] [SEVERE ] removing tokens from slot 1
[14:59:17.705] [SEVERE ] removing card from slot 1
[14:59:17.712] [SEVERE ] announcing winner(s): player 2, player 1
[14:59:17.715] [INFO   ] thread dealer terminated.
[14:59:17.716] [INFO   ] thread dealer terminated.
[14:59:17.716] [SEVERE ] thanks for playing... it was fun!
[14:59:17.716] [INFO   ] thread main terminated.
