[15:24:27.941] [INFO   ] thread main starting.
[15:24:27.947] [SEVERE ] cannot read configuration file config.properties trying from resources.
[15:24:27.949] [SEVERE ] configuration file was loaded from resources directory.
[15:24:28.310] [INFO   ] thread dealer starting.
[15:24:28.311] [INFO   ] thread dealer starting.
[15:24:28.427] [SEVERE ] placing card 12 in slot 6
[15:24:28.537] [SEVERE ] placing card 17 in slot 4
[15:24:28.646] [SEVERE ] placing card 37 in slot 8
[15:24:28.753] [SEVERE ] placing card 57 in slot 7
[15:24:28.861] [SEVERE ] placing card 67 in slot 9
[15:24:28.969] [SEVERE ] placing card 2 in slot 11
[15:24:29.076] [SEVERE ] placing card 45 in slot 2
[15:24:29.185] [SEVERE ] placing card 50 in slot 3
[15:24:29.294] [SEVERE ] placing card 15 in slot 0
[15:24:29.402] [SEVERE ] placing card 6 in slot 10
[15:24:29.511] [SEVERE ] placing card 76 in slot 5
[15:24:29.620] [SEVERE ] placing card 20 in slot 1
[15:24:29.630] [SEVERE ] updating countdown to 29999
[15:24:29.631] [INFO   ] thread Player: 01 created.
[15:24:29.632] [INFO   ] thread Player: 01 starting.
[15:24:29.632] [INFO   ] thread Player: 11 created.
[15:24:29.632] [INFO   ] thread Player: 11 starting.
[15:24:30.633] [SEVERE ] updating countdown to 28996
[15:24:31.634] [SEVERE ] updating countdown to 27995
[15:24:32.630] [SEVERE ] updating countdown to 26999
[15:24:32.738] [SEVERE ] key 65 was pressed by player 1
[15:24:32.740] [SEVERE ] player 1 placing token on slot 4
[15:24:33.291] [SEVERE ] key 65 was pressed by player 1
[15:24:33.292] [SEVERE ] removing player 1 token from slot 4
[15:24:33.643] [SEVERE ] updating countdown to 25986
[15:24:33.858] [SEVERE ] key 65 was pressed by player 1
[15:24:33.859] [SEVERE ] player 1 placing token on slot 4
[15:24:34.458] [SEVERE ] key 83 was pressed by player 1
[15:24:34.459] [SEVERE ] player 1 placing token on slot 5
[15:24:34.639] [SEVERE ] updating countdown to 24990
[15:24:35.241] [SEVERE ] key 81 was pressed by player 1
[15:24:35.242] [SEVERE ] player 1 placing token on slot 0
[15:24:35.245] [SEVERE ] updating countdown to 24384
[15:24:35.247] [SEVERE ] setting player 1 freeze to 3000
[15:24:35.634] [SEVERE ] updating countdown to 23995
[15:24:36.256] [SEVERE ] setting player 1 freeze to 2000
[15:24:36.632] [SEVERE ] updating countdown to 22997
[15:24:37.271] [SEVERE ] setting player 1 freeze to 1000
[15:24:37.321] [SEVERE ] key 69 was pressed by player 1
[15:24:37.474] [SEVERE ] key 69 was pressed by player 1
[15:24:37.626] [SEVERE ] key 69 was pressed by player 1
[15:24:37.630] [SEVERE ] updating countdown to 21999
[15:24:37.630] [SEVERE ] updating countdown to 21999
[15:24:37.777] [SEVERE ] key 69 was pressed by player 1
[15:24:38.283] [SEVERE ] setting player 1 freeze to 0
[15:24:38.285] [SEVERE ] key 69 was pressed by player 1
[15:24:38.286] [SEVERE ] key 69 was pressed by player 1
[15:24:38.288] [SEVERE ] key 69 was pressed by player 1
[15:24:38.644] [SEVERE ] updating countdown to 20985
[15:24:39.642] [SEVERE ] updating countdown to 19987
[15:24:40.641] [SEVERE ] updating countdown to 18988
[15:24:41.636] [SEVERE ] updating countdown to 17993
[15:24:42.633] [SEVERE ] updating countdown to 16996
[15:24:43.641] [SEVERE ] updating countdown to 15988
[15:24:44.638] [SEVERE ] updating countdown to 14991
[15:24:45.645] [SEVERE ] updating countdown to 13984
[15:24:46.633] [SEVERE ] updating countdown to 12996
[15:24:46.811] [SEVERE ] key 68 was pressed by player 1
[15:24:47.643] [SEVERE ] updating countdown to 11986
[15:24:48.176] [SEVERE ] key 68 was pressed by player 1
[15:24:48.639] [SEVERE ] updating countdown to 10990
[15:24:49.191] [SEVERE ] key 83 was pressed by player 1
[15:24:49.192] [SEVERE ] removing player 1 token from slot 5
[15:24:49.640] [SEVERE ] updating countdown to 9989
[15:24:50.641] [SEVERE ] updating countdown to 8988
[15:24:51.457] [SEVERE ] key 83 was pressed by player 1
[15:24:51.458] [SEVERE ] player 1 placing token on slot 5
[15:24:51.459] [SEVERE ] updating countdown to 8171
[15:24:51.459] [SEVERE ] setting player 1 freeze to 3000
[15:24:51.637] [SEVERE ] updating countdown to 7992
[15:24:51.948] [SEVERE ] key 87 was pressed by player 1
[15:24:52.465] [SEVERE ] setting player 1 freeze to 2000
[15:24:52.635] [SEVERE ] updating countdown to 6994
[15:24:53.438] [SEVERE ] key 87 was pressed by player 1
[15:24:53.467] [SEVERE ] setting player 1 freeze to 1000
[15:24:53.637] [SEVERE ] updating countdown to 5992
[15:24:53.642] [SEVERE ] key 87 was pressed by player 1
[15:24:53.809] [SEVERE ] key 87 was pressed by player 1
[15:24:54.474] [SEVERE ] setting player 1 freeze to 0
[15:24:54.475] [SEVERE ] key 87 was pressed by player 1
[15:24:54.476] [SEVERE ] key 87 was pressed by player 1
[15:24:54.478] [SEVERE ] key 87 was pressed by player 1
[15:24:54.478] [SEVERE ] key 87 was pressed by player 1
[15:24:54.514] [SEVERE ] key 87 was pressed by player 1
[15:24:54.641] [SEVERE ] key 87 was pressed by player 1
[15:24:54.799] [SEVERE ] key 87 was pressed by player 1
[15:24:55.051] [SEVERE ] key 87 was pressed by player 1
[15:24:55.182] [SEVERE ] key 87 was pressed by player 1
[15:24:55.328] [SEVERE ] key 87 was pressed by player 1
[15:24:55.475] [SEVERE ] key 87 was pressed by player 1
[15:24:55.638] [SEVERE ] key 87 was pressed by player 1
[15:24:55.807] [SEVERE ] key 87 was pressed by player 1
[15:24:55.974] [SEVERE ] key 87 was pressed by player 1
[15:24:56.094] [SEVERE ] key 87 was pressed by player 1
[15:24:56.442] [SEVERE ] key 87 was pressed by player 1
[15:24:56.585] [SEVERE ] key 87 was pressed by player 1
[15:24:56.748] [SEVERE ] key 87 was pressed by player 1
[15:24:56.915] [SEVERE ] key 87 was pressed by player 1
[15:24:57.070] [SEVERE ] key 87 was pressed by player 1
[15:24:57.243] [SEVERE ] key 87 was pressed by player 1
[15:24:57.398] [SEVERE ] key 87 was pressed by player 1
[15:24:57.544] [SEVERE ] key 87 was pressed by player 1
[15:24:58.070] [SEVERE ] key 88 was pressed by player 1
[15:24:58.226] [SEVERE ] key 88 was pressed by player 1
[15:24:58.382] [SEVERE ] key 88 was pressed by player 1
[15:24:58.541] [SEVERE ] key 88 was pressed by player 1
[15:24:58.702] [SEVERE ] key 88 was pressed by player 1
[15:24:58.856] [SEVERE ] key 88 was pressed by player 1
[15:24:59.011] [SEVERE ] key 88 was pressed by player 1
[15:24:59.169] [SEVERE ] key 88 was pressed by player 1
[15:24:59.307] [SEVERE ] key 88 was pressed by player 1
[15:24:59.519] [SEVERE ] key 90 was pressed by player 1
[15:24:59.658] [SEVERE ] updating countdown to 0
[15:24:59.660] [SEVERE ] updating countdown to 0
[15:24:59.676] [SEVERE ] key 90 was pressed by player 1
[15:24:59.767] [SEVERE ] removing tokens from slot 11
[15:24:59.767] [SEVERE ] removing card from slot 11
[15:24:59.876] [SEVERE ] removing tokens from slot 2
[15:24:59.876] [SEVERE ] removing card from slot 2
[15:24:59.910] [SEVERE ] key 90 was pressed by player 1
[15:24:59.984] [SEVERE ] removing tokens from slot 6
[15:24:59.984] [SEVERE ] removing card from slot 6
[15:25:00.087] [SEVERE ] key 88 was pressed by player 1
[15:25:00.095] [SEVERE ] removing tokens from slot 3
[15:25:00.095] [SEVERE ] removing card from slot 3
[15:25:00.205] [SEVERE ] removing tokens from slot 5
[15:25:00.205] [SEVERE ] removing card from slot 5
[15:25:00.314] [SEVERE ] removing tokens from slot 7
[15:25:00.314] [SEVERE ] removing card from slot 7
[15:25:00.422] [SEVERE ] removing tokens from slot 1
[15:25:00.422] [SEVERE ] removing card from slot 1
[15:25:00.533] [SEVERE ] removing tokens from slot 9
[15:25:00.533] [SEVERE ] removing card from slot 9
[15:25:00.642] [SEVERE ] removing tokens from slot 4
[15:25:00.642] [SEVERE ] removing card from slot 4
[15:25:00.751] [SEVERE ] removing tokens from slot 10
[15:25:00.751] [SEVERE ] removing card from slot 10
[15:25:00.860] [SEVERE ] removing tokens from slot 8
[15:25:00.860] [SEVERE ] removing card from slot 8
[15:25:00.970] [SEVERE ] removing tokens from slot 0
[15:25:00.970] [SEVERE ] removing card from slot 0
[15:25:01.079] [SEVERE ] placing card 45 in slot 11
[15:25:01.190] [SEVERE ] placing card 32 in slot 9
[15:25:01.299] [SEVERE ] placing card 4 in slot 1
[15:25:01.407] [SEVERE ] placing card 47 in slot 6
[15:25:01.515] [SEVERE ] placing card 15 in slot 10
[15:25:01.623] [SEVERE ] placing card 52 in slot 5
[15:25:01.732] [SEVERE ] placing card 77 in slot 2
[15:25:01.843] [SEVERE ] placing card 10 in slot 7
[15:25:01.953] [SEVERE ] placing card 26 in slot 4
[15:25:02.062] [SEVERE ] placing card 34 in slot 0
[15:25:02.171] [SEVERE ] placing card 14 in slot 8
[15:25:02.282] [SEVERE ] placing card 80 in slot 3
[15:25:02.282] [SEVERE ] player 1 placing token on slot 8
[15:25:02.283] [SEVERE ] removing player 1 token from slot 8
[15:25:02.283] [SEVERE ] player 1 placing token on slot 9
[15:25:02.288] [SEVERE ] updating countdown to 29999
[15:25:03.297] [SEVERE ] updating countdown to 28990
[15:25:03.303] [SEVERE ] key 81 was pressed by player 1
[15:25:03.303] [SEVERE ] player 1 placing token on slot 0
[15:25:03.422] [SEVERE ] key 87 was pressed by player 1
[15:25:03.423] [SEVERE ] player 1 placing token on slot 1
[15:25:03.424] [SEVERE ] updating countdown to 28863
[15:25:03.424] [SEVERE ] setting player 1 freeze to 3000
[15:25:03.722] [SEVERE ] key 69 was pressed by player 1
[15:25:04.295] [SEVERE ] updating countdown to 27992
[15:25:04.435] [SEVERE ] setting player 1 freeze to 2000
[15:25:05.202] [SEVERE ] key 88 was pressed by player 1
[15:25:05.295] [SEVERE ] updating countdown to 26992
[15:25:05.450] [SEVERE ] setting player 1 freeze to 1000
[15:25:06.304] [SEVERE ] updating countdown to 25983
[15:25:06.459] [SEVERE ] setting player 1 freeze to 0
[15:25:06.516] [SEVERE ] key 88 was pressed by player 1
[15:25:06.516] [SEVERE ] removing player 1 token from slot 9
[15:25:06.706] [SEVERE ] key 88 was pressed by player 1
[15:25:06.708] [SEVERE ] player 1 placing token on slot 9
[15:25:06.708] [SEVERE ] updating countdown to 25579
[15:25:06.709] [SEVERE ] setting player 1 freeze to 3000
[15:25:07.085] [SEVERE ] key 88 was pressed by player 1
[15:25:07.301] [SEVERE ] updating countdown to 24986
[15:25:07.531] [SEVERE ] key 88 was pressed by player 1
[15:25:07.720] [SEVERE ] setting player 1 freeze to 2000
[15:25:08.219] [SEVERE ] key 88 was pressed by player 1
[15:25:08.294] [SEVERE ] updating countdown to 23993
[15:25:08.732] [SEVERE ] setting player 1 freeze to 1000
[15:25:09.134] [SEVERE ] key 88 was pressed by player 1
[15:25:09.297] [SEVERE ] updating countdown to 22990
[15:25:09.746] [SEVERE ] setting player 1 freeze to 0
[15:25:09.746] [SEVERE ] removing player 1 token from slot 9
[15:25:10.032] [SEVERE ] key 88 was pressed by player 1
[15:25:10.033] [SEVERE ] player 1 placing token on slot 9
[15:25:10.034] [SEVERE ] updating countdown to 22253
[15:25:10.034] [SEVERE ] setting player 1 freeze to 3000
[15:25:10.298] [SEVERE ] updating countdown to 21989
[15:25:10.484] [SEVERE ] key 88 was pressed by player 1
[15:25:11.049] [SEVERE ] setting player 1 freeze to 2000
[15:25:11.297] [SEVERE ] updating countdown to 20990
[15:25:12.016] [SEVERE ] key 88 was pressed by player 1
[15:25:12.061] [SEVERE ] setting player 1 freeze to 1000
[15:25:12.153] [SEVERE ] key 88 was pressed by player 1
[15:25:12.294] [SEVERE ] key 88 was pressed by player 1
[15:25:12.295] [SEVERE ] updating countdown to 19992
[15:25:13.073] [SEVERE ] setting player 1 freeze to 0
[15:25:13.073] [SEVERE ] removing player 1 token from slot 9
[15:25:13.290] [SEVERE ] updating countdown to 18997
[15:25:14.285] [SEVERE ] key 88 was pressed by player 1
[15:25:14.286] [SEVERE ] player 1 placing token on slot 9
[15:25:14.286] [SEVERE ] updating countdown to 18001
[15:25:14.287] [SEVERE ] setting player 1 freeze to 3000
[15:25:14.290] [SEVERE ] updating countdown to 17997
[15:25:15.290] [SEVERE ] setting player 1 freeze to 2000
[15:25:15.290] [SEVERE ] updating countdown to 16997
[15:25:15.400] [SEVERE ] key 88 was pressed by player 1
[15:25:16.299] [SEVERE ] setting player 1 freeze to 1000
[15:25:16.299] [SEVERE ] updating countdown to 15988
[15:25:17.298] [SEVERE ] updating countdown to 14989
[15:25:17.314] [SEVERE ] setting player 1 freeze to 0
[15:25:18.296] [SEVERE ] updating countdown to 13991
[15:25:19.116] [SEVERE ] key 88 was pressed by player 1
[15:25:19.117] [SEVERE ] removing player 1 token from slot 9
[15:25:19.292] [SEVERE ] updating countdown to 12995
[15:25:20.303] [SEVERE ] updating countdown to 11984
[15:25:21.303] [SEVERE ] updating countdown to 10984
[15:25:22.288] [SEVERE ] updating countdown to 9999
[15:25:22.288] [SEVERE ] updating countdown to 9999
[15:25:22.288] [SEVERE ] updating countdown to 9999
[15:25:22.288] [SEVERE ] updating countdown to 9999
[15:25:22.288] [SEVERE ] updating countdown to 9999
[15:25:22.288] [SEVERE ] updating countdown to 9999
[15:25:23.032] [SEVERE ] key 87 was pressed by player 1
[15:25:23.033] [SEVERE ] removing player 1 token from slot 1
[15:25:23.159] [SEVERE ] key 81 was pressed by player 1
[15:25:23.160] [SEVERE ] removing player 1 token from slot 0
[15:25:23.299] [SEVERE ] updating countdown to 8988
[15:25:24.300] [SEVERE ] updating countdown to 7987
[15:25:25.297] [SEVERE ] updating countdown to 6990
[15:25:26.294] [SEVERE ] updating countdown to 5993
[15:25:32.310] [SEVERE ] updating countdown to 0
[15:25:32.310] [SEVERE ] updating countdown to 0
[15:25:32.419] [SEVERE ] removing tokens from slot 6
[15:25:32.419] [SEVERE ] removing card from slot 6
[15:25:32.529] [SEVERE ] removing tokens from slot 5
[15:25:32.529] [SEVERE ] removing card from slot 5
[15:25:32.637] [SEVERE ] removing tokens from slot 1
[15:25:32.637] [SEVERE ] removing card from slot 1
[15:25:32.746] [SEVERE ] removing tokens from slot 3
[15:25:32.746] [SEVERE ] removing card from slot 3
[15:25:32.857] [SEVERE ] removing tokens from slot 8
[15:25:32.857] [SEVERE ] removing card from slot 8
[15:25:32.965] [SEVERE ] removing tokens from slot 0
[15:25:32.965] [SEVERE ] removing card from slot 0
[15:25:33.073] [SEVERE ] removing tokens from slot 10
[15:25:33.073] [SEVERE ] removing card from slot 10
[15:25:33.182] [SEVERE ] removing tokens from slot 2
[15:25:33.182] [SEVERE ] removing card from slot 2
[15:25:33.292] [SEVERE ] removing tokens from slot 7
[15:25:33.292] [SEVERE ] removing card from slot 7
[15:25:33.403] [SEVERE ] removing tokens from slot 11
[15:25:33.403] [SEVERE ] removing card from slot 11
[15:25:33.513] [SEVERE ] removing tokens from slot 9
[15:25:33.513] [SEVERE ] removing card from slot 9
[15:25:33.623] [SEVERE ] removing tokens from slot 4
[15:25:33.623] [SEVERE ] removing card from slot 4
[15:25:33.731] [SEVERE ] placing card 76 in slot 3
[15:25:33.840] [SEVERE ] placing card 75 in slot 6
[15:25:33.949] [SEVERE ] placing card 19 in slot 11
[15:25:34.059] [SEVERE ] placing card 16 in slot 5
[15:25:34.169] [SEVERE ] placing card 65 in slot 0
[15:25:34.277] [SEVERE ] placing card 6 in slot 1
[15:25:34.387] [SEVERE ] placing card 43 in slot 2
[15:25:34.496] [SEVERE ] placing card 25 in slot 10
[15:25:34.604] [SEVERE ] placing card 13 in slot 8
[15:25:34.714] [SEVERE ] placing card 54 in slot 4
[15:25:34.823] [SEVERE ] placing card 24 in slot 9
[15:25:34.931] [SEVERE ] placing card 23 in slot 7
[15:25:34.938] [SEVERE ] updating countdown to 29999
[15:25:34.938] [SEVERE ] updating countdown to 29999
[15:25:35.334] [SEVERE ] key 65 was pressed by player 1
[15:25:35.334] [SEVERE ] player 1 placing token on slot 4
[15:25:35.456] [SEVERE ] key 83 was pressed by player 1
[15:25:35.457] [SEVERE ] player 1 placing token on slot 5
[15:25:35.791] [SEVERE ] key 87 was pressed by player 1
[15:25:35.791] [SEVERE ] player 1 placing token on slot 1
[15:25:35.792] [SEVERE ] updating countdown to 29145
[15:25:35.793] [SEVERE ] setting player 1 freeze to 3000
[15:25:35.946] [SEVERE ] updating countdown to 28991
[15:25:36.802] [SEVERE ] setting player 1 freeze to 2000
[15:25:36.941] [SEVERE ] updating countdown to 27996
[15:25:37.816] [SEVERE ] setting player 1 freeze to 1000
[15:25:37.942] [SEVERE ] updating countdown to 26995
[15:25:38.827] [SEVERE ] setting player 1 freeze to 0
[15:25:38.951] [SEVERE ] updating countdown to 25986
[15:25:39.951] [SEVERE ] updating countdown to 24986
[15:25:40.293] [SEVERE ] key 81 was pressed by player 1
[15:25:40.951] [SEVERE ] updating countdown to 23986
[15:25:41.751] [SEVERE ] key 81 was pressed by player 1
[15:25:41.953] [SEVERE ] updating countdown to 22984
[15:25:41.969] [SEVERE ] key 81 was pressed by player 1
[15:25:42.952] [SEVERE ] updating countdown to 21985
[15:25:43.112] [SEVERE ] key 81 was pressed by player 1
[15:25:43.314] [SEVERE ] key 81 was pressed by player 1
[15:25:43.527] [SEVERE ] key 81 was pressed by player 1
[15:25:43.731] [SEVERE ] key 81 was pressed by player 1
[15:25:43.913] [SEVERE ] key 81 was pressed by player 1
[15:25:43.947] [SEVERE ] updating countdown to 20990
[15:25:44.090] [SEVERE ] key 81 was pressed by player 1
[15:25:44.255] [SEVERE ] key 81 was pressed by player 1
[15:25:44.421] [SEVERE ] key 81 was pressed by player 1
[15:25:44.573] [SEVERE ] key 81 was pressed by player 1
[15:25:44.756] [SEVERE ] key 81 was pressed by player 1
[15:25:44.946] [SEVERE ] updating countdown to 19991
[15:25:45.395] [SEVERE ] key 90 was pressed by player 1
[15:25:45.552] [SEVERE ] key 90 was pressed by player 1
[15:25:45.716] [SEVERE ] key 90 was pressed by player 1
[15:25:45.873] [SEVERE ] key 90 was pressed by player 1
[15:25:45.944] [SEVERE ] updating countdown to 18993
[15:25:46.060] [SEVERE ] key 90 was pressed by player 1
[15:25:46.207] [SEVERE ] key 90 was pressed by player 1
[15:25:46.320] [SEVERE ] key 90 was pressed by player 1
[15:25:46.607] [SEVERE ] key 88 was pressed by player 1
[15:25:46.769] [SEVERE ] key 88 was pressed by player 1
[15:25:46.936] [SEVERE ] key 88 was pressed by player 1
[15:25:46.940] [SEVERE ] updating countdown to 17997
[15:25:47.138] [SEVERE ] key 88 was pressed by player 1
[15:25:47.664] [SEVERE ] key 67 was pressed by player 1
[15:25:47.861] [SEVERE ] key 67 was pressed by player 1
[15:25:47.938] [SEVERE ] updating countdown to 16999
[15:25:48.022] [SEVERE ] key 67 was pressed by player 1
[15:25:48.195] [SEVERE ] key 67 was pressed by player 1
[15:25:48.554] [SEVERE ] key 67 was pressed by player 1
[15:25:48.702] [SEVERE ] key 67 was pressed by player 1
[15:25:48.943] [SEVERE ] updating countdown to 15994
[15:25:49.078] [SEVERE ] key 67 was pressed by player 1
[15:25:49.284] [SEVERE ] key 67 was pressed by player 1
[15:25:49.661] [SEVERE ] key 67 was pressed by player 1
[15:25:49.886] [SEVERE ] key 88 was pressed by player 1
[15:25:49.940] [SEVERE ] updating countdown to 14997
[15:25:50.098] [SEVERE ] key 88 was pressed by player 1
[15:25:50.410] [SEVERE ] key 88 was pressed by player 1
[15:25:50.436] [SEVERE ] key 90 was pressed by player 1
[15:25:50.674] [SEVERE ] key 88 was pressed by player 1
[15:25:50.947] [SEVERE ] updating countdown to 13990
[15:25:51.044] [SEVERE ] key 67 was pressed by player 1
[15:25:51.222] [SEVERE ] key 67 was pressed by player 1
[15:25:51.428] [SEVERE ] key 86 was pressed by player 1
[15:25:51.627] [SEVERE ] key 86 was pressed by player 1
[15:25:51.778] [SEVERE ] key 86 was pressed by player 1
[15:25:51.949] [SEVERE ] updating countdown to 12988
[15:25:52.403] [SEVERE ] key 70 was pressed by player 1
[15:25:52.821] [SEVERE ] key 70 was pressed by player 1
[15:25:52.946] [SEVERE ] updating countdown to 11991
[15:25:53.020] [SEVERE ] key 70 was pressed by player 1
[15:25:53.264] [SEVERE ] key 70 was pressed by player 1
[15:25:53.443] [SEVERE ] key 70 was pressed by player 1
[15:25:53.637] [SEVERE ] key 70 was pressed by player 1
[15:25:53.844] [SEVERE ] key 70 was pressed by player 1
[15:25:53.947] [SEVERE ] updating countdown to 10990
[15:25:54.046] [SEVERE ] key 70 was pressed by player 1
[15:25:54.483] [SEVERE ] key 70 was pressed by player 1
[15:25:54.701] [SEVERE ] key 70 was pressed by player 1
[15:25:54.864] [SEVERE ] key 70 was pressed by player 1
[15:25:54.941] [SEVERE ] updating countdown to 9996
[15:25:55.087] [SEVERE ] key 70 was pressed by player 1
[15:25:55.281] [SEVERE ] key 70 was pressed by player 1
[15:25:55.514] [SEVERE ] key 70 was pressed by player 1
[15:25:55.687] [SEVERE ] key 70 was pressed by player 1
[15:25:55.936] [SEVERE ] key 70 was pressed by player 1
[15:25:55.945] [SEVERE ] updating countdown to 8992
[15:25:56.328] [SEVERE ] key 70 was pressed by player 1
[15:25:56.727] [SEVERE ] key 70 was pressed by player 1
[15:25:56.941] [SEVERE ] updating countdown to 7996
[15:25:57.943] [SEVERE ] updating countdown to 6994
[15:25:58.039] [SEVERE ] key 82 was pressed by player 1
[15:25:58.217] [SEVERE ] key 82 was pressed by player 1
[15:25:58.486] [SEVERE ] key 69 was pressed by player 1
[15:25:58.678] [SEVERE ] key 69 was pressed by player 1
[15:25:58.881] [SEVERE ] key 69 was pressed by player 1
[15:25:58.940] [SEVERE ] updating countdown to 5997
[15:25:59.675] [SEVERE ] key 81 was pressed by player 1
[15:26:00.034] [SEVERE ] key 87 was pressed by player 1
[15:26:00.034] [SEVERE ] removing player 1 token from slot 1
[15:26:01.868] [SEVERE ] key 81 was pressed by player 1
[15:26:01.869] [SEVERE ] player 1 placing token on slot 0
[15:26:01.869] [SEVERE ] setting player 1 freeze to 3000
[15:26:02.715] [SEVERE ] key 87 was pressed by player 1
[15:26:02.876] [SEVERE ] setting player 1 freeze to 2000
[15:26:02.930] [SEVERE ] key 87 was pressed by player 1
[15:26:03.078] [SEVERE ] key 87 was pressed by player 1
[15:26:03.389] [SEVERE ] key 81 was pressed by player 1
[15:26:03.887] [SEVERE ] setting player 1 freeze to 1000
[15:26:04.888] [SEVERE ] setting player 1 freeze to 0
[15:26:04.888] [SEVERE ] removing player 1 token from slot 0
[15:26:04.892] [SEVERE ] key 87 was pressed by player 1
[15:26:04.892] [SEVERE ] player 1 placing token on slot 1
[15:26:04.892] [SEVERE ] key 87 was pressed by player 1
[15:26:04.893] [SEVERE ] key 69 was pressed by player 1
[15:26:04.893] [SEVERE ] setting player 1 freeze to 3000
[15:26:04.944] [SEVERE ] key 81 was pressed by player 1
[15:26:05.000] [SEVERE ] updating countdown to 0
[15:26:05.000] [SEVERE ] updating countdown to 0
[15:26:05.069] [SEVERE ] key 87 was pressed by player 1
[15:26:05.109] [SEVERE ] removing tokens from slot 7
[15:26:05.109] [SEVERE ] removing card from slot 7
[15:26:05.218] [SEVERE ] removing tokens from slot 11
[15:26:05.218] [SEVERE ] removing card from slot 11
[15:26:05.327] [SEVERE ] removing tokens from slot 10
[15:26:05.327] [SEVERE ] removing card from slot 10
[15:26:05.437] [SEVERE ] removing tokens from slot 2
[15:26:05.437] [SEVERE ] removing card from slot 2
[15:26:05.545] [SEVERE ] removing tokens from slot 3
[15:26:05.545] [SEVERE ] removing card from slot 3
[15:26:05.655] [SEVERE ] removing tokens from slot 1
[15:26:05.655] [SEVERE ] removing card from slot 1
[15:26:05.765] [SEVERE ] removing tokens from slot 9
[15:26:05.765] [SEVERE ] removing card from slot 9
[15:26:05.873] [SEVERE ] removing tokens from slot 6
[15:26:05.873] [SEVERE ] removing card from slot 6
[15:26:05.894] [SEVERE ] setting player 1 freeze to 2000
[15:26:05.986] [SEVERE ] removing tokens from slot 0
[15:26:05.986] [SEVERE ] removing card from slot 0
[15:26:06.095] [SEVERE ] removing tokens from slot 5
[15:26:06.095] [SEVERE ] removing card from slot 5
[15:26:06.204] [SEVERE ] removing tokens from slot 4
[15:26:06.204] [SEVERE ] removing card from slot 4
[15:26:06.313] [SEVERE ] removing tokens from slot 8
[15:26:06.313] [SEVERE ] removing card from slot 8
[15:26:06.422] [SEVERE ] placing card 31 in slot 1
[15:26:06.531] [SEVERE ] placing card 23 in slot 8
[15:26:06.640] [SEVERE ] placing card 17 in slot 7
[15:26:06.749] [SEVERE ] placing card 13 in slot 5
[15:26:06.858] [SEVERE ] placing card 46 in slot 4
[15:26:06.906] [SEVERE ] setting player 1 freeze to 1000
[15:26:06.971] [SEVERE ] placing card 67 in slot 6
[15:26:07.080] [SEVERE ] placing card 77 in slot 2
[15:26:07.189] [SEVERE ] placing card 28 in slot 10
[15:26:07.298] [SEVERE ] placing card 8 in slot 9
[15:26:07.408] [SEVERE ] placing card 80 in slot 3
[15:26:07.516] [SEVERE ] placing card 51 in slot 11
[15:26:07.627] [SEVERE ] placing card 36 in slot 0
[15:26:07.631] [SEVERE ] updating countdown to 29999
[15:26:07.631] [SEVERE ] updating countdown to 29999
[15:26:07.631] [SEVERE ] updating countdown to 29999
[15:26:07.632] [SEVERE ] updating countdown to 29998
[15:26:07.906] [SEVERE ] setting player 1 freeze to 0
[15:26:07.907] [SEVERE ] player 1 placing token on slot 1
[15:26:07.913] [SEVERE ] key 81 was pressed by player 1
[15:26:07.914] [SEVERE ] player 1 placing token on slot 0
[15:26:07.914] [SEVERE ] key 87 was pressed by player 1
[15:26:07.914] [SEVERE ] removing player 1 token from slot 1
[15:26:07.914] [SEVERE ] key 81 was pressed by player 1
[15:26:07.915] [SEVERE ] removing player 1 token from slot 0
[15:26:07.915] [SEVERE ] key 87 was pressed by player 1
[15:26:07.915] [SEVERE ] player 1 placing token on slot 1
[15:26:07.915] [SEVERE ] key 81 was pressed by player 1
[15:26:07.915] [SEVERE ] player 1 placing token on slot 0
[15:26:07.915] [SEVERE ] key 87 was pressed by player 1
[15:26:07.915] [SEVERE ] removing player 1 token from slot 1
[15:26:07.915] [SEVERE ] key 81 was pressed by player 1
[15:26:07.916] [SEVERE ] removing player 1 token from slot 0
[15:26:07.916] [SEVERE ] key 87 was pressed by player 1
[15:26:07.916] [SEVERE ] player 1 placing token on slot 1
[15:26:07.916] [SEVERE ] key 81 was pressed by player 1
[15:26:07.916] [SEVERE ] player 1 placing token on slot 0
[15:26:07.916] [SEVERE ] key 81 was pressed by player 1
[15:26:07.916] [SEVERE ] removing player 1 token from slot 0
[15:26:07.917] [SEVERE ] key 87 was pressed by player 1
[15:26:07.917] [SEVERE ] removing player 1 token from slot 1
[15:26:07.917] [SEVERE ] key 81 was pressed by player 1
[15:26:07.917] [SEVERE ] player 1 placing token on slot 0
[15:26:07.917] [SEVERE ] key 87 was pressed by player 1
[15:26:07.917] [SEVERE ] player 1 placing token on slot 1
[15:26:07.918] [SEVERE ] key 81 was pressed by player 1
[15:26:07.918] [SEVERE ] removing player 1 token from slot 0
[15:26:08.638] [SEVERE ] updating countdown to 28992
[15:26:09.297] [SEVERE ] key 81 was pressed by player 1
[15:26:09.297] [SEVERE ] player 1 placing token on slot 0
[15:26:09.389] [SEVERE ] key 87 was pressed by player 1
[15:26:09.389] [SEVERE ] removing player 1 token from slot 1
[15:26:09.507] [SEVERE ] key 81 was pressed by player 1
[15:26:09.507] [SEVERE ] removing player 1 token from slot 0
[15:26:09.601] [SEVERE ] key 87 was pressed by player 1
[15:26:09.601] [SEVERE ] player 1 placing token on slot 1
[15:26:09.637] [SEVERE ] updating countdown to 27993
[15:26:09.706] [SEVERE ] key 81 was pressed by player 1
[15:26:09.707] [SEVERE ] player 1 placing token on slot 0
[15:26:09.799] [SEVERE ] key 87 was pressed by player 1
[15:26:09.799] [SEVERE ] removing player 1 token from slot 1
[15:26:09.897] [SEVERE ] key 81 was pressed by player 1
[15:26:09.898] [SEVERE ] removing player 1 token from slot 0
[15:26:10.066] [SEVERE ] key 81 was pressed by player 1
[15:26:10.066] [SEVERE ] player 1 placing token on slot 0
[15:26:10.156] [SEVERE ] key 87 was pressed by player 1
[15:26:10.157] [SEVERE ] player 1 placing token on slot 1
[15:26:10.253] [SEVERE ] key 81 was pressed by player 1
[15:26:10.253] [SEVERE ] removing player 1 token from slot 0
[15:26:10.349] [SEVERE ] key 87 was pressed by player 1
[15:26:10.349] [SEVERE ] removing player 1 token from slot 1
[15:26:10.457] [SEVERE ] key 81 was pressed by player 1
[15:26:10.458] [SEVERE ] player 1 placing token on slot 0
[15:26:10.633] [SEVERE ] updating countdown to 26997
[15:26:10.646] [SEVERE ] key 81 was pressed by player 1
[15:26:10.647] [SEVERE ] removing player 1 token from slot 0
[15:26:10.814] [SEVERE ] key 87 was pressed by player 1
[15:26:10.815] [SEVERE ] player 1 placing token on slot 1
[15:26:10.921] [SEVERE ] key 81 was pressed by player 1
[15:26:10.922] [SEVERE ] player 1 placing token on slot 0
[15:26:11.024] [SEVERE ] key 87 was pressed by player 1
[15:26:11.025] [SEVERE ] removing player 1 token from slot 1
[15:26:11.145] [SEVERE ] key 81 was pressed by player 1
[15:26:11.145] [SEVERE ] removing player 1 token from slot 0
[15:26:11.298] [SEVERE ] key 87 was pressed by player 1
[15:26:11.299] [SEVERE ] player 1 placing token on slot 1
[15:26:11.431] [SEVERE ] key 81 was pressed by player 1
[15:26:11.432] [SEVERE ] player 1 placing token on slot 0
[15:26:11.549] [SEVERE ] key 87 was pressed by player 1
[15:26:11.549] [SEVERE ] removing player 1 token from slot 1
[15:26:11.636] [SEVERE ] updating countdown to 25994
[15:26:11.905] [SEVERE ] key 87 was pressed by player 1
[15:26:11.906] [SEVERE ] player 1 placing token on slot 1
[15:26:12.074] [SEVERE ] key 87 was pressed by player 1
[15:26:12.074] [SEVERE ] removing player 1 token from slot 1
[15:26:12.219] [SEVERE ] key 87 was pressed by player 1
[15:26:12.219] [SEVERE ] player 1 placing token on slot 1
[15:26:12.350] [SEVERE ] key 87 was pressed by player 1
[15:26:12.350] [SEVERE ] removing player 1 token from slot 1
[15:26:12.488] [SEVERE ] key 87 was pressed by player 1
[15:26:12.489] [SEVERE ] player 1 placing token on slot 1
[15:26:12.617] [SEVERE ] key 87 was pressed by player 1
[15:26:12.618] [SEVERE ] removing player 1 token from slot 1
[15:26:12.638] [SEVERE ] updating countdown to 24992
[15:26:12.730] [SEVERE ] key 87 was pressed by player 1
[15:26:12.730] [SEVERE ] player 1 placing token on slot 1
[15:26:13.000] [SEVERE ] key 65 was pressed by player 1
[15:26:13.001] [SEVERE ] player 1 placing token on slot 4
[15:26:13.001] [SEVERE ] updating countdown to 24629
[15:26:13.001] [SEVERE ] setting player 1 freeze to 3000
[15:26:13.147] [SEVERE ] key 81 was pressed by player 1
[15:26:13.157] [SEVERE ] key 87 was pressed by player 1
[15:26:13.300] [SEVERE ] key 87 was pressed by player 1
[15:26:13.422] [SEVERE ] key 65 was pressed by player 1
[15:26:13.637] [SEVERE ] updating countdown to 23993
[15:26:14.012] [SEVERE ] setting player 1 freeze to 2000
[15:26:14.634] [SEVERE ] updating countdown to 22996
[15:26:15.023] [SEVERE ] setting player 1 freeze to 1000
[15:26:15.647] [SEVERE ] updating countdown to 21983
[15:26:16.034] [SEVERE ] setting player 1 freeze to 0
[15:26:16.034] [SEVERE ] removing player 1 token from slot 4
[15:26:16.035] [SEVERE ] key 87 was pressed by player 1
[15:26:16.035] [SEVERE ] removing player 1 token from slot 1
[15:26:16.038] [SEVERE ] key 65 was pressed by player 1
[15:26:16.038] [SEVERE ] player 1 placing token on slot 4
[15:26:16.038] [SEVERE ] key 83 was pressed by player 1
[15:26:16.038] [SEVERE ] player 1 placing token on slot 5
[15:26:16.039] [SEVERE ] updating countdown to 21591
[15:26:16.039] [SEVERE ] key 65 was pressed by player 1
[15:26:16.039] [SEVERE ] setting player 1 freeze to 3000
[15:26:16.039] [SEVERE ] key 90 was pressed by player 1
[15:26:16.039] [SEVERE ] key 83 was pressed by player 1
[15:26:16.040] [SEVERE ] key 87 was pressed by player 1
[15:26:16.643] [SEVERE ] updating countdown to 20987
[15:26:17.048] [SEVERE ] setting player 1 freeze to 2000
[15:26:17.641] [SEVERE ] updating countdown to 19989
[15:26:18.048] [SEVERE ] setting player 1 freeze to 1000
[15:26:18.643] [SEVERE ] updating countdown to 18987
[15:26:19.064] [SEVERE ] setting player 1 freeze to 0
[15:26:19.064] [SEVERE ] key 65 was pressed by player 1
[15:26:19.064] [SEVERE ] removing player 1 token from slot 4
[15:26:19.064] [SEVERE ] key 83 was pressed by player 1
[15:26:19.065] [SEVERE ] removing player 1 token from slot 5
[15:26:19.065] [SEVERE ] key 65 was pressed by player 1
[15:26:19.065] [SEVERE ] player 1 placing token on slot 4
[15:26:19.065] [SEVERE ] key 90 was pressed by player 1
[15:26:19.065] [SEVERE ] player 1 placing token on slot 8
[15:26:19.065] [SEVERE ] key 83 was pressed by player 1
[15:26:19.065] [SEVERE ] key 90 was pressed by player 1
[15:26:19.065] [SEVERE ] updating countdown to 18565
[15:26:19.065] [SEVERE ] key 65 was pressed by player 1
[15:26:19.065] [SEVERE ] setting player 1 freeze to 3000
[15:26:19.065] [SEVERE ] key 90 was pressed by player 1
[15:26:19.641] [SEVERE ] updating countdown to 17989
[15:26:20.075] [SEVERE ] setting player 1 freeze to 2000
[15:26:20.636] [SEVERE ] updating countdown to 16994
[15:26:21.089] [SEVERE ] setting player 1 freeze to 1000
[15:26:21.634] [SEVERE ] updating countdown to 15996
[15:26:22.103] [SEVERE ] setting player 1 freeze to 0
[15:26:22.103] [SEVERE ] removing player 1 token from slot 8
[15:26:22.104] [SEVERE ] key 65 was pressed by player 1
[15:26:22.104] [SEVERE ] key 83 was pressed by player 1
[15:26:22.104] [SEVERE ] removing player 1 token from slot 4
[15:26:22.104] [SEVERE ] key 65 was pressed by player 1
[15:26:22.105] [SEVERE ] key 90 was pressed by player 1
[15:26:22.105] [SEVERE ] key 65 was pressed by player 1
[15:26:22.106] [SEVERE ] key 90 was pressed by player 1
[15:26:22.105] [SEVERE ] player 1 placing token on slot 5
[15:26:22.106] [SEVERE ] player 1 placing token on slot 4
[15:26:22.107] [SEVERE ] updating countdown to 15523
[15:26:22.107] [SEVERE ] key 83 was pressed by player 1
[15:26:22.107] [SEVERE ] setting player 1 freeze to 3000
[15:26:22.638] [SEVERE ] updating countdown to 14992
[15:26:23.122] [SEVERE ] setting player 1 freeze to 2000
[15:26:23.636] [SEVERE ] updating countdown to 13994
[15:26:24.135] [SEVERE ] setting player 1 freeze to 1000
[15:26:24.638] [SEVERE ] updating countdown to 12992
[15:26:25.138] [SEVERE ] setting player 1 freeze to 0
[15:26:25.138] [SEVERE ] removing player 1 token from slot 5
[15:26:25.138] [SEVERE ] key 87 was pressed by player 1
[15:26:25.138] [SEVERE ] key 65 was pressed by player 1
[15:26:25.138] [SEVERE ] key 90 was pressed by player 1
[15:26:25.139] [SEVERE ] player 1 placing token on slot 1
[15:26:25.139] [SEVERE ] updating countdown to 12491
[15:26:25.139] [SEVERE ] setting player 1 freeze to 3000
[15:26:25.141] [SEVERE ] key 65 was pressed by player 1
[15:26:25.141] [SEVERE ] key 90 was pressed by player 1
[15:26:25.635] [SEVERE ] updating countdown to 11995
[15:26:26.155] [SEVERE ] setting player 1 freeze to 2000
[15:26:26.638] [SEVERE ] updating countdown to 10992
[15:26:27.169] [SEVERE ] setting player 1 freeze to 1000
[15:26:27.639] [SEVERE ] updating countdown to 9991
[15:26:28.183] [SEVERE ] setting player 1 freeze to 0
[15:26:28.183] [SEVERE ] key 69 was pressed by player 1
[15:26:28.183] [SEVERE ] key 87 was pressed by player 1
[15:26:28.184] [SEVERE ] removing player 1 token from slot 1
[15:26:28.635] [SEVERE ] updating countdown to 8995
[15:26:29.632] [SEVERE ] updating countdown to 7998
[15:26:30.635] [SEVERE ] updating countdown to 6995
[15:26:31.635] [SEVERE ] updating countdown to 5995
[15:26:33.902] [SEVERE ] key 90 was pressed by player 1
[15:26:33.902] [SEVERE ] player 1 placing token on slot 8
[15:26:33.902] [SEVERE ] setting player 1 freeze to 3000
[15:26:34.908] [SEVERE ] setting player 1 freeze to 2000
[15:26:35.921] [SEVERE ] setting player 1 freeze to 1000
[15:26:36.935] [SEVERE ] setting player 1 freeze to 0
[15:26:37.714] [SEVERE ] updating countdown to 0
[15:26:37.714] [SEVERE ] updating countdown to 0
[15:26:37.824] [SEVERE ] removing tokens from slot 11
[15:26:37.824] [SEVERE ] removing card from slot 11
[15:26:37.933] [SEVERE ] removing tokens from slot 0
[15:26:37.933] [SEVERE ] removing card from slot 0
[15:26:38.042] [SEVERE ] removing tokens from slot 8
[15:26:38.042] [SEVERE ] removing card from slot 8
[15:26:38.150] [SEVERE ] removing tokens from slot 4
[15:26:38.150] [SEVERE ] removing card from slot 4
[15:26:38.258] [SEVERE ] removing tokens from slot 1
[15:26:38.258] [SEVERE ] removing card from slot 1
[15:26:38.367] [SEVERE ] removing tokens from slot 9
[15:26:38.367] [SEVERE ] removing card from slot 9
[15:26:38.477] [SEVERE ] removing tokens from slot 3
[15:26:38.477] [SEVERE ] removing card from slot 3
[15:26:38.585] [SEVERE ] removing tokens from slot 6
[15:26:38.585] [SEVERE ] removing card from slot 6
[15:26:38.696] [SEVERE ] removing tokens from slot 10
[15:26:38.696] [SEVERE ] removing card from slot 10
[15:26:38.804] [SEVERE ] removing tokens from slot 5
[15:26:38.804] [SEVERE ] removing card from slot 5
[15:26:38.913] [SEVERE ] removing tokens from slot 2
[15:26:38.913] [SEVERE ] removing card from slot 2
[15:26:39.022] [SEVERE ] removing tokens from slot 7
[15:26:39.022] [SEVERE ] removing card from slot 7
[15:26:39.131] [SEVERE ] placing card 7 in slot 5
[15:26:39.240] [SEVERE ] placing card 32 in slot 1
[15:26:39.349] [SEVERE ] placing card 17 in slot 6
[15:26:39.457] [SEVERE ] placing card 33 in slot 10
[15:26:39.565] [SEVERE ] placing card 34 in slot 9
[15:26:39.674] [SEVERE ] placing card 74 in slot 2
[15:26:39.782] [SEVERE ] placing card 1 in slot 8
[15:26:39.892] [SEVERE ] placing card 50 in slot 11
[15:26:40.001] [SEVERE ] placing card 67 in slot 0
[15:26:40.109] [SEVERE ] placing card 47 in slot 3
[15:26:40.217] [SEVERE ] placing card 69 in slot 4
[15:26:40.327] [SEVERE ] placing card 80 in slot 7
[15:26:40.330] [SEVERE ] updating countdown to 29999
[15:26:40.712] [SEVERE ] key 65 was pressed by player 1
[15:26:40.712] [SEVERE ] player 1 placing token on slot 4
[15:26:40.771] [SEVERE ] key 83 was pressed by player 1
[15:26:40.772] [SEVERE ] player 1 placing token on slot 5
[15:26:40.888] [SEVERE ] key 68 was pressed by player 1
[15:26:40.889] [SEVERE ] player 1 placing token on slot 6
[15:26:40.889] [SEVERE ] updating countdown to 29440
[15:26:40.889] [SEVERE ] setting player 1 freeze to 3000
[15:26:41.273] [SEVERE ] key 69 was pressed by player 1
[15:26:41.344] [SEVERE ] updating countdown to 28985
[15:26:41.891] [SEVERE ] setting player 1 freeze to 2000
[15:26:42.343] [SEVERE ] updating countdown to 27986
[15:26:42.902] [SEVERE ] setting player 1 freeze to 1000
[15:26:43.340] [SEVERE ] updating countdown to 26989
[15:26:43.915] [SEVERE ] setting player 1 freeze to 0
[15:26:44.336] [SEVERE ] updating countdown to 25993
[15:26:45.335] [SEVERE ] updating countdown to 24994
[15:26:46.335] [SEVERE ] updating countdown to 23994
[15:26:46.979] [SEVERE ] key 81 was pressed by player 1
[15:26:47.027] [SEVERE ] key 87 was pressed by player 1
[15:26:47.047] [SEVERE ] key 69 was pressed by player 1
[15:26:47.219] [SEVERE ] key 81 was pressed by player 1
[15:26:47.244] [SEVERE ] key 87 was pressed by player 1
[15:26:47.300] [SEVERE ] key 69 was pressed by player 1
[15:26:47.339] [SEVERE ] updating countdown to 22990
[15:26:47.433] [SEVERE ] key 81 was pressed by player 1
[15:26:47.453] [SEVERE ] key 87 was pressed by player 1
[15:26:47.513] [SEVERE ] key 69 was pressed by player 1
[15:26:47.631] [SEVERE ] key 81 was pressed by player 1
[15:26:47.708] [SEVERE ] key 69 was pressed by player 1
[15:26:47.814] [SEVERE ] key 81 was pressed by player 1
[15:26:47.876] [SEVERE ] key 69 was pressed by player 1
[15:26:48.003] [SEVERE ] key 81 was pressed by player 1
[15:26:48.075] [SEVERE ] key 69 was pressed by player 1
[15:26:48.191] [SEVERE ] key 81 was pressed by player 1
[15:26:48.258] [SEVERE ] key 69 was pressed by player 1
[15:26:48.334] [SEVERE ] updating countdown to 21995
[15:26:48.380] [SEVERE ] key 81 was pressed by player 1
[15:26:48.396] [SEVERE ] key 87 was pressed by player 1
[15:26:48.471] [SEVERE ] key 69 was pressed by player 1
[15:26:48.590] [SEVERE ] key 81 was pressed by player 1
[15:26:48.608] [SEVERE ] key 87 was pressed by player 1
[15:26:48.669] [SEVERE ] key 69 was pressed by player 1
[15:26:48.782] [SEVERE ] key 81 was pressed by player 1
[15:26:48.792] [SEVERE ] key 87 was pressed by player 1
[15:26:49.008] [SEVERE ] key 81 was pressed by player 1
[15:26:49.117] [SEVERE ] key 69 was pressed by player 1
[15:26:49.173] [SEVERE ] key 81 was pressed by player 1
[15:26:49.209] [SEVERE ] key 87 was pressed by player 1
[15:26:49.275] [SEVERE ] key 69 was pressed by player 1
[15:26:49.336] [SEVERE ] updating countdown to 20993
[15:26:49.387] [SEVERE ] key 81 was pressed by player 1
[15:26:49.476] [SEVERE ] key 68 was pressed by player 1
[15:26:49.476] [SEVERE ] removing player 1 token from slot 6
[15:26:49.629] [SEVERE ] key 81 was pressed by player 1
[15:26:49.630] [SEVERE ] player 1 placing token on slot 0
[15:26:49.630] [SEVERE ] updating countdown to 20699
[15:26:49.630] [SEVERE ] setting player 1 freeze to 3000
[15:26:49.689] [SEVERE ] key 68 was pressed by player 1
[15:26:49.810] [SEVERE ] key 87 was pressed by player 1
[15:26:49.820] [SEVERE ] key 81 was pressed by player 1
[15:26:49.865] [SEVERE ] key 68 was pressed by player 1
[15:26:50.332] [SEVERE ] updating countdown to 19997
[15:26:50.643] [SEVERE ] setting player 1 freeze to 2000
[15:26:51.331] [SEVERE ] updating countdown to 18998
[15:26:51.660] [SEVERE ] setting player 1 freeze to 1000
[15:26:52.337] [SEVERE ] updating countdown to 17992
[15:26:52.666] [SEVERE ] setting player 1 freeze to 0
[15:26:52.667] [SEVERE ] key 81 was pressed by player 1
[15:26:52.667] [SEVERE ] key 87 was pressed by player 1
[15:26:52.667] [SEVERE ] removing player 1 token from slot 0
[15:26:52.668] [SEVERE ] key 68 was pressed by player 1
[15:26:52.668] [SEVERE ] player 1 placing token on slot 1
[15:26:52.668] [SEVERE ] key 81 was pressed by player 1
[15:26:52.668] [SEVERE ] updating countdown to 17661
[15:26:52.669] [SEVERE ] setting player 1 freeze to 3000
[15:26:52.671] [SEVERE ] key 68 was pressed by player 1
[15:26:52.671] [SEVERE ] key 81 was pressed by player 1
[15:26:53.337] [SEVERE ] updating countdown to 16992
[15:26:53.682] [SEVERE ] setting player 1 freeze to 2000
[15:26:54.341] [SEVERE ] updating countdown to 15988
[15:26:54.683] [SEVERE ] setting player 1 freeze to 1000
[15:26:55.339] [SEVERE ] updating countdown to 14990
[15:26:55.696] [SEVERE ] setting player 1 freeze to 0
[15:26:55.696] [SEVERE ] key 87 was pressed by player 1
[15:26:55.698] [SEVERE ] removing player 1 token from slot 1
[15:26:55.698] [SEVERE ] key 81 was pressed by player 1
[15:26:55.698] [SEVERE ] player 1 placing token on slot 0
[15:26:55.698] [SEVERE ] key 87 was pressed by player 1
[15:26:55.699] [SEVERE ] updating countdown to 14630
[15:26:55.699] [SEVERE ] key 68 was pressed by player 1
[15:26:55.699] [SEVERE ] setting player 1 freeze to 3000
[15:26:55.699] [SEVERE ] key 87 was pressed by player 1
[15:26:56.339] [SEVERE ] updating countdown to 13990
[15:26:56.713] [SEVERE ] setting player 1 freeze to 2000
[15:26:57.338] [SEVERE ] updating countdown to 12991
[15:26:57.715] [SEVERE ] setting player 1 freeze to 1000
[15:26:58.337] [SEVERE ] updating countdown to 11992
[15:26:58.727] [SEVERE ] setting player 1 freeze to 0
[15:26:59.346] [SEVERE ] updating countdown to 10983
[15:27:00.345] [SEVERE ] updating countdown to 9984
[15:27:01.344] [SEVERE ] updating countdown to 8985
[15:27:02.344] [SEVERE ] updating countdown to 7985
[15:27:03.130] [SEVERE ] key 87 was pressed by player 1
[15:27:03.336] [SEVERE ] updating countdown to 6993
[15:27:04.345] [SEVERE ] updating countdown to 5984
[15:27:04.494] [SEVERE ] key 87 was pressed by player 1
[15:27:04.682] [SEVERE ] key 87 was pressed by player 1
[15:27:04.854] [SEVERE ] key 87 was pressed by player 1
[15:27:05.030] [SEVERE ] key 87 was pressed by player 1
[15:27:05.198] [SEVERE ] key 87 was pressed by player 1
[15:27:05.382] [SEVERE ] key 87 was pressed by player 1
[15:27:05.591] [SEVERE ] key 87 was pressed by player 1
[15:27:05.773] [SEVERE ] key 87 was pressed by player 1
[15:27:05.966] [SEVERE ] key 87 was pressed by player 1
[15:27:06.161] [SEVERE ] key 87 was pressed by player 1
[15:27:06.401] [SEVERE ] key 87 was pressed by player 1
[15:27:06.623] [SEVERE ] key 87 was pressed by player 1
[15:27:06.851] [SEVERE ] key 87 was pressed by player 1
[15:27:07.524] [SEVERE ] key 81 was pressed by player 1
[15:27:07.525] [SEVERE ] removing player 1 token from slot 0
[15:27:07.697] [SEVERE ] key 81 was pressed by player 1
[15:27:07.697] [SEVERE ] player 1 placing token on slot 0
[15:27:07.698] [SEVERE ] setting player 1 freeze to 3000
[15:27:08.653] [SEVERE ] key 69 was pressed by player 1
[15:27:08.709] [SEVERE ] setting player 1 freeze to 2000
[15:27:08.767] [SEVERE ] key 81 was pressed by player 1
[15:27:08.777] [SEVERE ] key 87 was pressed by player 1
[15:27:08.824] [SEVERE ] key 69 was pressed by player 1
[15:27:09.723] [SEVERE ] setting player 1 freeze to 1000
[15:27:10.423] [SEVERE ] updating countdown to 0
[15:27:10.423] [SEVERE ] updating countdown to 0
[15:27:10.532] [SEVERE ] removing tokens from slot 9
[15:27:10.532] [SEVERE ] removing card from slot 9
[15:27:10.641] [SEVERE ] removing tokens from slot 7
[15:27:10.641] [SEVERE ] removing card from slot 7
[15:27:10.734] [SEVERE ] setting player 1 freeze to 0
[15:27:10.741] [SEVERE ] key 81 was pressed by player 1
[15:27:10.741] [SEVERE ] key 87 was pressed by player 1
[15:27:10.742] [SEVERE ] key 69 was pressed by player 1
[15:27:10.742] [SEVERE ] key 81 was pressed by player 1
[15:27:10.750] [SEVERE ] removing tokens from slot 6
[15:27:10.750] [SEVERE ] removing card from slot 6
[15:27:10.859] [SEVERE ] removing tokens from slot 8
[15:27:10.859] [SEVERE ] removing card from slot 8
[15:27:10.968] [SEVERE ] removing tokens from slot 1
[15:27:10.968] [SEVERE ] removing card from slot 1
[15:27:11.078] [SEVERE ] removing tokens from slot 10
[15:27:11.078] [SEVERE ] removing card from slot 10
[15:27:11.188] [SEVERE ] removing tokens from slot 4
[15:27:11.188] [SEVERE ] removing card from slot 4
[15:27:11.298] [SEVERE ] removing tokens from slot 11
[15:27:11.298] [SEVERE ] removing card from slot 11
[15:27:11.407] [SEVERE ] removing tokens from slot 3
[15:27:11.407] [SEVERE ] removing card from slot 3
[15:27:11.515] [SEVERE ] removing tokens from slot 2
[15:27:11.515] [SEVERE ] removing card from slot 2
[15:27:11.624] [SEVERE ] removing tokens from slot 0
[15:27:11.624] [SEVERE ] removing card from slot 0
[15:27:11.733] [SEVERE ] removing tokens from slot 5
[15:27:11.733] [SEVERE ] removing card from slot 5
[15:27:11.843] [SEVERE ] placing card 80 in slot 7
[15:27:11.952] [SEVERE ] placing card 53 in slot 9
[15:27:12.061] [SEVERE ] placing card 48 in slot 5
[15:27:12.170] [SEVERE ] placing card 33 in slot 8
[15:27:12.280] [SEVERE ] placing card 66 in slot 4
[15:27:12.391] [SEVERE ] placing card 23 in slot 2
[15:27:12.503] [SEVERE ] placing card 17 in slot 6
[15:27:12.612] [SEVERE ] placing card 61 in slot 10
[15:27:12.721] [SEVERE ] placing card 63 in slot 0
[15:27:12.829] [SEVERE ] placing card 13 in slot 1
[15:27:12.940] [SEVERE ] placing card 27 in slot 11
[15:27:13.049] [SEVERE ] placing card 14 in slot 3
[15:27:13.049] [SEVERE ] player 1 placing token on slot 2
[15:27:13.050] [SEVERE ] player 1 placing token on slot 0
[15:27:13.050] [SEVERE ] key 87 was pressed by player 1
[15:27:13.050] [SEVERE ] player 1 placing token on slot 1
[15:27:13.051] [SEVERE ] key 69 was pressed by player 1
[15:27:13.051] [SEVERE ] updating countdown to 29999
[15:27:13.053] [SEVERE ] updating countdown to 29997
[15:27:13.053] [SEVERE ] setting player 1 freeze to 3000
[15:27:14.063] [SEVERE ] setting player 1 freeze to 2000
[15:27:14.063] [SEVERE ] updating countdown to 28987
[15:27:15.056] [SEVERE ] updating countdown to 27994
[15:27:15.071] [SEVERE ] setting player 1 freeze to 1000
[15:27:16.066] [SEVERE ] updating countdown to 26984
[15:27:16.081] [SEVERE ] setting player 1 freeze to 0
[15:27:16.081] [SEVERE ] removing player 1 token from slot 2
[15:27:16.082] [SEVERE ] key 81 was pressed by player 1
[15:27:16.082] [SEVERE ] removing player 1 token from slot 0
[15:27:16.082] [SEVERE ] key 87 was pressed by player 1
[15:27:16.082] [SEVERE ] removing player 1 token from slot 1
[15:27:16.082] [SEVERE ] key 69 was pressed by player 1
[15:27:16.083] [SEVERE ] player 1 placing token on slot 2
[15:27:16.083] [SEVERE ] key 81 was pressed by player 1
[15:27:16.083] [SEVERE ] player 1 placing token on slot 0
[15:27:16.083] [SEVERE ] key 87 was pressed by player 1
[15:27:16.084] [SEVERE ] player 1 placing token on slot 1
[15:27:16.084] [SEVERE ] updating countdown to 26966
[15:27:16.084] [SEVERE ] key 69 was pressed by player 1
[15:27:16.084] [SEVERE ] setting player 1 freeze to 3000
[15:27:17.063] [SEVERE ] updating countdown to 25987
[15:27:17.094] [SEVERE ] setting player 1 freeze to 2000
[15:27:18.061] [SEVERE ] updating countdown to 24989
[15:27:18.109] [SEVERE ] setting player 1 freeze to 1000
[15:27:19.062] [SEVERE ] updating countdown to 23988
[15:27:19.109] [SEVERE ] setting player 1 freeze to 0
[15:27:20.060] [SEVERE ] updating countdown to 22990
[15:27:21.060] [SEVERE ] updating countdown to 21990
[15:27:22.058] [SEVERE ] updating countdown to 20992
[15:27:23.059] [SEVERE ] updating countdown to 19991
[15:27:24.060] [SEVERE ] updating countdown to 18990
[15:27:25.058] [SEVERE ] updating countdown to 17992
[15:27:26.062] [SEVERE ] updating countdown to 16988
[15:27:27.059] [SEVERE ] updating countdown to 15991
[15:27:28.061] [SEVERE ] updating countdown to 14989
[15:27:29.058] [SEVERE ] updating countdown to 13992
[15:27:30.053] [SEVERE ] updating countdown to 12997
[15:27:31.063] [SEVERE ] updating countdown to 11987
[15:27:31.868] [SEVERE ] key 87 was pressed by player 1
[15:27:31.868] [SEVERE ] removing player 1 token from slot 1
[15:27:32.065] [SEVERE ] updating countdown to 10985
[15:27:32.512] [SEVERE ] key 87 was pressed by player 1
[15:27:32.512] [SEVERE ] player 1 placing token on slot 1
[15:27:32.512] [SEVERE ] updating countdown to 10538
[15:27:32.513] [SEVERE ] setting player 1 freeze to 3000
[15:27:33.060] [SEVERE ] updating countdown to 9990
[15:27:33.527] [SEVERE ] setting player 1 freeze to 2000
[15:27:33.681] [SEVERE ] key 65 was pressed by player 1
[15:27:34.062] [SEVERE ] updating countdown to 8988
[15:27:34.533] [SEVERE ] setting player 1 freeze to 1000
[15:27:35.066] [SEVERE ] updating countdown to 7984
[15:27:35.549] [SEVERE ] setting player 1 freeze to 0
[15:27:36.063] [SEVERE ] updating countdown to 6987
[15:27:36.328] [SEVERE ] key 65 was pressed by player 1
[15:27:36.656] [SEVERE ] key 65 was pressed by player 1
[15:27:36.916] [SEVERE ] key 65 was pressed by player 1
[15:27:37.064] [SEVERE ] updating countdown to 5986
[15:27:37.111] [SEVERE ] key 65 was pressed by player 1
[15:27:37.438] [SEVERE ] key 65 was pressed by player 1
[15:27:37.653] [SEVERE ] key 65 was pressed by player 1
[15:27:37.955] [SEVERE ] key 65 was pressed by player 1
[15:27:38.269] [SEVERE ] key 65 was pressed by player 1
[15:27:38.476] [SEVERE ] key 65 was pressed by player 1
[15:27:38.700] [SEVERE ] key 65 was pressed by player 1
[15:27:38.887] [SEVERE ] key 65 was pressed by player 1
[15:27:41.298] [SEVERE ] key 81 was pressed by player 1
[15:27:41.298] [SEVERE ] removing player 1 token from slot 0
[15:27:41.697] [SEVERE ] key 81 was pressed by player 1
[15:27:41.698] [SEVERE ] player 1 placing token on slot 0
[15:27:41.698] [SEVERE ] setting player 1 freeze to 3000
[15:27:42.113] [SEVERE ] key 65 was pressed by player 1
[15:27:42.326] [SEVERE ] key 65 was pressed by player 1
[15:27:42.496] [SEVERE ] key 65 was pressed by player 1
[15:27:42.707] [SEVERE ] setting player 1 freeze to 2000
[15:27:42.975] [SEVERE ] key 65 was pressed by player 1
[15:27:43.111] [SEVERE ] updating countdown to 0
[15:27:43.111] [SEVERE ] updating countdown to 0
[15:27:43.221] [SEVERE ] removing tokens from slot 8
[15:27:43.221] [SEVERE ] removing card from slot 8
[15:27:43.330] [SEVERE ] removing tokens from slot 2
[15:27:43.330] [SEVERE ] removing card from slot 2
[15:27:43.438] [SEVERE ] removing tokens from slot 1
[15:27:43.438] [SEVERE ] removing card from slot 1
[15:27:43.546] [SEVERE ] removing tokens from slot 9
[15:27:43.546] [SEVERE ] removing card from slot 9
[15:27:43.654] [SEVERE ] removing tokens from slot 4
[15:27:43.654] [SEVERE ] removing card from slot 4
[15:27:43.716] [SEVERE ] setting player 1 freeze to 1000
[15:27:43.763] [SEVERE ] removing tokens from slot 10
[15:27:43.763] [SEVERE ] removing card from slot 10
[15:27:43.872] [SEVERE ] removing tokens from slot 0
[15:27:43.872] [SEVERE ] removing card from slot 0
[15:27:43.983] [SEVERE ] removing tokens from slot 7
[15:27:43.983] [SEVERE ] removing card from slot 7
[15:27:44.090] [SEVERE ] removing tokens from slot 5
[15:27:44.090] [SEVERE ] removing card from slot 5
[15:27:44.200] [SEVERE ] removing tokens from slot 11
[15:27:44.200] [SEVERE ] removing card from slot 11
[15:27:44.309] [SEVERE ] removing tokens from slot 6
[15:27:44.309] [SEVERE ] removing card from slot 6
[15:27:44.418] [SEVERE ] removing tokens from slot 3
[15:27:44.418] [SEVERE ] removing card from slot 3
[15:27:44.526] [SEVERE ] placing card 78 in slot 8
[15:27:44.636] [SEVERE ] placing card 60 in slot 10
[15:27:44.730] [SEVERE ] setting player 1 freeze to 0
[15:27:44.734] [SEVERE ] key 65 was pressed by player 1
[15:27:44.746] [SEVERE ] placing card 1 in slot 11
[15:27:44.855] [SEVERE ] placing card 61 in slot 6
[15:27:44.964] [SEVERE ] placing card 49 in slot 2
[15:27:45.072] [SEVERE ] placing card 40 in slot 1
[15:27:45.183] [SEVERE ] placing card 44 in slot 4
[15:27:45.291] [SEVERE ] placing card 33 in slot 9
[15:27:45.400] [SEVERE ] placing card 36 in slot 3
[15:27:45.509] [SEVERE ] placing card 62 in slot 0
[15:27:45.618] [SEVERE ] placing card 63 in slot 7
[15:27:45.727] [SEVERE ] placing card 29 in slot 5
[15:27:45.728] [SEVERE ] player 1 placing token on slot 4
[15:27:45.728] [SEVERE ] removing player 1 token from slot 4
[15:27:45.731] [SEVERE ] updating countdown to 29999
[15:27:45.731] [SEVERE ] updating countdown to 29999
[15:27:45.731] [SEVERE ] updating countdown to 29999
[15:27:45.731] [SEVERE ] updating countdown to 29999
[15:27:46.742] [SEVERE ] updating countdown to 28988
[15:27:47.739] [SEVERE ] updating countdown to 27991
[15:27:48.737] [SEVERE ] updating countdown to 26993
[15:27:49.732] [SEVERE ] updating countdown to 25998
[15:27:50.738] [SEVERE ] updating countdown to 24992
[15:27:51.733] [SEVERE ] updating countdown to 23997
[15:27:52.733] [SEVERE ] updating countdown to 22997
[15:27:53.734] [SEVERE ] updating countdown to 21996
[15:27:54.732] [SEVERE ] updating countdown to 20998
[15:27:55.735] [SEVERE ] updating countdown to 19995
[15:27:56.745] [SEVERE ] updating countdown to 18985
[15:27:57.743] [SEVERE ] updating countdown to 17987
[15:27:58.740] [SEVERE ] updating countdown to 16990
[15:27:59.736] [SEVERE ] updating countdown to 15994
[15:28:00.734] [SEVERE ] updating countdown to 14996
[15:28:01.734] [SEVERE ] updating countdown to 13996
[15:28:02.733] [SEVERE ] updating countdown to 12997
[15:28:03.735] [SEVERE ] updating countdown to 11995
[15:28:04.734] [SEVERE ] updating countdown to 10996
[15:28:05.745] [SEVERE ] updating countdown to 9985
[15:28:06.740] [SEVERE ] updating countdown to 8990
[15:28:07.740] [SEVERE ] updating countdown to 7990
[15:28:08.735] [SEVERE ] updating countdown to 6995
[15:28:09.738] [SEVERE ] updating countdown to 5992
[15:28:15.761] [SEVERE ] updating countdown to 0
[15:28:15.761] [SEVERE ] updating countdown to 0
[15:28:15.871] [SEVERE ] removing tokens from slot 6
[15:28:15.871] [SEVERE ] removing card from slot 6
[15:28:15.981] [SEVERE ] removing tokens from slot 3
[15:28:15.981] [SEVERE ] removing card from slot 3
[15:28:16.090] [SEVERE ] removing tokens from slot 9
[15:28:16.090] [SEVERE ] removing card from slot 9
[15:28:16.200] [SEVERE ] removing tokens from slot 2
[15:28:16.200] [SEVERE ] removing card from slot 2
[15:28:16.308] [SEVERE ] removing tokens from slot 4
[15:28:16.308] [SEVERE ] removing card from slot 4
[15:28:16.417] [SEVERE ] removing tokens from slot 8
[15:28:16.417] [SEVERE ] removing card from slot 8
[15:28:16.526] [SEVERE ] removing tokens from slot 7
[15:28:16.526] [SEVERE ] removing card from slot 7
[15:28:16.637] [SEVERE ] removing tokens from slot 0
[15:28:16.637] [SEVERE ] removing card from slot 0
[15:28:16.746] [SEVERE ] removing tokens from slot 5
[15:28:16.746] [SEVERE ] removing card from slot 5
[15:28:16.855] [SEVERE ] removing tokens from slot 1
[15:28:16.855] [SEVERE ] removing card from slot 1
[15:28:16.964] [SEVERE ] removing tokens from slot 10
[15:28:16.964] [SEVERE ] removing card from slot 10
[15:28:17.072] [SEVERE ] removing tokens from slot 11
[15:28:17.072] [SEVERE ] removing card from slot 11
[15:28:17.180] [SEVERE ] placing card 64 in slot 7
[15:28:17.289] [SEVERE ] placing card 72 in slot 1
[15:28:17.400] [SEVERE ] placing card 60 in slot 11
[15:28:17.510] [SEVERE ] placing card 71 in slot 5
[15:28:17.618] [SEVERE ] placing card 21 in slot 9
[15:28:17.729] [SEVERE ] placing card 8 in slot 4
[15:28:17.837] [SEVERE ] placing card 10 in slot 8
[15:28:17.945] [SEVERE ] placing card 77 in slot 3
[15:28:18.056] [SEVERE ] placing card 28 in slot 2
[15:28:18.166] [SEVERE ] placing card 51 in slot 0
[15:28:18.276] [SEVERE ] placing card 5 in slot 10
[15:28:18.385] [SEVERE ] placing card 56 in slot 6
[15:28:18.392] [SEVERE ] updating countdown to 29999
[15:28:18.392] [SEVERE ] updating countdown to 29999
[15:28:18.392] [SEVERE ] updating countdown to 29999
[15:28:18.392] [SEVERE ] updating countdown to 29999
[15:28:18.392] [SEVERE ] updating countdown to 29999
[15:28:18.392] [SEVERE ] updating countdown to 29999
[15:28:18.392] [SEVERE ] updating countdown to 29999
[15:28:18.392] [SEVERE ] updating countdown to 29999
[15:28:18.392] [SEVERE ] updating countdown to 29999
[15:28:18.392] [SEVERE ] updating countdown to 29999
[15:28:18.392] [SEVERE ] updating countdown to 29999
[15:28:18.392] [SEVERE ] updating countdown to 29999
[15:28:18.392] [SEVERE ] updating countdown to 29999
[15:28:18.392] [SEVERE ] updating countdown to 29999
[15:28:18.392] [SEVERE ] updating countdown to 29999
[15:28:18.392] [SEVERE ] updating countdown to 29999
[15:28:18.392] [SEVERE ] updating countdown to 29999
[15:28:18.392] [SEVERE ] updating countdown to 29999
[15:28:18.392] [SEVERE ] updating countdown to 29999
[15:28:18.392] [SEVERE ] updating countdown to 29999
[15:28:18.392] [SEVERE ] updating countdown to 29999
[15:28:18.394] [SEVERE ] updating countdown to 29999
[15:28:19.400] [SEVERE ] updating countdown to 28991
[15:28:20.398] [SEVERE ] updating countdown to 27993
[15:28:21.407] [SEVERE ] updating countdown to 26984
[15:28:22.403] [SEVERE ] updating countdown to 25988
[15:28:23.392] [SEVERE ] updating countdown to 24999
[15:28:24.404] [SEVERE ] updating countdown to 23987
[15:28:25.404] [SEVERE ] updating countdown to 22987
[15:28:26.400] [SEVERE ] updating countdown to 21991
[15:28:27.394] [SEVERE ] updating countdown to 20997
[15:28:28.393] [SEVERE ] updating countdown to 19998
[15:28:29.392] [SEVERE ] updating countdown to 18999
[15:28:29.392] [SEVERE ] updating countdown to 18999
[15:28:29.392] [SEVERE ] updating countdown to 18999
[15:28:30.395] [SEVERE ] updating countdown to 17996
[15:28:31.407] [SEVERE ] updating countdown to 16984
[15:28:32.393] [SEVERE ] updating countdown to 15998
[15:28:33.396] [SEVERE ] updating countdown to 14995
[15:28:34.395] [SEVERE ] updating countdown to 13996
[15:28:35.397] [SEVERE ] updating countdown to 12994
[15:28:36.393] [SEVERE ] updating countdown to 11998
[15:28:37.404] [SEVERE ] updating countdown to 10987
[15:28:38.407] [SEVERE ] updating countdown to 9984
[15:28:39.405] [SEVERE ] updating countdown to 8986
[15:28:40.395] [SEVERE ] updating countdown to 7996
[15:28:41.394] [SEVERE ] updating countdown to 6997
[15:28:42.393] [SEVERE ] updating countdown to 5998
[15:28:48.422] [SEVERE ] updating countdown to 0
[15:28:48.422] [SEVERE ] updating countdown to 0
[15:28:48.531] [SEVERE ] removing tokens from slot 2
[15:28:48.531] [SEVERE ] removing card from slot 2
[15:28:48.641] [SEVERE ] removing tokens from slot 9
[15:28:48.641] [SEVERE ] removing card from slot 9
[15:28:48.750] [SEVERE ] removing tokens from slot 7
[15:28:48.750] [SEVERE ] removing card from slot 7
[15:28:48.861] [SEVERE ] removing tokens from slot 3
[15:28:48.861] [SEVERE ] removing card from slot 3
[15:28:48.970] [SEVERE ] removing tokens from slot 4
[15:28:48.970] [SEVERE ] removing card from slot 4
[15:28:49.080] [SEVERE ] removing tokens from slot 0
[15:28:49.080] [SEVERE ] removing card from slot 0
[15:28:49.189] [SEVERE ] removing tokens from slot 8
[15:28:49.189] [SEVERE ] removing card from slot 8
[15:28:49.300] [SEVERE ] removing tokens from slot 11
[15:28:49.300] [SEVERE ] removing card from slot 11
[15:28:49.409] [SEVERE ] removing tokens from slot 6
[15:28:49.409] [SEVERE ] removing card from slot 6
[15:28:49.518] [SEVERE ] removing tokens from slot 5
[15:28:49.518] [SEVERE ] removing card from slot 5
[15:28:49.628] [SEVERE ] removing tokens from slot 10
[15:28:49.628] [SEVERE ] removing card from slot 10
[15:28:49.739] [SEVERE ] removing tokens from slot 1
[15:28:49.739] [SEVERE ] removing card from slot 1
[15:28:49.848] [SEVERE ] placing card 45 in slot 0
[15:28:49.961] [SEVERE ] placing card 8 in slot 5
[15:28:50.069] [SEVERE ] placing card 65 in slot 4
[15:28:50.179] [SEVERE ] placing card 3 in slot 1
[15:28:50.289] [SEVERE ] placing card 37 in slot 8
[15:28:50.398] [SEVERE ] placing card 76 in slot 3
[15:28:50.506] [SEVERE ] placing card 44 in slot 10
[15:28:50.615] [SEVERE ] placing card 29 in slot 9
[15:28:50.725] [SEVERE ] placing card 53 in slot 6
[15:28:50.835] [SEVERE ] placing card 67 in slot 11
[15:28:50.944] [SEVERE ] placing card 9 in slot 7
[15:28:51.052] [SEVERE ] placing card 24 in slot 2
[15:28:51.059] [SEVERE ] updating countdown to 29999
[15:28:52.063] [SEVERE ] updating countdown to 28995
[15:28:53.062] [SEVERE ] updating countdown to 27996
[15:28:54.061] [SEVERE ] updating countdown to 26997
[15:28:55.074] [SEVERE ] updating countdown to 25984
[15:28:56.068] [SEVERE ] updating countdown to 24990
[15:28:57.068] [SEVERE ] updating countdown to 23990
[15:28:58.066] [SEVERE ] updating countdown to 22992
[15:28:59.066] [SEVERE ] updating countdown to 21992
[15:28:59.350] [SEVERE ] exit button pressed
[15:28:59.350] [INFO   ] thread Player: 01 terminated.
[15:28:59.350] [INFO   ] thread Player: 11 terminated.
[15:29:00.061] [SEVERE ] updating countdown to 20997
[15:29:00.061] [SEVERE ] updating countdown to 20997
[15:29:00.171] [SEVERE ] removing tokens from slot 2
[15:29:00.171] [SEVERE ] removing card from slot 2
[15:29:00.281] [SEVERE ] removing tokens from slot 0
[15:29:00.281] [SEVERE ] removing card from slot 0
[15:29:00.390] [SEVERE ] removing tokens from slot 8
[15:29:00.390] [SEVERE ] removing card from slot 8
[15:29:00.499] [SEVERE ] removing tokens from slot 9
[15:29:00.499] [SEVERE ] removing card from slot 9
[15:29:00.608] [SEVERE ] removing tokens from slot 4
[15:29:00.608] [SEVERE ] removing card from slot 4
[15:29:00.719] [SEVERE ] removing tokens from slot 11
[15:29:00.719] [SEVERE ] removing card from slot 11
[15:29:00.828] [SEVERE ] removing tokens from slot 10
[15:29:00.828] [SEVERE ] removing card from slot 10
[15:29:00.937] [SEVERE ] removing tokens from slot 1
[15:29:00.940] [SEVERE ] removing card from slot 1
[15:29:01.049] [SEVERE ] removing tokens from slot 5
[15:29:01.049] [SEVERE ] removing card from slot 5
[15:29:01.159] [SEVERE ] removing tokens from slot 6
[15:29:01.159] [SEVERE ] removing card from slot 6
[15:29:01.268] [SEVERE ] removing tokens from slot 7
[15:29:01.268] [SEVERE ] removing card from slot 7
[15:29:01.376] [SEVERE ] removing tokens from slot 3
[15:29:01.376] [SEVERE ] removing card from slot 3
[15:29:01.377] [SEVERE ] announcing winner(s): player 2, player 1
[15:29:01.379] [INFO   ] thread dealer terminated.
[15:29:01.379] [INFO   ] thread dealer terminated.
[15:29:01.379] [SEVERE ] thanks for playing... it was fun!
[15:29:01.379] [INFO   ] thread main terminated.
