[16:16:30.447] [INFO   ] thread main starting.
[16:16:30.454] [SEVERE ] cannot read configuration file config.properties trying from resources.
[16:16:30.456] [SEVERE ] configuration file was loaded from resources directory.
[16:16:30.774] [INFO   ] thread dealer starting.
[16:16:30.775] [INFO   ] thread dealer starting.
[16:16:30.894] [SEVERE ] placing card 39 in slot 5
[16:16:31.003] [SEVERE ] placing card 26 in slot 10
[16:16:31.112] [SEVERE ] placing card 30 in slot 11
[16:16:31.222] [SEVERE ] placing card 19 in slot 8
[16:16:31.332] [SEVERE ] placing card 38 in slot 7
[16:16:31.440] [SEVERE ] placing card 42 in slot 1
[16:16:31.550] [SEVERE ] placing card 64 in slot 3
[16:16:31.659] [SEVERE ] placing card 9 in slot 0
[16:16:31.766] [SEVERE ] placing card 33 in slot 6
[16:16:31.874] [SEVERE ] placing card 67 in slot 9
[16:16:31.983] [SEVERE ] placing card 2 in slot 4
[16:16:32.093] [SEVERE ] placing card 79 in slot 2
[16:16:32.100] [SEVERE ] updating countdown to 29999
[16:16:32.101] [INFO   ] thread Player: 01 created.
[16:16:32.101] [INFO   ] thread Player: 11 created.
[16:16:32.101] [INFO   ] thread Player: 11 starting.
[16:16:32.101] [INFO   ] thread Player: 01 starting.
[16:16:32.102] [INFO   ] thread computer-1 starting.
[16:16:33.106] [SEVERE ] updating countdown to 28993
[16:16:34.106] [SEVERE ] updating countdown to 27993
[16:16:34.715] [SEVERE ] key 75 was pressed by player 2
[16:16:35.114] [SEVERE ] updating countdown to 26985
[16:16:35.385] [SEVERE ] key 75 was pressed by player 2
[16:16:35.880] [SEVERE ] key 75 was pressed by player 2
[16:16:36.016] [SEVERE ] key 75 was pressed by player 2
[16:16:36.114] [SEVERE ] updating countdown to 25985
[16:16:36.132] [SEVERE ] key 75 was pressed by player 2
[16:16:36.373] [SEVERE ] key 75 was pressed by player 2
[16:16:36.560] [SEVERE ] key 75 was pressed by player 2
[16:16:36.742] [SEVERE ] key 75 was pressed by player 2
[16:16:37.109] [SEVERE ] updating countdown to 24990
[16:16:37.241] [SEVERE ] key 75 was pressed by player 2
[16:16:37.737] [SEVERE ] key 74 was pressed by player 2
[16:16:38.109] [SEVERE ] updating countdown to 23990
[16:16:38.320] [SEVERE ] key 85 was pressed by player 2
[16:16:38.399] [SEVERE ] key 73 was pressed by player 2
[16:16:38.664] [SEVERE ] key 79 was pressed by player 2
[16:16:39.110] [SEVERE ] updating countdown to 22989
[16:16:39.463] [SEVERE ] key 85 was pressed by player 2
[16:16:39.586] [SEVERE ] key 73 was pressed by player 2
[16:16:39.865] [SEVERE ] key 79 was pressed by player 2
[16:16:40.024] [SEVERE ] key 73 was pressed by player 2
[16:16:40.105] [SEVERE ] updating countdown to 21994
[16:16:40.271] [SEVERE ] key 76 was pressed by player 2
[16:16:40.406] [SEVERE ] key 73 was pressed by player 2
[16:16:40.460] [SEVERE ] key 74 was pressed by player 2
[16:16:40.690] [SEVERE ] key 76 was pressed by player 2
[16:16:40.700] [SEVERE ] key 73 was pressed by player 2
[16:16:40.813] [SEVERE ] key 74 was pressed by player 2
[16:16:41.017] [SEVERE ] key 76 was pressed by player 2
[16:16:41.103] [SEVERE ] updating countdown to 20996
[16:16:41.129] [SEVERE ] key 75 was pressed by player 2
[16:16:41.164] [SEVERE ] key 77 was pressed by player 2
[16:16:41.381] [SEVERE ] key 77 was pressed by player 2
[16:16:41.612] [SEVERE ] key 75 was pressed by player 2
[16:16:41.750] [SEVERE ] key 77 was pressed by player 2
[16:16:42.001] [SEVERE ] key 77 was pressed by player 2
[16:16:42.101] [SEVERE ] updating countdown to 19998
[16:16:42.204] [SEVERE ] key 75 was pressed by player 2
[16:16:42.214] [SEVERE ] key 76 was pressed by player 2
[16:16:42.535] [SEVERE ] key 76 was pressed by player 2
[16:16:42.559] [SEVERE ] key 75 was pressed by player 2
[16:16:42.856] [SEVERE ] key 74 was pressed by player 2
[16:16:42.866] [SEVERE ] key 73 was pressed by player 2
[16:16:43.071] [SEVERE ] key 75 was pressed by player 2
[16:16:43.116] [SEVERE ] updating countdown to 18983
[16:16:43.266] [SEVERE ] key 77 was pressed by player 2
[16:16:43.732] [SEVERE ] key 77 was pressed by player 2
[16:16:43.803] [SEVERE ] key 76 was pressed by player 2
[16:16:43.813] [SEVERE ] key 75 was pressed by player 2
[16:16:43.983] [SEVERE ] key 74 was pressed by player 2
[16:16:44.102] [SEVERE ] updating countdown to 17997
[16:16:44.194] [SEVERE ] key 76 was pressed by player 2
[16:16:44.265] [SEVERE ] key 75 was pressed by player 2
[16:16:44.540] [SEVERE ] key 46 was pressed by player 2
[16:16:44.591] [SEVERE ] key 44 was pressed by player 2
[16:16:44.601] [SEVERE ] key 77 was pressed by player 2
[16:16:44.814] [SEVERE ] key 46 was pressed by player 2
[16:16:44.890] [SEVERE ] key 44 was pressed by player 2
[16:16:45.116] [SEVERE ] updating countdown to 16983
[16:16:46.106] [SEVERE ] updating countdown to 15993
[16:16:47.105] [SEVERE ] updating countdown to 14994
[16:16:48.105] [SEVERE ] updating countdown to 13994
[16:16:49.104] [SEVERE ] updating countdown to 12995
[16:16:50.105] [SEVERE ] updating countdown to 11994
[16:16:50.409] [SEVERE ] key 83 was pressed by player 1
[16:16:50.409] [SEVERE ] player 1 placing token on slot 5
[16:16:50.642] [SEVERE ] key 65 was pressed by player 1
[16:16:50.643] [SEVERE ] player 1 placing token on slot 4
[16:16:50.887] [SEVERE ] key 83 was pressed by player 1
[16:16:50.887] [SEVERE ] removing player 1 token from slot 5
[16:16:51.107] [SEVERE ] updating countdown to 10992
[16:16:51.203] [SEVERE ] key 83 was pressed by player 1
[16:16:51.204] [SEVERE ] player 1 placing token on slot 5
[16:16:51.543] [SEVERE ] key 81 was pressed by player 1
[16:16:51.544] [SEVERE ] player 1 placing token on slot 0
[16:16:51.547] [SEVERE ] updating countdown to 10552
[16:16:51.548] [SEVERE ] setting player 1 freeze to 3000
[16:16:51.592] [SEVERE ] key 87 was pressed by player 1
[16:16:51.939] [SEVERE ] key 87 was pressed by player 1
[16:16:52.103] [SEVERE ] updating countdown to 9996
[16:16:52.213] [SEVERE ] key 87 was pressed by player 1
[16:16:52.563] [SEVERE ] setting player 1 freeze to 2000
[16:16:52.583] [SEVERE ] key 83 was pressed by player 1
[16:16:52.665] [SEVERE ] key 88 was pressed by player 1
[16:16:53.102] [SEVERE ] updating countdown to 8997
[16:16:53.286] [SEVERE ] key 75 was pressed by player 2
[16:16:53.452] [SEVERE ] key 75 was pressed by player 2
[16:16:53.577] [SEVERE ] setting player 1 freeze to 1000
[16:16:53.639] [SEVERE ] key 88 was pressed by player 1
[16:16:53.655] [SEVERE ] key 74 was pressed by player 2
[16:16:53.795] [SEVERE ] key 75 was pressed by player 2
[16:16:54.046] [SEVERE ] key 73 was pressed by player 2
[16:16:54.102] [SEVERE ] updating countdown to 7997
[16:16:54.360] [SEVERE ] key 73 was pressed by player 2
[16:16:54.579] [SEVERE ] setting player 1 freeze to 0
[16:16:54.579] [SEVERE ] key 76 was pressed by player 2
[16:16:54.746] [SEVERE ] key 88 was pressed by player 1
[16:16:54.782] [SEVERE ] key 44 was pressed by player 2
[16:16:55.043] [SEVERE ] key 44 was pressed by player 2
[16:16:55.052] [SEVERE ] key 46 was pressed by player 2
[16:16:55.088] [SEVERE ] key 90 was pressed by player 1
[16:16:55.102] [SEVERE ] updating countdown to 6997
[16:16:55.119] [SEVERE ] key 77 was pressed by player 2
[16:16:55.348] [SEVERE ] key 76 was pressed by player 2
[16:16:55.418] [SEVERE ] key 75 was pressed by player 2
[16:16:55.537] [SEVERE ] key 83 was pressed by player 1
[16:16:55.537] [SEVERE ] removing player 1 token from slot 5
[16:16:55.624] [SEVERE ] key 79 was pressed by player 2
[16:16:55.803] [SEVERE ] key 75 was pressed by player 2
[16:16:55.855] [SEVERE ] key 65 was pressed by player 1
[16:16:55.855] [SEVERE ] removing player 1 token from slot 4
[16:16:56.102] [SEVERE ] updating countdown to 5997
[16:16:56.135] [SEVERE ] key 83 was pressed by player 1
[16:16:56.135] [SEVERE ] player 1 placing token on slot 5
[16:16:56.182] [SEVERE ] key 44 was pressed by player 2
[16:16:56.340] [SEVERE ] key 76 was pressed by player 2
[16:16:56.421] [SEVERE ] key 88 was pressed by player 1
[16:16:56.421] [SEVERE ] player 1 placing token on slot 9
[16:16:56.421] [SEVERE ] updating countdown to 5678
[16:16:56.422] [SEVERE ] setting player 1 freeze to 3000
[16:16:56.607] [SEVERE ] key 44 was pressed by player 2
[16:16:56.634] [SEVERE ] key 90 was pressed by player 1
[16:16:56.858] [SEVERE ] key 76 was pressed by player 2
[16:16:57.057] [SEVERE ] key 65 was pressed by player 1
[16:16:57.092] [SEVERE ] key 83 was pressed by player 1
[16:16:57.112] [SEVERE ] key 79 was pressed by player 2
[16:16:57.154] [SEVERE ] key 75 was pressed by player 2
[16:16:57.368] [SEVERE ] key 76 was pressed by player 2
[16:16:57.387] [SEVERE ] key 88 was pressed by player 1
[16:16:57.429] [SEVERE ] key 44 was pressed by player 2
[16:16:57.431] [SEVERE ] setting player 1 freeze to 2000
[16:16:57.612] [SEVERE ] key 90 was pressed by player 1
[16:16:57.754] [SEVERE ] key 88 was pressed by player 1
[16:16:58.431] [SEVERE ] setting player 1 freeze to 1000
[16:16:59.005] [SEVERE ] exit button pressed
[16:16:59.005] [INFO   ] thread Player: 01 terminated.
[16:16:59.006] [INFO   ] thread computer-1 terminated.
[16:16:59.006] [INFO   ] thread Player: 11 terminated.
[16:16:59.220] [SEVERE ] removing tokens from slot 8
[16:16:59.220] [SEVERE ] removing card from slot 8
[16:16:59.329] [SEVERE ] removing tokens from slot 10
[16:16:59.329] [SEVERE ] removing card from slot 10
[16:16:59.439] [SEVERE ] removing tokens from slot 3
[16:16:59.439] [SEVERE ] removing card from slot 3
[16:16:59.549] [SEVERE ] removing tokens from slot 7
[16:16:59.549] [SEVERE ] removing card from slot 7
[16:16:59.659] [SEVERE ] removing tokens from slot 5
[16:16:59.659] [SEVERE ] removing card from slot 5
[16:16:59.767] [SEVERE ] removing tokens from slot 4
[16:16:59.767] [SEVERE ] removing card from slot 4
[16:16:59.875] [SEVERE ] removing tokens from slot 9
[16:16:59.876] [SEVERE ] removing card from slot 9
[16:16:59.985] [SEVERE ] removing tokens from slot 6
[16:16:59.985] [SEVERE ] removing card from slot 6
[16:17:00.094] [SEVERE ] removing tokens from slot 11
[16:17:00.094] [SEVERE ] removing card from slot 11
[16:17:00.202] [SEVERE ] removing tokens from slot 0
[16:17:00.202] [SEVERE ] removing card from slot 0
[16:17:00.311] [SEVERE ] removing tokens from slot 1
[16:17:00.311] [SEVERE ] removing card from slot 1
[16:17:00.420] [SEVERE ] removing tokens from slot 2
[16:17:00.420] [SEVERE ] removing card from slot 2
[16:17:00.422] [SEVERE ] announcing winner(s): player 2, player 1
[16:17:00.425] [INFO   ] thread dealer terminated.
[16:17:00.425] [INFO   ] thread dealer terminated.
[16:17:00.425] [SEVERE ] thanks for playing... it was fun!
[16:17:00.425] [INFO   ] thread main terminated.
