[16:06:25.525] [INFO   ] thread main starting.
[16:06:25.570] [SEVERE ] cannot read configuration file config.properties trying from resources.
[16:06:25.577] [SEVERE ] configuration file was loaded from resources directory.
[16:06:27.013] [INFO   ] thread dealer starting.
[16:06:27.016] [INFO   ] thread dealer starting.
[16:06:27.157] [SEVERE ] placing card 16 in slot 5
[16:06:27.282] [SEVERE ] placing card 80 in slot 3
[16:06:27.392] [SEVERE ] placing card 32 in slot 4
[16:06:27.502] [SEVERE ] placing card 67 in slot 8
[16:06:27.614] [SEVERE ] placing card 31 in slot 6
[16:06:27.725] [SEVERE ] placing card 51 in slot 2
[16:06:27.834] [SEVERE ] placing card 0 in slot 7
[16:06:27.945] [SEVERE ] placing card 55 in slot 1
[16:06:28.054] [SEVERE ] placing card 33 in slot 0
[16:06:28.166] [SEVERE ] placing card 76 in slot 10
[16:06:28.278] [SEVERE ] placing card 62 in slot 11
[16:06:28.388] [SEVERE ] placing card 26 in slot 9
[16:06:28.429] [SEVERE ] updating countdown to 29999
[16:06:28.433] [INFO   ] thread Player: 01 created.
[16:06:28.434] [INFO   ] thread Player: 01 starting.
[16:06:28.434] [INFO   ] thread Player: 11 created.
[16:06:28.435] [INFO   ] thread Player: 11 starting.
[16:06:29.428] [SEVERE ] exit button pressed
[16:06:29.429] [INFO   ] thread Player: 01 terminated.
[16:06:29.429] [INFO   ] thread Player: 11 terminated.
[16:06:29.437] [SEVERE ] updating countdown to 28991
[16:06:29.437] [SEVERE ] updating countdown to 28991
[16:06:29.546] [SEVERE ] removing tokens from slot 0
[16:06:29.546] [SEVERE ] removing card from slot 0
[16:06:29.655] [SEVERE ] removing tokens from slot 7
[16:06:29.655] [SEVERE ] removing card from slot 7
[16:06:29.765] [SEVERE ] removing tokens from slot 3
[16:06:29.765] [SEVERE ] removing card from slot 3
[16:06:29.874] [SEVERE ] removing tokens from slot 2
[16:06:29.874] [SEVERE ] removing card from slot 2
[16:06:29.985] [SEVERE ] removing tokens from slot 11
[16:06:29.985] [SEVERE ] removing card from slot 11
[16:06:30.095] [SEVERE ] removing tokens from slot 1
[16:06:30.095] [SEVERE ] removing card from slot 1
[16:06:30.202] [SEVERE ] removing tokens from slot 9
[16:06:30.202] [SEVERE ] removing card from slot 9
[16:06:30.311] [SEVERE ] removing tokens from slot 5
[16:06:30.311] [SEVERE ] removing card from slot 5
[16:06:30.423] [SEVERE ] removing tokens from slot 8
[16:06:30.423] [SEVERE ] removing card from slot 8
[16:06:30.532] [SEVERE ] removing tokens from slot 4
[16:06:30.532] [SEVERE ] removing card from slot 4
[16:06:30.642] [SEVERE ] removing tokens from slot 10
[16:06:30.642] [SEVERE ] removing card from slot 10
[16:06:30.749] [SEVERE ] removing tokens from slot 6
[16:06:30.749] [SEVERE ] removing card from slot 6
[16:06:30.750] [SEVERE ] announcing winner(s): player 2, player 1
[16:06:30.752] [INFO   ] thread dealer terminated.
[16:06:30.752] [INFO   ] thread dealer terminated.
[16:06:30.753] [SEVERE ] thanks for playing... it was fun!
[16:06:30.753] [INFO   ] thread main terminated.
